#
# There is insufficient memory for the Java Runtime Environment to continue.
# Native memory allocation (mmap) failed to map 36700160 bytes. Error detail: G1 virtual space
# Possible reasons:
#   The system is out of physical RAM or swap space
#   This process is running with CompressedOops enabled, and the Java Heap may be blocking the growth of the native heap
# Possible solutions:
#   Reduce memory load on the system
#   Increase physical memory or swap space
#   Check if swap backing store is full
#   Decrease Java heap size (-Xmx/-Xms)
#   Decrease number of Java threads
#   Decrease Java thread stack sizes (-Xss)
#   Set larger code cache with -XX:ReservedCodeCacheSize=
#   JVM is running with Unscaled Compressed Oops mode in which the Java heap is
#     placed in the first 4GB address space. The Java Heap base address is the
#     maximum limit for the native heap growth. Please use -XX:HeapBaseMinAddress
#     to set the Java Heap base and to place the Java Heap above 4GB virtual address.
# This output file may be truncated or incomplete.
#
#  Out of Memory Error (os_windows.cpp:3713), pid=55768, tid=53804
#
# JRE version: OpenJDK Runtime Environment Temurin-21.0.9+10 (21.0.9+10) (build 21.0.9+10-LTS)
# Java VM: OpenJDK 64-Bit Server VM Temurin-21.0.9+10 (21.0.9+10-LTS, mixed mode, sharing, tiered, compressed oops, compressed class ptrs, g1 gc, windows-amd64)
# No core dump will be written. Minidumps are not enabled by default on client versions of Windows
#

---------------  S U M M A R Y ------------

Command Line: --add-opens=java.base/java.lang=ALL-UNNAMED --add-opens=java.base/java.lang.invoke=ALL-UNNAMED --add-opens=java.base/java.util=ALL-UNNAMED --add-opens=java.prefs/java.util.prefs=ALL-UNNAMED --add-exports=jdk.compiler/com.sun.tools.javac.api=ALL-UNNAMED --add-exports=jdk.compiler/com.sun.tools.javac.util=ALL-UNNAMED --add-opens=java.base/java.util=ALL-UNNAMED --add-opens=java.prefs/java.util.prefs=ALL-UNNAMED --add-opens=java.base/java.nio.charset=ALL-UNNAMED --add-opens=java.base/java.net=ALL-UNNAMED --add-opens=java.base/java.util.concurrent.atomic=ALL-UNNAMED --add-opens=java.xml/javax.xml.namespace=ALL-UNNAMED -Xmx2048m -Dfile.encoding=UTF-8 -Duser.country=IN -Duser.language=en -Duser.variant -javaagent:C:\Users\NAVNIT KUMAR\.gradle\wrapper\dists\gradle-8.13-bin\5xuhj0ry160q40clulazy9h7d\gradle-8.13\lib\agents\gradle-instrumentation-agent-8.13.jar org.gradle.launcher.daemon.bootstrap.GradleDaemon 8.13

Host: AMD Ryzen 5 7535HS with Radeon Graphics        , 12 cores, 7G,  Windows 11 , 64 bit Build 26100 (10.0.26100.7623)
Time: Wed Jan 21 15:42:17 2026 India Standard Time elapsed time: 82.414647 seconds (0d 0h 1m 22s)

---------------  T H R E A D  ---------------

Current thread (0x0000025d366a3310):  VMThread "VM Thread"          [id=53804, stack(0x000000fcb5100000,0x000000fcb5200000) (1024K)]

Stack: [0x000000fcb5100000,0x000000fcb5200000]
Native frames: (J=compiled Java code, j=interpreted, Vv=VM code, C=native code)
V  [jvm.dll+0x6d6e29]
V  [jvm.dll+0x8b4b76]
V  [jvm.dll+0x8b712e]
V  [jvm.dll+0x8b7813]
V  [jvm.dll+0x283d86]
V  [jvm.dll+0x6d3745]
V  [jvm.dll+0x6c747a]
V  [jvm.dll+0x35e7e8]
V  [jvm.dll+0x366426]
V  [jvm.dll+0x3b73fe]
V  [jvm.dll+0x3b76a8]
V  [jvm.dll+0x3329ec]
V  [jvm.dll+0x335206]
V  [jvm.dll+0x33f1fd]
V  [jvm.dll+0x3748bf]
V  [jvm.dll+0x8bd500]
V  [jvm.dll+0x8be8a4]
V  [jvm.dll+0x8bede0]
V  [jvm.dll+0x8bf083]
V  [jvm.dll+0x85e9ad]
V  [jvm.dll+0x6d565d]
C  [ucrtbase.dll+0x37b0]
C  [KERNEL32.DLL+0x2e8d7]
C  [ntdll.dll+0x8c53c]

VM_Operation (0x000000fcb4cff8f0): G1PauseRemark, mode: safepoint, requested by thread 0x0000025d1eb58ca0


---------------  P R O C E S S  ---------------

Threads class SMR info:
_java_thread_list=0x0000025d00a9dac0, length=75, elements={
0x0000025d1eaeec30, 0x0000025d366bc520, 0x0000025d366bdc90, 0x0000025d366c4c90,
0x0000025d366c5ae0, 0x0000025d366c7250, 0x0000025d366c8af0, 0x0000025d366db530,
0x0000025d366dfbf0, 0x0000025d36979610, 0x0000025d36992ba0, 0x0000025d7d2e4a10,
0x0000025d7d5afda0, 0x0000025d7d4854b0, 0x0000025d7d7b8380, 0x0000025d7d4dc760,
0x0000025d7d601da0, 0x0000025d7d603f70, 0x0000025d7d61c000, 0x0000025d7d61c690,
0x0000025d7d619f30, 0x0000025d7d6198a0, 0x0000025d7d61ac50, 0x0000025d7d61cd20,
0x0000025d7d61a5c0, 0x0000025d7d61b2e0, 0x0000025d7f6eeff0, 0x0000025d7f6f10c0,
0x0000025d7f6ef680, 0x0000025d7f6f0a30, 0x0000025d7f6f1750, 0x0000025d7f6ee2d0,
0x0000025d7f6f1de0, 0x0000025d7f6ee960, 0x0000025d7f6f2470, 0x0000025d7f6f2b00,
0x0000025d7f6efd10, 0x0000025d7f6f03a0, 0x0000025d7f6f5260, 0x0000025d7f6f58f0,
0x0000025d7f6f4bd0, 0x0000025d7f6f3820, 0x0000025d7f6f3eb0, 0x0000025d7f6f4540,
0x0000025d7edf5dc0, 0x0000025d7edf6ae0, 0x0000025d7edf50a0, 0x0000025d7edf5730,
0x0000025d7edf4a10, 0x0000025d7edf8bb0, 0x0000025d7edf7e90, 0x0000025d7edf8520,
0x0000025d7edf9240, 0x0000025d7edf98d0, 0x0000025d7edf6450, 0x0000025d7edf9f60,
0x0000025d7edfa5f0, 0x0000025d7edf7800, 0x0000025d7edf7170, 0x0000025d7edfc030,
0x0000025d7edfac80, 0x0000025d7edfb310, 0x0000025d7edfb9a0, 0x0000025d00a95850,
0x0000025d00a96570, 0x0000025d00a97fb0, 0x0000025d00a96c00, 0x0000025d00a97290,
0x0000025d00a97920, 0x0000025d00a94b30, 0x0000025d00a951c0, 0x0000025d00a98cd0,
0x0000025d00a98640, 0x0000025d00a99360, 0x0000025d00a95ee0
}

Java Threads: ( => current thread )
  0x0000025d1eaeec30 JavaThread "main"                              [_thread_blocked, id=56824, stack(0x000000fcb4a00000,0x000000fcb4b00000) (1024K)]
  0x0000025d366bc520 JavaThread "Reference Handler"          daemon [_thread_blocked, id=47116, stack(0x000000fcb5200000,0x000000fcb5300000) (1024K)]
  0x0000025d366bdc90 JavaThread "Finalizer"                  daemon [_thread_blocked, id=30860, stack(0x000000fcb5300000,0x000000fcb5400000) (1024K)]
  0x0000025d366c4c90 JavaThread "Signal Dispatcher"          daemon [_thread_blocked, id=57320, stack(0x000000fcb5400000,0x000000fcb5500000) (1024K)]
  0x0000025d366c5ae0 JavaThread "Attach Listener"            daemon [_thread_blocked, id=55796, stack(0x000000fcb5500000,0x000000fcb5600000) (1024K)]
  0x0000025d366c7250 JavaThread "Service Thread"             daemon [_thread_blocked, id=10652, stack(0x000000fcb5600000,0x000000fcb5700000) (1024K)]
  0x0000025d366c8af0 JavaThread "Monitor Deflation Thread"   daemon [_thread_blocked, id=57184, stack(0x000000fcb5700000,0x000000fcb5800000) (1024K)]
  0x0000025d366db530 JavaThread "C2 CompilerThread0"         daemon [_thread_blocked, id=47460, stack(0x000000fcb5800000,0x000000fcb5900000) (1024K)]
  0x0000025d366dfbf0 JavaThread "C1 CompilerThread0"         daemon [_thread_blocked, id=57312, stack(0x000000fcb5900000,0x000000fcb5a00000) (1024K)]
  0x0000025d36979610 JavaThread "Common-Cleaner"             daemon [_thread_blocked, id=54020, stack(0x000000fcb5a00000,0x000000fcb5b00000) (1024K)]
  0x0000025d36992ba0 JavaThread "Notification Thread"        daemon [_thread_blocked, id=55880, stack(0x000000fcb5b00000,0x000000fcb5c00000) (1024K)]
  0x0000025d7d2e4a10 JavaThread "Daemon health stats"               [_thread_blocked, id=53648, stack(0x000000fcb6100000,0x000000fcb6200000) (1024K)]
  0x0000025d7d5afda0 JavaThread "Incoming local TCP Connector on port 62446"        [_thread_in_native, id=55740, stack(0x000000fcb6200000,0x000000fcb6300000) (1024K)]
  0x0000025d7d4854b0 JavaThread "Daemon periodic checks"            [_thread_blocked, id=55884, stack(0x000000fcb6300000,0x000000fcb6400000) (1024K)]
  0x0000025d7d7b8380 JavaThread "Daemon"                            [_thread_blocked, id=56260, stack(0x000000fcb6400000,0x000000fcb6500000) (1024K)]
  0x0000025d7d4dc760 JavaThread "Handler for socket connection from /127.0.0.1:62446 to /127.0.0.1:62450"        [_thread_in_native, id=56076, stack(0x000000fcb6500000,0x000000fcb6600000) (1024K)]
  0x0000025d7d601da0 JavaThread "Cancel handler"                    [_thread_blocked, id=40664, stack(0x000000fcb6600000,0x000000fcb6700000) (1024K)]
  0x0000025d7d603f70 JavaThread "Daemon worker"                     [_thread_blocked, id=51368, stack(0x000000fcb6700000,0x000000fcb6800000) (1024K)]
  0x0000025d7d61c000 JavaThread "Asynchronous log dispatcher for DefaultDaemonConnection: socket connection from /127.0.0.1:62446 to /127.0.0.1:62450"        [_thread_blocked, id=44948, stack(0x000000fcb6800000,0x000000fcb6900000) (1024K)]
  0x0000025d7d61c690 JavaThread "Stdin handler"                     [_thread_blocked, id=55916, stack(0x000000fcb6900000,0x000000fcb6a00000) (1024K)]
  0x0000025d7d619f30 JavaThread "Daemon client event forwarder"        [_thread_blocked, id=48060, stack(0x000000fcb6a00000,0x000000fcb6b00000) (1024K)]
  0x0000025d7d6198a0 JavaThread "Cache worker for journal cache (C:\Users\NAVNIT KUMAR\.gradle\caches\journal-1)"        [_thread_blocked, id=57416, stack(0x000000fcb6b00000,0x000000fcb6c00000) (1024K)]
  0x0000025d7d61ac50 JavaThread "File lock request listener"        [_thread_in_native, id=57420, stack(0x000000fcb6c00000,0x000000fcb6d00000) (1024K)]
  0x0000025d7d61cd20 JavaThread "Cache worker for file hash cache (C:\Users\NAVNIT KUMAR\.gradle\caches\8.13\fileHashes)"        [_thread_blocked, id=57684, stack(0x000000fcb6d00000,0x000000fcb6e00000) (1024K)]
  0x0000025d7d61a5c0 JavaThread "File lock release action executor"        [_thread_blocked, id=57688, stack(0x000000fcb6e00000,0x000000fcb6f00000) (1024K)]
  0x0000025d7d61b2e0 JavaThread "Cache worker for file hash cache (D:\team rocket\android App\PassengerApp\.gradle\8.13\fileHashes)"        [_thread_blocked, id=57792, stack(0x000000fcb7500000,0x000000fcb7600000) (1024K)]
  0x0000025d7f6eeff0 JavaThread "Cache worker for Build Output Cleanup Cache (D:\team rocket\android App\PassengerApp\.gradle\buildOutputCleanup)"        [_thread_blocked, id=57800, stack(0x000000fcb7600000,0x000000fcb7700000) (1024K)]
  0x0000025d7f6f10c0 JavaThread "File watcher server"        daemon [_thread_in_native, id=57820, stack(0x000000fcb7700000,0x000000fcb7800000) (1024K)]
  0x0000025d7f6ef680 JavaThread "File watcher consumer"      daemon [_thread_blocked, id=57828, stack(0x000000fcb7800000,0x000000fcb7900000) (1024K)]
  0x0000025d7f6f0a30 JavaThread "jar transforms"                    [_thread_blocked, id=57836, stack(0x000000fcb7900000,0x000000fcb7a00000) (1024K)]
  0x0000025d7f6f1750 JavaThread "jar transforms Thread 2"           [_thread_blocked, id=57840, stack(0x000000fcb7a00000,0x000000fcb7b00000) (1024K)]
  0x0000025d7f6ee2d0 JavaThread "jar transforms Thread 3"           [_thread_blocked, id=57844, stack(0x000000fcb7b00000,0x000000fcb7c00000) (1024K)]
  0x0000025d7f6f1de0 JavaThread "jar transforms Thread 4"           [_thread_blocked, id=58012, stack(0x000000fcb7c00000,0x000000fcb7d00000) (1024K)]
  0x0000025d7f6ee960 JavaThread "jar transforms Thread 5"           [_thread_blocked, id=58016, stack(0x000000fcb7d00000,0x000000fcb7e00000) (1024K)]
  0x0000025d7f6f2470 JavaThread "Cache worker for checksums cache (D:\team rocket\android App\PassengerApp\.gradle\8.13\checksums)"        [_thread_blocked, id=58040, stack(0x000000fcb7e00000,0x000000fcb7f00000) (1024K)]
  0x0000025d7f6f2b00 JavaThread "Cache worker for file content cache (C:\Users\NAVNIT KUMAR\.gradle\caches\8.13\fileContent)"        [_thread_blocked, id=58044, stack(0x000000fcb7f00000,0x000000fcb8000000) (1024K)]
  0x0000025d7f6efd10 JavaThread "jar transforms Thread 6"           [_thread_blocked, id=58064, stack(0x000000fcb8000000,0x000000fcb8100000) (1024K)]
  0x0000025d7f6f03a0 JavaThread "jar transforms Thread 7"           [_thread_blocked, id=58068, stack(0x000000fcb8100000,0x000000fcb8200000) (1024K)]
  0x0000025d7f6f5260 JavaThread "jar transforms Thread 8"           [_thread_blocked, id=58076, stack(0x000000fcb8200000,0x000000fcb8300000) (1024K)]
  0x0000025d7f6f58f0 JavaThread "jar transforms Thread 9"           [_thread_blocked, id=58100, stack(0x000000fcb8300000,0x000000fcb8400000) (1024K)]
  0x0000025d7f6f4bd0 JavaThread "Cache worker for cache directory md-supplier (C:\Users\NAVNIT KUMAR\.gradle\caches\8.13\md-supplier)"        [_thread_blocked, id=58288, stack(0x000000fcb8400000,0x000000fcb8500000) (1024K)]
  0x0000025d7f6f3820 JavaThread "Cache worker for cache directory md-rule (C:\Users\NAVNIT KUMAR\.gradle\caches\8.13\md-rule)"        [_thread_blocked, id=58308, stack(0x000000fcb8500000,0x000000fcb8600000) (1024K)]
  0x0000025d7f6f3eb0 JavaThread "Unconstrained build operations"        [_thread_blocked, id=52624, stack(0x000000fcb4800000,0x000000fcb4900000) (1024K)]
  0x0000025d7f6f4540 JavaThread "Unconstrained build operations Thread 2"        [_thread_blocked, id=57016, stack(0x000000fcb8600000,0x000000fcb8700000) (1024K)]
  0x0000025d7edf5dc0 JavaThread "Unconstrained build operations Thread 3"        [_thread_blocked, id=55244, stack(0x000000fcb8700000,0x000000fcb8800000) (1024K)]
  0x0000025d7edf6ae0 JavaThread "Unconstrained build operations Thread 4"        [_thread_blocked, id=57348, stack(0x000000fcb8800000,0x000000fcb8900000) (1024K)]
  0x0000025d7edf50a0 JavaThread "Unconstrained build operations Thread 5"        [_thread_blocked, id=57356, stack(0x000000fcb8900000,0x000000fcb8a00000) (1024K)]
  0x0000025d7edf5730 JavaThread "Unconstrained build operations Thread 6"        [_thread_blocked, id=57368, stack(0x000000fcb8a00000,0x000000fcb8b00000) (1024K)]
  0x0000025d7edf4a10 JavaThread "Unconstrained build operations Thread 7"        [_thread_blocked, id=57376, stack(0x000000fcb8b00000,0x000000fcb8c00000) (1024K)]
  0x0000025d7edf8bb0 JavaThread "Unconstrained build operations Thread 8"        [_thread_blocked, id=57384, stack(0x000000fcb8c00000,0x000000fcb8d00000) (1024K)]
  0x0000025d7edf7e90 JavaThread "Unconstrained build operations Thread 9"        [_thread_blocked, id=57392, stack(0x000000fcb8d00000,0x000000fcb8e00000) (1024K)]
  0x0000025d7edf8520 JavaThread "Unconstrained build operations Thread 10"        [_thread_blocked, id=57400, stack(0x000000fcb8e00000,0x000000fcb8f00000) (1024K)]
  0x0000025d7edf9240 JavaThread "Unconstrained build operations Thread 11"        [_thread_blocked, id=55812, stack(0x000000fcb8f00000,0x000000fcb9000000) (1024K)]
  0x0000025d7edf98d0 JavaThread "Unconstrained build operations Thread 12"        [_thread_blocked, id=57444, stack(0x000000fcb9000000,0x000000fcb9100000) (1024K)]
  0x0000025d7edf6450 JavaThread "Unconstrained build operations Thread 13"        [_thread_blocked, id=57448, stack(0x000000fcb9100000,0x000000fcb9200000) (1024K)]
  0x0000025d7edf9f60 JavaThread "Unconstrained build operations Thread 14"        [_thread_blocked, id=48124, stack(0x000000fcb9200000,0x000000fcb9300000) (1024K)]
  0x0000025d7edfa5f0 JavaThread "Unconstrained build operations Thread 15"        [_thread_blocked, id=56588, stack(0x000000fcb9300000,0x000000fcb9400000) (1024K)]
  0x0000025d7edf7800 JavaThread "Unconstrained build operations Thread 16"        [_thread_blocked, id=57876, stack(0x000000fcb9400000,0x000000fcb9500000) (1024K)]
  0x0000025d7edf7170 JavaThread "Unconstrained build operations Thread 17"        [_thread_blocked, id=57880, stack(0x000000fcb9500000,0x000000fcb9600000) (1024K)]
  0x0000025d7edfc030 JavaThread "Unconstrained build operations Thread 18"        [_thread_blocked, id=57872, stack(0x000000fcb9600000,0x000000fcb9700000) (1024K)]
  0x0000025d7edfac80 JavaThread "Unconstrained build operations Thread 19"        [_thread_blocked, id=57988, stack(0x000000fcb9700000,0x000000fcb9800000) (1024K)]
  0x0000025d7edfb310 JavaThread "Unconstrained build operations Thread 20"        [_thread_blocked, id=58000, stack(0x000000fcb9800000,0x000000fcb9900000) (1024K)]
  0x0000025d7edfb9a0 JavaThread "Unconstrained build operations Thread 21"        [_thread_blocked, id=57864, stack(0x000000fcb9900000,0x000000fcb9a00000) (1024K)]
  0x0000025d00a95850 JavaThread "Unconstrained build operations Thread 22"        [_thread_blocked, id=57904, stack(0x000000fcb9a00000,0x000000fcb9b00000) (1024K)]
  0x0000025d00a96570 JavaThread "Unconstrained build operations Thread 23"        [_thread_blocked, id=57924, stack(0x000000fcb9d00000,0x000000fcb9e00000) (1024K)]
  0x0000025d00a97fb0 JavaThread "Unconstrained build operations Thread 24"        [_thread_blocked, id=57912, stack(0x000000fcb9e00000,0x000000fcb9f00000) (1024K)]
  0x0000025d00a96c00 JavaThread "Unconstrained build operations Thread 25"        [_thread_blocked, id=57916, stack(0x000000fcb9f00000,0x000000fcba000000) (1024K)]
  0x0000025d00a97290 JavaThread "Unconstrained build operations Thread 26"        [_thread_blocked, id=57920, stack(0x000000fcba000000,0x000000fcba100000) (1024K)]
  0x0000025d00a97920 JavaThread "Unconstrained build operations Thread 27"        [_thread_blocked, id=57928, stack(0x000000fcba100000,0x000000fcba200000) (1024K)]
  0x0000025d00a94b30 JavaThread "Unconstrained build operations Thread 28"        [_thread_blocked, id=57932, stack(0x000000fcba200000,0x000000fcba300000) (1024K)]
  0x0000025d00a951c0 JavaThread "Unconstrained build operations Thread 29"        [_thread_blocked, id=57940, stack(0x000000fcba300000,0x000000fcba400000) (1024K)]
  0x0000025d00a98cd0 JavaThread "Unconstrained build operations Thread 30"        [_thread_blocked, id=57944, stack(0x000000fcba400000,0x000000fcba500000) (1024K)]
  0x0000025d00a98640 JavaThread "Unconstrained build operations Thread 31"        [_thread_blocked, id=57948, stack(0x000000fcba500000,0x000000fcba600000) (1024K)]
  0x0000025d00a99360 JavaThread "Unconstrained build operations Thread 32"        [_thread_blocked, id=57952, stack(0x000000fcba600000,0x000000fcba700000) (1024K)]
  0x0000025d00a95ee0 JavaThread "Unconstrained build operations Thread 33"        [_thread_blocked, id=57956, stack(0x000000fcba700000,0x000000fcba800000) (1024K)]
Total: 75

Other Threads:
=>0x0000025d366a3310 VMThread "VM Thread"                           [id=53804, stack(0x000000fcb5100000,0x000000fcb5200000) (1024K)]
  0x0000025d36692070 WatcherThread "VM Periodic Task Thread"        [id=53656, stack(0x000000fcb5000000,0x000000fcb5100000) (1024K)]
  0x0000025d1eb46790 WorkerThread "GC Thread#0"                     [id=56840, stack(0x000000fcb4b00000,0x000000fcb4c00000) (1024K)]
  0x0000025d7c10f300 WorkerThread "GC Thread#1"                     [id=11740, stack(0x000000fcb5c00000,0x000000fcb5d00000) (1024K)]
  0x0000025d367808a0 WorkerThread "GC Thread#2"                     [id=56388, stack(0x000000fcb5d00000,0x000000fcb5e00000) (1024K)]
  0x0000025d7c1d3c90 WorkerThread "GC Thread#3"                     [id=56436, stack(0x000000fcb5e00000,0x000000fcb5f00000) (1024K)]
  0x0000025d36796a30 WorkerThread "GC Thread#4"                     [id=54116, stack(0x000000fcb5f00000,0x000000fcb6000000) (1024K)]
  0x0000025d7cc05670 WorkerThread "GC Thread#5"                     [id=16952, stack(0x000000fcb6000000,0x000000fcb6100000) (1024K)]
  0x0000025d7db8af60 WorkerThread "GC Thread#6"                     [id=57712, stack(0x000000fcb6f00000,0x000000fcb7000000) (1024K)]
  0x0000025d7e294380 WorkerThread "GC Thread#7"                     [id=57716, stack(0x000000fcb7000000,0x000000fcb7100000) (1024K)]
  0x0000025d7e2938a0 WorkerThread "GC Thread#8"                     [id=57720, stack(0x000000fcb7100000,0x000000fcb7200000) (1024K)]
  0x0000025d7e294720 WorkerThread "GC Thread#9"                     [id=57724, stack(0x000000fcb7200000,0x000000fcb7300000) (1024K)]
  0x0000025d1eb58ca0 ConcurrentGCThread "G1 Main Marker"            [id=56868, stack(0x000000fcb4c00000,0x000000fcb4d00000) (1024K)]
  0x0000025d1eb596b0 WorkerThread "G1 Conc#0"                       [id=56892, stack(0x000000fcb4d00000,0x000000fcb4e00000) (1024K)]
  0x0000025d7e294ac0 WorkerThread "G1 Conc#1"                       [id=57764, stack(0x000000fcb7300000,0x000000fcb7400000) (1024K)]
  0x0000025d7e293c40 WorkerThread "G1 Conc#2"                       [id=57768, stack(0x000000fcb7400000,0x000000fcb7500000) (1024K)]
  0x0000025d3655c2b0 ConcurrentGCThread "G1 Refine#0"               [id=44888, stack(0x000000fcb4e00000,0x000000fcb4f00000) (1024K)]
  0x0000025d3655faf0 ConcurrentGCThread "G1 Service"                [id=28416, stack(0x000000fcb4f00000,0x000000fcb5000000) (1024K)]
Total: 18

Threads with active compile tasks:
Total: 0

VM state: at safepoint (normal execution)

VM Mutex/Monitor currently owned by a thread:  ([mutex/lock_event])
[0x00007ff8a3fdd570] Threads_lock - owner thread: 0x0000025d366a3310
[0x00007ff8a3fdd670] Heap_lock - owner thread: 0x0000025d1eb58ca0

Heap address: 0x0000000080000000, size: 2048 MB, Compressed Oops mode: 32-bit

CDS archive(s) mapped at: [0x0000025d37000000-0x0000025d37ba0000-0x0000025d37ba0000), size 12189696, SharedBaseAddress: 0x0000025d37000000, ArchiveRelocationMode: 1.
Compressed class space mapped at: 0x0000025d38000000-0x0000025d78000000, reserved size: 1073741824
Narrow klass base: 0x0000025d37000000, Narrow klass shift: 0, Narrow klass range: 0x100000000

GC Precious Log:
 CardTable entry size: 512
 Card Set container configuration: InlinePtr #cards 5 size 8 Array Of Cards #cards 12 size 40 Howl #buckets 4 coarsen threshold 1843 Howl Bitmap #cards 512 size 80 coarsen threshold 460 Card regions per heap region 1 cards per card region 2048
 CPUs: 12 total, 12 available
 Memory: 7484M
 Large Page Support: Disabled
 NUMA Support: Disabled
 Compressed Oops: Enabled (32-bit)
 Heap Region Size: 1M
 Heap Min Capacity: 8M
 Heap Initial Capacity: 118M
 Heap Max Capacity: 2G
 Pre-touch: Disabled
 Parallel Workers: 10
 Concurrent Workers: 3
 Concurrent Refinement Workers: 10
 Periodic GC: Disabled

Heap:
 garbage-first heap   total 150528K, used 115358K [0x0000000080000000, 0x0000000100000000)
  region size 1024K, 7 young (7168K), 2 survivors (2048K)
 Metaspace       used 84247K, committed 86272K, reserved 1179648K
  class space    used 11957K, committed 12928K, reserved 1048576K

Heap Regions: E=young(eden), S=young(survivor), O=old, HS=humongous(starts), HC=humongous(continues), CS=collection set, F=free, TAMS=top-at-mark-start, PB=parsable bottom
|   0|0x0000000080000000, 0x0000000080100000, 0x0000000080100000|100%|HS|  |TAMS 0x0000000080100000| PB 0x0000000080000000| Complete 
|   1|0x0000000080100000, 0x0000000080200000, 0x0000000080200000|100%|HC|  |TAMS 0x0000000080200000| PB 0x0000000080100000| Complete 
|   2|0x0000000080200000, 0x0000000080300000, 0x0000000080300000|100%|HC|  |TAMS 0x0000000080300000| PB 0x0000000080200000| Complete 
|   3|0x0000000080300000, 0x0000000080400000, 0x0000000080400000|100%| O|  |TAMS 0x0000000080400000| PB 0x0000000080400000| Untracked 
|   4|0x0000000080400000, 0x0000000080500000, 0x0000000080500000|100%| O|  |TAMS 0x0000000080500000| PB 0x0000000080500000| Untracked 
|   5|0x0000000080500000, 0x0000000080600000, 0x0000000080600000|100%| O|  |TAMS 0x0000000080600000| PB 0x0000000080600000| Untracked 
|   6|0x0000000080600000, 0x0000000080700000, 0x0000000080700000|100%|HS|  |TAMS 0x0000000080700000| PB 0x0000000080600000| Complete 
|   7|0x0000000080700000, 0x0000000080800000, 0x0000000080800000|100%| O|  |TAMS 0x0000000080800000| PB 0x0000000080800000| Untracked 
|   8|0x0000000080800000, 0x0000000080900000, 0x0000000080900000|100%| O|  |TAMS 0x0000000080900000| PB 0x0000000080900000| Untracked 
|   9|0x0000000080900000, 0x0000000080a00000, 0x0000000080a00000|100%| O|  |TAMS 0x0000000080a00000| PB 0x0000000080a00000| Untracked 
|  10|0x0000000080a00000, 0x0000000080b00000, 0x0000000080b00000|100%| O|  |TAMS 0x0000000080b00000| PB 0x0000000080b00000| Untracked 
|  11|0x0000000080b00000, 0x0000000080c00000, 0x0000000080c00000|100%| O|  |TAMS 0x0000000080c00000| PB 0x0000000080c00000| Untracked 
|  12|0x0000000080c00000, 0x0000000080d00000, 0x0000000080d00000|100%| O|  |TAMS 0x0000000080d00000| PB 0x0000000080d00000| Untracked 
|  13|0x0000000080d00000, 0x0000000080e00000, 0x0000000080e00000|100%| O|  |TAMS 0x0000000080e00000| PB 0x0000000080e00000| Untracked 
|  14|0x0000000080e00000, 0x0000000080f00000, 0x0000000080f00000|100%| O|  |TAMS 0x0000000080f00000| PB 0x0000000080f00000| Untracked 
|  15|0x0000000080f00000, 0x0000000081000000, 0x0000000081000000|100%| O|  |TAMS 0x0000000081000000| PB 0x0000000081000000| Untracked 
|  16|0x0000000081000000, 0x00000000810fb348, 0x0000000081100000| 98%| O|  |TAMS 0x00000000810fb348| PB 0x00000000810fb348| Untracked 
|  17|0x0000000081100000, 0x0000000081200000, 0x0000000081200000|100%| O|  |TAMS 0x0000000081200000| PB 0x0000000081200000| Untracked 
|  18|0x0000000081200000, 0x0000000081300000, 0x0000000081300000|100%| O|  |TAMS 0x0000000081300000| PB 0x0000000081300000| Untracked 
|  19|0x0000000081300000, 0x0000000081400000, 0x0000000081400000|100%| O|  |TAMS 0x0000000081400000| PB 0x0000000081400000| Untracked 
|  20|0x0000000081400000, 0x0000000081500000, 0x0000000081500000|100%| O|  |TAMS 0x0000000081500000| PB 0x0000000081500000| Untracked 
|  21|0x0000000081500000, 0x0000000081600000, 0x0000000081600000|100%| O|  |TAMS 0x0000000081600000| PB 0x0000000081600000| Updating 
|  22|0x0000000081600000, 0x0000000081700000, 0x0000000081700000|100%| O|  |TAMS 0x0000000081700000| PB 0x0000000081700000| Untracked 
|  23|0x0000000081700000, 0x0000000081800000, 0x0000000081800000|100%| O|  |TAMS 0x0000000081800000| PB 0x0000000081800000| Untracked 
|  24|0x0000000081800000, 0x0000000081900000, 0x0000000081900000|100%| O|  |TAMS 0x0000000081900000| PB 0x0000000081900000| Untracked 
|  25|0x0000000081900000, 0x0000000081a00000, 0x0000000081a00000|100%| O|  |TAMS 0x0000000081a00000| PB 0x0000000081a00000| Untracked 
|  26|0x0000000081a00000, 0x0000000081b00000, 0x0000000081b00000|100%| O|  |TAMS 0x0000000081b00000| PB 0x0000000081b00000| Updating 
|  27|0x0000000081b00000, 0x0000000081c00000, 0x0000000081c00000|100%| O|  |TAMS 0x0000000081c00000| PB 0x0000000081c00000| Untracked 
|  28|0x0000000081c00000, 0x0000000081d00000, 0x0000000081d00000|100%| O|  |TAMS 0x0000000081d00000| PB 0x0000000081d00000| Untracked 
|  29|0x0000000081d00000, 0x0000000081e00000, 0x0000000081e00000|100%| O|  |TAMS 0x0000000081e00000| PB 0x0000000081e00000| Untracked 
|  30|0x0000000081e00000, 0x0000000081f00000, 0x0000000081f00000|100%| O|  |TAMS 0x0000000081f00000| PB 0x0000000081f00000| Untracked 
|  31|0x0000000081f00000, 0x0000000082000000, 0x0000000082000000|100%| O|  |TAMS 0x0000000082000000| PB 0x0000000082000000| Updating 
|  32|0x0000000082000000, 0x0000000082100000, 0x0000000082100000|100%| O|  |TAMS 0x0000000082100000| PB 0x0000000082100000| Untracked 
|  33|0x0000000082100000, 0x0000000082200000, 0x0000000082200000|100%| O|  |TAMS 0x0000000082200000| PB 0x0000000082200000| Updating 
|  34|0x0000000082200000, 0x0000000082300000, 0x0000000082300000|100%| O|  |TAMS 0x0000000082300000| PB 0x0000000082300000| Updating 
|  35|0x0000000082300000, 0x0000000082400000, 0x0000000082400000|100%| O|  |TAMS 0x0000000082400000| PB 0x0000000082400000| Untracked 
|  36|0x0000000082400000, 0x0000000082500000, 0x0000000082500000|100%| O|  |TAMS 0x0000000082500000| PB 0x0000000082500000| Untracked 
|  37|0x0000000082500000, 0x0000000082600000, 0x0000000082600000|100%| O|  |TAMS 0x0000000082600000| PB 0x0000000082600000| Updating 
|  38|0x0000000082600000, 0x0000000082700000, 0x0000000082700000|100%| O|  |TAMS 0x0000000082700000| PB 0x0000000082700000| Untracked 
|  39|0x0000000082700000, 0x0000000082800000, 0x0000000082800000|100%| O|  |TAMS 0x0000000082800000| PB 0x0000000082800000| Untracked 
|  40|0x0000000082800000, 0x0000000082900000, 0x0000000082900000|100%| O|  |TAMS 0x0000000082900000| PB 0x0000000082900000| Untracked 
|  41|0x0000000082900000, 0x0000000082a00000, 0x0000000082a00000|100%| O|  |TAMS 0x0000000082a00000| PB 0x0000000082a00000| Untracked 
|  42|0x0000000082a00000, 0x0000000082b00000, 0x0000000082b00000|100%| O|  |TAMS 0x0000000082b00000| PB 0x0000000082b00000| Untracked 
|  43|0x0000000082b00000, 0x0000000082c00000, 0x0000000082c00000|100%| O|  |TAMS 0x0000000082c00000| PB 0x0000000082c00000| Untracked 
|  44|0x0000000082c00000, 0x0000000082d00000, 0x0000000082d00000|100%| O|  |TAMS 0x0000000082d00000| PB 0x0000000082d00000| Updating 
|  45|0x0000000082d00000, 0x0000000082e00000, 0x0000000082e00000|100%|HS|  |TAMS 0x0000000082e00000| PB 0x0000000082d00000| Complete 
|  46|0x0000000082e00000, 0x0000000082f00000, 0x0000000082f00000|100%| O|  |TAMS 0x0000000082f00000| PB 0x0000000082f00000| Updating 
|  47|0x0000000082f00000, 0x0000000083000000, 0x0000000083000000|100%| O|  |TAMS 0x0000000083000000| PB 0x0000000083000000| Updating 
|  48|0x0000000083000000, 0x0000000083100000, 0x0000000083100000|100%| O|  |TAMS 0x0000000083100000| PB 0x0000000083100000| Untracked 
|  49|0x0000000083100000, 0x0000000083200000, 0x0000000083200000|100%| O|  |TAMS 0x0000000083200000| PB 0x0000000083200000| Updating 
|  50|0x0000000083200000, 0x0000000083300000, 0x0000000083300000|100%| O|  |TAMS 0x0000000083300000| PB 0x0000000083300000| Updating 
|  51|0x0000000083300000, 0x0000000083400000, 0x0000000083400000|100%| O|  |TAMS 0x0000000083400000| PB 0x0000000083400000| Updating 
|  52|0x0000000083400000, 0x0000000083500000, 0x0000000083500000|100%| O|  |TAMS 0x0000000083500000| PB 0x0000000083500000| Updating 
|  53|0x0000000083500000, 0x0000000083600000, 0x0000000083600000|100%| O|  |TAMS 0x0000000083600000| PB 0x0000000083600000| Untracked 
|  54|0x0000000083600000, 0x0000000083700000, 0x0000000083700000|100%| O|  |TAMS 0x0000000083700000| PB 0x0000000083700000| Untracked 
|  55|0x0000000083700000, 0x0000000083800000, 0x0000000083800000|100%| O|  |TAMS 0x0000000083800000| PB 0x0000000083800000| Untracked 
|  56|0x0000000083800000, 0x0000000083900000, 0x0000000083900000|100%| O|  |TAMS 0x0000000083900000| PB 0x0000000083900000| Untracked 
|  57|0x0000000083900000, 0x0000000083a00000, 0x0000000083a00000|100%| O|  |TAMS 0x0000000083a00000| PB 0x0000000083a00000| Updating 
|  58|0x0000000083a00000, 0x0000000083b00000, 0x0000000083b00000|100%| O|  |TAMS 0x0000000083b00000| PB 0x0000000083b00000| Untracked 
|  59|0x0000000083b00000, 0x0000000083c00000, 0x0000000083c00000|100%| O|  |TAMS 0x0000000083b00000| PB 0x0000000083b00000| Untracked 
|  60|0x0000000083c00000, 0x0000000083d00000, 0x0000000083d00000|100%| O|  |TAMS 0x0000000083d00000| PB 0x0000000083d00000| Updating 
|  61|0x0000000083d00000, 0x0000000083e00000, 0x0000000083e00000|100%| O|  |TAMS 0x0000000083e00000| PB 0x0000000083e00000| Updating 
|  62|0x0000000083e00000, 0x0000000083f00000, 0x0000000083f00000|100%| O|  |TAMS 0x0000000083f00000| PB 0x0000000083f00000| Updating 
|  63|0x0000000083f00000, 0x0000000084000000, 0x0000000084000000|100%| O|  |TAMS 0x0000000084000000| PB 0x0000000084000000| Updating 
|  64|0x0000000084000000, 0x0000000084100000, 0x0000000084100000|100%| O|  |TAMS 0x0000000084100000| PB 0x0000000084100000| Untracked 
|  65|0x0000000084100000, 0x0000000084200000, 0x0000000084200000|100%| O|  |TAMS 0x0000000084200000| PB 0x0000000084200000| Updating 
|  66|0x0000000084200000, 0x0000000084300000, 0x0000000084300000|100%| O|  |TAMS 0x0000000084300000| PB 0x0000000084300000| Untracked 
|  67|0x0000000084300000, 0x0000000084400000, 0x0000000084400000|100%| O|  |TAMS 0x0000000084400000| PB 0x0000000084400000| Untracked 
|  68|0x0000000084400000, 0x0000000084500000, 0x0000000084500000|100%| O|  |TAMS 0x0000000084500000| PB 0x0000000084500000| Updating 
|  69|0x0000000084500000, 0x0000000084600000, 0x0000000084600000|100%|HS|  |TAMS 0x0000000084600000| PB 0x0000000084500000| Complete 
|  70|0x0000000084600000, 0x0000000084700000, 0x0000000084700000|100%|HS|  |TAMS 0x0000000084700000| PB 0x0000000084600000| Complete 
|  71|0x0000000084700000, 0x0000000084800000, 0x0000000084800000|100%| O|  |TAMS 0x0000000084800000| PB 0x0000000084800000| Untracked 
|  72|0x0000000084800000, 0x0000000084900000, 0x0000000084900000|100%| O|  |TAMS 0x0000000084800000| PB 0x0000000084800000| Untracked 
|  73|0x0000000084900000, 0x0000000084a00000, 0x0000000084a00000|100%| O|  |TAMS 0x0000000084a00000| PB 0x0000000084a00000| Untracked 
|  74|0x0000000084a00000, 0x0000000084b00000, 0x0000000084b00000|100%| O|  |TAMS 0x0000000084b00000| PB 0x0000000084b00000| Untracked 
|  75|0x0000000084b00000, 0x0000000084c00000, 0x0000000084c00000|100%| O|  |TAMS 0x0000000084b00000| PB 0x0000000084b00000| Untracked 
|  76|0x0000000084c00000, 0x0000000084d00000, 0x0000000084d00000|100%| O|  |TAMS 0x0000000084d00000| PB 0x0000000084d00000| Untracked 
|  77|0x0000000084d00000, 0x0000000084e00000, 0x0000000084e00000|100%| O|  |TAMS 0x0000000084e00000| PB 0x0000000084e00000| Untracked 
|  78|0x0000000084e00000, 0x0000000084f00000, 0x0000000084f00000|100%| O|  |TAMS 0x0000000084f00000| PB 0x0000000084f00000| Untracked 
|  79|0x0000000084f00000, 0x0000000085000000, 0x0000000085000000|100%| O|  |TAMS 0x0000000085000000| PB 0x0000000085000000| Untracked 
|  80|0x0000000085000000, 0x0000000085100000, 0x0000000085100000|100%| O|  |TAMS 0x0000000085100000| PB 0x0000000085100000| Untracked 
|  81|0x0000000085100000, 0x0000000085200000, 0x0000000085200000|100%| O|  |TAMS 0x0000000085200000| PB 0x0000000085200000| Untracked 
|  82|0x0000000085200000, 0x0000000085300000, 0x0000000085300000|100%| O|  |TAMS 0x0000000085300000| PB 0x0000000085300000| Updating 
|  83|0x0000000085300000, 0x0000000085400000, 0x0000000085400000|100%| O|  |TAMS 0x0000000085400000| PB 0x0000000085400000| Updating 
|  84|0x0000000085400000, 0x0000000085500000, 0x0000000085500000|100%| O|  |TAMS 0x0000000085500000| PB 0x0000000085500000| Updating 
|  85|0x0000000085500000, 0x0000000085600000, 0x0000000085600000|100%|HS|  |TAMS 0x0000000085600000| PB 0x0000000085500000| Complete 
|  86|0x0000000085600000, 0x0000000085700000, 0x0000000085700000|100%|HC|  |TAMS 0x0000000085700000| PB 0x0000000085600000| Complete 
|  87|0x0000000085700000, 0x0000000085800000, 0x0000000085800000|100%|HC|  |TAMS 0x0000000085800000| PB 0x0000000085700000| Complete 
|  88|0x0000000085800000, 0x0000000085900000, 0x0000000085900000|100%|HC|  |TAMS 0x0000000085900000| PB 0x0000000085800000| Complete 
|  89|0x0000000085900000, 0x0000000085a00000, 0x0000000085a00000|100%|HC|  |TAMS 0x0000000085a00000| PB 0x0000000085900000| Complete 
|  90|0x0000000085a00000, 0x0000000085b00000, 0x0000000085b00000|100%|HC|  |TAMS 0x0000000085b00000| PB 0x0000000085a00000| Complete 
|  91|0x0000000085b00000, 0x0000000085c00000, 0x0000000085c00000|100%|HS|  |TAMS 0x0000000085c00000| PB 0x0000000085b00000| Complete 
|  92|0x0000000085c00000, 0x0000000085d00000, 0x0000000085d00000|100%|HC|  |TAMS 0x0000000085d00000| PB 0x0000000085c00000| Complete 
|  93|0x0000000085d00000, 0x0000000085e00000, 0x0000000085e00000|100%|HS|  |TAMS 0x0000000085e00000| PB 0x0000000085d00000| Complete 
|  94|0x0000000085e00000, 0x0000000085f00000, 0x0000000085f00000|100%|HC|  |TAMS 0x0000000085f00000| PB 0x0000000085e00000| Complete 
|  95|0x0000000085f00000, 0x0000000086000000, 0x0000000086000000|100%|HC|  |TAMS 0x0000000086000000| PB 0x0000000085f00000| Complete 
|  96|0x0000000086000000, 0x0000000086100000, 0x0000000086100000|100%|HS|  |TAMS 0x0000000086100000| PB 0x0000000086000000| Complete 
|  97|0x0000000086100000, 0x0000000086200000, 0x0000000086200000|100%| O|  |TAMS 0x0000000086200000| PB 0x0000000086200000| Untracked 
|  98|0x0000000086200000, 0x0000000086300000, 0x0000000086300000|100%| O|  |TAMS 0x0000000086300000| PB 0x0000000086300000| Untracked 
|  99|0x0000000086300000, 0x0000000086400000, 0x0000000086400000|100%| O|  |TAMS 0x0000000086400000| PB 0x0000000086400000| Untracked 
| 100|0x0000000086400000, 0x0000000086500000, 0x0000000086500000|100%| O|  |TAMS 0x0000000086500000| PB 0x0000000086500000| Updating 
| 101|0x0000000086500000, 0x0000000086600000, 0x0000000086600000|100%| O|  |TAMS 0x0000000086525b80| PB 0x0000000086525b80| Untracked 
| 102|0x0000000086600000, 0x0000000086600000, 0x0000000086700000|  0%| F|  |TAMS 0x0000000086600000| PB 0x0000000086600000| Untracked 
| 103|0x0000000086700000, 0x0000000086700000, 0x0000000086800000|  0%| F|  |TAMS 0x0000000086700000| PB 0x0000000086700000| Untracked 
| 104|0x0000000086800000, 0x0000000086800000, 0x0000000086900000|  0%| F|  |TAMS 0x0000000086800000| PB 0x0000000086800000| Untracked 
| 105|0x0000000086900000, 0x00000000869bf900, 0x0000000086a00000| 74%| O|  |TAMS 0x0000000086900000| PB 0x0000000086900000| Updating 
| 106|0x0000000086a00000, 0x0000000086a00000, 0x0000000086b00000|  0%| F|  |TAMS 0x0000000086a00000| PB 0x0000000086a00000| Untracked 
| 107|0x0000000086b00000, 0x0000000086b00000, 0x0000000086c00000|  0%| F|  |TAMS 0x0000000086b00000| PB 0x0000000086b00000| Untracked 
| 108|0x0000000086c00000, 0x0000000086c00000, 0x0000000086d00000|  0%| F|  |TAMS 0x0000000086c00000| PB 0x0000000086c00000| Untracked 
| 109|0x0000000086d00000, 0x0000000086d00000, 0x0000000086e00000|  0%| F|  |TAMS 0x0000000086d00000| PB 0x0000000086d00000| Untracked 
| 110|0x0000000086e00000, 0x0000000086e00000, 0x0000000086f00000|  0%| F|  |TAMS 0x0000000086e00000| PB 0x0000000086e00000| Untracked 
| 111|0x0000000086f00000, 0x0000000086f00000, 0x0000000087000000|  0%| F|  |TAMS 0x0000000086f00000| PB 0x0000000086f00000| Untracked 
| 112|0x0000000087000000, 0x0000000087000000, 0x0000000087100000|  0%| F|  |TAMS 0x0000000087000000| PB 0x0000000087000000| Untracked 
| 113|0x0000000087100000, 0x0000000087100000, 0x0000000087200000|  0%| F|  |TAMS 0x0000000087100000| PB 0x0000000087100000| Untracked 
| 114|0x0000000087200000, 0x0000000087200000, 0x0000000087300000|  0%| F|  |TAMS 0x0000000087200000| PB 0x0000000087200000| Untracked 
| 115|0x0000000087300000, 0x0000000087300000, 0x0000000087400000|  0%| F|  |TAMS 0x0000000087300000| PB 0x0000000087300000| Untracked 
| 116|0x0000000087400000, 0x00000000874ecf18, 0x0000000087500000| 92%| S|CS|TAMS 0x0000000087400000| PB 0x0000000087400000| Complete 
| 117|0x0000000087500000, 0x0000000087600000, 0x0000000087600000|100%| S|CS|TAMS 0x0000000087500000| PB 0x0000000087500000| Complete 
| 118|0x0000000087600000, 0x0000000087600000, 0x0000000087700000|  0%| F|  |TAMS 0x0000000087600000| PB 0x0000000087600000| Untracked 
| 119|0x0000000087700000, 0x0000000087700000, 0x0000000087800000|  0%| F|  |TAMS 0x0000000087700000| PB 0x0000000087700000| Untracked 
| 120|0x0000000087800000, 0x0000000087800000, 0x0000000087900000|  0%| F|  |TAMS 0x0000000087800000| PB 0x0000000087800000| Untracked 
| 121|0x0000000087900000, 0x0000000087900000, 0x0000000087a00000|  0%| F|  |TAMS 0x0000000087900000| PB 0x0000000087900000| Untracked 
| 122|0x0000000087a00000, 0x0000000087a00000, 0x0000000087b00000|  0%| F|  |TAMS 0x0000000087a00000| PB 0x0000000087a00000| Untracked 
| 123|0x0000000087b00000, 0x0000000087b00000, 0x0000000087c00000|  0%| F|  |TAMS 0x0000000087b00000| PB 0x0000000087b00000| Untracked 
| 124|0x0000000087c00000, 0x0000000087c00000, 0x0000000087d00000|  0%| F|  |TAMS 0x0000000087c00000| PB 0x0000000087c00000| Untracked 
| 125|0x0000000087d00000, 0x0000000087d00000, 0x0000000087e00000|  0%| F|  |TAMS 0x0000000087d00000| PB 0x0000000087d00000| Untracked 
| 126|0x0000000087e00000, 0x0000000087e00000, 0x0000000087f00000|  0%| F|  |TAMS 0x0000000087e00000| PB 0x0000000087e00000| Untracked 
| 127|0x0000000087f00000, 0x0000000087f00000, 0x0000000088000000|  0%| F|  |TAMS 0x0000000087f00000| PB 0x0000000087f00000| Untracked 
| 128|0x0000000088000000, 0x0000000088000000, 0x0000000088100000|  0%| F|  |TAMS 0x0000000088000000| PB 0x0000000088000000| Untracked 
| 129|0x0000000088100000, 0x0000000088100000, 0x0000000088200000|  0%| F|  |TAMS 0x0000000088100000| PB 0x0000000088100000| Untracked 
| 130|0x0000000088200000, 0x0000000088200000, 0x0000000088300000|  0%| F|  |TAMS 0x0000000088200000| PB 0x0000000088200000| Untracked 
| 131|0x0000000088300000, 0x0000000088300000, 0x0000000088400000|  0%| F|  |TAMS 0x0000000088300000| PB 0x0000000088300000| Untracked 
| 132|0x0000000088400000, 0x0000000088400000, 0x0000000088500000|  0%| F|  |TAMS 0x0000000088400000| PB 0x0000000088400000| Untracked 
| 133|0x0000000088500000, 0x0000000088500000, 0x0000000088600000|  0%| F|  |TAMS 0x0000000088500000| PB 0x0000000088500000| Untracked 
| 134|0x0000000088600000, 0x0000000088600000, 0x0000000088700000|  0%| F|  |TAMS 0x0000000088600000| PB 0x0000000088600000| Untracked 
| 135|0x0000000088700000, 0x0000000088700000, 0x0000000088800000|  0%| F|  |TAMS 0x0000000088700000| PB 0x0000000088700000| Untracked 
| 136|0x0000000088800000, 0x0000000088800000, 0x0000000088900000|  0%| F|  |TAMS 0x0000000088800000| PB 0x0000000088800000| Untracked 
| 137|0x0000000088900000, 0x0000000088900000, 0x0000000088a00000|  0%| F|  |TAMS 0x0000000088900000| PB 0x0000000088900000| Untracked 
| 138|0x0000000088a00000, 0x0000000088a80000, 0x0000000088b00000| 50%| E|  |TAMS 0x0000000088a00000| PB 0x0000000088a00000| Complete 
| 139|0x0000000088b00000, 0x0000000088c00000, 0x0000000088c00000|100%| E|CS|TAMS 0x0000000088b00000| PB 0x0000000088b00000| Complete 
| 140|0x0000000088c00000, 0x0000000088d00000, 0x0000000088d00000|100%| E|CS|TAMS 0x0000000088c00000| PB 0x0000000088c00000| Complete 
|2042|0x00000000ffa00000, 0x00000000ffb00000, 0x00000000ffb00000|100%| O|  |TAMS 0x00000000ffb00000| PB 0x00000000ffb00000| Updating 
|2043|0x00000000ffb00000, 0x00000000ffc00000, 0x00000000ffc00000|100%| O|  |TAMS 0x00000000ffc00000| PB 0x00000000ffc00000| Untracked 
|2044|0x00000000ffc00000, 0x00000000ffd00000, 0x00000000ffd00000|100%| O|  |TAMS 0x00000000ffd00000| PB 0x00000000ffd00000| Untracked 
|2045|0x00000000ffd00000, 0x00000000ffe00000, 0x00000000ffe00000|100%| O|  |TAMS 0x00000000ffe00000| PB 0x00000000ffe00000| Updating 
|2046|0x00000000ffe00000, 0x00000000fff00000, 0x00000000fff00000|100%| E|CS|TAMS 0x00000000ffe00000| PB 0x00000000ffe00000| Complete 
|2047|0x00000000fff00000, 0x0000000100000000, 0x0000000100000000|100%| E|CS|TAMS 0x00000000fff00000| PB 0x00000000fff00000| Complete 

Card table byte_map: [0x0000025d31650000,0x0000025d31a50000] _byte_map_base: 0x0000025d31250000

Marking Bits: (CMBitMap*) 0x0000025d1eb46da0
 Bits: [0x0000025d31a50000, 0x0000025d33a50000)

Polling page: 0x0000025d1c8b0000

Metaspace:

Usage:
  Non-class:     70.60 MB used.
      Class:     11.68 MB used.
       Both:     82.27 MB used.

Virtual space:
  Non-class space:      128.00 MB reserved,      71.62 MB ( 56%) committed,  2 nodes.
      Class space:        1.00 GB reserved,      12.62 MB (  1%) committed,  1 nodes.
             Both:        1.12 GB reserved,      84.25 MB (  7%) committed. 

Chunk freelists:
   Non-Class:  8.30 MB
       Class:  3.33 MB
        Both:  11.62 MB

MaxMetaspaceSize: unlimited
CompressedClassSpaceSize: 1.00 GB
Initial GC threshold: 21.00 MB
Current GC threshold: 128.88 MB
CDS: on
 - commit_granule_bytes: 65536.
 - commit_granule_words: 8192.
 - virtual_space_node_default_size: 8388608.
 - enlarge_chunks_in_place: 1.
 - use_allocation_guard: 0.


Internal statistics:

num_allocs_failed_limit: 6.
num_arena_births: 3492.
num_arena_deaths: 0.
num_vsnodes_births: 3.
num_vsnodes_deaths: 0.
num_space_committed: 1346.
num_space_uncommitted: 0.
num_chunks_returned_to_freelist: 6.
num_chunks_taken_from_freelist: 7169.
num_chunk_merges: 3.
num_chunk_splits: 4848.
num_chunks_enlarged: 3200.
num_inconsistent_stats: 0.

CodeHeap 'non-profiled nmethods': size=120000Kb used=5122Kb max_used=5226Kb free=114877Kb
 bounds [0x0000025d297c0000, 0x0000025d29ce0000, 0x0000025d30cf0000]
CodeHeap 'profiled nmethods': size=120000Kb used=15086Kb max_used=15288Kb free=104913Kb
 bounds [0x0000025d21cf0000, 0x0000025d22bf0000, 0x0000025d29220000]
CodeHeap 'non-nmethods': size=5760Kb used=2702Kb max_used=2724Kb free=3057Kb
 bounds [0x0000025d29220000, 0x0000025d294e0000, 0x0000025d297c0000]
CodeCache: size=245760Kb, used=22910Kb, max_used=23238Kb, free=222847Kb
 total_blobs=9470, nmethods=8508, adapters=866, full_count=0
Compilation: enabled, stopped_count=0, restarted_count=0

Compilation events (20 events):
Event: 80.339 Thread 0x0000025d366dfbf0 10373       3       java.lang.reflect.ProxyGenerator$$Lambda/0x0000025d3804f770::apply (8 bytes)
Event: 80.339 Thread 0x0000025d366dfbf0 nmethod 10373 0x0000025d221e4610 code [0x0000025d221e47e0, 0x0000025d221e4ae0]
Event: 80.339 Thread 0x0000025d366dfbf0 10374       3       sun.reflect.annotation.AnnotationParser::skipMemberValue (11 bytes)
Event: 80.339 Thread 0x0000025d366dfbf0 nmethod 10374 0x0000025d221e4190 code [0x0000025d221e4340, 0x0000025d221e4538]
Event: 80.339 Thread 0x0000025d366dfbf0 10375       3       sun.reflect.annotation.AnnotationParser::skipMemberValue (65 bytes)
Event: 80.339 Thread 0x0000025d366dfbf0 nmethod 10375 0x0000025d221e3610 code [0x0000025d221e3860, 0x0000025d221e3f78]
Event: 80.371 Thread 0x0000025d366dfbf0 10376       3       java.lang.Class::getConstructors (27 bytes)
Event: 80.371 Thread 0x0000025d366dfbf0 nmethod 10376 0x0000025d22ab3210 code [0x0000025d22ab33e0, 0x0000025d22ab3648]
Event: 80.379 Thread 0x0000025d366dfbf0 10377       3       kotlin.collections.CollectionsKt___CollectionsKt::single (68 bytes)
Event: 80.380 Thread 0x0000025d366dfbf0 nmethod 10377 0x0000025d22ab2310 code [0x0000025d22ab2580, 0x0000025d22ab2ec0]
Event: 80.382 Thread 0x0000025d366dfbf0 10378       3       sun.reflect.generics.parser.SignatureParser::parseZeroOrMoreThrowsSignatures (51 bytes)
Event: 80.383 Thread 0x0000025d366dfbf0 nmethod 10378 0x0000025d22ab1410 code [0x0000025d22ab1640, 0x0000025d22ab2028]
Event: 80.387 Thread 0x0000025d366dfbf0 10379       3       org.jetbrains.kotlin.com.intellij.util.containers.MultiMap::createCollection (8 bytes)
Event: 80.387 Thread 0x0000025d366dfbf0 nmethod 10379 0x0000025d22ab0d90 code [0x0000025d22ab0f60, 0x0000025d22ab12a8]
Event: 80.389 Thread 0x0000025d366dfbf0 10380       3       kotlin.collections.CollectionsKt___CollectionsKt::single (76 bytes)
Event: 80.390 Thread 0x0000025d366dfbf0 nmethod 10380 0x0000025d22aaf990 code [0x0000025d22aafc60, 0x0000025d22ab09d8]
Event: 80.391 Thread 0x0000025d366dfbf0 10381       3       org.jetbrains.kotlin.container.CacheKt::getInfo (14 bytes)
Event: 80.392 Thread 0x0000025d366dfbf0 nmethod 10381 0x0000025d22aaef10 code [0x0000025d22aaf140, 0x0000025d22aaf6f8]
Event: 80.392 Thread 0x0000025d366dfbf0 10382       3       org.jetbrains.kotlin.container.ClassTraversalCache::getClassInfo (43 bytes)
Event: 80.392 Thread 0x0000025d366dfbf0 nmethod 10382 0x0000025d22aae090 code [0x0000025d22aae300, 0x0000025d22aaec20]

GC Heap History (20 events):
Event: 68.055 GC heap before
{Heap before GC invocations=32 (full 0):
 garbage-first heap   total 96256K, used 84170K [0x0000000080000000, 0x0000000100000000)
  region size 1024K, 30 young (30720K), 2 survivors (2048K)
 Metaspace       used 71905K, committed 73920K, reserved 1114112K
  class space    used 10534K, committed 11520K, reserved 1048576K
}
Event: 68.058 GC heap after
{Heap after GC invocations=33 (full 0):
 garbage-first heap   total 96256K, used 56857K [0x0000000080000000, 0x0000000100000000)
  region size 1024K, 2 young (2048K), 2 survivors (2048K)
 Metaspace       used 71905K, committed 73920K, reserved 1114112K
  class space    used 10534K, committed 11520K, reserved 1048576K
}
Event: 68.817 GC heap before
{Heap before GC invocations=34 (full 0):
 garbage-first heap   total 97280K, used 86553K [0x0000000080000000, 0x0000000100000000)
  region size 1024K, 31 young (31744K), 2 survivors (2048K)
 Metaspace       used 75671K, committed 77632K, reserved 1179648K
  class space    used 11033K, committed 12032K, reserved 1048576K
}
Event: 68.821 GC heap after
{Heap after GC invocations=35 (full 0):
 garbage-first heap   total 97280K, used 57829K [0x0000000080000000, 0x0000000100000000)
  region size 1024K, 3 young (3072K), 3 survivors (3072K)
 Metaspace       used 75671K, committed 77632K, reserved 1179648K
  class space    used 11033K, committed 12032K, reserved 1048576K
}
Event: 69.179 GC heap before
{Heap before GC invocations=35 (full 0):
 garbage-first heap   total 97280K, used 94693K [0x0000000080000000, 0x0000000100000000)
  region size 1024K, 33 young (33792K), 3 survivors (3072K)
 Metaspace       used 76996K, committed 79040K, reserved 1179648K
  class space    used 11176K, committed 12160K, reserved 1048576K
}
Event: 69.186 GC heap after
{Heap after GC invocations=36 (full 0):
 garbage-first heap   total 106496K, used 70128K [0x0000000080000000, 0x0000000100000000)
  region size 1024K, 5 young (5120K), 5 survivors (5120K)
 Metaspace       used 76996K, committed 79040K, reserved 1179648K
  class space    used 11176K, committed 12160K, reserved 1048576K
}
Event: 69.257 GC heap before
{Heap before GC invocations=36 (full 0):
 garbage-first heap   total 106496K, used 77296K [0x0000000080000000, 0x0000000100000000)
  region size 1024K, 14 young (14336K), 5 survivors (5120K)
 Metaspace       used 77105K, committed 79168K, reserved 1179648K
  class space    used 11180K, committed 12160K, reserved 1048576K
}
Event: 69.265 GC heap after
{Heap after GC invocations=37 (full 0):
 garbage-first heap   total 106496K, used 76288K [0x0000000080000000, 0x0000000100000000)
  region size 1024K, 4 young (4096K), 4 survivors (4096K)
 Metaspace       used 77105K, committed 79168K, reserved 1179648K
  class space    used 11180K, committed 12160K, reserved 1048576K
}
Event: 70.010 GC heap before
{Heap before GC invocations=38 (full 0):
 garbage-first heap   total 130048K, used 96768K [0x0000000080000000, 0x0000000100000000)
  region size 1024K, 21 young (21504K), 4 survivors (4096K)
 Metaspace       used 77114K, committed 79168K, reserved 1179648K
  class space    used 11181K, committed 12160K, reserved 1048576K
}
Event: 70.020 GC heap after
{Heap after GC invocations=39 (full 0):
 garbage-first heap   total 130048K, used 77595K [0x0000000080000000, 0x0000000100000000)
  region size 1024K, 3 young (3072K), 3 survivors (3072K)
 Metaspace       used 77114K, committed 79168K, reserved 1179648K
  class space    used 11181K, committed 12160K, reserved 1048576K
}
Event: 72.352 GC heap before
{Heap before GC invocations=39 (full 0):
 garbage-first heap   total 130048K, used 111387K [0x0000000080000000, 0x0000000100000000)
  region size 1024K, 31 young (31744K), 3 survivors (3072K)
 Metaspace       used 77121K, committed 79168K, reserved 1179648K
  class space    used 11181K, committed 12160K, reserved 1048576K
}
Event: 72.361 GC heap after
{Heap after GC invocations=40 (full 0):
 garbage-first heap   total 130048K, used 90316K [0x0000000080000000, 0x0000000100000000)
  region size 1024K, 4 young (4096K), 4 survivors (4096K)
 Metaspace       used 77121K, committed 79168K, reserved 1179648K
  class space    used 11181K, committed 12160K, reserved 1048576K
}
Event: 75.650 GC heap before
{Heap before GC invocations=40 (full 0):
 garbage-first heap   total 130048K, used 104652K [0x0000000080000000, 0x0000000100000000)
  region size 1024K, 19 young (19456K), 4 survivors (4096K)
 Metaspace       used 77122K, committed 79168K, reserved 1179648K
  class space    used 11181K, committed 12160K, reserved 1048576K
}
Event: 75.655 GC heap after
{Heap after GC invocations=41 (full 0):
 garbage-first heap   total 130048K, used 88523K [0x0000000080000000, 0x0000000100000000)
  region size 1024K, 4 young (4096K), 4 survivors (4096K)
 Metaspace       used 77122K, committed 79168K, reserved 1179648K
  class space    used 11181K, committed 12160K, reserved 1048576K
}
Event: 79.702 GC heap before
{Heap before GC invocations=42 (full 0):
 garbage-first heap   total 148480K, used 111051K [0x0000000080000000, 0x0000000100000000)
  region size 1024K, 26 young (26624K), 4 survivors (4096K)
 Metaspace       used 78253K, committed 80192K, reserved 1179648K
  class space    used 11338K, committed 12288K, reserved 1048576K
}
Event: 79.705 GC heap after
{Heap after GC invocations=43 (full 0):
 garbage-first heap   total 148480K, used 91303K [0x0000000080000000, 0x0000000100000000)
  region size 1024K, 4 young (4096K), 4 survivors (4096K)
 Metaspace       used 78253K, committed 80192K, reserved 1179648K
  class space    used 11338K, committed 12288K, reserved 1048576K
}
Event: 80.070 GC heap before
{Heap before GC invocations=43 (full 0):
 garbage-first heap   total 148480K, used 138407K [0x0000000080000000, 0x0000000100000000)
  region size 1024K, 36 young (36864K), 4 survivors (4096K)
 Metaspace       used 81392K, committed 83392K, reserved 1179648K
  class space    used 11672K, committed 12672K, reserved 1048576K
}
Event: 80.074 GC heap after
{Heap after GC invocations=44 (full 0):
 garbage-first heap   total 150528K, used 109252K [0x0000000080000000, 0x0000000100000000)
  region size 1024K, 5 young (5120K), 5 survivors (5120K)
 Metaspace       used 81392K, committed 83392K, reserved 1179648K
  class space    used 11672K, committed 12672K, reserved 1048576K
}
Event: 80.349 GC heap before
{Heap before GC invocations=44 (full 0):
 garbage-first heap   total 150528K, used 131780K [0x0000000080000000, 0x0000000100000000)
  region size 1024K, 28 young (28672K), 5 survivors (5120K)
 Metaspace       used 83761K, committed 85824K, reserved 1179648K
  class space    used 11926K, committed 12928K, reserved 1048576K
}
Event: 80.352 GC heap after
{Heap after GC invocations=45 (full 0):
 garbage-first heap   total 150528K, used 111262K [0x0000000080000000, 0x0000000100000000)
  region size 1024K, 2 young (2048K), 2 survivors (2048K)
 Metaspace       used 83761K, committed 85824K, reserved 1179648K
  class space    used 11926K, committed 12928K, reserved 1048576K
}

Dll operation events (14 events):
Event: 0.110 Loaded shared library C:\Users\NAVNIT KUMAR\.antigravity\extensions\redhat.java-1.51.0-win32-x64\jre\21.0.9-win32-x86_64\bin\java.dll
Event: 0.180 Loaded shared library C:\Users\NAVNIT KUMAR\.antigravity\extensions\redhat.java-1.51.0-win32-x64\jre\21.0.9-win32-x86_64\bin\zip.dll
Event: 0.207 Loaded shared library C:\Users\NAVNIT KUMAR\.antigravity\extensions\redhat.java-1.51.0-win32-x64\jre\21.0.9-win32-x86_64\bin\instrument.dll
Event: 0.345 Loaded shared library C:\Users\NAVNIT KUMAR\.antigravity\extensions\redhat.java-1.51.0-win32-x64\jre\21.0.9-win32-x86_64\bin\net.dll
Event: 0.479 Loaded shared library C:\Users\NAVNIT KUMAR\.antigravity\extensions\redhat.java-1.51.0-win32-x64\jre\21.0.9-win32-x86_64\bin\nio.dll
Event: 0.539 Loaded shared library C:\Users\NAVNIT KUMAR\.antigravity\extensions\redhat.java-1.51.0-win32-x64\jre\21.0.9-win32-x86_64\bin\zip.dll
Event: 10.564 Loaded shared library C:\Users\NAVNIT KUMAR\.antigravity\extensions\redhat.java-1.51.0-win32-x64\jre\21.0.9-win32-x86_64\bin\jimage.dll
Event: 17.970 Loaded shared library C:\Users\NAVNIT KUMAR\.antigravity\extensions\redhat.java-1.51.0-win32-x64\jre\21.0.9-win32-x86_64\bin\verify.dll
Event: 18.552 Loaded shared library C:\Users\NAVNIT KUMAR\.gradle\native\1def1411415f61bf3af743bc5b6707747c0891f09f0c88961ee8f79bc544acac\windows-amd64\native-platform.dll
Event: 18.700 Loaded shared library C:\Users\NAVNIT KUMAR\.gradle\native\0.2.7\x86_64-windows-gnu\gradle-fileevents.dll
Event: 39.114 Loaded shared library C:\Users\NAVNIT KUMAR\.antigravity\extensions\redhat.java-1.51.0-win32-x64\jre\21.0.9-win32-x86_64\bin\management.dll
Event: 39.216 Loaded shared library C:\Users\NAVNIT KUMAR\.antigravity\extensions\redhat.java-1.51.0-win32-x64\jre\21.0.9-win32-x86_64\bin\management_ext.dll
Event: 39.717 Loaded shared library C:\Users\NAVNIT KUMAR\.antigravity\extensions\redhat.java-1.51.0-win32-x64\jre\21.0.9-win32-x86_64\bin\extnet.dll
Event: 40.841 Loaded shared library C:\Users\NAVNIT KUMAR\.antigravity\extensions\redhat.java-1.51.0-win32-x64\jre\21.0.9-win32-x86_64\bin\sunmscapi.dll

Deoptimization events (20 events):
Event: 80.031 Thread 0x0000025d7d603f70 Uncommon trap: trap_request=0xffffffc6 fr.pc=0x0000025d29caae14 relative=0x00000000000006f4
Event: 80.031 Thread 0x0000025d7d603f70 Uncommon trap: reason=bimorphic_or_optimized_type_check action=maybe_recompile pc=0x0000025d29caae14 method=org.jetbrains.kotlin.com.intellij.openapi.vfs.VirtualFile.getNameSequence()Ljava/lang/CharSequence; @ 1 c2
Event: 80.031 Thread 0x0000025d7d603f70 DEOPT PACKING pc=0x0000025d29caae14 sp=0x000000fcb67f4170
Event: 80.031 Thread 0x0000025d7d603f70 DEOPT UNPACKING pc=0x0000025d29274422 sp=0x000000fcb67f4150 mode 2
Event: 80.031 Thread 0x0000025d7d603f70 Uncommon trap: trap_request=0xffffffc6 fr.pc=0x0000025d29caae14 relative=0x00000000000006f4
Event: 80.031 Thread 0x0000025d7d603f70 Uncommon trap: reason=bimorphic_or_optimized_type_check action=maybe_recompile pc=0x0000025d29caae14 method=org.jetbrains.kotlin.com.intellij.openapi.vfs.VirtualFile.getNameSequence()Ljava/lang/CharSequence; @ 1 c2
Event: 80.031 Thread 0x0000025d7d603f70 DEOPT PACKING pc=0x0000025d29caae14 sp=0x000000fcb67f43d0
Event: 80.031 Thread 0x0000025d7d603f70 DEOPT UNPACKING pc=0x0000025d29274422 sp=0x000000fcb67f43a8 mode 2
Event: 80.031 Thread 0x0000025d7d603f70 Uncommon trap: trap_request=0xffffffc6 fr.pc=0x0000025d29caae14 relative=0x00000000000006f4
Event: 80.031 Thread 0x0000025d7d603f70 Uncommon trap: reason=bimorphic_or_optimized_type_check action=maybe_recompile pc=0x0000025d29caae14 method=org.jetbrains.kotlin.com.intellij.openapi.vfs.VirtualFile.getNameSequence()Ljava/lang/CharSequence; @ 1 c2
Event: 80.031 Thread 0x0000025d7d603f70 DEOPT PACKING pc=0x0000025d29caae14 sp=0x000000fcb67f41e0
Event: 80.031 Thread 0x0000025d7d603f70 DEOPT UNPACKING pc=0x0000025d29274422 sp=0x000000fcb67f41c0 mode 2
Event: 80.128 Thread 0x0000025d7d603f70 Uncommon trap: trap_request=0xffffff76 fr.pc=0x0000025d29b383fc relative=0x00000000000001dc
Event: 80.128 Thread 0x0000025d7d603f70 Uncommon trap: reason=predicate action=maybe_recompile pc=0x0000025d29b383fc method=java.util.LinkedHashMap.keysToArray([Ljava/lang/Object;Z)[Ljava/lang/Object; @ 53 c2
Event: 80.128 Thread 0x0000025d7d603f70 DEOPT PACKING pc=0x0000025d29b383fc sp=0x000000fcb67f0a10
Event: 80.128 Thread 0x0000025d7d603f70 DEOPT UNPACKING pc=0x0000025d29274422 sp=0x000000fcb67f09c0 mode 2
Event: 80.128 Thread 0x0000025d7d603f70 Uncommon trap: trap_request=0xffffffbe fr.pc=0x0000025d298c019c relative=0x000000000000027c
Event: 80.128 Thread 0x0000025d7d603f70 Uncommon trap: reason=profile_predicate action=maybe_recompile pc=0x0000025d298c019c method=java.util.LinkedHashMap.keysToArray([Ljava/lang/Object;Z)[Ljava/lang/Object; @ 51 c2
Event: 80.128 Thread 0x0000025d7d603f70 DEOPT PACKING pc=0x0000025d298c019c sp=0x000000fcb67f0a10
Event: 80.128 Thread 0x0000025d7d603f70 DEOPT UNPACKING pc=0x0000025d29274422 sp=0x000000fcb67f09c8 mode 2

Classes loaded (20 events):
Event: 68.693 Loading class java/nio/charset/IllegalCharsetNameException
Event: 68.693 Loading class java/nio/charset/IllegalCharsetNameException done
Event: 68.693 Loading class java/nio/charset/UnsupportedCharsetException
Event: 68.693 Loading class java/nio/charset/UnsupportedCharsetException done
Event: 68.694 Loading class sun/nio/cs/UTF_32BE
Event: 68.694 Loading class sun/nio/cs/UTF_32BE done
Event: 68.695 Loading class sun/nio/cs/UTF_32LE
Event: 68.695 Loading class sun/nio/cs/UTF_32LE done
Event: 68.695 Loading class sun/nio/cs/MS1251
Event: 68.695 Loading class sun/nio/cs/MS1251 done
Event: 68.954 Loading class java/beans/PropertyChangeSupport
Event: 68.955 Loading class java/beans/PropertyChangeSupport done
Event: 68.955 Loading class java/beans/PropertyChangeSupport$PropertyChangeListenerMap
Event: 68.955 Loading class java/beans/ChangeListenerMap
Event: 68.956 Loading class java/beans/ChangeListenerMap done
Event: 68.956 Loading class java/beans/PropertyChangeSupport$PropertyChangeListenerMap done
Event: 69.035 Loading class java/util/zip/ZipFile$ZipEntryIterator
Event: 69.036 Loading class java/util/zip/ZipFile$ZipEntryIterator done
Event: 79.576 Loading class java/util/regex/Pattern$Bound
Event: 79.577 Loading class java/util/regex/Pattern$Bound done

Classes unloaded (0 events):
No events

Classes redefined (0 events):
No events

Internal exceptions (20 events):
Event: 66.412 Thread 0x0000025d7d603f70 Exception <a 'sun/nio/fs/WindowsException'{0x0000000084a1a848}> (0x0000000084a1a848) 
thrown [s\src\hotspot\share\prims\jni.cpp, line 520]
Event: 66.658 Thread 0x0000025d7d603f70 Exception <a 'sun/nio/fs/WindowsException'{0x0000000084498720}> (0x0000000084498720) 
thrown [s\src\hotspot\share\prims\jni.cpp, line 520]
Event: 66.943 Thread 0x0000025d7d603f70 Exception <a 'java/lang/NoSuchMethodError'{0x0000000087579560}: 'long java.lang.invoke.DirectMethodHandle$Holder.invokeStatic(java.lang.Object)'> (0x0000000087579560) 
thrown [s\src\hotspot\share\interpreter\linkResolver.cpp, line 773]
Event: 66.944 Thread 0x0000025d7d603f70 Exception <a 'java/lang/NoSuchMethodError'{0x000000008757e0f0}: 'long java.lang.invoke.DirectMethodHandle$Holder.invokeStaticInit(java.lang.Object)'> (0x000000008757e0f0) 
thrown [s\src\hotspot\share\interpreter\linkResolver.cpp, line 773]
Event: 67.135 Thread 0x0000025d7d603f70 Exception <a 'java/lang/NoSuchMethodError'{0x0000000085a89560}: 'void java.lang.invoke.DirectMethodHandle$Holder.invokeStaticInit(java.lang.Object)'> (0x0000000085a89560) 
thrown [s\src\hotspot\share\interpreter\linkResolver.cpp, line 773]
Event: 67.161 Thread 0x0000025d7d603f70 Exception <a 'java/lang/NoSuchMethodError'{0x000000008590e4a8}: 'void java.lang.invoke.DelegatingMethodHandle$Holder.reinvoke_L(java.lang.Object, java.lang.Object, java.lang.Object, long, java.lang.Object)'> (0x000000008590e4a8) 
thrown [s\src\hotspot\share\interpreter\linkResolver.cpp, line 773]
Event: 67.162 Thread 0x0000025d7d603f70 Exception <a 'java/lang/NoSuchMethodError'{0x0000000085916928}: 'java.lang.Object java.lang.invoke.DirectMethodHandle$Holder.invokeSpecial(java.lang.Object, java.lang.Object, java.lang.Object, java.lang.Object, long)'> (0x0000000085916928) 
thrown [s\src\hotspot\share\interpreter\linkResolver.cpp, line 773]
Event: 67.163 Thread 0x0000025d7d603f70 Exception <a 'java/lang/NoSuchMethodError'{0x00000000859267b8}: 'int java.lang.invoke.DelegatingMethodHandle$Holder.reinvoke_L(java.lang.Object, java.lang.Object, java.lang.Object, long, java.lang.Object, java.lang.Object)'> (0x00000000859267b8) 
thrown [s\src\hotspot\share\interpreter\linkResolver.cpp, line 773]
Event: 67.165 Thread 0x0000025d7d603f70 Exception <a 'java/lang/NoSuchMethodError'{0x0000000085935f58}: 'int java.lang.invoke.DelegatingMethodHandle$Holder.reinvoke_L(java.lang.Object, java.lang.Object, java.lang.Object, long, int, int)'> (0x0000000085935f58) 
thrown [s\src\hotspot\share\interpreter\linkResolver.cpp, line 773]
Event: 67.166 Thread 0x0000025d7d603f70 Exception <a 'java/lang/NoSuchMethodError'{0x00000000859454a8}: 'int java.lang.invoke.DelegatingMethodHandle$Holder.reinvoke_L(java.lang.Object, java.lang.Object, java.lang.Object, long, long, long)'> (0x00000000859454a8) 
thrown [s\src\hotspot\share\interpreter\linkResolver.cpp, line 773]
Event: 67.173 Thread 0x0000025d7d603f70 Exception <a 'java/lang/NoSuchMethodError'{0x0000000085954b28}: 'int java.lang.invoke.DelegatingMethodHandle$Holder.reinvoke_L(java.lang.Object, java.lang.Object, java.lang.Object, long, int)'> (0x0000000085954b28) 
thrown [s\src\hotspot\share\interpreter\linkResolver.cpp, line 773]
Event: 67.176 Thread 0x0000025d7d603f70 Exception <a 'java/lang/NoSuchMethodError'{0x000000008596ab48}: 'void java.lang.invoke.DelegatingMethodHandle$Holder.reinvoke_L(java.lang.Object, java.lang.Object, java.lang.Object, long, java.lang.Object, long, long)'> (0x000000008596ab48) 
thrown [s\src\hotspot\share\interpreter\linkResolver.cpp, line 773]
Event: 67.177 Thread 0x0000025d7d603f70 Exception <a 'java/lang/NoSuchMethodError'{0x0000000085972c70}: 'long java.lang.invoke.Invokers$Holder.invokeExact_MT(java.lang.Object, java.lang.Object, java.lang.Object)'> (0x0000000085972c70) 
thrown [s\src\hotspot\share\interpreter\linkResolver.cpp, line 773]
Event: 67.182 Thread 0x0000025d7d603f70 Exception <a 'java/lang/NoSuchMethodError'{0x0000000085977ca8}: 'int java.lang.invoke.Invokers$Holder.invokeExact_MT(java.lang.Object, java.lang.Object, java.lang.Object)'> (0x0000000085977ca8) 
thrown [s\src\hotspot\share\interpreter\linkResolver.cpp, line 773]
Event: 68.397 Thread 0x0000025d7d603f70 Exception <a 'java/lang/NoSuchMethodError'{0x0000000085227910}: 'java.lang.Object java.lang.invoke.DirectMethodHandle$Holder.invokeStatic(java.lang.Object, java.lang.Object, java.lang.Object, java.lang.Object, int, java.lang.Object)'> (0x0000000085227910) 
thrown [s\src\hotspot\share\interpreter\linkResolver.cpp, line 773]
Event: 68.463 Thread 0x0000025d7d603f70 Exception <a 'java/lang/NoSuchMethodError'{0x00000000851295f8}: 'long java.lang.invoke.DirectMethodHandle$Holder.invokeStatic(java.lang.Object, java.lang.Object, int)'> (0x00000000851295f8) 
thrown [s\src\hotspot\share\interpreter\linkResolver.cpp, line 773]
Event: 68.464 Thread 0x0000025d7d603f70 Exception <a 'java/lang/NoSuchMethodError'{0x0000000085135d40}: 'java.lang.Object java.lang.invoke.DelegatingMethodHandle$Holder.reinvoke_L(java.lang.Object, int, long, java.lang.Object, java.lang.Object, int, java.lang.Object)'> (0x0000000085135d40) 
thrown [s\src\hotspot\share\interpreter\linkResolver.cpp, line 773]
Event: 68.883 Thread 0x0000025d7d603f70 Exception <a 'java/lang/NoSuchMethodError'{0x00000000875cc018}: 'java.lang.Object java.lang.invoke.Invokers$Holder.invokeExact_MT(java.lang.Object, java.lang.Object, long, java.lang.Object)'> (0x00000000875cc018) 
thrown [s\src\hotspot\share\interpreter\linkResolver.cpp, line 773]
Event: 69.036 Thread 0x0000025d7d603f70 Implicit null exception at 0x0000025d2998ee09 to 0x0000025d2998fdb4
Event: 69.343 Thread 0x0000025d7d603f70 Implicit null exception at 0x0000025d29c09e73 to 0x0000025d29c0bfcc

ZGC Phase Switch (0 events):
No events

VM Operations (20 events):
Event: 72.027 Executing VM operation: Cleanup done
Event: 72.352 Executing VM operation: G1CollectForAllocation (G1 Evacuation Pause)
Event: 72.361 Executing VM operation: G1CollectForAllocation (G1 Evacuation Pause) done
Event: 73.372 Executing VM operation: Cleanup
Event: 73.372 Executing VM operation: Cleanup done
Event: 75.393 Executing VM operation: Cleanup
Event: 75.393 Executing VM operation: Cleanup done
Event: 75.650 Executing VM operation: G1TryInitiateConcMark (G1 Humongous Allocation)
Event: 75.655 Executing VM operation: G1TryInitiateConcMark (G1 Humongous Allocation) done
Event: 75.687 Executing VM operation: G1PauseRemark
Event: 75.691 Executing VM operation: G1PauseRemark done
Event: 75.703 Executing VM operation: G1PauseCleanup
Event: 75.703 Executing VM operation: G1PauseCleanup done
Event: 79.702 Executing VM operation: G1CollectForAllocation (G1 Evacuation Pause)
Event: 79.705 Executing VM operation: G1CollectForAllocation (G1 Evacuation Pause) done
Event: 80.070 Executing VM operation: G1CollectForAllocation (G1 Evacuation Pause)
Event: 80.074 Executing VM operation: G1CollectForAllocation (G1 Evacuation Pause) done
Event: 80.349 Executing VM operation: G1CollectForAllocation (G1 Evacuation Pause)
Event: 80.352 Executing VM operation: G1CollectForAllocation (G1 Evacuation Pause) done
Event: 80.395 Executing VM operation: G1PauseRemark

Memory protections (0 events):
No events

Nmethod flushes (20 events):
Event: 80.397 Thread 0x0000025d366a3310 flushing  nmethod 0x0000025d21d5ab10
Event: 80.397 Thread 0x0000025d366a3310 flushing  nmethod 0x0000025d21e9f190
Event: 80.397 Thread 0x0000025d366a3310 flushing  nmethod 0x0000025d220b6510
Event: 80.397 Thread 0x0000025d366a3310 flushing  nmethod 0x0000025d2214ca10
Event: 80.397 Thread 0x0000025d366a3310 flushing  nmethod 0x0000025d2236a210
Event: 80.397 Thread 0x0000025d366a3310 flushing  nmethod 0x0000025d2261e990
Event: 80.397 Thread 0x0000025d366a3310 flushing  nmethod 0x0000025d226fd790
Event: 80.397 Thread 0x0000025d366a3310 flushing  nmethod 0x0000025d2280e310
Event: 80.397 Thread 0x0000025d366a3310 flushing  nmethod 0x0000025d2280ea10
Event: 80.397 Thread 0x0000025d366a3310 flushing  nmethod 0x0000025d2285d610
Event: 80.397 Thread 0x0000025d366a3310 flushing  nmethod 0x0000025d2235c610
Event: 80.397 Thread 0x0000025d366a3310 flushing osr nmethod 0x0000025d22493d10
Event: 80.397 Thread 0x0000025d366a3310 flushing  nmethod 0x0000025d226f3290
Event: 80.397 Thread 0x0000025d366a3310 flushing  nmethod 0x0000025d2279be90
Event: 80.397 Thread 0x0000025d366a3310 flushing  nmethod 0x0000025d22850510
Event: 80.397 Thread 0x0000025d366a3310 flushing  nmethod 0x0000025d22a7a390
Event: 80.397 Thread 0x0000025d366a3310 flushing  nmethod 0x0000025d22a7aa90
Event: 80.397 Thread 0x0000025d366a3310 flushing  nmethod 0x0000025d22a7bc90
Event: 80.397 Thread 0x0000025d366a3310 flushing  nmethod 0x0000025d22a7c210
Event: 80.397 Thread 0x0000025d366a3310 flushing  nmethod 0x0000025d29b36310

Events (20 events):
Event: 62.898 Thread 0x0000025d7d603f70 Thread added: 0x0000025d7edfc030
Event: 62.901 Thread 0x0000025d7d603f70 Thread added: 0x0000025d7edfac80
Event: 62.904 Thread 0x0000025d7d603f70 Thread added: 0x0000025d7edfb310
Event: 62.906 Thread 0x0000025d7d603f70 Thread added: 0x0000025d7edfb9a0
Event: 62.912 Thread 0x0000025d7d603f70 Thread added: 0x0000025d00a95850
Event: 62.935 Thread 0x0000025d366dfbf0 Thread added: 0x0000025d7e5921f0
Event: 62.968 Thread 0x0000025d366dfbf0 Thread added: 0x0000025d00410820
Event: 63.578 Thread 0x0000025d7d603f70 Thread added: 0x0000025d00a96570
Event: 63.579 Thread 0x0000025d7d603f70 Thread added: 0x0000025d00a97fb0
Event: 63.579 Thread 0x0000025d7d603f70 Thread added: 0x0000025d00a96c00
Event: 63.580 Thread 0x0000025d7d603f70 Thread added: 0x0000025d00a97290
Event: 63.580 Thread 0x0000025d7d603f70 Thread added: 0x0000025d00a97920
Event: 63.581 Thread 0x0000025d7d603f70 Thread added: 0x0000025d00a94b30
Event: 63.581 Thread 0x0000025d7d603f70 Thread added: 0x0000025d00a951c0
Event: 63.582 Thread 0x0000025d7d603f70 Thread added: 0x0000025d00a98cd0
Event: 63.582 Thread 0x0000025d7d603f70 Thread added: 0x0000025d00a98640
Event: 63.583 Thread 0x0000025d7d603f70 Thread added: 0x0000025d00a99360
Event: 63.583 Thread 0x0000025d7d603f70 Thread added: 0x0000025d00a95ee0
Event: 65.424 Thread 0x0000025d00410820 Thread exited: 0x0000025d00410820
Event: 66.487 Thread 0x0000025d7e5921f0 Thread exited: 0x0000025d7e5921f0


Dynamic libraries:
0x00007ff7ccfa0000 - 0x00007ff7ccfae000 	C:\Users\NAVNIT KUMAR\.antigravity\extensions\redhat.java-1.51.0-win32-x64\jre\21.0.9-win32-x86_64\bin\java.exe
0x00007ff9b9660000 - 0x00007ff9b98c7000 	C:\WINDOWS\SYSTEM32\ntdll.dll
0x00007ff9b8040000 - 0x00007ff9b8109000 	C:\WINDOWS\System32\KERNEL32.DLL
0x00007ff9b67e0000 - 0x00007ff9b6bcf000 	C:\WINDOWS\System32\KERNELBASE.dll
0x00007ff9b7200000 - 0x00007ff9b734b000 	C:\WINDOWS\System32\ucrtbase.dll
0x00007ff97cb80000 - 0x00007ff97cb9e000 	C:\Users\NAVNIT KUMAR\.antigravity\extensions\redhat.java-1.51.0-win32-x64\jre\21.0.9-win32-x86_64\bin\VCRUNTIME140.dll
0x00007ff978a10000 - 0x00007ff978a28000 	C:\Users\NAVNIT KUMAR\.antigravity\extensions\redhat.java-1.51.0-win32-x64\jre\21.0.9-win32-x86_64\bin\jli.dll
0x00007ff9b78b0000 - 0x00007ff9b7a75000 	C:\WINDOWS\System32\USER32.dll
0x00007ff99d280000 - 0x00007ff99d513000 	C:\WINDOWS\WinSxS\amd64_microsoft.windows.common-controls_6595b64144ccf1df_6.0.26100.7309_none_3e05feeae336a044\COMCTL32.dll
0x00007ff9b67b0000 - 0x00007ff9b67d7000 	C:\WINDOWS\System32\win32u.dll
0x00007ff9b8650000 - 0x00007ff9b867b000 	C:\WINDOWS\System32\GDI32.dll
0x00007ff9b8110000 - 0x00007ff9b81b9000 	C:\WINDOWS\System32\msvcrt.dll
0x00007ff9b6ea0000 - 0x00007ff9b6fcc000 	C:\WINDOWS\System32\gdi32full.dll
0x00007ff9b6d60000 - 0x00007ff9b6e03000 	C:\WINDOWS\System32\msvcp_win.dll
0x00007ff9b7400000 - 0x00007ff9b7431000 	C:\WINDOWS\System32\IMM32.DLL
0x00007ff99d0a0000 - 0x00007ff99d0ac000 	C:\Users\NAVNIT KUMAR\.antigravity\extensions\redhat.java-1.51.0-win32-x64\jre\21.0.9-win32-x86_64\bin\vcruntime140_1.dll
0x00007ff953090000 - 0x00007ff95311d000 	C:\Users\NAVNIT KUMAR\.antigravity\extensions\redhat.java-1.51.0-win32-x64\jre\21.0.9-win32-x86_64\bin\msvcp140.dll
0x00007ff8a3320000 - 0x00007ff8a40c0000 	C:\Users\NAVNIT KUMAR\.antigravity\extensions\redhat.java-1.51.0-win32-x64\jre\21.0.9-win32-x86_64\bin\server\jvm.dll
0x00007ff9b7c30000 - 0x00007ff9b7ce4000 	C:\WINDOWS\System32\ADVAPI32.dll
0x00007ff9b7f90000 - 0x00007ff9b8036000 	C:\WINDOWS\System32\sechost.dll
0x00007ff9b9230000 - 0x00007ff9b9348000 	C:\WINDOWS\System32\RPCRT4.dll
0x00007ff9b8ed0000 - 0x00007ff9b8f44000 	C:\WINDOWS\System32\WS2_32.dll
0x00007ff9b6610000 - 0x00007ff9b666e000 	C:\WINDOWS\SYSTEM32\POWRPROF.dll
0x00007ff9a6b70000 - 0x00007ff9a6ba5000 	C:\WINDOWS\SYSTEM32\WINMM.dll
0x00007ff9ac270000 - 0x00007ff9ac27b000 	C:\WINDOWS\SYSTEM32\VERSION.dll
0x00007ff9b65f0000 - 0x00007ff9b6604000 	C:\WINDOWS\SYSTEM32\UMPDC.dll
0x00007ff9b5560000 - 0x00007ff9b557b000 	C:\WINDOWS\SYSTEM32\kernel.appcore.dll
0x00007ff99cf90000 - 0x00007ff99cf9a000 	C:\Users\NAVNIT KUMAR\.antigravity\extensions\redhat.java-1.51.0-win32-x64\jre\21.0.9-win32-x86_64\bin\jimage.dll
0x00007ff9ab410000 - 0x00007ff9ab652000 	C:\WINDOWS\SYSTEM32\DBGHELP.DLL
0x00007ff9b7520000 - 0x00007ff9b78a6000 	C:\WINDOWS\System32\combase.dll
0x00007ff9b7440000 - 0x00007ff9b7516000 	C:\WINDOWS\System32\OLEAUT32.dll
0x00007ff97c7b0000 - 0x00007ff97c7ec000 	C:\WINDOWS\SYSTEM32\dbgcore.DLL
0x00007ff9b7350000 - 0x00007ff9b73f5000 	C:\WINDOWS\System32\bcryptPrimitives.dll
0x00007ff99a470000 - 0x00007ff99a47f000 	C:\Users\NAVNIT KUMAR\.antigravity\extensions\redhat.java-1.51.0-win32-x64\jre\21.0.9-win32-x86_64\bin\instrument.dll
0x00007ff975d30000 - 0x00007ff975d50000 	C:\Users\NAVNIT KUMAR\.antigravity\extensions\redhat.java-1.51.0-win32-x64\jre\21.0.9-win32-x86_64\bin\java.dll
0x00007ff9b86b0000 - 0x00007ff9b8e03000 	C:\WINDOWS\System32\SHELL32.dll
0x00007ff9b6fd0000 - 0x00007ff9b713a000 	C:\WINDOWS\System32\wintypes.dll
0x00007ff9b4380000 - 0x00007ff9b4bde000 	C:\WINDOWS\SYSTEM32\windows.storage.dll
0x00007ff9b7ab0000 - 0x00007ff9b7ba5000 	C:\WINDOWS\System32\SHCORE.dll
0x00007ff9b7bb0000 - 0x00007ff9b7c16000 	C:\WINDOWS\System32\shlwapi.dll
0x00007ff9b66d0000 - 0x00007ff9b66f9000 	C:\WINDOWS\SYSTEM32\profapi.dll
0x00007ff9738d0000 - 0x00007ff9738e8000 	C:\Users\NAVNIT KUMAR\.antigravity\extensions\redhat.java-1.51.0-win32-x64\jre\21.0.9-win32-x86_64\bin\zip.dll
0x00007ff997dd0000 - 0x00007ff997de0000 	C:\Users\NAVNIT KUMAR\.antigravity\extensions\redhat.java-1.51.0-win32-x64\jre\21.0.9-win32-x86_64\bin\net.dll
0x00007ff9af670000 - 0x00007ff9af798000 	C:\WINDOWS\SYSTEM32\WINHTTP.dll
0x00007ff9b5ad0000 - 0x00007ff9b5b3b000 	C:\WINDOWS\system32\mswsock.dll
0x00007ff973860000 - 0x00007ff973876000 	C:\Users\NAVNIT KUMAR\.antigravity\extensions\redhat.java-1.51.0-win32-x64\jre\21.0.9-win32-x86_64\bin\nio.dll
0x00007ff990560000 - 0x00007ff990570000 	C:\Users\NAVNIT KUMAR\.antigravity\extensions\redhat.java-1.51.0-win32-x64\jre\21.0.9-win32-x86_64\bin\verify.dll
0x00007ff965f00000 - 0x00007ff965f27000 	C:\Users\NAVNIT KUMAR\.gradle\native\1def1411415f61bf3af743bc5b6707747c0891f09f0c88961ee8f79bc544acac\windows-amd64\native-platform.dll
0x00007ff94c180000 - 0x00007ff94c1f8000 	C:\Users\NAVNIT KUMAR\.gradle\native\0.2.7\x86_64-windows-gnu\gradle-fileevents.dll
0x00007ff98b3e0000 - 0x00007ff98b3ea000 	C:\Users\NAVNIT KUMAR\.antigravity\extensions\redhat.java-1.51.0-win32-x64\jre\21.0.9-win32-x86_64\bin\management.dll
0x00007ff983aa0000 - 0x00007ff983aac000 	C:\Users\NAVNIT KUMAR\.antigravity\extensions\redhat.java-1.51.0-win32-x64\jre\21.0.9-win32-x86_64\bin\management_ext.dll
0x00007ff9b7c20000 - 0x00007ff9b7c28000 	C:\WINDOWS\System32\PSAPI.DLL
0x00007ff9b4fe0000 - 0x00007ff9b5014000 	C:\WINDOWS\SYSTEM32\IPHLPAPI.DLL
0x00007ff9b7d50000 - 0x00007ff9b7d5a000 	C:\WINDOWS\System32\NSI.dll
0x00007ff980570000 - 0x00007ff980579000 	C:\Users\NAVNIT KUMAR\.antigravity\extensions\redhat.java-1.51.0-win32-x64\jre\21.0.9-win32-x86_64\bin\extnet.dll
0x00007ff9b5d90000 - 0x00007ff9b5dab000 	C:\WINDOWS\SYSTEM32\CRYPTSP.dll
0x00007ff9b54c0000 - 0x00007ff9b54fa000 	C:\WINDOWS\system32\rsaenh.dll
0x00007ff9b5b80000 - 0x00007ff9b5bab000 	C:\WINDOWS\SYSTEM32\USERENV.dll
0x00007ff9b66a0000 - 0x00007ff9b66ca000 	C:\WINDOWS\SYSTEM32\bcrypt.dll
0x00007ff9b5db0000 - 0x00007ff9b5dbc000 	C:\WINDOWS\SYSTEM32\CRYPTBASE.dll
0x00007ff980b10000 - 0x00007ff980b1e000 	C:\Users\NAVNIT KUMAR\.antigravity\extensions\redhat.java-1.51.0-win32-x64\jre\21.0.9-win32-x86_64\bin\sunmscapi.dll
0x00007ff9b6be0000 - 0x00007ff9b6d57000 	C:\WINDOWS\System32\CRYPT32.dll
0x00007ff9b5fb0000 - 0x00007ff9b5fe0000 	C:\WINDOWS\SYSTEM32\ncrypt.dll
0x00007ff9b5f60000 - 0x00007ff9b5f9f000 	C:\WINDOWS\SYSTEM32\NTASN1.dll
0x00007ff9aedd0000 - 0x00007ff9aedd8000 	C:\WINDOWS\system32\wshunix.dll

JVMTI agents:
C:\Users\NAVNIT KUMAR\.gradle\wrapper\dists\gradle-8.13-bin\5xuhj0ry160q40clulazy9h7d\gradle-8.13\lib\agents\gradle-instrumentation-agent-8.13.jar path:C:\Users\NAVNIT KUMAR\.antigravity\extensions\redhat.java-1.51.0-win32-x64\jre\21.0.9-win32-x86_64\bin\instrument.dll, loaded, initialized, instrumentlib options:none

dbghelp: loaded successfully - version: 4.0.5 - missing functions: none
symbol engine: initialized successfully - sym options: 0x614 - pdb path: .;C:\Users\NAVNIT KUMAR\.antigravity\extensions\redhat.java-1.51.0-win32-x64\jre\21.0.9-win32-x86_64\bin;C:\WINDOWS\SYSTEM32;C:\WINDOWS\WinSxS\amd64_microsoft.windows.common-controls_6595b64144ccf1df_6.0.26100.7309_none_3e05feeae336a044;C:\Users\NAVNIT KUMAR\.antigravity\extensions\redhat.java-1.51.0-win32-x64\jre\21.0.9-win32-x86_64\bin\server;C:\Users\NAVNIT KUMAR\.gradle\native\1def1411415f61bf3af743bc5b6707747c0891f09f0c88961ee8f79bc544acac\windows-amd64;C:\Users\NAVNIT KUMAR\.gradle\native\0.2.7\x86_64-windows-gnu

VM Arguments:
jvm_args: --add-opens=java.base/java.lang=ALL-UNNAMED --add-opens=java.base/java.lang.invoke=ALL-UNNAMED --add-opens=java.base/java.util=ALL-UNNAMED --add-opens=java.prefs/java.util.prefs=ALL-UNNAMED --add-exports=jdk.compiler/com.sun.tools.javac.api=ALL-UNNAMED --add-exports=jdk.compiler/com.sun.tools.javac.util=ALL-UNNAMED --add-opens=java.base/java.util=ALL-UNNAMED --add-opens=java.prefs/java.util.prefs=ALL-UNNAMED --add-opens=java.base/java.nio.charset=ALL-UNNAMED --add-opens=java.base/java.net=ALL-UNNAMED --add-opens=java.base/java.util.concurrent.atomic=ALL-UNNAMED --add-opens=java.xml/javax.xml.namespace=ALL-UNNAMED -Xmx2048m -Dfile.encoding=UTF-8 -Duser.country=IN -Duser.language=en -Duser.variant -javaagent:C:\Users\NAVNIT KUMAR\.gradle\wrapper\dists\gradle-8.13-bin\5xuhj0ry160q40clulazy9h7d\gradle-8.13\lib\agents\gradle-instrumentation-agent-8.13.jar 
java_command: org.gradle.launcher.daemon.bootstrap.GradleDaemon 8.13
java_class_path (initial): C:\Users\NAVNIT KUMAR\.gradle\wrapper\dists\gradle-8.13-bin\5xuhj0ry160q40clulazy9h7d\gradle-8.13\lib\gradle-daemon-main-8.13.jar
Launcher Type: SUN_STANDARD

[Global flags]
     intx CICompilerCount                          = 4                                         {product} {ergonomic}
     uint ConcGCThreads                            = 3                                         {product} {ergonomic}
     uint G1ConcRefinementThreads                  = 10                                        {product} {ergonomic}
   size_t G1HeapRegionSize                         = 1048576                                   {product} {ergonomic}
    uintx GCDrainStackTargetSize                   = 64                                        {product} {ergonomic}
   size_t InitialHeapSize                          = 123731968                                 {product} {ergonomic}
   size_t MarkStackSize                            = 4194304                                   {product} {ergonomic}
   size_t MaxHeapSize                              = 2147483648                                {product} {command line}
   size_t MaxNewSize                               = 1287651328                                {product} {ergonomic}
   size_t MinHeapDeltaBytes                        = 1048576                                   {product} {ergonomic}
   size_t MinHeapSize                              = 8388608                                   {product} {ergonomic}
    uintx NonNMethodCodeHeapSize                   = 5839372                                {pd product} {ergonomic}
    uintx NonProfiledCodeHeapSize                  = 122909434                              {pd product} {ergonomic}
    uintx ProfiledCodeHeapSize                     = 122909434                              {pd product} {ergonomic}
    uintx ReservedCodeCacheSize                    = 251658240                              {pd product} {ergonomic}
     bool SegmentedCodeCache                       = true                                      {product} {ergonomic}
   size_t SoftMaxHeapSize                          = 2147483648                             {manageable} {ergonomic}
     bool UseCompressedOops                        = true                           {product lp64_product} {ergonomic}
     bool UseG1GC                                  = true                                      {product} {ergonomic}
     bool UseLargePagesIndividualAllocation        = false                                  {pd product} {ergonomic}

Logging:
Log output configuration:
 #0: stdout all=warning uptime,level,tags foldmultilines=false
 #1: stderr all=off uptime,level,tags foldmultilines=false

Release file:
JAVA_VERSION="21.0.9" 
MODULES="java.base java.compiler java.datatransfer java.xml java.prefs java.desktop java.instrument java.logging java.management java.security.sasl java.naming java.rmi java.management.rmi java.net.http java.scripting java.security.jgss java.transaction.xa java.sql java.sql.rowset java.xml.crypto java.se java.smartcardio jdk.accessibility jdk.internal.jvmstat jdk.attach jdk.charsets jdk.internal.opt jdk.zipfs jdk.compiler jdk.crypto.ec jdk.crypto.cryptoki jdk.crypto.mscapi jdk.dynalink jdk.internal.ed jdk.editpad jdk.hotspot.agent jdk.httpserver jdk.internal.le jdk.internal.vm.ci jdk.internal.vm.compiler jdk.internal.vm.compiler.management jdk.jartool jdk.javadoc jdk.jcmd jdk.management jdk.management.agent jdk.jconsole jdk.jdeps jdk.jdwp.agent jdk.jdi jdk.jfr jdk.jshell jdk.jsobject jdk.jstatd jdk.localedata jdk.management.jfr jdk.naming.dns jdk.naming.rmi jdk.net jdk.nio.mapmode jdk.random jdk.sctp jdk.security.auth jdk.security.jgss jdk.unsupported jdk.unsupported.desktop jdk.xml.dom" 

Environment Variables:
PATH=C:\Program Files\Common Files\Oracle\Java\javapath;C:\Program Files (x86)\Common Files\Oracle\Java\java8path;C:\Program Files (x86)\Common Files\Oracle\Java\javapath;C:\Windows\system32;C:\Windows;C:\Windows\System32\Wbem;C:\Windows\System32\WindowsPowerShell\v1.0\;C:\Windows\System32\OpenSSH\;C:\Program Files (x86)\NVIDIA Corporation\PhysX\Common;C:\WINDOWS\system32;C:\WINDOWS;C:\WINDOWS\System32\Wbem;C:\WINDOWS\System32\WindowsPowerShell\v1.0\;C:\WINDOWS\System32\OpenSSH\;C:\Program Files\NVIDIA Corporation\NVIDIA App\NvDLISR;C:\Program Files\Git\cmd;C:\Program Files\nodejs\;C:\Users\NAVNIT KUMAR\AppData\Local\Microsoft\WindowsApps;C:\Users\NAVNIT KUMAR\AppData\Local\Programs\Microsoft VS Code\bin;C:\MinGW\bin;C:\Users\NAVNIT KUMAR\AppData\Roaming\npm;C:\Users\NAVNIT KUMAR\AppData\Local\Programs\cursor\resources\app\bin;C:\Users\NAVNIT KUMAR\AppData\Local\Programs\Antigravity\bin
USERNAME=NAVNIT KUMAR
OS=Windows_NT
PROCESSOR_IDENTIFIER=AMD64 Family 25 Model 68 Stepping 1, AuthenticAMD
TMP=C:\Users\NAVNIT~1\AppData\Local\Temp
TEMP=C:\Users\NAVNIT~1\AppData\Local\Temp




Periodic native trim disabled

---------------  S Y S T E M  ---------------

OS:
 Windows 11 , 64 bit Build 26100 (10.0.26100.7623)
OS uptime: 0 days 20:56 hours
Hyper-V role detected

CPU: total 12 (initial active 12) (12 cores per cpu, 2 threads per core) family 25 model 68 stepping 1 microcode 0xa40410a, cx8, cmov, fxsr, ht, mmx, 3dnowpref, sse, sse2, sse3, ssse3, sse4a, sse4.1, sse4.2, popcnt, lzcnt, tsc, tscinvbit, avx, avx2, aes, erms, clmul, bmi1, bmi2, adx, sha, fma, vzeroupper, clflush, clflushopt, hv, rdtscp, rdpid, fsrm, f16c, cet_ss
Processor Information for the first 12 processors :
  Max Mhz: 3301, Current Mhz: 3301, Mhz Limit: 3301

Memory: 4k page, system-wide physical 7484M (306M free)
TotalPageFile size 30012M (AvailPageFile size 24M)
current process WorkingSet (physical memory assigned to process): 266M, peak: 298M
current process commit charge ("private bytes"): 410M, peak: 453M

vm_info: OpenJDK 64-Bit Server VM (21.0.9+10-LTS) for windows-amd64 JRE (21.0.9+10-LTS), built on 2025-10-21T00:00:00Z by "admin" with unknown MS VC++:1942

END.
