#
# There is insufficient memory for the Java Runtime Environment to continue.
# Native memory allocation (malloc) failed to allocate 603936 bytes. Error detail: Chunk::new
# Possible reasons:
#   The system is out of physical RAM or swap space
#   This process is running with CompressedOops enabled, and the Java Heap may be blocking the growth of the native heap
# Possible solutions:
#   Reduce memory load on the system
#   Increase physical memory or swap space
#   Check if swap backing store is full
#   Decrease Java heap size (-Xmx/-Xms)
#   Decrease number of Java threads
#   Decrease Java thread stack sizes (-Xss)
#   Set larger code cache with -XX:ReservedCodeCacheSize=
#   JVM is running with Unscaled Compressed Oops mode in which the Java heap is
#     placed in the first 4GB address space. The Java Heap base address is the
#     maximum limit for the native heap growth. Please use -XX:HeapBaseMinAddress
#     to set the Java Heap base and to place the Java Heap above 4GB virtual address.
# This output file may be truncated or incomplete.
#
#  Out of Memory Error (arena.cpp:168), pid=62480, tid=65368
#
# JRE version: OpenJDK Runtime Environment Temurin-21.0.9+10 (21.0.9+10) (build 21.0.9+10-LTS)
# Java VM: OpenJDK 64-Bit Server VM Temurin-21.0.9+10 (21.0.9+10-LTS, mixed mode, sharing, tiered, compressed oops, compressed class ptrs, g1 gc, windows-amd64)
# No core dump will be written. Minidumps are not enabled by default on client versions of Windows
#

---------------  S U M M A R Y ------------

Command Line: --add-opens=java.base/java.util=ALL-UNNAMED --add-opens=java.base/java.lang=ALL-UNNAMED --add-opens=java.base/java.lang.invoke=ALL-UNNAMED --add-opens=java.prefs/java.util.prefs=ALL-UNNAMED --add-exports=jdk.compiler/com.sun.tools.javac.api=ALL-UNNAMED --add-exports=jdk.compiler/com.sun.tools.javac.util=ALL-UNNAMED --add-opens=java.base/java.nio.charset=ALL-UNNAMED --add-opens=java.base/java.net=ALL-UNNAMED --add-opens=java.base/java.util.concurrent.atomic=ALL-UNNAMED -Xmx2048m -Dfile.encoding=UTF-8 -Duser.country=IN -Duser.language=en -Duser.variant -javaagent:C:\Users\NAVNIT KUMAR\.gradle\wrapper\dists\gradle-8.9-bin\90cnw93cvbtalezasaz0blq0a\gradle-8.9\lib\agents\gradle-instrumentation-agent-8.9.jar org.gradle.launcher.daemon.bootstrap.GradleDaemon 8.9

Host: AMD Ryzen 5 7535HS with Radeon Graphics        , 12 cores, 7G,  Windows 11 , 64 bit Build 26100 (10.0.26100.7623)
Time: Tue Jan 20 10:29:41 2026 India Standard Time elapsed time: 110.522840 seconds (0d 0h 1m 50s)

---------------  T H R E A D  ---------------

Current thread (0x0000013019130c40):  JavaThread "C2 CompilerThread0" daemon [_thread_in_native, id=65368, stack(0x0000000101400000,0x0000000101500000) (1024K)]


Current CompileTask:
C2:110523 10841   !   4       org.jetbrains.kotlin.metadata.ProtoBuf$Type::<init> (875 bytes)

Stack: [0x0000000101400000,0x0000000101500000]
Native frames: (J=compiled Java code, j=interpreted, Vv=VM code, C=native code)
V  [jvm.dll+0x6d6e29]
V  [jvm.dll+0x8b4b76]
V  [jvm.dll+0x8b712e]
V  [jvm.dll+0x8b7813]
V  [jvm.dll+0x283d86]
V  [jvm.dll+0xc66ed]
V  [jvm.dll+0xc6c31]
V  [jvm.dll+0x2facee]
V  [jvm.dll+0x5fde44]
V  [jvm.dll+0x255557]
V  [jvm.dll+0x24db6a]
V  [jvm.dll+0x24b482]
V  [jvm.dll+0x1cb13e]
V  [jvm.dll+0x25b29d]
V  [jvm.dll+0x25982a]
V  [jvm.dll+0x3f7ea6]
V  [jvm.dll+0x85e9ad]
V  [jvm.dll+0x6d565d]
C  [ucrtbase.dll+0x37b0]
C  [KERNEL32.DLL+0x2e8d7]
C  [ntdll.dll+0x8c53c]


---------------  P R O C E S S  ---------------

Threads class SMR info:
_java_thread_list=0x0000013062a2b900, length=68, elements={
0x000001307f1368b0, 0x00000130191118b0, 0x0000013019112300, 0x0000013019115c60,
0x0000013019116a60, 0x000001301911cb20, 0x0000013019122bc0, 0x0000013019130c40,
0x0000013019133b80, 0x0000013019124c90, 0x0000013019121810, 0x0000013019122530,
0x0000013019121ea0, 0x0000013019123250, 0x00000130191238e0, 0x0000013019123f70,
0x000001305ffd3550, 0x000001305ffd21a0, 0x000001305ffd2ec0, 0x000001305ffd2830,
0x000001305ffd0760, 0x000001305ffd00d0, 0x000001305ffd0df0, 0x000001305ffd4270,
0x000001305ffd4900, 0x000001305ffd1480, 0x000001305ffd4f90, 0x000001305ffd1b10,
0x000001305ffd5620, 0x000001305ffd7060, 0x000001305ffd5cb0, 0x000001305ffd76f0,
0x000001305ffd69d0, 0x000001305ffd6340, 0x0000013062cd91d0, 0x00000130628f9ac0,
0x00000130628fa7e0, 0x00000130628fae70, 0x00000130628f8da0, 0x00000130628fb500,
0x00000130628f8710, 0x00000130628f8080, 0x00000130628fc220, 0x00000130628fbb90,
0x00000130628f9430, 0x00000130628fe980, 0x00000130628ff010, 0x00000130628ff6a0,
0x00000130628fcf40, 0x00000130628fc8b0, 0x00000130628fd5d0, 0x00000130628fe2f0,
0x00000130628fdc60, 0x00000130620addc0, 0x00000130620ae450, 0x00000130620ab660,
0x00000130620ad0a0, 0x00000130620ad730, 0x00000130620aafd0, 0x00000130620aeae0,
0x00000130620ac380, 0x00000130620af170, 0x00000130620abcf0, 0x00000130620afe90,
0x00000130620af800, 0x00000130620aca10, 0x00000130620b1240, 0x00000130620b0520
}

Java Threads: ( => current thread )
  0x000001307f1368b0 JavaThread "main"                              [_thread_blocked, id=36140, stack(0x0000000100600000,0x0000000100700000) (1024K)]
  0x00000130191118b0 JavaThread "Reference Handler"          daemon [_thread_blocked, id=66884, stack(0x0000000100e00000,0x0000000100f00000) (1024K)]
  0x0000013019112300 JavaThread "Finalizer"                  daemon [_thread_blocked, id=67372, stack(0x0000000100f00000,0x0000000101000000) (1024K)]
  0x0000013019115c60 JavaThread "Signal Dispatcher"          daemon [_thread_blocked, id=56040, stack(0x0000000101000000,0x0000000101100000) (1024K)]
  0x0000013019116a60 JavaThread "Attach Listener"            daemon [_thread_blocked, id=58000, stack(0x0000000101100000,0x0000000101200000) (1024K)]
  0x000001301911cb20 JavaThread "Service Thread"             daemon [_thread_blocked, id=66644, stack(0x0000000101200000,0x0000000101300000) (1024K)]
  0x0000013019122bc0 JavaThread "Monitor Deflation Thread"   daemon [_thread_blocked, id=63368, stack(0x0000000101300000,0x0000000101400000) (1024K)]
=>0x0000013019130c40 JavaThread "C2 CompilerThread0"         daemon [_thread_in_native, id=65368, stack(0x0000000101400000,0x0000000101500000) (1024K)]
  0x0000013019133b80 JavaThread "C1 CompilerThread0"         daemon [_thread_blocked, id=63592, stack(0x0000000101500000,0x0000000101600000) (1024K)]
  0x0000013019124c90 JavaThread "Common-Cleaner"             daemon [_thread_blocked, id=52020, stack(0x0000000101600000,0x0000000101700000) (1024K)]
  0x0000013019121810 JavaThread "Notification Thread"        daemon [_thread_blocked, id=44748, stack(0x0000000101700000,0x0000000101800000) (1024K)]
  0x0000013019122530 JavaThread "Daemon health stats"               [_thread_blocked, id=65036, stack(0x0000000101c00000,0x0000000101d00000) (1024K)]
  0x0000013019121ea0 JavaThread "Incoming local TCP Connector on port 62178"        [_thread_in_native, id=66636, stack(0x0000000101f00000,0x0000000102000000) (1024K)]
  0x0000013019123250 JavaThread "Daemon periodic checks"            [_thread_blocked, id=67096, stack(0x0000000101e00000,0x0000000101f00000) (1024K)]
  0x00000130191238e0 JavaThread "Daemon"                            [_thread_blocked, id=55896, stack(0x0000000102000000,0x0000000102100000) (1024K)]
  0x0000013019123f70 JavaThread "Handler for socket connection from /127.0.0.1:62178 to /127.0.0.1:62184"        [_thread_in_native, id=63224, stack(0x0000000102100000,0x0000000102200000) (1024K)]
  0x000001305ffd3550 JavaThread "Cancel handler"                    [_thread_blocked, id=60552, stack(0x0000000102200000,0x0000000102300000) (1024K)]
  0x000001305ffd21a0 JavaThread "Daemon worker"                     [_thread_in_Java, id=63876, stack(0x0000000102300000,0x0000000102400000) (1024K)]
  0x000001305ffd2ec0 JavaThread "Asynchronous log dispatcher for DefaultDaemonConnection: socket connection from /127.0.0.1:62178 to /127.0.0.1:62184"        [_thread_blocked, id=53124, stack(0x0000000102400000,0x0000000102500000) (1024K)]
  0x000001305ffd2830 JavaThread "Stdin handler"                     [_thread_blocked, id=64752, stack(0x0000000102500000,0x0000000102600000) (1024K)]
  0x000001305ffd0760 JavaThread "Daemon client event forwarder"        [_thread_blocked, id=62600, stack(0x0000000102600000,0x0000000102700000) (1024K)]
  0x000001305ffd00d0 JavaThread "Cache worker for journal cache (C:\Users\NAVNIT KUMAR\.gradle\caches\journal-1)"        [_thread_blocked, id=65872, stack(0x0000000102700000,0x0000000102800000) (1024K)]
  0x000001305ffd0df0 JavaThread "File lock request listener"        [_thread_in_native, id=66748, stack(0x0000000102800000,0x0000000102900000) (1024K)]
  0x000001305ffd4270 JavaThread "File lock release action executor"        [_thread_blocked, id=63556, stack(0x0000000102900000,0x0000000102a00000) (1024K)]
  0x000001305ffd4900 JavaThread "Cache worker for file hash cache (C:\Users\NAVNIT KUMAR\.gradle\caches\8.9\fileHashes)"        [_thread_blocked, id=56820, stack(0x0000000102a00000,0x0000000102b00000) (1024K)]
  0x000001305ffd1480 JavaThread "Cache worker for file hash cache (D:\team rocket\android App\PassengerApp\.gradle\8.9\fileHashes)"        [_thread_blocked, id=67172, stack(0x0000000103100000,0x0000000103200000) (1024K)]
  0x000001305ffd4f90 JavaThread "Cache worker for Build Output Cleanup Cache (D:\team rocket\android App\PassengerApp\.gradle\buildOutputCleanup)"        [_thread_blocked, id=27204, stack(0x0000000103200000,0x0000000103300000) (1024K)]
  0x000001305ffd1b10 JavaThread "File watcher server"        daemon [_thread_in_native, id=66912, stack(0x0000000103300000,0x0000000103400000) (1024K)]
  0x000001305ffd5620 JavaThread "File watcher consumer"      daemon [_thread_blocked, id=62944, stack(0x0000000103400000,0x0000000103500000) (1024K)]
  0x000001305ffd7060 JavaThread "Cache worker for checksums cache (D:\team rocket\android App\PassengerApp\.gradle\8.9\checksums)"        [_thread_blocked, id=57696, stack(0x0000000103500000,0x0000000103600000) (1024K)]
  0x000001305ffd5cb0 JavaThread "Cache worker for file content cache (C:\Users\NAVNIT KUMAR\.gradle\caches\8.9\fileContent)"        [_thread_blocked, id=57876, stack(0x0000000103600000,0x0000000103700000) (1024K)]
  0x000001305ffd76f0 JavaThread "Cache worker for cache directory md-rule (C:\Users\NAVNIT KUMAR\.gradle\caches\8.9\md-rule)"        [_thread_blocked, id=56560, stack(0x0000000103700000,0x0000000103800000) (1024K)]
  0x000001305ffd69d0 JavaThread "Cache worker for cache directory md-supplier (C:\Users\NAVNIT KUMAR\.gradle\caches\8.9\md-supplier)"        [_thread_blocked, id=61544, stack(0x0000000103800000,0x0000000103900000) (1024K)]
  0x000001305ffd6340 JavaThread "jar transforms"                    [_thread_blocked, id=46912, stack(0x0000000103900000,0x0000000103a00000) (1024K)]
  0x0000013062cd91d0 JavaThread "jar transforms Thread 2"           [_thread_blocked, id=60700, stack(0x0000000103a00000,0x0000000103b00000) (1024K)]
  0x00000130628f9ac0 JavaThread "Unconstrained build operations"        [_thread_blocked, id=68476, stack(0x0000000103b00000,0x0000000103c00000) (1024K)]
  0x00000130628fa7e0 JavaThread "Unconstrained build operations Thread 2"        [_thread_blocked, id=68480, stack(0x0000000103c00000,0x0000000103d00000) (1024K)]
  0x00000130628fae70 JavaThread "Unconstrained build operations Thread 3"        [_thread_blocked, id=68484, stack(0x0000000103d00000,0x0000000103e00000) (1024K)]
  0x00000130628f8da0 JavaThread "Unconstrained build operations Thread 4"        [_thread_blocked, id=68488, stack(0x0000000103e00000,0x0000000103f00000) (1024K)]
  0x00000130628fb500 JavaThread "Unconstrained build operations Thread 5"        [_thread_blocked, id=68492, stack(0x0000000103f00000,0x0000000104000000) (1024K)]
  0x00000130628f8710 JavaThread "Unconstrained build operations Thread 6"        [_thread_blocked, id=68496, stack(0x0000000104000000,0x0000000104100000) (1024K)]
  0x00000130628f8080 JavaThread "Unconstrained build operations Thread 7"        [_thread_blocked, id=68500, stack(0x0000000104100000,0x0000000104200000) (1024K)]
  0x00000130628fc220 JavaThread "Unconstrained build operations Thread 8"        [_thread_blocked, id=68504, stack(0x0000000104200000,0x0000000104300000) (1024K)]
  0x00000130628fbb90 JavaThread "Unconstrained build operations Thread 9"        [_thread_blocked, id=68508, stack(0x0000000104300000,0x0000000104400000) (1024K)]
  0x00000130628f9430 JavaThread "Unconstrained build operations Thread 10"        [_thread_blocked, id=68512, stack(0x0000000104400000,0x0000000104500000) (1024K)]
  0x00000130628fe980 JavaThread "Unconstrained build operations Thread 11"        [_thread_blocked, id=68516, stack(0x0000000104500000,0x0000000104600000) (1024K)]
  0x00000130628ff010 JavaThread "Unconstrained build operations Thread 12"        [_thread_blocked, id=63276, stack(0x0000000104600000,0x0000000104700000) (1024K)]
  0x00000130628ff6a0 JavaThread "Unconstrained build operations Thread 13"        [_thread_blocked, id=64272, stack(0x0000000104700000,0x0000000104800000) (1024K)]
  0x00000130628fcf40 JavaThread "Unconstrained build operations Thread 14"        [_thread_blocked, id=63192, stack(0x0000000104800000,0x0000000104900000) (1024K)]
  0x00000130628fc8b0 JavaThread "Unconstrained build operations Thread 15"        [_thread_blocked, id=63128, stack(0x0000000104900000,0x0000000104a00000) (1024K)]
  0x00000130628fd5d0 JavaThread "Unconstrained build operations Thread 16"        [_thread_blocked, id=66848, stack(0x0000000104a00000,0x0000000104b00000) (1024K)]
  0x00000130628fe2f0 JavaThread "Unconstrained build operations Thread 17"        [_thread_blocked, id=58944, stack(0x0000000104b00000,0x0000000104c00000) (1024K)]
  0x00000130628fdc60 JavaThread "Unconstrained build operations Thread 18"        [_thread_blocked, id=65636, stack(0x0000000104c00000,0x0000000104d00000) (1024K)]
  0x00000130620addc0 JavaThread "Unconstrained build operations Thread 19"        [_thread_blocked, id=65328, stack(0x0000000104d00000,0x0000000104e00000) (1024K)]
  0x00000130620ae450 JavaThread "Unconstrained build operations Thread 20"        [_thread_blocked, id=53764, stack(0x0000000104e00000,0x0000000104f00000) (1024K)]
  0x00000130620ab660 JavaThread "Unconstrained build operations Thread 21"        [_thread_blocked, id=66184, stack(0x0000000104f00000,0x0000000105000000) (1024K)]
  0x00000130620ad0a0 JavaThread "Unconstrained build operations Thread 22"        [_thread_blocked, id=63536, stack(0x0000000105000000,0x0000000105100000) (1024K)]
  0x00000130620ad730 JavaThread "Unconstrained build operations Thread 23"        [_thread_blocked, id=68332, stack(0x0000000105100000,0x0000000105200000) (1024K)]
  0x00000130620aafd0 JavaThread "Unconstrained build operations Thread 24"        [_thread_blocked, id=68328, stack(0x0000000105200000,0x0000000105300000) (1024K)]
  0x00000130620aeae0 JavaThread "Unconstrained build operations Thread 25"        [_thread_blocked, id=68344, stack(0x0000000105300000,0x0000000105400000) (1024K)]
  0x00000130620ac380 JavaThread "Unconstrained build operations Thread 26"        [_thread_blocked, id=68348, stack(0x0000000105400000,0x0000000105500000) (1024K)]
  0x00000130620af170 JavaThread "Unconstrained build operations Thread 27"        [_thread_blocked, id=68352, stack(0x0000000105500000,0x0000000105600000) (1024K)]
  0x00000130620abcf0 JavaThread "Unconstrained build operations Thread 28"        [_thread_blocked, id=68356, stack(0x0000000105600000,0x0000000105700000) (1024K)]
  0x00000130620afe90 JavaThread "Unconstrained build operations Thread 29"        [_thread_blocked, id=68360, stack(0x0000000105700000,0x0000000105800000) (1024K)]
  0x00000130620af800 JavaThread "Unconstrained build operations Thread 30"        [_thread_blocked, id=68364, stack(0x0000000105800000,0x0000000105900000) (1024K)]
  0x00000130620aca10 JavaThread "Unconstrained build operations Thread 31"        [_thread_blocked, id=68372, stack(0x0000000105900000,0x0000000105a00000) (1024K)]
  0x00000130620b1240 JavaThread "Unconstrained build operations Thread 32"        [_thread_blocked, id=68376, stack(0x0000000105a00000,0x0000000105b00000) (1024K)]
  0x00000130620b0520 JavaThread "Unconstrained build operations Thread 33"        [_thread_blocked, id=68380, stack(0x0000000105b00000,0x0000000105c00000) (1024K)]
Total: 68

Other Threads:
  0x00000130190f46a0 VMThread "VM Thread"                           [id=62356, stack(0x0000000100d00000,0x0000000100e00000) (1024K)]
  0x00000130190e3320 WatcherThread "VM Periodic Task Thread"        [id=66696, stack(0x0000000100c00000,0x0000000100d00000) (1024K)]
  0x000001307f1fe040 WorkerThread "GC Thread#0"                     [id=63468, stack(0x0000000100700000,0x0000000100800000) (1024K)]
  0x0000013019550820 WorkerThread "GC Thread#1"                     [id=62612, stack(0x0000000101800000,0x0000000101900000) (1024K)]
  0x00000130196f87d0 WorkerThread "GC Thread#2"                     [id=63636, stack(0x0000000101900000,0x0000000101a00000) (1024K)]
  0x00000130196f8b70 WorkerThread "GC Thread#3"                     [id=66444, stack(0x0000000101a00000,0x0000000101b00000) (1024K)]
  0x000001305f02f9e0 WorkerThread "GC Thread#4"                     [id=61716, stack(0x0000000101b00000,0x0000000101c00000) (1024K)]
  0x000001305f2c64a0 WorkerThread "GC Thread#5"                     [id=55572, stack(0x0000000101d00000,0x0000000101e00000) (1024K)]
  0x0000013062978490 WorkerThread "GC Thread#6"                     [id=67180, stack(0x0000000102c00000,0x0000000102d00000) (1024K)]
  0x0000013060568a90 WorkerThread "GC Thread#7"                     [id=60204, stack(0x0000000102d00000,0x0000000102e00000) (1024K)]
  0x0000013060568e30 WorkerThread "GC Thread#8"                     [id=64380, stack(0x0000000102e00000,0x0000000102f00000) (1024K)]
  0x0000013061a353c0 WorkerThread "GC Thread#9"                     [id=66732, stack(0x0000000102f00000,0x0000000103000000) (1024K)]
  0x000001307fa479c0 ConcurrentGCThread "G1 Main Marker"            [id=62728, stack(0x0000000100800000,0x0000000100900000) (1024K)]
  0x000001307fa483d0 WorkerThread "G1 Conc#0"                       [id=64136, stack(0x0000000100900000,0x0000000100a00000) (1024K)]
  0x0000013061a34c80 WorkerThread "G1 Conc#1"                       [id=63812, stack(0x0000000102b00000,0x0000000102c00000) (1024K)]
  0x0000013061a33a60 WorkerThread "G1 Conc#2"                       [id=61632, stack(0x0000000103000000,0x0000000103100000) (1024K)]
  0x0000013018fad550 ConcurrentGCThread "G1 Refine#0"               [id=62720, stack(0x0000000100a00000,0x0000000100b00000) (1024K)]
  0x0000013018fb1da0 ConcurrentGCThread "G1 Service"                [id=67052, stack(0x0000000100b00000,0x0000000100c00000) (1024K)]
Total: 18

Threads with active compile tasks:
C2 CompilerThread0  112551 10841   !   4       org.jetbrains.kotlin.metadata.ProtoBuf$Type::<init> (875 bytes)
Total: 1

VM state: not at safepoint (normal execution)

VM Mutex/Monitor currently owned by a thread: None

Heap address: 0x0000000080000000, size: 2048 MB, Compressed Oops mode: 32-bit

CDS archive(s) mapped at: [0x000001301a000000-0x000001301aba0000-0x000001301aba0000), size 12189696, SharedBaseAddress: 0x000001301a000000, ArchiveRelocationMode: 1.
Compressed class space mapped at: 0x000001301b000000-0x000001305b000000, reserved size: 1073741824
Narrow klass base: 0x000001301a000000, Narrow klass shift: 0, Narrow klass range: 0x100000000

GC Precious Log:
 CardTable entry size: 512
 Card Set container configuration: InlinePtr #cards 5 size 8 Array Of Cards #cards 12 size 40 Howl #buckets 4 coarsen threshold 1843 Howl Bitmap #cards 512 size 80 coarsen threshold 460 Card regions per heap region 1 cards per card region 2048
 CPUs: 12 total, 12 available
 Memory: 7484M
 Large Page Support: Disabled
 NUMA Support: Disabled
 Compressed Oops: Enabled (32-bit)
 Heap Region Size: 1M
 Heap Min Capacity: 8M
 Heap Initial Capacity: 118M
 Heap Max Capacity: 2G
 Pre-touch: Disabled
 Parallel Workers: 10
 Concurrent Workers: 3
 Concurrent Refinement Workers: 10
 Periodic GC: Disabled

Heap:
 garbage-first heap   total 181248K, used 134010K [0x0000000080000000, 0x0000000100000000)
  region size 1024K, 27 young (27648K), 7 survivors (7168K)
 Metaspace       used 93376K, committed 95488K, reserved 1179648K
  class space    used 12975K, committed 14016K, reserved 1048576K

Heap Regions: E=young(eden), S=young(survivor), O=old, HS=humongous(starts), HC=humongous(continues), CS=collection set, F=free, TAMS=top-at-mark-start, PB=parsable bottom
|   0|0x0000000080000000, 0x0000000080100000, 0x0000000080100000|100%|HS|  |TAMS 0x0000000080000000| PB 0x0000000080000000| Complete 
|   1|0x0000000080100000, 0x0000000080200000, 0x0000000080200000|100%|HC|  |TAMS 0x0000000080100000| PB 0x0000000080100000| Complete 
|   2|0x0000000080200000, 0x0000000080300000, 0x0000000080300000|100%|HC|  |TAMS 0x0000000080200000| PB 0x0000000080200000| Complete 
|   3|0x0000000080300000, 0x0000000080400000, 0x0000000080400000|100%|HC|  |TAMS 0x0000000080300000| PB 0x0000000080300000| Complete 
|   4|0x0000000080400000, 0x0000000080500000, 0x0000000080500000|100%| O|  |TAMS 0x0000000080400000| PB 0x0000000080400000| Untracked 
|   5|0x0000000080500000, 0x0000000080600000, 0x0000000080600000|100%| O|  |TAMS 0x0000000080500000| PB 0x0000000080500000| Untracked 
|   6|0x0000000080600000, 0x0000000080700000, 0x0000000080700000|100%| O|  |TAMS 0x0000000080600000| PB 0x0000000080600000| Untracked 
|   7|0x0000000080700000, 0x0000000080800000, 0x0000000080800000|100%| O|  |TAMS 0x0000000080700000| PB 0x0000000080700000| Untracked 
|   8|0x0000000080800000, 0x0000000080900000, 0x0000000080900000|100%| O|  |TAMS 0x0000000080800000| PB 0x0000000080800000| Untracked 
|   9|0x0000000080900000, 0x0000000080a00000, 0x0000000080a00000|100%| O|  |TAMS 0x0000000080900000| PB 0x0000000080900000| Untracked 
|  10|0x0000000080a00000, 0x0000000080b00000, 0x0000000080b00000|100%|HS|  |TAMS 0x0000000080a00000| PB 0x0000000080a00000| Complete 
|  11|0x0000000080b00000, 0x0000000080c00000, 0x0000000080c00000|100%| O|  |TAMS 0x0000000080b00000| PB 0x0000000080b00000| Untracked 
|  12|0x0000000080c00000, 0x0000000080d00000, 0x0000000080d00000|100%| O|  |TAMS 0x0000000080c00000| PB 0x0000000080c00000| Untracked 
|  13|0x0000000080d00000, 0x0000000080e00000, 0x0000000080e00000|100%| O|  |TAMS 0x0000000080d00000| PB 0x0000000080d00000| Untracked 
|  14|0x0000000080e00000, 0x0000000080f00000, 0x0000000080f00000|100%| O|  |TAMS 0x0000000080e00000| PB 0x0000000080e00000| Untracked 
|  15|0x0000000080f00000, 0x0000000081000000, 0x0000000081000000|100%| O|  |TAMS 0x0000000080f00000| PB 0x0000000080f00000| Untracked 
|  16|0x0000000081000000, 0x0000000081100000, 0x0000000081100000|100%| O|  |TAMS 0x0000000081000000| PB 0x0000000081000000| Untracked 
|  17|0x0000000081100000, 0x0000000081200000, 0x0000000081200000|100%| O|  |TAMS 0x0000000081100000| PB 0x0000000081100000| Untracked 
|  18|0x0000000081200000, 0x0000000081300000, 0x0000000081300000|100%| O|  |TAMS 0x0000000081200000| PB 0x0000000081200000| Untracked 
|  19|0x0000000081300000, 0x0000000081400000, 0x0000000081400000|100%| O|  |TAMS 0x0000000081300000| PB 0x0000000081300000| Untracked 
|  20|0x0000000081400000, 0x0000000081500000, 0x0000000081500000|100%| O|  |TAMS 0x0000000081400000| PB 0x0000000081400000| Untracked 
|  21|0x0000000081500000, 0x0000000081600000, 0x0000000081600000|100%| O|  |TAMS 0x0000000081500000| PB 0x0000000081500000| Untracked 
|  22|0x0000000081600000, 0x0000000081700000, 0x0000000081700000|100%| O|  |TAMS 0x0000000081600000| PB 0x0000000081600000| Untracked 
|  23|0x0000000081700000, 0x0000000081800000, 0x0000000081800000|100%| O|  |TAMS 0x0000000081700000| PB 0x0000000081700000| Untracked 
|  24|0x0000000081800000, 0x0000000081900000, 0x0000000081900000|100%| O|  |TAMS 0x0000000081800000| PB 0x0000000081800000| Untracked 
|  25|0x0000000081900000, 0x0000000081a00000, 0x0000000081a00000|100%| O|  |TAMS 0x0000000081900000| PB 0x0000000081900000| Untracked 
|  26|0x0000000081a00000, 0x0000000081b00000, 0x0000000081b00000|100%| O|  |TAMS 0x0000000081a00000| PB 0x0000000081a00000| Untracked 
|  27|0x0000000081b00000, 0x0000000081c00000, 0x0000000081c00000|100%| O|  |TAMS 0x0000000081b00000| PB 0x0000000081b00000| Untracked 
|  28|0x0000000081c00000, 0x0000000081d00000, 0x0000000081d00000|100%| O|  |TAMS 0x0000000081c00000| PB 0x0000000081c00000| Untracked 
|  29|0x0000000081d00000, 0x0000000081e00000, 0x0000000081e00000|100%| O|  |TAMS 0x0000000081d00000| PB 0x0000000081d00000| Untracked 
|  30|0x0000000081e00000, 0x0000000081f00000, 0x0000000081f00000|100%| O|  |TAMS 0x0000000081e00000| PB 0x0000000081e00000| Untracked 
|  31|0x0000000081f00000, 0x0000000082000000, 0x0000000082000000|100%| O|  |TAMS 0x0000000081f00000| PB 0x0000000081f00000| Untracked 
|  32|0x0000000082000000, 0x0000000082100000, 0x0000000082100000|100%| O|  |TAMS 0x0000000082000000| PB 0x0000000082000000| Untracked 
|  33|0x0000000082100000, 0x0000000082200000, 0x0000000082200000|100%| O|  |TAMS 0x0000000082100000| PB 0x0000000082100000| Untracked 
|  34|0x0000000082200000, 0x0000000082300000, 0x0000000082300000|100%| O|  |TAMS 0x0000000082200000| PB 0x0000000082200000| Untracked 
|  35|0x0000000082300000, 0x0000000082400000, 0x0000000082400000|100%| O|  |TAMS 0x0000000082300000| PB 0x0000000082300000| Untracked 
|  36|0x0000000082400000, 0x0000000082500000, 0x0000000082500000|100%| O|  |TAMS 0x0000000082400000| PB 0x0000000082400000| Untracked 
|  37|0x0000000082500000, 0x0000000082600000, 0x0000000082600000|100%| O|  |TAMS 0x0000000082500000| PB 0x0000000082500000| Untracked 
|  38|0x0000000082600000, 0x0000000082700000, 0x0000000082700000|100%| O|  |TAMS 0x0000000082600000| PB 0x0000000082600000| Untracked 
|  39|0x0000000082700000, 0x0000000082800000, 0x0000000082800000|100%| O|  |TAMS 0x0000000082700000| PB 0x0000000082700000| Untracked 
|  40|0x0000000082800000, 0x0000000082900000, 0x0000000082900000|100%| O|  |TAMS 0x0000000082800000| PB 0x0000000082800000| Untracked 
|  41|0x0000000082900000, 0x0000000082a00000, 0x0000000082a00000|100%| O|  |TAMS 0x0000000082900000| PB 0x0000000082900000| Untracked 
|  42|0x0000000082a00000, 0x0000000082b00000, 0x0000000082b00000|100%| O|  |TAMS 0x0000000082a00000| PB 0x0000000082a00000| Untracked 
|  43|0x0000000082b00000, 0x0000000082c00000, 0x0000000082c00000|100%| O|  |TAMS 0x0000000082b00000| PB 0x0000000082b00000| Untracked 
|  44|0x0000000082c00000, 0x0000000082d00000, 0x0000000082d00000|100%| O|  |TAMS 0x0000000082c00000| PB 0x0000000082c00000| Untracked 
|  45|0x0000000082d00000, 0x0000000082e00000, 0x0000000082e00000|100%| O|  |TAMS 0x0000000082d00000| PB 0x0000000082d00000| Untracked 
|  46|0x0000000082e00000, 0x0000000082e00000, 0x0000000082f00000|  0%| F|  |TAMS 0x0000000082e00000| PB 0x0000000082e00000| Untracked 
|  47|0x0000000082f00000, 0x0000000083000000, 0x0000000083000000|100%| O|  |TAMS 0x0000000082f00000| PB 0x0000000082f00000| Untracked 
|  48|0x0000000083000000, 0x0000000083100000, 0x0000000083100000|100%| O|  |TAMS 0x0000000083000000| PB 0x0000000083000000| Untracked 
|  49|0x0000000083100000, 0x0000000083200000, 0x0000000083200000|100%| O|  |TAMS 0x0000000083100000| PB 0x0000000083100000| Untracked 
|  50|0x0000000083200000, 0x0000000083300000, 0x0000000083300000|100%| O|  |TAMS 0x0000000083200000| PB 0x0000000083200000| Untracked 
|  51|0x0000000083300000, 0x0000000083400000, 0x0000000083400000|100%| O|  |TAMS 0x0000000083300000| PB 0x0000000083300000| Untracked 
|  52|0x0000000083400000, 0x0000000083500000, 0x0000000083500000|100%| O|  |TAMS 0x0000000083400000| PB 0x0000000083400000| Untracked 
|  53|0x0000000083500000, 0x0000000083600000, 0x0000000083600000|100%| O|  |TAMS 0x0000000083500000| PB 0x0000000083500000| Untracked 
|  54|0x0000000083600000, 0x0000000083700000, 0x0000000083700000|100%| O|  |TAMS 0x0000000083600000| PB 0x0000000083600000| Untracked 
|  55|0x0000000083700000, 0x0000000083800000, 0x0000000083800000|100%| O|  |TAMS 0x0000000083700000| PB 0x0000000083700000| Untracked 
|  56|0x0000000083800000, 0x0000000083900000, 0x0000000083900000|100%| O|  |TAMS 0x0000000083800000| PB 0x0000000083800000| Untracked 
|  57|0x0000000083900000, 0x0000000083a00000, 0x0000000083a00000|100%| O|  |TAMS 0x0000000083900000| PB 0x0000000083900000| Untracked 
|  58|0x0000000083a00000, 0x0000000083b00000, 0x0000000083b00000|100%| O|  |TAMS 0x0000000083a00000| PB 0x0000000083a00000| Untracked 
|  59|0x0000000083b00000, 0x0000000083c00000, 0x0000000083c00000|100%| O|  |TAMS 0x0000000083b00000| PB 0x0000000083b00000| Untracked 
|  60|0x0000000083c00000, 0x0000000083d00000, 0x0000000083d00000|100%| O|  |TAMS 0x0000000083c00000| PB 0x0000000083c00000| Untracked 
|  61|0x0000000083d00000, 0x0000000083e00000, 0x0000000083e00000|100%| O|  |TAMS 0x0000000083d00000| PB 0x0000000083d00000| Untracked 
|  62|0x0000000083e00000, 0x0000000083f00000, 0x0000000083f00000|100%| O|  |TAMS 0x0000000083e00000| PB 0x0000000083e00000| Untracked 
|  63|0x0000000083f00000, 0x0000000084000000, 0x0000000084000000|100%| O|  |TAMS 0x0000000083f00000| PB 0x0000000083f00000| Untracked 
|  64|0x0000000084000000, 0x0000000084000000, 0x0000000084100000|  0%| F|  |TAMS 0x0000000084000000| PB 0x0000000084000000| Untracked 
|  65|0x0000000084100000, 0x0000000084200000, 0x0000000084200000|100%| O|  |TAMS 0x0000000084100000| PB 0x0000000084100000| Untracked 
|  66|0x0000000084200000, 0x0000000084300000, 0x0000000084300000|100%| O|  |TAMS 0x0000000084200000| PB 0x0000000084200000| Untracked 
|  67|0x0000000084300000, 0x0000000084400000, 0x0000000084400000|100%| O|  |TAMS 0x0000000084300000| PB 0x0000000084300000| Untracked 
|  68|0x0000000084400000, 0x0000000084400000, 0x0000000084500000|  0%| F|  |TAMS 0x0000000084400000| PB 0x0000000084400000| Untracked 
|  69|0x0000000084500000, 0x0000000084600000, 0x0000000084600000|100%|HS|  |TAMS 0x0000000084500000| PB 0x0000000084500000| Complete 
|  70|0x0000000084600000, 0x0000000084700000, 0x0000000084700000|100%|HC|  |TAMS 0x0000000084600000| PB 0x0000000084600000| Complete 
|  71|0x0000000084700000, 0x0000000084800000, 0x0000000084800000|100%|HC|  |TAMS 0x0000000084700000| PB 0x0000000084700000| Complete 
|  72|0x0000000084800000, 0x0000000084900000, 0x0000000084900000|100%|HC|  |TAMS 0x0000000084800000| PB 0x0000000084800000| Complete 
|  73|0x0000000084900000, 0x0000000084a00000, 0x0000000084a00000|100%|HC|  |TAMS 0x0000000084900000| PB 0x0000000084900000| Complete 
|  74|0x0000000084a00000, 0x0000000084b00000, 0x0000000084b00000|100%|HC|  |TAMS 0x0000000084a00000| PB 0x0000000084a00000| Complete 
|  75|0x0000000084b00000, 0x0000000084c00000, 0x0000000084c00000|100%|HS|  |TAMS 0x0000000084b00000| PB 0x0000000084b00000| Complete 
|  76|0x0000000084c00000, 0x0000000084d00000, 0x0000000084d00000|100%|HS|  |TAMS 0x0000000084c00000| PB 0x0000000084c00000| Complete 
|  77|0x0000000084d00000, 0x0000000084e00000, 0x0000000084e00000|100%|HS|  |TAMS 0x0000000084d00000| PB 0x0000000084d00000| Complete 
|  78|0x0000000084e00000, 0x0000000084f00000, 0x0000000084f00000|100%|HS|  |TAMS 0x0000000084e00000| PB 0x0000000084e00000| Complete 
|  79|0x0000000084f00000, 0x0000000085000000, 0x0000000085000000|100%|HC|  |TAMS 0x0000000084f00000| PB 0x0000000084f00000| Complete 
|  80|0x0000000085000000, 0x0000000085100000, 0x0000000085100000|100%|HS|  |TAMS 0x0000000085000000| PB 0x0000000085000000| Complete 
|  81|0x0000000085100000, 0x0000000085200000, 0x0000000085200000|100%|HC|  |TAMS 0x0000000085100000| PB 0x0000000085100000| Complete 
|  82|0x0000000085200000, 0x0000000085300000, 0x0000000085300000|100%|HC|  |TAMS 0x0000000085200000| PB 0x0000000085200000| Complete 
|  83|0x0000000085300000, 0x0000000085400000, 0x0000000085400000|100%| O|  |TAMS 0x0000000085300000| PB 0x0000000085300000| Untracked 
|  84|0x0000000085400000, 0x0000000085500000, 0x0000000085500000|100%|HS|  |TAMS 0x0000000085400000| PB 0x0000000085400000| Complete 
|  85|0x0000000085500000, 0x0000000085600000, 0x0000000085600000|100%| O|  |TAMS 0x0000000085500000| PB 0x0000000085500000| Untracked 
|  86|0x0000000085600000, 0x0000000085700000, 0x0000000085700000|100%| O|  |TAMS 0x0000000085600000| PB 0x0000000085600000| Untracked 
|  87|0x0000000085700000, 0x0000000085800000, 0x0000000085800000|100%| O|  |TAMS 0x0000000085700000| PB 0x0000000085700000| Untracked 
|  88|0x0000000085800000, 0x0000000085900000, 0x0000000085900000|100%| O|  |TAMS 0x0000000085800000| PB 0x0000000085800000| Untracked 
|  89|0x0000000085900000, 0x0000000085a00000, 0x0000000085a00000|100%| O|  |TAMS 0x0000000085900000| PB 0x0000000085900000| Untracked 
|  90|0x0000000085a00000, 0x0000000085b00000, 0x0000000085b00000|100%| O|  |TAMS 0x0000000085a00000| PB 0x0000000085a00000| Untracked 
|  91|0x0000000085b00000, 0x0000000085c00000, 0x0000000085c00000|100%| O|  |TAMS 0x0000000085b00000| PB 0x0000000085b00000| Untracked 
|  92|0x0000000085c00000, 0x0000000085c00000, 0x0000000085d00000|  0%| F|  |TAMS 0x0000000085c00000| PB 0x0000000085c00000| Untracked 
|  93|0x0000000085d00000, 0x0000000085e00000, 0x0000000085e00000|100%| O|  |TAMS 0x0000000085d00000| PB 0x0000000085d00000| Untracked 
|  94|0x0000000085e00000, 0x0000000085f00000, 0x0000000085f00000|100%| O|  |TAMS 0x0000000085e00000| PB 0x0000000085e00000| Untracked 
|  95|0x0000000085f00000, 0x0000000086000000, 0x0000000086000000|100%| O|  |TAMS 0x0000000085f00000| PB 0x0000000085f00000| Untracked 
|  96|0x0000000086000000, 0x00000000860debe0, 0x0000000086100000| 87%| O|  |TAMS 0x0000000086000000| PB 0x0000000086000000| Untracked 
|  97|0x0000000086100000, 0x0000000086100000, 0x0000000086200000|  0%| F|  |TAMS 0x0000000086100000| PB 0x0000000086100000| Untracked 
|  98|0x0000000086200000, 0x0000000086200000, 0x0000000086300000|  0%| F|  |TAMS 0x0000000086200000| PB 0x0000000086200000| Untracked 
|  99|0x0000000086300000, 0x0000000086300000, 0x0000000086400000|  0%| F|  |TAMS 0x0000000086300000| PB 0x0000000086300000| Untracked 
| 100|0x0000000086400000, 0x0000000086400000, 0x0000000086500000|  0%| F|  |TAMS 0x0000000086400000| PB 0x0000000086400000| Untracked 
| 101|0x0000000086500000, 0x0000000086500000, 0x0000000086600000|  0%| F|  |TAMS 0x0000000086500000| PB 0x0000000086500000| Untracked 
| 102|0x0000000086600000, 0x0000000086600000, 0x0000000086700000|  0%| F|  |TAMS 0x0000000086600000| PB 0x0000000086600000| Untracked 
| 103|0x0000000086700000, 0x0000000086800000, 0x0000000086800000|100%| S|CS|TAMS 0x0000000086700000| PB 0x0000000086700000| Complete 
| 104|0x0000000086800000, 0x0000000086900000, 0x0000000086900000|100%| S|CS|TAMS 0x0000000086800000| PB 0x0000000086800000| Complete 
| 105|0x0000000086900000, 0x0000000086a00000, 0x0000000086a00000|100%| S|CS|TAMS 0x0000000086900000| PB 0x0000000086900000| Complete 
| 106|0x0000000086a00000, 0x0000000086b00000, 0x0000000086b00000|100%| S|CS|TAMS 0x0000000086a00000| PB 0x0000000086a00000| Complete 
| 107|0x0000000086b00000, 0x0000000086c00000, 0x0000000086c00000|100%| S|CS|TAMS 0x0000000086b00000| PB 0x0000000086b00000| Complete 
| 108|0x0000000086c00000, 0x0000000086d00000, 0x0000000086d00000|100%| S|CS|TAMS 0x0000000086c00000| PB 0x0000000086c00000| Complete 
| 109|0x0000000086d00000, 0x0000000086e00000, 0x0000000086e00000|100%| S|CS|TAMS 0x0000000086d00000| PB 0x0000000086d00000| Complete 
| 110|0x0000000086e00000, 0x0000000086e00000, 0x0000000086f00000|  0%| F|  |TAMS 0x0000000086e00000| PB 0x0000000086e00000| Untracked 
| 111|0x0000000086f00000, 0x0000000086f00000, 0x0000000087000000|  0%| F|  |TAMS 0x0000000086f00000| PB 0x0000000086f00000| Untracked 
| 112|0x0000000087000000, 0x0000000087000000, 0x0000000087100000|  0%| F|  |TAMS 0x0000000087000000| PB 0x0000000087000000| Untracked 
| 113|0x0000000087100000, 0x0000000087100000, 0x0000000087200000|  0%| F|  |TAMS 0x0000000087100000| PB 0x0000000087100000| Untracked 
| 114|0x0000000087200000, 0x0000000087200000, 0x0000000087300000|  0%| F|  |TAMS 0x0000000087200000| PB 0x0000000087200000| Untracked 
| 115|0x0000000087300000, 0x0000000087300000, 0x0000000087400000|  0%| F|  |TAMS 0x0000000087300000| PB 0x0000000087300000| Untracked 
| 116|0x0000000087400000, 0x0000000087400000, 0x0000000087500000|  0%| F|  |TAMS 0x0000000087400000| PB 0x0000000087400000| Untracked 
| 117|0x0000000087500000, 0x0000000087500000, 0x0000000087600000|  0%| F|  |TAMS 0x0000000087500000| PB 0x0000000087500000| Untracked 
| 118|0x0000000087600000, 0x0000000087600000, 0x0000000087700000|  0%| F|  |TAMS 0x0000000087600000| PB 0x0000000087600000| Untracked 
| 119|0x0000000087700000, 0x0000000087700000, 0x0000000087800000|  0%| F|  |TAMS 0x0000000087700000| PB 0x0000000087700000| Untracked 
| 120|0x0000000087800000, 0x0000000087800000, 0x0000000087900000|  0%| F|  |TAMS 0x0000000087800000| PB 0x0000000087800000| Untracked 
| 121|0x0000000087900000, 0x0000000087900000, 0x0000000087a00000|  0%| F|  |TAMS 0x0000000087900000| PB 0x0000000087900000| Untracked 
| 122|0x0000000087a00000, 0x0000000087a00000, 0x0000000087b00000|  0%| F|  |TAMS 0x0000000087a00000| PB 0x0000000087a00000| Untracked 
| 123|0x0000000087b00000, 0x0000000087b00000, 0x0000000087c00000|  0%| F|  |TAMS 0x0000000087b00000| PB 0x0000000087b00000| Untracked 
| 124|0x0000000087c00000, 0x0000000087c00000, 0x0000000087d00000|  0%| F|  |TAMS 0x0000000087c00000| PB 0x0000000087c00000| Untracked 
| 125|0x0000000087d00000, 0x0000000087d00000, 0x0000000087e00000|  0%| F|  |TAMS 0x0000000087d00000| PB 0x0000000087d00000| Untracked 
| 126|0x0000000087e00000, 0x0000000087e00000, 0x0000000087f00000|  0%| F|  |TAMS 0x0000000087e00000| PB 0x0000000087e00000| Untracked 
| 127|0x0000000087f00000, 0x0000000087f00000, 0x0000000088000000|  0%| F|  |TAMS 0x0000000087f00000| PB 0x0000000087f00000| Untracked 
| 128|0x0000000088000000, 0x0000000088000000, 0x0000000088100000|  0%| F|  |TAMS 0x0000000088000000| PB 0x0000000088000000| Untracked 
| 129|0x0000000088100000, 0x0000000088100000, 0x0000000088200000|  0%| F|  |TAMS 0x0000000088100000| PB 0x0000000088100000| Untracked 
| 130|0x0000000088200000, 0x0000000088200000, 0x0000000088300000|  0%| F|  |TAMS 0x0000000088200000| PB 0x0000000088200000| Untracked 
| 131|0x0000000088300000, 0x0000000088300000, 0x0000000088400000|  0%| F|  |TAMS 0x0000000088300000| PB 0x0000000088300000| Untracked 
| 132|0x0000000088400000, 0x0000000088400000, 0x0000000088500000|  0%| F|  |TAMS 0x0000000088400000| PB 0x0000000088400000| Untracked 
| 133|0x0000000088500000, 0x0000000088500000, 0x0000000088600000|  0%| F|  |TAMS 0x0000000088500000| PB 0x0000000088500000| Untracked 
| 134|0x0000000088600000, 0x0000000088600000, 0x0000000088700000|  0%| F|  |TAMS 0x0000000088600000| PB 0x0000000088600000| Untracked 
| 135|0x0000000088700000, 0x0000000088700000, 0x0000000088800000|  0%| F|  |TAMS 0x0000000088700000| PB 0x0000000088700000| Untracked 
| 136|0x0000000088800000, 0x0000000088800000, 0x0000000088900000|  0%| F|  |TAMS 0x0000000088800000| PB 0x0000000088800000| Untracked 
| 137|0x0000000088900000, 0x0000000088900000, 0x0000000088a00000|  0%| F|  |TAMS 0x0000000088900000| PB 0x0000000088900000| Untracked 
| 138|0x0000000088a00000, 0x0000000088a00000, 0x0000000088b00000|  0%| F|  |TAMS 0x0000000088a00000| PB 0x0000000088a00000| Untracked 
| 139|0x0000000088b00000, 0x0000000088b00000, 0x0000000088c00000|  0%| F|  |TAMS 0x0000000088b00000| PB 0x0000000088b00000| Untracked 
| 140|0x0000000088c00000, 0x0000000088c00000, 0x0000000088d00000|  0%| F|  |TAMS 0x0000000088c00000| PB 0x0000000088c00000| Untracked 
| 141|0x0000000088d00000, 0x0000000088d00000, 0x0000000088e00000|  0%| F|  |TAMS 0x0000000088d00000| PB 0x0000000088d00000| Untracked 
| 142|0x0000000088e00000, 0x0000000088e00000, 0x0000000088f00000|  0%| F|  |TAMS 0x0000000088e00000| PB 0x0000000088e00000| Untracked 
| 143|0x0000000088f00000, 0x0000000088f00000, 0x0000000089000000|  0%| F|  |TAMS 0x0000000088f00000| PB 0x0000000088f00000| Untracked 
| 144|0x0000000089000000, 0x0000000089000000, 0x0000000089100000|  0%| F|  |TAMS 0x0000000089000000| PB 0x0000000089000000| Untracked 
| 145|0x0000000089100000, 0x0000000089200000, 0x0000000089200000|100%| E|  |TAMS 0x0000000089100000| PB 0x0000000089100000| Complete 
| 146|0x0000000089200000, 0x0000000089300000, 0x0000000089300000|100%| E|CS|TAMS 0x0000000089200000| PB 0x0000000089200000| Complete 
| 147|0x0000000089300000, 0x0000000089400000, 0x0000000089400000|100%| E|CS|TAMS 0x0000000089300000| PB 0x0000000089300000| Complete 
| 148|0x0000000089400000, 0x0000000089500000, 0x0000000089500000|100%| E|CS|TAMS 0x0000000089400000| PB 0x0000000089400000| Complete 
| 149|0x0000000089500000, 0x0000000089600000, 0x0000000089600000|100%| E|CS|TAMS 0x0000000089500000| PB 0x0000000089500000| Complete 
| 150|0x0000000089600000, 0x0000000089700000, 0x0000000089700000|100%| E|CS|TAMS 0x0000000089600000| PB 0x0000000089600000| Complete 
| 151|0x0000000089700000, 0x0000000089800000, 0x0000000089800000|100%| E|CS|TAMS 0x0000000089700000| PB 0x0000000089700000| Complete 
| 152|0x0000000089800000, 0x0000000089900000, 0x0000000089900000|100%| E|CS|TAMS 0x0000000089800000| PB 0x0000000089800000| Complete 
| 153|0x0000000089900000, 0x0000000089a00000, 0x0000000089a00000|100%| E|CS|TAMS 0x0000000089900000| PB 0x0000000089900000| Complete 
| 154|0x0000000089a00000, 0x0000000089b00000, 0x0000000089b00000|100%| E|CS|TAMS 0x0000000089a00000| PB 0x0000000089a00000| Complete 
| 155|0x0000000089b00000, 0x0000000089c00000, 0x0000000089c00000|100%| E|CS|TAMS 0x0000000089b00000| PB 0x0000000089b00000| Complete 
| 156|0x0000000089c00000, 0x0000000089d00000, 0x0000000089d00000|100%| E|CS|TAMS 0x0000000089c00000| PB 0x0000000089c00000| Complete 
| 157|0x0000000089d00000, 0x0000000089e00000, 0x0000000089e00000|100%| E|CS|TAMS 0x0000000089d00000| PB 0x0000000089d00000| Complete 
| 158|0x0000000089e00000, 0x0000000089f00000, 0x0000000089f00000|100%| E|CS|TAMS 0x0000000089e00000| PB 0x0000000089e00000| Complete 
| 159|0x0000000089f00000, 0x000000008a000000, 0x000000008a000000|100%| E|CS|TAMS 0x0000000089f00000| PB 0x0000000089f00000| Complete 
| 160|0x000000008a000000, 0x000000008a100000, 0x000000008a100000|100%| E|CS|TAMS 0x000000008a000000| PB 0x000000008a000000| Complete 
| 161|0x000000008a100000, 0x000000008a200000, 0x000000008a200000|100%| E|CS|TAMS 0x000000008a100000| PB 0x000000008a100000| Complete 
| 162|0x000000008a200000, 0x000000008a300000, 0x000000008a300000|100%| E|CS|TAMS 0x000000008a200000| PB 0x000000008a200000| Complete 
|2034|0x00000000ff200000, 0x00000000ff300000, 0x00000000ff300000|100%| E|CS|TAMS 0x00000000ff200000| PB 0x00000000ff200000| Complete 
|2035|0x00000000ff300000, 0x00000000ff400000, 0x00000000ff400000|100%| O|  |TAMS 0x00000000ff300000| PB 0x00000000ff300000| Untracked 
|2036|0x00000000ff400000, 0x00000000ff500000, 0x00000000ff500000|100%| O|  |TAMS 0x00000000ff400000| PB 0x00000000ff400000| Untracked 
|2037|0x00000000ff500000, 0x00000000ff600000, 0x00000000ff600000|100%| O|  |TAMS 0x00000000ff500000| PB 0x00000000ff500000| Untracked 
|2038|0x00000000ff600000, 0x00000000ff700000, 0x00000000ff700000|100%| O|  |TAMS 0x00000000ff600000| PB 0x00000000ff600000| Untracked 
|2039|0x00000000ff700000, 0x00000000ff800000, 0x00000000ff800000|100%| O|  |TAMS 0x00000000ff700000| PB 0x00000000ff700000| Untracked 
|2040|0x00000000ff800000, 0x00000000ff900000, 0x00000000ff900000|100%| O|  |TAMS 0x00000000ff800000| PB 0x00000000ff800000| Untracked 
|2041|0x00000000ff900000, 0x00000000ffa00000, 0x00000000ffa00000|100%| O|  |TAMS 0x00000000ff900000| PB 0x00000000ff900000| Untracked 
|2042|0x00000000ffa00000, 0x00000000ffb00000, 0x00000000ffb00000|100%| O|  |TAMS 0x00000000ffa00000| PB 0x00000000ffa00000| Untracked 
|2043|0x00000000ffb00000, 0x00000000ffc00000, 0x00000000ffc00000|100%| O|  |TAMS 0x00000000ffb00000| PB 0x00000000ffb00000| Untracked 
|2044|0x00000000ffc00000, 0x00000000ffd00000, 0x00000000ffd00000|100%| O|  |TAMS 0x00000000ffc00000| PB 0x00000000ffc00000| Untracked 
|2045|0x00000000ffd00000, 0x00000000ffe00000, 0x00000000ffe00000|100%| O|  |TAMS 0x00000000ffd00000| PB 0x00000000ffd00000| Untracked 
|2046|0x00000000ffe00000, 0x00000000fff00000, 0x00000000fff00000|100%| E|CS|TAMS 0x00000000ffe00000| PB 0x00000000ffe00000| Complete 
|2047|0x00000000fff00000, 0x0000000100000000, 0x0000000100000000|100%| O|  |TAMS 0x00000000fff00000| PB 0x00000000fff00000| Untracked 

Card table byte_map: [0x00000130140c0000,0x00000130144c0000] _byte_map_base: 0x0000013013cc0000

Marking Bits: (CMBitMap*) 0x000001307f1fe650
 Bits: [0x00000130144c0000, 0x00000130164c0000)

Polling page: 0x000001307f0e0000

Metaspace:

Usage:
  Non-class:     78.56 MB used.
      Class:     12.68 MB used.
       Both:     91.24 MB used.

Virtual space:
  Non-class space:      128.00 MB reserved,      79.62 MB ( 62%) committed,  2 nodes.
      Class space:        1.00 GB reserved,      13.69 MB (  1%) committed,  1 nodes.
             Both:        1.12 GB reserved,      93.31 MB (  8%) committed. 

Chunk freelists:
   Non-Class:  240.00 KB
       Class:  2.25 MB
        Both:  2.48 MB

MaxMetaspaceSize: unlimited
CompressedClassSpaceSize: 1.00 GB
Initial GC threshold: 21.00 MB
Current GC threshold: 140.94 MB
CDS: on
 - commit_granule_bytes: 65536.
 - commit_granule_words: 8192.
 - virtual_space_node_default_size: 8388608.
 - enlarge_chunks_in_place: 1.
 - use_allocation_guard: 0.


Internal statistics:

num_allocs_failed_limit: 9.
num_arena_births: 3900.
num_arena_deaths: 0.
num_vsnodes_births: 3.
num_vsnodes_deaths: 0.
num_space_committed: 1491.
num_space_uncommitted: 0.
num_chunks_returned_to_freelist: 9.
num_chunks_taken_from_freelist: 7996.
num_chunk_merges: 9.
num_chunk_splits: 5484.
num_chunks_enlarged: 3643.
num_inconsistent_stats: 0.

CodeHeap 'non-profiled nmethods': size=120000Kb used=4652Kb max_used=4652Kb free=115347Kb
 bounds [0x000001300c020000, 0x000001300c4b0000, 0x0000013013550000]
CodeHeap 'profiled nmethods': size=120000Kb used=17305Kb max_used=17305Kb free=102694Kb
 bounds [0x0000013004550000, 0x0000013005640000, 0x000001300ba80000]
CodeHeap 'non-nmethods': size=5760Kb used=2724Kb max_used=2742Kb free=3035Kb
 bounds [0x000001300ba80000, 0x000001300bd40000, 0x000001300c020000]
CodeCache: size=245760Kb, used=24681Kb, max_used=24699Kb, free=221076Kb
 total_blobs=10178, nmethods=9197, adapters=885, full_count=0
Compilation: enabled, stopped_count=0, restarted_count=0

Compilation events (20 events):
Event: 106.443 Thread 0x0000013019133b80 10922       1       org.jetbrains.kotlin.load.java.lazy.JavaResolverComponents::getDeserializedDescriptorResolver (5 bytes)
Event: 106.444 Thread 0x0000013019133b80 nmethod 10922 0x000001300c4a9010 code [0x000001300c4a91a0, 0x000001300c4a9268]
Event: 106.444 Thread 0x0000013019133b80 10923       2       kotlin.collections.SetsKt__SetsKt::emptySet (7 bytes)
Event: 106.444 Thread 0x0000013019133b80 nmethod 10923 0x0000013004e4f290 code [0x0000013004e4f420, 0x0000013004e4f510]
Event: 106.444 Thread 0x0000013019133b80 10924       2       java.lang.Class::isUnnamedClass (36 bytes)
Event: 106.444 Thread 0x0000013019133b80 nmethod 10924 0x0000013005004a90 code [0x0000013005004c20, 0x0000013005004d28]
Event: 106.449 Thread 0x0000013019133b80 10925       2       kotlin.collections.EmptySet::iterator (7 bytes)
Event: 106.449 Thread 0x0000013019133b80 nmethod 10925 0x0000013005629510 code [0x00000130056296a0, 0x00000130056297b0]
Event: 106.449 Thread 0x0000013019133b80 10926       2       java.util.LinkedHashMap$LinkedKeySet::size (8 bytes)
Event: 106.449 Thread 0x0000013019133b80 nmethod 10926 0x0000013005629890 code [0x0000013005629a20, 0x0000013005629b30]
Event: 106.449 Thread 0x0000013019133b80 10927       2       gnu.trove.THashSet::rehash (94 bytes)
Event: 106.450 Thread 0x0000013019133b80 nmethod 10927 0x0000013005629c10 code [0x0000013005629e00, 0x000001300562a350]
Event: 106.450 Thread 0x0000013019133b80 10928       2       org.jetbrains.kotlin.load.java.JavaClassFinderImpl::createJavaPackage (56 bytes)
Event: 110.480 Thread 0x0000013019133b80 nmethod 10928 0x000001300562a610 code [0x000001300562aa00, 0x000001300562b9b8]
Event: 110.480 Thread 0x0000013019133b80 10929       2       org.jetbrains.kotlin.load.java.structure.impl.JavaPackageImpl::<init> (39 bytes)
Event: 110.481 Thread 0x0000013019133b80 nmethod 10929 0x000001300562c490 code [0x000001300562c6e0, 0x000001300562cd90]
Event: 110.481 Thread 0x0000013019133b80 10930       1       org.jetbrains.kotlin.cli.jvm.index.JvmDependenciesIndexImpl$FindClassRequest::getClassId (5 bytes)
Event: 110.481 Thread 0x0000013019133b80 nmethod 10930 0x000001300c4a9310 code [0x000001300c4a94a0, 0x000001300c4a9568]
Event: 110.481 Thread 0x0000013019133b80 10931       1       org.jetbrains.kotlin.com.intellij.openapi.vfs.impl.jar.CoreJarVirtualFile::isValid (2 bytes)
Event: 110.481 Thread 0x0000013019133b80 nmethod 10931 0x000001300c4a9610 code [0x000001300c4a97a0, 0x000001300c4a9868]

GC Heap History (20 events):
Event: 80.128 GC heap before
{Heap before GC invocations=23 (full 0):
 garbage-first heap   total 107520K, used 101115K [0x0000000080000000, 0x0000000100000000)
  region size 1024K, 36 young (36864K), 6 survivors (6144K)
 Metaspace       used 71678K, committed 73536K, reserved 1114112K
  class space    used 10489K, committed 11392K, reserved 1048576K
}
Event: 80.164 GC heap after
{Heap after GC invocations=24 (full 0):
 garbage-first heap   total 118784K, used 70631K [0x0000000080000000, 0x0000000100000000)
  region size 1024K, 5 young (5120K), 5 survivors (5120K)
 Metaspace       used 71678K, committed 73536K, reserved 1114112K
  class space    used 10489K, committed 11392K, reserved 1048576K
}
Event: 80.266 GC heap before
{Heap before GC invocations=24 (full 0):
 garbage-first heap   total 118784K, used 71655K [0x0000000080000000, 0x0000000100000000)
  region size 1024K, 7 young (7168K), 5 survivors (5120K)
 Metaspace       used 71678K, committed 73536K, reserved 1114112K
  class space    used 10489K, committed 11392K, reserved 1048576K
}
Event: 80.277 GC heap after
{Heap after GC invocations=25 (full 0):
 garbage-first heap   total 118784K, used 72708K [0x0000000080000000, 0x0000000100000000)
  region size 1024K, 2 young (2048K), 2 survivors (2048K)
 Metaspace       used 71678K, committed 73536K, reserved 1114112K
  class space    used 10489K, committed 11392K, reserved 1048576K
}
Event: 81.842 GC heap before
{Heap before GC invocations=26 (full 0):
 garbage-first heap   total 128000K, used 103428K [0x0000000080000000, 0x0000000100000000)
  region size 1024K, 28 young (28672K), 2 survivors (2048K)
 Metaspace       used 71678K, committed 73536K, reserved 1114112K
  class space    used 10489K, committed 11392K, reserved 1048576K
}
Event: 81.854 GC heap after
{Heap after GC invocations=27 (full 0):
 garbage-first heap   total 128000K, used 78848K [0x0000000080000000, 0x0000000100000000)
  region size 1024K, 4 young (4096K), 4 survivors (4096K)
 Metaspace       used 71678K, committed 73536K, reserved 1114112K
  class space    used 10489K, committed 11392K, reserved 1048576K
}
Event: 84.328 GC heap before
{Heap before GC invocations=27 (full 0):
 garbage-first heap   total 128000K, used 108544K [0x0000000080000000, 0x0000000100000000)
  region size 1024K, 32 young (32768K), 4 survivors (4096K)
 Metaspace       used 72771K, committed 74560K, reserved 1114112K
  class space    used 10629K, committed 11520K, reserved 1048576K
}
Event: 84.342 GC heap after
{Heap after GC invocations=28 (full 0):
 garbage-first heap   total 128000K, used 82520K [0x0000000080000000, 0x0000000100000000)
  region size 1024K, 4 young (4096K), 4 survivors (4096K)
 Metaspace       used 72771K, committed 74560K, reserved 1114112K
  class space    used 10629K, committed 11520K, reserved 1048576K
}
Event: 87.470 GC heap before
{Heap before GC invocations=28 (full 0):
 garbage-first heap   total 128000K, used 104024K [0x0000000080000000, 0x0000000100000000)
  region size 1024K, 26 young (26624K), 4 survivors (4096K)
 Metaspace       used 75877K, committed 77632K, reserved 1179648K
  class space    used 10971K, committed 11840K, reserved 1048576K
}
Event: 87.480 GC heap after
{Heap after GC invocations=29 (full 0):
 garbage-first heap   total 128000K, used 84612K [0x0000000080000000, 0x0000000100000000)
  region size 1024K, 2 young (2048K), 2 survivors (2048K)
 Metaspace       used 75877K, committed 77632K, reserved 1179648K
  class space    used 10971K, committed 11840K, reserved 1048576K
}
Event: 91.409 GC heap before
{Heap before GC invocations=30 (full 0):
 garbage-first heap   total 152576K, used 128644K [0x0000000080000000, 0x0000000100000000)
  region size 1024K, 29 young (29696K), 2 survivors (2048K)
 Metaspace       used 77049K, committed 78848K, reserved 1179648K
  class space    used 11084K, committed 11968K, reserved 1048576K
}
Event: 91.419 GC heap after
{Heap after GC invocations=31 (full 0):
 garbage-first heap   total 152576K, used 105121K [0x0000000080000000, 0x0000000100000000)
  region size 1024K, 4 young (4096K), 4 survivors (4096K)
 Metaspace       used 77049K, committed 78848K, reserved 1179648K
  class space    used 11084K, committed 11968K, reserved 1048576K
}
Event: 96.692 GC heap before
{Heap before GC invocations=31 (full 0):
 garbage-first heap   total 152576K, used 133793K [0x0000000080000000, 0x0000000100000000)
  region size 1024K, 33 young (33792K), 4 survivors (4096K)
 Metaspace       used 80527K, committed 82304K, reserved 1179648K
  class space    used 11386K, committed 12288K, reserved 1048576K
}
Event: 96.701 GC heap after
{Heap after GC invocations=32 (full 0):
 garbage-first heap   total 152576K, used 106499K [0x0000000080000000, 0x0000000100000000)
  region size 1024K, 3 young (3072K), 3 survivors (3072K)
 Metaspace       used 80527K, committed 82304K, reserved 1179648K
  class space    used 11386K, committed 12288K, reserved 1048576K
}
Event: 97.939 GC heap before
{Heap before GC invocations=32 (full 0):
 garbage-first heap   total 152576K, used 137219K [0x0000000080000000, 0x0000000100000000)
  region size 1024K, 33 young (33792K), 3 survivors (3072K)
 Metaspace       used 84161K, committed 86272K, reserved 1179648K
  class space    used 11852K, committed 12928K, reserved 1048576K
}
Event: 97.946 GC heap after
{Heap after GC invocations=33 (full 0):
 garbage-first heap   total 152576K, used 108178K [0x0000000080000000, 0x0000000100000000)
  region size 1024K, 4 young (4096K), 4 survivors (4096K)
 Metaspace       used 84161K, committed 86272K, reserved 1179648K
  class space    used 11852K, committed 12928K, reserved 1048576K
}
Event: 100.381 GC heap before
{Heap before GC invocations=34 (full 0):
 garbage-first heap   total 181248K, used 138898K [0x0000000080000000, 0x0000000100000000)
  region size 1024K, 34 young (34816K), 4 survivors (4096K)
 Metaspace       used 88003K, committed 90176K, reserved 1179648K
  class space    used 12337K, committed 13440K, reserved 1048576K
}
Event: 100.392 GC heap after
{Heap after GC invocations=35 (full 0):
 garbage-first heap   total 181248K, used 109675K [0x0000000080000000, 0x0000000100000000)
  region size 1024K, 4 young (4096K), 4 survivors (4096K)
 Metaspace       used 88003K, committed 90176K, reserved 1179648K
  class space    used 12337K, committed 13440K, reserved 1048576K
}
Event: 104.344 GC heap before
{Heap before GC invocations=35 (full 0):
 garbage-first heap   total 181248K, used 162923K [0x0000000080000000, 0x0000000100000000)
  region size 1024K, 55 young (56320K), 4 survivors (4096K)
 Metaspace       used 93125K, committed 95296K, reserved 1179648K
  class space    used 12955K, committed 14016K, reserved 1048576K
}
Event: 104.356 GC heap after
{Heap after GC invocations=36 (full 0):
 garbage-first heap   total 181248K, used 114554K [0x0000000080000000, 0x0000000100000000)
  region size 1024K, 7 young (7168K), 7 survivors (7168K)
 Metaspace       used 93125K, committed 95296K, reserved 1179648K
  class space    used 12955K, committed 14016K, reserved 1048576K
}

Dll operation events (14 events):
Event: 0.020 Loaded shared library C:\Users\NAVNIT KUMAR\.antigravity\extensions\redhat.java-1.51.0-win32-x64\jre\21.0.9-win32-x86_64\bin\java.dll
Event: 0.126 Loaded shared library C:\Users\NAVNIT KUMAR\.antigravity\extensions\redhat.java-1.51.0-win32-x64\jre\21.0.9-win32-x86_64\bin\zip.dll
Event: 0.172 Loaded shared library C:\Users\NAVNIT KUMAR\.antigravity\extensions\redhat.java-1.51.0-win32-x64\jre\21.0.9-win32-x86_64\bin\instrument.dll
Event: 0.184 Loaded shared library C:\Users\NAVNIT KUMAR\.antigravity\extensions\redhat.java-1.51.0-win32-x64\jre\21.0.9-win32-x86_64\bin\net.dll
Event: 0.194 Loaded shared library C:\Users\NAVNIT KUMAR\.antigravity\extensions\redhat.java-1.51.0-win32-x64\jre\21.0.9-win32-x86_64\bin\nio.dll
Event: 0.201 Loaded shared library C:\Users\NAVNIT KUMAR\.antigravity\extensions\redhat.java-1.51.0-win32-x64\jre\21.0.9-win32-x86_64\bin\zip.dll
Event: 0.966 Loaded shared library C:\Users\NAVNIT KUMAR\.antigravity\extensions\redhat.java-1.51.0-win32-x64\jre\21.0.9-win32-x86_64\bin\jimage.dll
Event: 1.516 Loaded shared library C:\Users\NAVNIT KUMAR\.antigravity\extensions\redhat.java-1.51.0-win32-x64\jre\21.0.9-win32-x86_64\bin\verify.dll
Event: 1.853 Loaded shared library C:\Users\NAVNIT KUMAR\.gradle\native\c067742578af261105cb4f569cf0c3c89f3d7b1fecec35dd04571415982c5e48\windows-amd64\native-platform.dll
Event: 1.905 Loaded shared library C:\Users\NAVNIT KUMAR\.gradle\native\100fb08df4bc3b14c8652ba06237920a3bd2aa13389f12d3474272988ae205f9\windows-amd64\native-platform-file-events.dll
Event: 8.289 Loaded shared library C:\Users\NAVNIT KUMAR\.antigravity\extensions\redhat.java-1.51.0-win32-x64\jre\21.0.9-win32-x86_64\bin\management.dll
Event: 8.315 Loaded shared library C:\Users\NAVNIT KUMAR\.antigravity\extensions\redhat.java-1.51.0-win32-x64\jre\21.0.9-win32-x86_64\bin\management_ext.dll
Event: 9.041 Loaded shared library C:\Users\NAVNIT KUMAR\.antigravity\extensions\redhat.java-1.51.0-win32-x64\jre\21.0.9-win32-x86_64\bin\extnet.dll
Event: 11.825 Loaded shared library C:\Users\NAVNIT KUMAR\.antigravity\extensions\redhat.java-1.51.0-win32-x64\jre\21.0.9-win32-x86_64\bin\sunmscapi.dll

Deoptimization events (20 events):
Event: 99.045 Thread 0x000001305ffd21a0 Uncommon trap: trap_request=0xffffffc6 fr.pc=0x000001300c22e87c relative=0x0000000000000e1c
Event: 99.045 Thread 0x000001305ffd21a0 Uncommon trap: reason=bimorphic_or_optimized_type_check action=maybe_recompile pc=0x000001300c22e87c method=org.jetbrains.kotlin.protobuf.CodedInputStream.tryRefillBuffer(I)Z @ 177 c2
Event: 99.045 Thread 0x000001305ffd21a0 DEOPT PACKING pc=0x000001300c22e87c sp=0x00000001023f4b10
Event: 99.045 Thread 0x000001305ffd21a0 DEOPT UNPACKING pc=0x000001300bad4422 sp=0x00000001023f4a20 mode 2
Event: 99.134 Thread 0x000001305ffd21a0 Uncommon trap: trap_request=0xffffff45 fr.pc=0x000001300c3de0ec relative=0x000000000000058c
Event: 99.134 Thread 0x000001305ffd21a0 Uncommon trap: reason=unstable_if action=reinterpret pc=0x000001300c3de0ec method=org.jetbrains.org.objectweb.asm.ClassReader.readUtf(II[C)Ljava/lang/String; @ 41 c2
Event: 99.134 Thread 0x000001305ffd21a0 DEOPT PACKING pc=0x000001300c3de0ec sp=0x00000001023f3ee0
Event: 99.134 Thread 0x000001305ffd21a0 DEOPT UNPACKING pc=0x000001300bad4422 sp=0x00000001023f3ea8 mode 2
Event: 99.136 Thread 0x000001305ffd21a0 Uncommon trap: trap_request=0xffffffc6 fr.pc=0x000001300c270bb0 relative=0x0000000000000c70
Event: 99.136 Thread 0x000001305ffd21a0 Uncommon trap: reason=bimorphic_or_optimized_type_check action=maybe_recompile pc=0x000001300c270bb0 method=org.jetbrains.kotlin.protobuf.CodedInputStream.tryRefillBuffer(I)Z @ 177 c2
Event: 99.136 Thread 0x000001305ffd21a0 DEOPT PACKING pc=0x000001300c270bb0 sp=0x00000001023f41c0
Event: 99.136 Thread 0x000001305ffd21a0 DEOPT UNPACKING pc=0x000001300bad4422 sp=0x00000001023f4128 mode 2
Event: 104.159 Thread 0x000001305ffd21a0 Uncommon trap: trap_request=0xffffffcc fr.pc=0x000001300c49edc0 relative=0x0000000000000180
Event: 104.159 Thread 0x000001305ffd21a0 Uncommon trap: reason=intrinsic_or_type_checked_inlining action=make_not_entrant pc=0x000001300c49edc0 method=java.util.ArrayList$SubList.toArray([Ljava/lang/Object;)[Ljava/lang/Object; @ 58 c2
Event: 104.160 Thread 0x000001305ffd21a0 DEOPT PACKING pc=0x000001300c49edc0 sp=0x00000001023ef530
Event: 104.160 Thread 0x000001305ffd21a0 DEOPT UNPACKING pc=0x000001300bad4422 sp=0x00000001023ef4e0 mode 2
Event: 104.179 Thread 0x000001305ffd21a0 Uncommon trap: trap_request=0xffffff6e fr.pc=0x000001300c29ddb4 relative=0x0000000000000854
Event: 104.179 Thread 0x000001305ffd21a0 Uncommon trap: reason=loop_limit_check action=maybe_recompile pc=0x000001300c29ddb4 method=java.util.regex.Pattern$Start.match(Ljava/util/regex/Matcher;ILjava/lang/CharSequence;)Z @ 34 c2
Event: 104.179 Thread 0x000001305ffd21a0 DEOPT PACKING pc=0x000001300c29ddb4 sp=0x00000001023ef2f0
Event: 104.179 Thread 0x000001305ffd21a0 DEOPT UNPACKING pc=0x000001300bad4422 sp=0x00000001023ef1d0 mode 2

Classes loaded (20 events):
Event: 75.983 Loading class sun/nio/ch/Util$4
Event: 75.983 Loading class sun/nio/ch/Util$4 done
Event: 75.987 Loading class sun/invoke/util/ValueConversions$1
Event: 75.992 Loading class sun/invoke/util/ValueConversions$1 done
Event: 75.998 Loading class java/lang/invoke/BoundMethodHandle$Species_LI
Event: 75.998 Loading class java/lang/invoke/BoundMethodHandle$Species_LI done
Event: 76.031 Loading class java/io/UTFDataFormatException
Event: 76.031 Loading class java/io/UTFDataFormatException done
Event: 76.848 Loading class java/util/zip/ZipFile$ZipEntryIterator
Event: 76.848 Loading class java/util/zip/ZipFile$ZipEntryIterator done
Event: 82.535 Loading class java/nio/channels/NonWritableChannelException
Event: 82.535 Loading class java/nio/channels/NonWritableChannelException done
Event: 99.224 Loading class java/text/StringCharacterIterator
Event: 99.225 Loading class java/text/CharacterIterator
Event: 99.229 Loading class java/text/CharacterIterator done
Event: 99.229 Loading class java/text/StringCharacterIterator done
Event: 99.454 Loading class java/io/NotSerializableException
Event: 99.455 Loading class java/io/NotSerializableException done
Event: 100.364 Loading class java/util/function/IntUnaryOperator
Event: 100.364 Loading class java/util/function/IntUnaryOperator done

Classes unloaded (0 events):
No events

Classes redefined (0 events):
No events

Internal exceptions (20 events):
Event: 71.142 Thread 0x000001305ffd21a0 Exception <a 'java/lang/NoSuchMethodError'{0x000000008546d210}: 'int java.lang.invoke.DelegatingMethodHandle$Holder.reinvoke_L(java.lang.Object, java.lang.Object, java.lang.Object, long, int, int)'> (0x000000008546d210) 
thrown [s\src\hotspot\share\interpreter\linkResolver.cpp, line 773]
Event: 71.142 Thread 0x000001305ffd21a0 Exception <a 'java/lang/NoSuchMethodError'{0x000000008547c508}: 'int java.lang.invoke.DelegatingMethodHandle$Holder.reinvoke_L(java.lang.Object, java.lang.Object, java.lang.Object, long, long, long)'> (0x000000008547c508) 
thrown [s\src\hotspot\share\interpreter\linkResolver.cpp, line 773]
Event: 71.144 Thread 0x000001305ffd21a0 Exception <a 'java/lang/NoSuchMethodError'{0x000000008548b4a0}: 'int java.lang.invoke.DelegatingMethodHandle$Holder.reinvoke_L(java.lang.Object, java.lang.Object, java.lang.Object, long, int)'> (0x000000008548b4a0) 
thrown [s\src\hotspot\share\interpreter\linkResolver.cpp, line 773]
Event: 75.554 Thread 0x000001305ffd21a0 Exception <a 'java/lang/NoSuchMethodError'{0x000000008544c790}: 'java.lang.Object java.lang.invoke.Invokers$Holder.invokeExact_MT(java.lang.Object, java.lang.Object, long, java.lang.Object)'> (0x000000008544c790) 
thrown [s\src\hotspot\share\interpreter\linkResolver.cpp, line 773]
Event: 75.985 Thread 0x000001305ffd21a0 Implicit null exception at 0x000001300c18b165 to 0x000001300c18b3f0
Event: 75.996 Thread 0x000001305ffd21a0 Exception <a 'java/lang/NoSuchMethodError'{0x00000000852a0dc0}: 'int java.lang.invoke.DirectMethodHandle$Holder.invokeSpecial(java.lang.Object, java.lang.Object, java.lang.Object, int)'> (0x00000000852a0dc0) 
thrown [s\src\hotspot\share\interpreter\linkResolver.cpp, line 773]
Event: 76.004 Thread 0x000001305ffd21a0 Exception <a 'java/lang/NoSuchMethodError'{0x00000000852b2530}: 'java.lang.Object java.lang.invoke.DirectMethodHandle$Holder.invokeStatic(java.lang.Object, java.lang.Object, java.lang.Object, java.lang.Object, int)'> (0x00000000852b2530) 
thrown [s\src\hotspot\share\interpreter\linkResolver.cpp, line 773]
Event: 76.017 Thread 0x000001305ffd21a0 Exception <a 'java/lang/NoSuchMethodError'{0x00000000852baec8}: 'long java.lang.invoke.DirectMethodHandle$Holder.invokeStatic(java.lang.Object, java.lang.Object, int)'> (0x00000000852baec8) 
thrown [s\src\hotspot\share\interpreter\linkResolver.cpp, line 773]
Event: 76.019 Thread 0x000001305ffd21a0 Exception <a 'java/lang/NoSuchMethodError'{0x00000000852c75c8}: 'java.lang.Object java.lang.invoke.DelegatingMethodHandle$Holder.reinvoke_L(java.lang.Object, int, long, java.lang.Object, java.lang.Object, int, java.lang.Object)'> (0x00000000852c75c8) 
thrown [s\src\hotspot\share\interpreter\linkResolver.cpp, line 773]
Event: 76.848 Thread 0x000001305ffd21a0 Implicit null exception at 0x000001300c2101eb to 0x000001300c210d58
Event: 78.432 Thread 0x000001305ffd21a0 Implicit null exception at 0x000001300c26eacd to 0x000001300c270a90
Event: 78.433 Thread 0x000001305ffd21a0 Implicit null exception at 0x000001300c155b28 to 0x000001300c15615c
Event: 97.432 Thread 0x000001305ffd21a0 Exception <a 'java/lang/NoSuchMethodError'{0x0000000087d53378}: 'java.lang.Object java.lang.invoke.DirectMethodHandle$Holder.newInvokeSpecial(java.lang.Object, java.lang.Object, java.lang.Object, java.lang.Object, java.lang.Object, java.lang.Object, java.lang.Object, java.lang.Object, java.lang.Object, java.lang.Object, java.lang.Object, java.lang.Object, java.lang.Object, java.lang.Object, java.lang.Object, java.lang.Object, java.lang.Object, java.lang.Object, java.lang.Object, java.lang.Object, java.lang
Event: 97.713 Thread 0x000001305ffd21a0 Exception <a 'java/lang/NoSuchMethodError'{0x0000000087354f90}: 'java.lang.Object java.lang.invoke.DirectMethodHandle$Holder.newInvokeSpecial(java.lang.Object, java.lang.Object, java.lang.Object, java.lang.Object, java.lang.Object, java.lang.Object, java.lang.Object, java.lang.Object, java.lang.Object, java.lang.Object, java.lang.Object, java.lang.Object, java.lang.Object, java.lang.Object, java.lang.Object, java.lang.Object)'> (0x0000000087354f90) 
thrown [s\src\hotspot\share\interpreter\linkResolver.cpp,
Event: 97.715 Thread 0x000001305ffd21a0 Exception <a 'java/lang/NoSuchMethodError'{0x000000008735bc08}: 'java.lang.Object java.lang.invoke.DirectMethodHandle$Holder.invokeSpecial(java.lang.Object, java.lang.Object, java.lang.Object, java.lang.Object, java.lang.Object, java.lang.Object, java.lang.Object, java.lang.Object, java.lang.Object, java.lang.Object, java.lang.Object, java.lang.Object, java.lang.Object, java.lang.Object, java.lang.Object, java.lang.Object, java.lang.Object)'> (0x000000008735bc08) 
thrown [s\src\hotspot\share\interpreter\li
Event: 97.715 Thread 0x000001305ffd21a0 Exception <a 'java/lang/NoSuchMethodError'{0x0000000087361a98}: 'java.lang.Object java.lang.invoke.DelegatingMethodHandle$Holder.reinvoke_L(java.lang.Object, java.lang.Object, java.lang.Object, java.lang.Object, java.lang.Object, java.lang.Object, java.lang.Object, java.lang.Object, java.lang.Object, java.lang.Object, java.lang.Object, java.lang.Object, java.lang.Object, java.lang.Object, java.lang.Object, java.lang.Object)'> (0x0000000087361a98) 
thrown [s\src\hotspot\share\interpreter\linkResolver.cpp, l
Event: 97.731 Thread 0x000001305ffd21a0 Exception <a 'java/lang/NoSuchMethodError'{0x0000000087214800}: 'java.lang.Object java.lang.invoke.DirectMethodHandle$Holder.newInvokeSpecial(java.lang.Object, java.lang.Object, java.lang.Object, java.lang.Object, java.lang.Object, java.lang.Object, java.lang.Object, java.lang.Object, java.lang.Object, java.lang.Object, java.lang.Object, java.lang.Object, java.lang.Object, java.lang.Object, java.lang.Object, java.lang.Object, java.lang.Object, java.lang.Object)'> (0x0000000087214800) 
thrown [s\src\hotspot
Event: 97.731 Thread 0x000001305ffd21a0 Exception <a 'java/lang/NoSuchMethodError'{0x000000008721b868}: 'java.lang.Object java.lang.invoke.DirectMethodHandle$Holder.invokeSpecial(java.lang.Object, java.lang.Object, java.lang.Object, java.lang.Object, java.lang.Object, java.lang.Object, java.lang.Object, java.lang.Object, java.lang.Object, java.lang.Object, java.lang.Object, java.lang.Object, java.lang.Object, java.lang.Object, java.lang.Object, java.lang.Object, java.lang.Object, java.lang.Object, java.lang.Object)'> (0x000000008721b868) 
thrown
Event: 97.732 Thread 0x000001305ffd21a0 Exception <a 'java/lang/NoSuchMethodError'{0x00000000872219e0}: 'java.lang.Object java.lang.invoke.DelegatingMethodHandle$Holder.reinvoke_L(java.lang.Object, java.lang.Object, java.lang.Object, java.lang.Object, java.lang.Object, java.lang.Object, java.lang.Object, java.lang.Object, java.lang.Object, java.lang.Object, java.lang.Object, java.lang.Object, java.lang.Object, java.lang.Object, java.lang.Object, java.lang.Object, java.lang.Object, java.lang.Object)'> (0x00000000872219e0) 
thrown [s\src\hotspot\s
Event: 97.742 Thread 0x000001305ffd21a0 Exception <a 'java/lang/NoSuchMethodError'{0x00000000872bac58}: 'java.lang.Object java.lang.invoke.DirectMethodHandle$Holder.newInvokeSpecial(java.lang.Object, java.lang.Object, java.lang.Object, java.lang.Object, java.lang.Object, java.lang.Object, java.lang.Object, java.lang.Object, java.lang.Object, java.lang.Object, java.lang.Object, java.lang.Object, java.lang.Object, java.lang.Object, java.lang.Object, java.lang.Object, java.lang.Object, java.lang.Object, java.lang.Object, java.lang.Object, java.lang

ZGC Phase Switch (0 events):
No events

VM Operations (20 events):
Event: 99.012 Executing VM operation: HandshakeAllThreads (Deoptimize)
Event: 99.012 Executing VM operation: HandshakeAllThreads (Deoptimize) done
Event: 100.014 Executing VM operation: Cleanup
Event: 100.015 Executing VM operation: Cleanup done
Event: 100.381 Executing VM operation: G1CollectForAllocation (G1 Evacuation Pause)
Event: 100.392 Executing VM operation: G1CollectForAllocation (G1 Evacuation Pause) done
Event: 101.395 Executing VM operation: Cleanup
Event: 101.411 Executing VM operation: Cleanup done
Event: 102.422 Executing VM operation: Cleanup
Event: 102.422 Executing VM operation: Cleanup done
Event: 103.429 Executing VM operation: Cleanup
Event: 103.915 Executing VM operation: Cleanup done
Event: 103.940 Executing VM operation: HandshakeAllThreads (Deoptimize)
Event: 103.940 Executing VM operation: HandshakeAllThreads (Deoptimize) done
Event: 104.344 Executing VM operation: G1CollectForAllocation (G1 Evacuation Pause)
Event: 104.356 Executing VM operation: G1CollectForAllocation (G1 Evacuation Pause) done
Event: 105.363 Executing VM operation: Cleanup
Event: 106.422 Executing VM operation: Cleanup done
Event: 107.432 Executing VM operation: Cleanup
Event: 107.433 Executing VM operation: Cleanup done

Memory protections (0 events):
No events

Nmethod flushes (20 events):
Event: 98.094 Thread 0x00000130190f46a0 flushing  nmethod 0x000001300492ca90
Event: 98.094 Thread 0x00000130190f46a0 flushing  nmethod 0x0000013004702c10
Event: 98.094 Thread 0x00000130190f46a0 flushing  nmethod 0x0000013004707510
Event: 98.094 Thread 0x00000130190f46a0 flushing  nmethod 0x000001300486ec90
Event: 98.094 Thread 0x00000130190f46a0 flushing  nmethod 0x00000130048a6590
Event: 98.094 Thread 0x00000130190f46a0 flushing  nmethod 0x0000013004a44290
Event: 98.094 Thread 0x00000130190f46a0 flushing  nmethod 0x0000013004d55010
Event: 98.094 Thread 0x00000130190f46a0 flushing  nmethod 0x0000013004dfea10
Event: 98.094 Thread 0x00000130190f46a0 flushing  nmethod 0x0000013005249a10
Event: 98.094 Thread 0x00000130190f46a0 flushing  nmethod 0x000001300c14a990
Event: 98.094 Thread 0x00000130190f46a0 flushing  nmethod 0x000001300465ec90
Event: 98.097 Thread 0x00000130190f46a0 flushing  nmethod 0x00000130045e3490
Event: 98.097 Thread 0x00000130190f46a0 flushing  nmethod 0x0000013004970790
Event: 98.097 Thread 0x00000130190f46a0 flushing  nmethod 0x0000013004bd1290
Event: 98.097 Thread 0x00000130190f46a0 flushing  nmethod 0x000001300c1e4f10
Event: 98.097 Thread 0x00000130190f46a0 flushing  nmethod 0x000001300457cd90
Event: 98.097 Thread 0x00000130190f46a0 flushing  nmethod 0x00000130045c9990
Event: 98.097 Thread 0x00000130190f46a0 flushing  nmethod 0x0000013004656890
Event: 98.097 Thread 0x00000130190f46a0 flushing  nmethod 0x00000130049c3610
Event: 98.097 Thread 0x00000130190f46a0 flushing  nmethod 0x0000013004d52290

Events (20 events):
Event: 55.364 Thread 0x000001305ffd21a0 Thread added: 0x00000130628fcf40
Event: 55.375 Thread 0x000001305ffd21a0 Thread added: 0x00000130628fc8b0
Event: 55.383 Thread 0x000001305ffd21a0 Thread added: 0x00000130628fd5d0
Event: 55.408 Thread 0x000001305ffd21a0 Thread added: 0x00000130628fe2f0
Event: 55.426 Thread 0x000001305ffd21a0 Thread added: 0x00000130628fdc60
Event: 55.439 Thread 0x000001305ffd21a0 Thread added: 0x00000130620addc0
Event: 55.450 Thread 0x000001305ffd21a0 Thread added: 0x00000130620ae450
Event: 55.454 Thread 0x000001305ffd21a0 Thread added: 0x00000130620ab660
Event: 55.460 Thread 0x000001305ffd21a0 Thread added: 0x00000130620ad0a0
Event: 57.785 Thread 0x000001305ffd21a0 Thread added: 0x00000130620ad730
Event: 57.788 Thread 0x000001305ffd21a0 Thread added: 0x00000130620aafd0
Event: 57.792 Thread 0x000001305ffd21a0 Thread added: 0x00000130620aeae0
Event: 57.794 Thread 0x000001305ffd21a0 Thread added: 0x00000130620ac380
Event: 57.795 Thread 0x000001305ffd21a0 Thread added: 0x00000130620af170
Event: 57.796 Thread 0x000001305ffd21a0 Thread added: 0x00000130620abcf0
Event: 57.796 Thread 0x000001305ffd21a0 Thread added: 0x00000130620afe90
Event: 57.797 Thread 0x000001305ffd21a0 Thread added: 0x00000130620af800
Event: 57.798 Thread 0x000001305ffd21a0 Thread added: 0x00000130620aca10
Event: 57.800 Thread 0x000001305ffd21a0 Thread added: 0x00000130620b1240
Event: 57.801 Thread 0x000001305ffd21a0 Thread added: 0x00000130620b0520


Dynamic libraries:
0x00007ff698100000 - 0x00007ff69810e000 	C:\Users\NAVNIT KUMAR\.antigravity\extensions\redhat.java-1.51.0-win32-x64\jre\21.0.9-win32-x86_64\bin\java.exe
0x00007ffdf9e00000 - 0x00007ffdfa067000 	C:\WINDOWS\SYSTEM32\ntdll.dll
0x00007ffdf7df0000 - 0x00007ffdf7eb9000 	C:\WINDOWS\System32\KERNEL32.DLL
0x00007ffdf7590000 - 0x00007ffdf797f000 	C:\WINDOWS\System32\KERNELBASE.dll
0x00007ffdf7440000 - 0x00007ffdf758b000 	C:\WINDOWS\System32\ucrtbase.dll
0x00007ffdbd930000 - 0x00007ffdbd94e000 	C:\Users\NAVNIT KUMAR\.antigravity\extensions\redhat.java-1.51.0-win32-x64\jre\21.0.9-win32-x86_64\bin\VCRUNTIME140.dll
0x00007ffdb7a10000 - 0x00007ffdb7a28000 	C:\Users\NAVNIT KUMAR\.antigravity\extensions\redhat.java-1.51.0-win32-x64\jre\21.0.9-win32-x86_64\bin\jli.dll
0x00007ffdf7c20000 - 0x00007ffdf7de5000 	C:\WINDOWS\System32\USER32.dll
0x00007ffdf6f50000 - 0x00007ffdf6f77000 	C:\WINDOWS\System32\win32u.dll
0x00007ffdde0d0000 - 0x00007ffdde363000 	C:\WINDOWS\WinSxS\amd64_microsoft.windows.common-controls_6595b64144ccf1df_6.0.26100.7309_none_3e05feeae336a044\COMCTL32.dll
0x00007ffdf9370000 - 0x00007ffdf9419000 	C:\WINDOWS\System32\msvcrt.dll
0x00007ffdf86b0000 - 0x00007ffdf86db000 	C:\WINDOWS\System32\GDI32.dll
0x00007ffdf70f0000 - 0x00007ffdf721c000 	C:\WINDOWS\System32\gdi32full.dll
0x00007ffdf6f80000 - 0x00007ffdf7023000 	C:\WINDOWS\System32\msvcp_win.dll
0x00007ffdf81e0000 - 0x00007ffdf8211000 	C:\WINDOWS\System32\IMM32.DLL
0x00007ffded470000 - 0x00007ffded47c000 	C:\Users\NAVNIT KUMAR\.antigravity\extensions\redhat.java-1.51.0-win32-x64\jre\21.0.9-win32-x86_64\bin\vcruntime140_1.dll
0x00007ffdae330000 - 0x00007ffdae3bd000 	C:\Users\NAVNIT KUMAR\.antigravity\extensions\redhat.java-1.51.0-win32-x64\jre\21.0.9-win32-x86_64\bin\msvcp140.dll
0x00007ffce3150000 - 0x00007ffce3ef0000 	C:\Users\NAVNIT KUMAR\.antigravity\extensions\redhat.java-1.51.0-win32-x64\jre\21.0.9-win32-x86_64\bin\server\jvm.dll
0x00007ffdf7f40000 - 0x00007ffdf7ff4000 	C:\WINDOWS\System32\ADVAPI32.dll
0x00007ffdf9050000 - 0x00007ffdf90f6000 	C:\WINDOWS\System32\sechost.dll
0x00007ffdf80c0000 - 0x00007ffdf81d8000 	C:\WINDOWS\System32\RPCRT4.dll
0x00007ffdf7ec0000 - 0x00007ffdf7f34000 	C:\WINDOWS\System32\WS2_32.dll
0x00007ffdf6dd0000 - 0x00007ffdf6e2e000 	C:\WINDOWS\SYSTEM32\POWRPROF.dll
0x00007ffde6a20000 - 0x00007ffde6a55000 	C:\WINDOWS\SYSTEM32\WINMM.dll
0x00007ffdee410000 - 0x00007ffdee41b000 	C:\WINDOWS\SYSTEM32\VERSION.dll
0x00007ffdf6db0000 - 0x00007ffdf6dc4000 	C:\WINDOWS\SYSTEM32\UMPDC.dll
0x00007ffdf5d00000 - 0x00007ffdf5d1b000 	C:\WINDOWS\SYSTEM32\kernel.appcore.dll
0x00007ffdcd9a0000 - 0x00007ffdcd9aa000 	C:\Users\NAVNIT KUMAR\.antigravity\extensions\redhat.java-1.51.0-win32-x64\jre\21.0.9-win32-x86_64\bin\jimage.dll
0x00007ffdeb2d0000 - 0x00007ffdeb512000 	C:\WINDOWS\SYSTEM32\DBGHELP.DLL
0x00007ffdf97e0000 - 0x00007ffdf9b66000 	C:\WINDOWS\System32\combase.dll
0x00007ffdf8e70000 - 0x00007ffdf8f46000 	C:\WINDOWS\System32\OLEAUT32.dll
0x00007ffdbf650000 - 0x00007ffdbf68c000 	C:\WINDOWS\SYSTEM32\dbgcore.DLL
0x00007ffdf7390000 - 0x00007ffdf7435000 	C:\WINDOWS\System32\bcryptPrimitives.dll
0x00007ffdc1060000 - 0x00007ffdc106f000 	C:\Users\NAVNIT KUMAR\.antigravity\extensions\redhat.java-1.51.0-win32-x64\jre\21.0.9-win32-x86_64\bin\instrument.dll
0x00007ffdb3370000 - 0x00007ffdb3390000 	C:\Users\NAVNIT KUMAR\.antigravity\extensions\redhat.java-1.51.0-win32-x64\jre\21.0.9-win32-x86_64\bin\java.dll
0x00007ffdf8710000 - 0x00007ffdf8e63000 	C:\WINDOWS\System32\SHELL32.dll
0x00007ffdf7220000 - 0x00007ffdf738a000 	C:\WINDOWS\System32\wintypes.dll
0x00007ffdf4b20000 - 0x00007ffdf537e000 	C:\WINDOWS\SYSTEM32\windows.storage.dll
0x00007ffdf9570000 - 0x00007ffdf9665000 	C:\WINDOWS\System32\SHCORE.dll
0x00007ffdf7ba0000 - 0x00007ffdf7c06000 	C:\WINDOWS\System32\shlwapi.dll
0x00007ffdf6e40000 - 0x00007ffdf6e69000 	C:\WINDOWS\SYSTEM32\profapi.dll
0x00007ffdb05f0000 - 0x00007ffdb0608000 	C:\Users\NAVNIT KUMAR\.antigravity\extensions\redhat.java-1.51.0-win32-x64\jre\21.0.9-win32-x86_64\bin\zip.dll
0x00007ffdcb170000 - 0x00007ffdcb180000 	C:\Users\NAVNIT KUMAR\.antigravity\extensions\redhat.java-1.51.0-win32-x64\jre\21.0.9-win32-x86_64\bin\net.dll
0x00007ffdf08f0000 - 0x00007ffdf0a18000 	C:\WINDOWS\SYSTEM32\WINHTTP.dll
0x00007ffdf6270000 - 0x00007ffdf62db000 	C:\WINDOWS\system32\mswsock.dll
0x00007ffdae310000 - 0x00007ffdae326000 	C:\Users\NAVNIT KUMAR\.antigravity\extensions\redhat.java-1.51.0-win32-x64\jre\21.0.9-win32-x86_64\bin\nio.dll
0x00007ffdc0a40000 - 0x00007ffdc0a50000 	C:\Users\NAVNIT KUMAR\.antigravity\extensions\redhat.java-1.51.0-win32-x64\jre\21.0.9-win32-x86_64\bin\verify.dll
0x00007ffdbe0b0000 - 0x00007ffdbe0d7000 	C:\Users\NAVNIT KUMAR\.gradle\native\c067742578af261105cb4f569cf0c3c89f3d7b1fecec35dd04571415982c5e48\windows-amd64\native-platform.dll
0x00007ffd49800000 - 0x00007ffd49944000 	C:\Users\NAVNIT KUMAR\.gradle\native\100fb08df4bc3b14c8652ba06237920a3bd2aa13389f12d3474272988ae205f9\windows-amd64\native-platform-file-events.dll
0x00007ffdc09a0000 - 0x00007ffdc09aa000 	C:\Users\NAVNIT KUMAR\.antigravity\extensions\redhat.java-1.51.0-win32-x64\jre\21.0.9-win32-x86_64\bin\management.dll
0x00007ffdbbb80000 - 0x00007ffdbbb8c000 	C:\Users\NAVNIT KUMAR\.antigravity\extensions\redhat.java-1.51.0-win32-x64\jre\21.0.9-win32-x86_64\bin\management_ext.dll
0x00007ffdf7c10000 - 0x00007ffdf7c18000 	C:\WINDOWS\System32\PSAPI.DLL
0x00007ffdf6530000 - 0x00007ffdf654b000 	C:\WINDOWS\SYSTEM32\CRYPTSP.dll
0x00007ffdf5c60000 - 0x00007ffdf5c9a000 	C:\WINDOWS\system32\rsaenh.dll
0x00007ffdf6320000 - 0x00007ffdf634b000 	C:\WINDOWS\SYSTEM32\USERENV.dll
0x00007ffdf6e70000 - 0x00007ffdf6e9a000 	C:\WINDOWS\SYSTEM32\bcrypt.dll
0x00007ffdf6550000 - 0x00007ffdf655c000 	C:\WINDOWS\SYSTEM32\CRYPTBASE.dll
0x00007ffdf5780000 - 0x00007ffdf57b4000 	C:\WINDOWS\SYSTEM32\IPHLPAPI.DLL
0x00007ffdf9360000 - 0x00007ffdf936a000 	C:\WINDOWS\System32\NSI.dll
0x00007ffdb8110000 - 0x00007ffdb8119000 	C:\Users\NAVNIT KUMAR\.antigravity\extensions\redhat.java-1.51.0-win32-x64\jre\21.0.9-win32-x86_64\bin\extnet.dll
0x00007ffdb9b00000 - 0x00007ffdb9b0e000 	C:\Users\NAVNIT KUMAR\.antigravity\extensions\redhat.java-1.51.0-win32-x64\jre\21.0.9-win32-x86_64\bin\sunmscapi.dll
0x00007ffdf7a20000 - 0x00007ffdf7b97000 	C:\WINDOWS\System32\CRYPT32.dll
0x00007ffdf6750000 - 0x00007ffdf6780000 	C:\WINDOWS\SYSTEM32\ncrypt.dll
0x00007ffdf6700000 - 0x00007ffdf673f000 	C:\WINDOWS\SYSTEM32\NTASN1.dll
0x00007ffde3b40000 - 0x00007ffde3b48000 	C:\WINDOWS\system32\wshunix.dll

JVMTI agents:
C:\Users\NAVNIT KUMAR\.gradle\wrapper\dists\gradle-8.9-bin\90cnw93cvbtalezasaz0blq0a\gradle-8.9\lib\agents\gradle-instrumentation-agent-8.9.jar path:C:\Users\NAVNIT KUMAR\.antigravity\extensions\redhat.java-1.51.0-win32-x64\jre\21.0.9-win32-x86_64\bin\instrument.dll, loaded, initialized, instrumentlib options:none

dbghelp: loaded successfully - version: 4.0.5 - missing functions: none
symbol engine: initialized successfully - sym options: 0x614 - pdb path: .;C:\Users\NAVNIT KUMAR\.antigravity\extensions\redhat.java-1.51.0-win32-x64\jre\21.0.9-win32-x86_64\bin;C:\WINDOWS\SYSTEM32;C:\WINDOWS\WinSxS\amd64_microsoft.windows.common-controls_6595b64144ccf1df_6.0.26100.7309_none_3e05feeae336a044;C:\Users\NAVNIT KUMAR\.antigravity\extensions\redhat.java-1.51.0-win32-x64\jre\21.0.9-win32-x86_64\bin\server;C:\Users\NAVNIT KUMAR\.gradle\native\c067742578af261105cb4f569cf0c3c89f3d7b1fecec35dd04571415982c5e48\windows-amd64;C:\Users\NAVNIT KUMAR\.gradle\native\100fb08df4bc3b14c8652ba06237920a3bd2aa13389f12d3474272988ae205f9\windows-amd64

VM Arguments:
jvm_args: --add-opens=java.base/java.util=ALL-UNNAMED --add-opens=java.base/java.lang=ALL-UNNAMED --add-opens=java.base/java.lang.invoke=ALL-UNNAMED --add-opens=java.prefs/java.util.prefs=ALL-UNNAMED --add-exports=jdk.compiler/com.sun.tools.javac.api=ALL-UNNAMED --add-exports=jdk.compiler/com.sun.tools.javac.util=ALL-UNNAMED --add-opens=java.base/java.nio.charset=ALL-UNNAMED --add-opens=java.base/java.net=ALL-UNNAMED --add-opens=java.base/java.util.concurrent.atomic=ALL-UNNAMED -Xmx2048m -Dfile.encoding=UTF-8 -Duser.country=IN -Duser.language=en -Duser.variant -javaagent:C:\Users\NAVNIT KUMAR\.gradle\wrapper\dists\gradle-8.9-bin\90cnw93cvbtalezasaz0blq0a\gradle-8.9\lib\agents\gradle-instrumentation-agent-8.9.jar 
java_command: org.gradle.launcher.daemon.bootstrap.GradleDaemon 8.9
java_class_path (initial): C:\Users\NAVNIT KUMAR\.gradle\wrapper\dists\gradle-8.9-bin\90cnw93cvbtalezasaz0blq0a\gradle-8.9\lib\gradle-daemon-main-8.9.jar
Launcher Type: SUN_STANDARD

[Global flags]
     intx CICompilerCount                          = 4                                         {product} {ergonomic}
     uint ConcGCThreads                            = 3                                         {product} {ergonomic}
     uint G1ConcRefinementThreads                  = 10                                        {product} {ergonomic}
   size_t G1HeapRegionSize                         = 1048576                                   {product} {ergonomic}
    uintx GCDrainStackTargetSize                   = 64                                        {product} {ergonomic}
   size_t InitialHeapSize                          = 123731968                                 {product} {ergonomic}
   size_t MarkStackSize                            = 4194304                                   {product} {ergonomic}
   size_t MaxHeapSize                              = 2147483648                                {product} {command line}
   size_t MaxNewSize                               = 1287651328                                {product} {ergonomic}
   size_t MinHeapDeltaBytes                        = 1048576                                   {product} {ergonomic}
   size_t MinHeapSize                              = 8388608                                   {product} {ergonomic}
    uintx NonNMethodCodeHeapSize                   = 5839372                                {pd product} {ergonomic}
    uintx NonProfiledCodeHeapSize                  = 122909434                              {pd product} {ergonomic}
    uintx ProfiledCodeHeapSize                     = 122909434                              {pd product} {ergonomic}
    uintx ReservedCodeCacheSize                    = 251658240                              {pd product} {ergonomic}
     bool SegmentedCodeCache                       = true                                      {product} {ergonomic}
   size_t SoftMaxHeapSize                          = 2147483648                             {manageable} {ergonomic}
     bool UseCompressedOops                        = true                           {product lp64_product} {ergonomic}
     bool UseG1GC                                  = true                                      {product} {ergonomic}
     bool UseLargePagesIndividualAllocation        = false                                  {pd product} {ergonomic}

Logging:
Log output configuration:
 #0: stdout all=warning uptime,level,tags foldmultilines=false
 #1: stderr all=off uptime,level,tags foldmultilines=false

Release file:
JAVA_VERSION="21.0.9" 
MODULES="java.base java.compiler java.datatransfer java.xml java.prefs java.desktop java.instrument java.logging java.management java.security.sasl java.naming java.rmi java.management.rmi java.net.http java.scripting java.security.jgss java.transaction.xa java.sql java.sql.rowset java.xml.crypto java.se java.smartcardio jdk.accessibility jdk.internal.jvmstat jdk.attach jdk.charsets jdk.internal.opt jdk.zipfs jdk.compiler jdk.crypto.ec jdk.crypto.cryptoki jdk.crypto.mscapi jdk.dynalink jdk.internal.ed jdk.editpad jdk.hotspot.agent jdk.httpserver jdk.internal.le jdk.internal.vm.ci jdk.internal.vm.compiler jdk.internal.vm.compiler.management jdk.jartool jdk.javadoc jdk.jcmd jdk.management jdk.management.agent jdk.jconsole jdk.jdeps jdk.jdwp.agent jdk.jdi jdk.jfr jdk.jshell jdk.jsobject jdk.jstatd jdk.localedata jdk.management.jfr jdk.naming.dns jdk.naming.rmi jdk.net jdk.nio.mapmode jdk.random jdk.sctp jdk.security.auth jdk.security.jgss jdk.unsupported jdk.unsupported.desktop jdk.xml.dom" 

Environment Variables:
PATH=C:\Program Files\Common Files\Oracle\Java\javapath;C:\Program Files (x86)\Common Files\Oracle\Java\java8path;C:\Program Files (x86)\Common Files\Oracle\Java\javapath;C:\Windows\system32;C:\Windows;C:\Windows\System32\Wbem;C:\Windows\System32\WindowsPowerShell\v1.0\;C:\Windows\System32\OpenSSH\;C:\Program Files (x86)\NVIDIA Corporation\PhysX\Common;C:\WINDOWS\system32;C:\WINDOWS;C:\WINDOWS\System32\Wbem;C:\WINDOWS\System32\WindowsPowerShell\v1.0\;C:\WINDOWS\System32\OpenSSH\;C:\Program Files\NVIDIA Corporation\NVIDIA App\NvDLISR;C:\Program Files\Git\cmd;C:\Program Files\nodejs\;C:\Users\NAVNIT KUMAR\AppData\Local\Microsoft\WindowsApps;C:\Users\NAVNIT KUMAR\AppData\Local\Programs\Microsoft VS Code\bin;C:\MinGW\bin;C:\Users\NAVNIT KUMAR\AppData\Roaming\npm;C:\Users\NAVNIT KUMAR\AppData\Local\Programs\cursor\resources\app\bin;C:\Users\NAVNIT KUMAR\AppData\Local\Programs\Antigravity\bin
USERNAME=NAVNIT KUMAR
OS=Windows_NT
PROCESSOR_IDENTIFIER=AMD64 Family 25 Model 68 Stepping 1, AuthenticAMD
TMP=C:\Users\NAVNIT~1\AppData\Local\Temp
TEMP=C:\Users\NAVNIT~1\AppData\Local\Temp




Periodic native trim disabled

---------------  S Y S T E M  ---------------

OS:
 Windows 11 , 64 bit Build 26100 (10.0.26100.7623)
OS uptime: 1 days 15:24 hours
Hyper-V role detected

CPU: total 12 (initial active 12) (12 cores per cpu, 2 threads per core) family 25 model 68 stepping 1 microcode 0xa40410a, cx8, cmov, fxsr, ht, mmx, 3dnowpref, sse, sse2, sse3, ssse3, sse4a, sse4.1, sse4.2, popcnt, lzcnt, tsc, tscinvbit, avx, avx2, aes, erms, clmul, bmi1, bmi2, adx, sha, fma, vzeroupper, clflush, clflushopt, hv, rdtscp, rdpid, fsrm, f16c, cet_ss
Processor Information for the first 12 processors :
  Max Mhz: 3301, Current Mhz: 2496, Mhz Limit: 3301

Memory: 4k page, system-wide physical 7484M (311M free)
TotalPageFile size 30012M (AvailPageFile size 73M)
current process WorkingSet (physical memory assigned to process): 258M, peak: 327M
current process commit charge ("private bytes"): 461M, peak: 461M

vm_info: OpenJDK 64-Bit Server VM (21.0.9+10-LTS) for windows-amd64 JRE (21.0.9+10-LTS), built on 2025-10-21T00:00:00Z by "admin" with unknown MS VC++:1942

END.
