#
# There is insufficient memory for the Java Runtime Environment to continue.
# Native memory allocation (malloc) failed to allocate 1812976 bytes. Error detail: Chunk::new
# Possible reasons:
#   The system is out of physical RAM or swap space
#   This process is running with CompressedOops enabled, and the Java Heap may be blocking the growth of the native heap
# Possible solutions:
#   Reduce memory load on the system
#   Increase physical memory or swap space
#   Check if swap backing store is full
#   Decrease Java heap size (-Xmx/-Xms)
#   Decrease number of Java threads
#   Decrease Java thread stack sizes (-Xss)
#   Set larger code cache with -XX:ReservedCodeCacheSize=
#   JVM is running with Unscaled Compressed Oops mode in which the Java heap is
#     placed in the first 4GB address space. The Java Heap base address is the
#     maximum limit for the native heap growth. Please use -XX:HeapBaseMinAddress
#     to set the Java Heap base and to place the Java Heap above 4GB virtual address.
# This output file may be truncated or incomplete.
#
#  Out of Memory Error (arena.cpp:168), pid=52080, tid=59444
#
# JRE version: OpenJDK Runtime Environment (21.0.7) (build 21.0.7+-13880790-b1038.58)
# Java VM: OpenJDK 64-Bit Server VM (21.0.7+-13880790-b1038.58, mixed mode, tiered, compressed oops, compressed class ptrs, g1 gc, windows-amd64)
# No core dump will be written. Minidumps are not enabled by default on client versions of Windows
#

---------------  S U M M A R Y ------------

Command Line: --add-opens=java.base/java.lang=ALL-UNNAMED --add-opens=java.base/java.lang.invoke=ALL-UNNAMED --add-opens=java.base/java.util=ALL-UNNAMED --add-opens=java.prefs/java.util.prefs=ALL-UNNAMED --add-exports=jdk.compiler/com.sun.tools.javac.api=ALL-UNNAMED --add-exports=jdk.compiler/com.sun.tools.javac.util=ALL-UNNAMED --add-opens=java.base/java.util=ALL-UNNAMED --add-opens=java.prefs/java.util.prefs=ALL-UNNAMED --add-opens=java.base/java.nio.charset=ALL-UNNAMED --add-opens=java.base/java.net=ALL-UNNAMED --add-opens=java.base/java.util.concurrent.atomic=ALL-UNNAMED --add-opens=java.xml/javax.xml.namespace=ALL-UNNAMED -Xmx2048m -Dfile.encoding=UTF-8 -Duser.country=IN -Duser.language=en -Duser.variant -javaagent:C:\Users\NAVNIT KUMAR\.gradle\wrapper\dists\gradle-8.13-bin\5xuhj0ry160q40clulazy9h7d\gradle-8.13\lib\agents\gradle-instrumentation-agent-8.13.jar org.gradle.launcher.daemon.bootstrap.GradleDaemon 8.13

Host: AMD Ryzen 5 7535HS with Radeon Graphics        , 12 cores, 7G,  Windows 11 , 64 bit Build 26100 (10.0.26100.7623)
Time: Wed Jan 21 16:54:05 2026 India Standard Time elapsed time: 9.970802 seconds (0d 0h 0m 9s)

---------------  T H R E A D  ---------------

Current thread (0x000001f8ccbb85f0):  JavaThread "C2 CompilerThread0" daemon [_thread_in_native, id=59444, stack(0x000000eb69500000,0x000000eb69600000) (1024K)]


Current CompileTask:
C2:9970 3102       4       java.net.URLClassLoader$1::run (5 bytes)

Stack: [0x000000eb69500000,0x000000eb69600000]
Native frames: (J=compiled Java code, j=interpreted, Vv=VM code, C=native code)
V  [jvm.dll+0x6d25c9]
V  [jvm.dll+0x860923]
V  [jvm.dll+0x862e7e]
V  [jvm.dll+0x863563]
V  [jvm.dll+0x27f156]
V  [jvm.dll+0xc002d]
V  [jvm.dll+0xc0563]
V  [jvm.dll+0x3b6d01]
V  [jvm.dll+0x382c27]
V  [jvm.dll+0x38209a]
V  [jvm.dll+0x247e72]
V  [jvm.dll+0x247441]
V  [jvm.dll+0x1c5fb4]
V  [jvm.dll+0x256bac]
V  [jvm.dll+0x2550f6]
V  [jvm.dll+0x3f1d16]
V  [jvm.dll+0x808d08]
V  [jvm.dll+0x6d0e1d]
C  [ucrtbase.dll+0x37b0]
C  [KERNEL32.DLL+0x2e8d7]
C  [ntdll.dll+0x8c53c]


---------------  P R O C E S S  ---------------

Threads class SMR info:
_java_thread_list=0x000001f8d1c73b10, length=40, elements={
0x000001f8b2ba60a0, 0x000001f8ccb7e1d0, 0x000001f8ccb98370, 0x000001f8ccb98dd0,
0x000001f8ccba3d60, 0x000001f8ccba47c0, 0x000001f8ccbae110, 0x000001f8ccbaeb70,
0x000001f8ccbb85f0, 0x000001f8ccbb9090, 0x000001f8cce4ba10, 0x000001f8d19d90f0,
0x000001f8d2993910, 0x000001f8d28bbc50, 0x000001f8d1f3e130, 0x000001f8d29a0840,
0x000001f8d1282ba0, 0x000001f8d1fb3b20, 0x000001f8d1276030, 0x000001f8d1273f60,
0x000001f8d12745f0, 0x000001f8d12766c0, 0x000001f8d1274c80, 0x000001f8d1275310,
0x000001f8d12759a0, 0x000001f8d12738d0, 0x000001f8d31a6340, 0x000001f8d31a69d0,
0x000001f8d31a4f90, 0x000001f8d31a4900, 0x000001f8d31a5620, 0x000001f8d31a7060,
0x000001f8d31a5cb0, 0x000001f8d31a76f0, 0x000001f8d31a4270, 0x000001f8d2bf21e0,
0x000001f8d2bf1b50, 0x000001f8d2bf2870, 0x000001f8d2bf0110, 0x000001f8d2bf2f00
}

Java Threads: ( => current thread )
  0x000001f8b2ba60a0 JavaThread "main"                              [_thread_blocked, id=37700, stack(0x000000eb68600000,0x000000eb68700000) (1024K)]
  0x000001f8ccb7e1d0 JavaThread "Common-Cleaner"             daemon [_thread_blocked, id=57488, stack(0x000000eb68e00000,0x000000eb68f00000) (1024K)]
  0x000001f8ccb98370 JavaThread "Reference Handler"          daemon [_thread_blocked, id=54480, stack(0x000000eb68f00000,0x000000eb69000000) (1024K)]
  0x000001f8ccb98dd0 JavaThread "Finalizer"                  daemon [_thread_blocked, id=46052, stack(0x000000eb69000000,0x000000eb69100000) (1024K)]
  0x000001f8ccba3d60 JavaThread "Signal Dispatcher"          daemon [_thread_blocked, id=54908, stack(0x000000eb69100000,0x000000eb69200000) (1024K)]
  0x000001f8ccba47c0 JavaThread "Attach Listener"            daemon [_thread_blocked, id=60248, stack(0x000000eb69200000,0x000000eb69300000) (1024K)]
  0x000001f8ccbae110 JavaThread "Service Thread"             daemon [_thread_blocked, id=57788, stack(0x000000eb69300000,0x000000eb69400000) (1024K)]
  0x000001f8ccbaeb70 JavaThread "Monitor Deflation Thread"   daemon [_thread_blocked, id=58700, stack(0x000000eb69400000,0x000000eb69500000) (1024K)]
=>0x000001f8ccbb85f0 JavaThread "C2 CompilerThread0"         daemon [_thread_in_native, id=59444, stack(0x000000eb69500000,0x000000eb69600000) (1024K)]
  0x000001f8ccbb9090 JavaThread "C1 CompilerThread0"         daemon [_thread_blocked, id=37948, stack(0x000000eb69600000,0x000000eb69700000) (1024K)]
  0x000001f8cce4ba10 JavaThread "Notification Thread"        daemon [_thread_blocked, id=57760, stack(0x000000eb69700000,0x000000eb69800000) (1024K)]
  0x000001f8d19d90f0 JavaThread "Daemon health stats"               [_thread_blocked, id=60472, stack(0x000000eb69d00000,0x000000eb69e00000) (1024K)]
  0x000001f8d2993910 JavaThread "Incoming local TCP Connector on port 52135"        [_thread_in_native, id=36924, stack(0x000000eb69e00000,0x000000eb69f00000) (1024K)]
  0x000001f8d28bbc50 JavaThread "Daemon periodic checks"            [_thread_blocked, id=61152, stack(0x000000eb69f00000,0x000000eb6a000000) (1024K)]
  0x000001f8d1f3e130 JavaThread "Daemon"                            [_thread_blocked, id=61156, stack(0x000000eb6a000000,0x000000eb6a100000) (1024K)]
  0x000001f8d29a0840 JavaThread "Handler for socket connection from /127.0.0.1:52135 to /127.0.0.1:52136"        [_thread_in_native, id=61164, stack(0x000000eb6a100000,0x000000eb6a200000) (1024K)]
  0x000001f8d1282ba0 JavaThread "Cancel handler"                    [_thread_blocked, id=61168, stack(0x000000eb6a200000,0x000000eb6a300000) (1024K)]
  0x000001f8d1fb3b20 JavaThread "Daemon worker"                     [_thread_in_vm, id=61172, stack(0x000000eb6a300000,0x000000eb6a400000) (1024K)]
  0x000001f8d1276030 JavaThread "Asynchronous log dispatcher for DefaultDaemonConnection: socket connection from /127.0.0.1:52135 to /127.0.0.1:52136"        [_thread_blocked, id=61176, stack(0x000000eb6a400000,0x000000eb6a500000) (1024K)]
  0x000001f8d1273f60 JavaThread "Stdin handler"                     [_thread_blocked, id=61180, stack(0x000000eb6a500000,0x000000eb6a600000) (1024K)]
  0x000001f8d12745f0 JavaThread "Daemon client event forwarder"        [_thread_blocked, id=61196, stack(0x000000eb6ac00000,0x000000eb6ad00000) (1024K)]
  0x000001f8d12766c0 JavaThread "Cache worker for journal cache (C:\Users\NAVNIT KUMAR\.gradle\caches\journal-1)"        [_thread_blocked, id=61216, stack(0x000000eb6ad00000,0x000000eb6ae00000) (1024K)]
  0x000001f8d1274c80 JavaThread "File lock request listener"        [_thread_in_native, id=61224, stack(0x000000eb6ae00000,0x000000eb6af00000) (1024K)]
  0x000001f8d1275310 JavaThread "Cache worker for file hash cache (C:\Users\NAVNIT KUMAR\.gradle\caches\8.13\fileHashes)"        [_thread_blocked, id=61240, stack(0x000000eb6af00000,0x000000eb6b000000) (1024K)]
  0x000001f8d12759a0 JavaThread "Cache worker for file hash cache (D:\team rocket\android App\PassengerApp\.gradle\8.13\fileHashes)"        [_thread_blocked, id=60228, stack(0x000000eb6b000000,0x000000eb6b100000) (1024K)]
  0x000001f8d12738d0 JavaThread "Cache worker for Build Output Cleanup Cache (D:\team rocket\android App\PassengerApp\.gradle\buildOutputCleanup)"        [_thread_blocked, id=11932, stack(0x000000eb6b100000,0x000000eb6b200000) (1024K)]
  0x000001f8d31a6340 JavaThread "File watcher server"        daemon [_thread_in_native, id=60376, stack(0x000000eb6b200000,0x000000eb6b300000) (1024K)]
  0x000001f8d31a69d0 JavaThread "File watcher consumer"      daemon [_thread_blocked, id=54732, stack(0x000000eb6b300000,0x000000eb6b400000) (1024K)]
  0x000001f8d31a4f90 JavaThread "jar transforms"                    [_thread_blocked, id=57872, stack(0x000000eb6b400000,0x000000eb6b500000) (1024K)]
  0x000001f8d31a4900 JavaThread "jar transforms Thread 2"           [_thread_blocked, id=59680, stack(0x000000eb6b500000,0x000000eb6b600000) (1024K)]
  0x000001f8d31a5620 JavaThread "jar transforms Thread 3"           [_thread_blocked, id=55616, stack(0x000000eb6b600000,0x000000eb6b700000) (1024K)]
  0x000001f8d31a7060 JavaThread "jar transforms Thread 4"           [_thread_blocked, id=58584, stack(0x000000eb6b700000,0x000000eb6b800000) (1024K)]
  0x000001f8d31a5cb0 JavaThread "jar transforms Thread 5"           [_thread_blocked, id=52600, stack(0x000000eb6b800000,0x000000eb6b900000) (1024K)]
  0x000001f8d31a76f0 JavaThread "jar transforms Thread 6"           [_thread_blocked, id=55172, stack(0x000000eb6b900000,0x000000eb6ba00000) (1024K)]
  0x000001f8d31a4270 JavaThread "jar transforms Thread 7"           [_thread_blocked, id=52436, stack(0x000000eb6ba00000,0x000000eb6bb00000) (1024K)]
  0x000001f8d2bf21e0 JavaThread "jar transforms Thread 8"           [_thread_blocked, id=51964, stack(0x000000eb6bb00000,0x000000eb6bc00000) (1024K)]
  0x000001f8d2bf1b50 JavaThread "jar transforms Thread 9"           [_thread_blocked, id=56436, stack(0x000000eb6bc00000,0x000000eb6bd00000) (1024K)]
  0x000001f8d2bf2870 JavaThread "jar transforms Thread 10"          [_thread_blocked, id=59312, stack(0x000000eb6bd00000,0x000000eb6be00000) (1024K)]
  0x000001f8d2bf0110 JavaThread "jar transforms Thread 11"          [_thread_blocked, id=56580, stack(0x000000eb6be00000,0x000000eb6bf00000) (1024K)]
  0x000001f8d2bf2f00 JavaThread "jar transforms Thread 12"          [_thread_blocked, id=41612, stack(0x000000eb6bf00000,0x000000eb6c000000) (1024K)]
Total: 40

Other Threads:
  0x000001f8cc9c1b40 VMThread "VM Thread"                           [id=55088, stack(0x000000eb68d00000,0x000000eb68e00000) (1024K)]
  0x000001f8cc9688b0 WatcherThread "VM Periodic Task Thread"        [id=52788, stack(0x000000eb68c00000,0x000000eb68d00000) (1024K)]
  0x000001f8b2c6e000 WorkerThread "GC Thread#0"                     [id=36616, stack(0x000000eb68700000,0x000000eb68800000) (1024K)]
  0x000001f8d109ca10 WorkerThread "GC Thread#1"                     [id=53048, stack(0x000000eb69800000,0x000000eb69900000) (1024K)]
  0x000001f8d106a340 WorkerThread "GC Thread#2"                     [id=53728, stack(0x000000eb69900000,0x000000eb69a00000) (1024K)]
  0x000001f8d106a6e0 WorkerThread "GC Thread#3"                     [id=60428, stack(0x000000eb69a00000,0x000000eb69b00000) (1024K)]
  0x000001f8d1c65830 WorkerThread "GC Thread#4"                     [id=60452, stack(0x000000eb69b00000,0x000000eb69c00000) (1024K)]
  0x000001f8d1ede270 WorkerThread "GC Thread#5"                     [id=60460, stack(0x000000eb69c00000,0x000000eb69d00000) (1024K)]
  0x000001f8d1277e60 WorkerThread "GC Thread#6"                     [id=61184, stack(0x000000eb6a600000,0x000000eb6a700000) (1024K)]
  0x000001f8d296b610 WorkerThread "GC Thread#7"                     [id=61228, stack(0x000000eb6a700000,0x000000eb6a800000) (1024K)]
  0x000001f8d1ca9c10 WorkerThread "GC Thread#8"                     [id=61232, stack(0x000000eb6a800000,0x000000eb6a900000) (1024K)]
  0x000001f8d1ca9870 WorkerThread "GC Thread#9"                     [id=61200, stack(0x000000eb6a900000,0x000000eb6aa00000) (1024K)]
  0x000001f8b31358e0 ConcurrentGCThread "G1 Main Marker"            [id=58312, stack(0x000000eb68800000,0x000000eb68900000) (1024K)]
  0x000001f8b31362f0 WorkerThread "G1 Conc#0"                       [id=58268, stack(0x000000eb68900000,0x000000eb68a00000) (1024K)]
  0x000001f8d1ca82b0 WorkerThread "G1 Conc#1"                       [id=61188, stack(0x000000eb6aa00000,0x000000eb6ab00000) (1024K)]
  0x000001f8d1ca8650 WorkerThread "G1 Conc#2"                       [id=61192, stack(0x000000eb6ab00000,0x000000eb6ac00000) (1024K)]
  0x000001f8b318e830 ConcurrentGCThread "G1 Refine#0"               [id=58600, stack(0x000000eb68a00000,0x000000eb68b00000) (1024K)]
  0x000001f8cc83c940 ConcurrentGCThread "G1 Service"                [id=44580, stack(0x000000eb68b00000,0x000000eb68c00000) (1024K)]
Total: 18

Threads with active compile tasks:
C2 CompilerThread0  10014 3102       4       java.net.URLClassLoader$1::run (5 bytes)
Total: 1

VM state: not at safepoint (normal execution)

VM Mutex/Monitor currently owned by a thread: None

Heap address: 0x0000000080000000, size: 2048 MB, Compressed Oops mode: 32-bit

CDS archive(s) not mapped
Compressed class space mapped at: 0x0000000100000000-0x0000000140000000, reserved size: 1073741824
Narrow klass base: 0x0000000000000000, Narrow klass shift: 3, Narrow klass range: 0x140000000

GC Precious Log:
 CardTable entry size: 512
 Card Set container configuration: InlinePtr #cards 5 size 8 Array Of Cards #cards 12 size 40 Howl #buckets 4 coarsen threshold 1843 Howl Bitmap #cards 512 size 80 coarsen threshold 460 Card regions per heap region 1 cards per card region 2048
 CPUs: 12 total, 12 available
 Memory: 7484M
 Large Page Support: Disabled
 NUMA Support: Disabled
 Compressed Oops: Enabled (32-bit)
 Heap Region Size: 1M
 Heap Min Capacity: 8M
 Heap Initial Capacity: 118M
 Heap Max Capacity: 2G
 Pre-touch: Disabled
 Parallel Workers: 10
 Concurrent Workers: 3
 Concurrent Refinement Workers: 10
 Periodic GC: Disabled

Heap:
 garbage-first heap   total 68608K, used 41552K [0x0000000080000000, 0x0000000100000000)
  region size 1024K, 10 young (10240K), 5 survivors (5120K)
 Metaspace       used 35489K, committed 36288K, reserved 1114112K
  class space    used 4861K, committed 5248K, reserved 1048576K

Heap Regions: E=young(eden), S=young(survivor), O=old, HS=humongous(starts), HC=humongous(continues), CS=collection set, F=free, TAMS=top-at-mark-start, PB=parsable bottom
|   0|0x0000000080000000, 0x0000000080100000, 0x0000000080100000|100%|HS|  |TAMS 0x0000000080000000| PB 0x0000000080000000| Complete 
|   1|0x0000000080100000, 0x0000000080200000, 0x0000000080200000|100%|HC|  |TAMS 0x0000000080100000| PB 0x0000000080100000| Complete 
|   2|0x0000000080200000, 0x0000000080300000, 0x0000000080300000|100%|HC|  |TAMS 0x0000000080200000| PB 0x0000000080200000| Complete 
|   3|0x0000000080300000, 0x0000000080400000, 0x0000000080400000|100%| O|  |TAMS 0x0000000080300000| PB 0x0000000080300000| Untracked 
|   4|0x0000000080400000, 0x0000000080500000, 0x0000000080500000|100%| O|  |TAMS 0x0000000080400000| PB 0x0000000080400000| Untracked 
|   5|0x0000000080500000, 0x0000000080600000, 0x0000000080600000|100%| O|  |TAMS 0x0000000080500000| PB 0x0000000080500000| Untracked 
|   6|0x0000000080600000, 0x0000000080700000, 0x0000000080700000|100%|HS|  |TAMS 0x0000000080600000| PB 0x0000000080600000| Complete 
|   7|0x0000000080700000, 0x0000000080800000, 0x0000000080800000|100%| O|  |TAMS 0x0000000080700000| PB 0x0000000080700000| Untracked 
|   8|0x0000000080800000, 0x0000000080900000, 0x0000000080900000|100%| O|  |TAMS 0x0000000080800000| PB 0x0000000080800000| Untracked 
|   9|0x0000000080900000, 0x0000000080a00000, 0x0000000080a00000|100%| O|  |TAMS 0x0000000080900000| PB 0x0000000080900000| Untracked 
|  10|0x0000000080a00000, 0x0000000080b00000, 0x0000000080b00000|100%| O|  |TAMS 0x0000000080a00000| PB 0x0000000080a00000| Untracked 
|  11|0x0000000080b00000, 0x0000000080c00000, 0x0000000080c00000|100%| O|  |TAMS 0x0000000080b00000| PB 0x0000000080b00000| Untracked 
|  12|0x0000000080c00000, 0x0000000080d00000, 0x0000000080d00000|100%| O|  |TAMS 0x0000000080c00000| PB 0x0000000080c00000| Untracked 
|  13|0x0000000080d00000, 0x0000000080e00000, 0x0000000080e00000|100%| O|  |TAMS 0x0000000080d00000| PB 0x0000000080d00000| Untracked 
|  14|0x0000000080e00000, 0x0000000080f00000, 0x0000000080f00000|100%| O|  |TAMS 0x0000000080e00000| PB 0x0000000080e00000| Untracked 
|  15|0x0000000080f00000, 0x0000000081000000, 0x0000000081000000|100%| O|  |TAMS 0x0000000080f00000| PB 0x0000000080f00000| Untracked 
|  16|0x0000000081000000, 0x0000000081100000, 0x0000000081100000|100%| O|  |TAMS 0x0000000081000000| PB 0x0000000081000000| Untracked 
|  17|0x0000000081100000, 0x0000000081200000, 0x0000000081200000|100%| O|  |TAMS 0x0000000081100000| PB 0x0000000081100000| Untracked 
|  18|0x0000000081200000, 0x0000000081300000, 0x0000000081300000|100%| O|  |TAMS 0x0000000081200000| PB 0x0000000081200000| Untracked 
|  19|0x0000000081300000, 0x0000000081400000, 0x0000000081400000|100%| O|Cm|TAMS 0x0000000081300000| PB 0x0000000081300000| Complete 
|  20|0x0000000081400000, 0x0000000081500000, 0x0000000081500000|100%| O|  |TAMS 0x0000000081400000| PB 0x0000000081400000| Untracked 
|  21|0x0000000081500000, 0x0000000081571f00, 0x0000000081600000| 44%| O|  |TAMS 0x0000000081500000| PB 0x0000000081500000| Untracked 
|  22|0x0000000081600000, 0x0000000081700000, 0x0000000081700000|100%|HS|  |TAMS 0x0000000081600000| PB 0x0000000081600000| Complete 
|  23|0x0000000081700000, 0x0000000081800000, 0x0000000081800000|100%|HC|  |TAMS 0x0000000081700000| PB 0x0000000081700000| Complete 
|  24|0x0000000081800000, 0x0000000081900000, 0x0000000081900000|100%|HC|  |TAMS 0x0000000081800000| PB 0x0000000081800000| Complete 
|  25|0x0000000081900000, 0x0000000081a00000, 0x0000000081a00000|100%|HC|  |TAMS 0x0000000081900000| PB 0x0000000081900000| Complete 
|  26|0x0000000081a00000, 0x0000000081b00000, 0x0000000081b00000|100%|HC|  |TAMS 0x0000000081a00000| PB 0x0000000081a00000| Complete 
|  27|0x0000000081b00000, 0x0000000081c00000, 0x0000000081c00000|100%|HC|  |TAMS 0x0000000081b00000| PB 0x0000000081b00000| Complete 
|  28|0x0000000081c00000, 0x0000000081d00000, 0x0000000081d00000|100%|HS|  |TAMS 0x0000000081c00000| PB 0x0000000081c00000| Complete 
|  29|0x0000000081d00000, 0x0000000081d00000, 0x0000000081e00000|  0%| F|  |TAMS 0x0000000081d00000| PB 0x0000000081d00000| Untracked 
|  30|0x0000000081e00000, 0x0000000081e22130, 0x0000000081f00000| 13%| S|CS|TAMS 0x0000000081e00000| PB 0x0000000081e00000| Complete 
|  31|0x0000000081f00000, 0x0000000082000000, 0x0000000082000000|100%| S|CS|TAMS 0x0000000081f00000| PB 0x0000000081f00000| Complete 
|  32|0x0000000082000000, 0x0000000082100000, 0x0000000082100000|100%|HS|  |TAMS 0x0000000082000000| PB 0x0000000082000000| Complete 
|  33|0x0000000082100000, 0x0000000082200000, 0x0000000082200000|100%|HC|  |TAMS 0x0000000082100000| PB 0x0000000082100000| Complete 
|  34|0x0000000082200000, 0x0000000082300000, 0x0000000082300000|100%|HC|  |TAMS 0x0000000082200000| PB 0x0000000082200000| Complete 
|  35|0x0000000082300000, 0x0000000082400000, 0x0000000082400000|100%|HC|  |TAMS 0x0000000082300000| PB 0x0000000082300000| Complete 
|  36|0x0000000082400000, 0x0000000082500000, 0x0000000082500000|100%| S|CS|TAMS 0x0000000082400000| PB 0x0000000082400000| Complete 
|  37|0x0000000082500000, 0x0000000082600000, 0x0000000082600000|100%| S|CS|TAMS 0x0000000082500000| PB 0x0000000082500000| Complete 
|  38|0x0000000082600000, 0x0000000082700000, 0x0000000082700000|100%| S|CS|TAMS 0x0000000082600000| PB 0x0000000082600000| Complete 
|  39|0x0000000082700000, 0x0000000082700000, 0x0000000082800000|  0%| F|  |TAMS 0x0000000082700000| PB 0x0000000082700000| Untracked 
|  40|0x0000000082800000, 0x0000000082800000, 0x0000000082900000|  0%| F|  |TAMS 0x0000000082800000| PB 0x0000000082800000| Untracked 
|  41|0x0000000082900000, 0x0000000082900000, 0x0000000082a00000|  0%| F|  |TAMS 0x0000000082900000| PB 0x0000000082900000| Untracked 
|  42|0x0000000082a00000, 0x0000000082a00000, 0x0000000082b00000|  0%| F|  |TAMS 0x0000000082a00000| PB 0x0000000082a00000| Untracked 
|  43|0x0000000082b00000, 0x0000000082b00000, 0x0000000082c00000|  0%| F|  |TAMS 0x0000000082b00000| PB 0x0000000082b00000| Untracked 
|  44|0x0000000082c00000, 0x0000000082c00000, 0x0000000082d00000|  0%| F|  |TAMS 0x0000000082c00000| PB 0x0000000082c00000| Untracked 
|  45|0x0000000082d00000, 0x0000000082d00000, 0x0000000082e00000|  0%| F|  |TAMS 0x0000000082d00000| PB 0x0000000082d00000| Untracked 
|  46|0x0000000082e00000, 0x0000000082e00000, 0x0000000082f00000|  0%| F|  |TAMS 0x0000000082e00000| PB 0x0000000082e00000| Untracked 
|  47|0x0000000082f00000, 0x0000000082f00000, 0x0000000083000000|  0%| F|  |TAMS 0x0000000082f00000| PB 0x0000000082f00000| Untracked 
|  48|0x0000000083000000, 0x0000000083000000, 0x0000000083100000|  0%| F|  |TAMS 0x0000000083000000| PB 0x0000000083000000| Untracked 
|  49|0x0000000083100000, 0x0000000083100000, 0x0000000083200000|  0%| F|  |TAMS 0x0000000083100000| PB 0x0000000083100000| Untracked 
|  50|0x0000000083200000, 0x0000000083200000, 0x0000000083300000|  0%| F|  |TAMS 0x0000000083200000| PB 0x0000000083200000| Untracked 
|  51|0x0000000083300000, 0x0000000083300000, 0x0000000083400000|  0%| F|  |TAMS 0x0000000083300000| PB 0x0000000083300000| Untracked 
|  52|0x0000000083400000, 0x0000000083400000, 0x0000000083500000|  0%| F|  |TAMS 0x0000000083400000| PB 0x0000000083400000| Untracked 
|  53|0x0000000083500000, 0x0000000083500000, 0x0000000083600000|  0%| F|  |TAMS 0x0000000083500000| PB 0x0000000083500000| Untracked 
|  54|0x0000000083600000, 0x0000000083600000, 0x0000000083700000|  0%| F|  |TAMS 0x0000000083600000| PB 0x0000000083600000| Untracked 
|  55|0x0000000083700000, 0x0000000083700000, 0x0000000083800000|  0%| F|  |TAMS 0x0000000083700000| PB 0x0000000083700000| Untracked 
|  56|0x0000000083800000, 0x0000000083800000, 0x0000000083900000|  0%| F|  |TAMS 0x0000000083800000| PB 0x0000000083800000| Untracked 
|  57|0x0000000083900000, 0x0000000083900000, 0x0000000083a00000|  0%| F|  |TAMS 0x0000000083900000| PB 0x0000000083900000| Untracked 
|  84|0x0000000085400000, 0x0000000085400000, 0x0000000085500000|  0%| F|  |TAMS 0x0000000085400000| PB 0x0000000085400000| Untracked 
|  85|0x0000000085500000, 0x0000000085500000, 0x0000000085600000|  0%| F|  |TAMS 0x0000000085500000| PB 0x0000000085500000| Untracked 
|  86|0x0000000085600000, 0x0000000085600000, 0x0000000085700000|  0%| F|  |TAMS 0x0000000085600000| PB 0x0000000085600000| Untracked 
|  87|0x0000000085700000, 0x0000000085700000, 0x0000000085800000|  0%| F|  |TAMS 0x0000000085700000| PB 0x0000000085700000| Untracked 
|  88|0x0000000085800000, 0x0000000085880f10, 0x0000000085900000| 50%| E|  |TAMS 0x0000000085800000| PB 0x0000000085800000| Complete 
|  89|0x0000000085900000, 0x0000000085a00000, 0x0000000085a00000|100%| E|CS|TAMS 0x0000000085900000| PB 0x0000000085900000| Complete 
|  90|0x0000000085a00000, 0x0000000085b00000, 0x0000000085b00000|100%| E|CS|TAMS 0x0000000085a00000| PB 0x0000000085a00000| Complete 
|  91|0x0000000085b00000, 0x0000000085c00000, 0x0000000085c00000|100%| E|CS|TAMS 0x0000000085b00000| PB 0x0000000085b00000| Complete 
| 117|0x0000000087500000, 0x0000000087600000, 0x0000000087600000|100%| E|CS|TAMS 0x0000000087500000| PB 0x0000000087500000| Complete 

Card table byte_map: [0x000001f8c78b0000,0x000001f8c7cb0000] _byte_map_base: 0x000001f8c74b0000

Marking Bits: (CMBitMap*) 0x000001f8b2c6e610
 Bits: [0x000001f8c7cb0000, 0x000001f8c9cb0000)

Polling page: 0x000001f8b3190000

Metaspace:

Usage:
  Non-class:     29.91 MB used.
      Class:      4.75 MB used.
       Both:     34.66 MB used.

Virtual space:
  Non-class space:       64.00 MB reserved,      30.31 MB ( 47%) committed,  1 nodes.
      Class space:        1.00 GB reserved,       5.12 MB ( <1%) committed,  1 nodes.
             Both:        1.06 GB reserved,      35.44 MB (  3%) committed. 

Chunk freelists:
   Non-Class:  781.00 KB
       Class:  10.82 MB
        Both:  11.58 MB

MaxMetaspaceSize: unlimited
CompressedClassSpaceSize: 1.00 GB
Initial GC threshold: 21.00 MB
Current GC threshold: 58.69 MB
CDS: off
 - commit_granule_bytes: 65536.
 - commit_granule_words: 8192.
 - virtual_space_node_default_size: 8388608.
 - enlarge_chunks_in_place: 1.
 - use_allocation_guard: 0.


Internal statistics:

num_allocs_failed_limit: 6.
num_arena_births: 1430.
num_arena_deaths: 0.
num_vsnodes_births: 2.
num_vsnodes_deaths: 0.
num_space_committed: 567.
num_space_uncommitted: 0.
num_chunks_returned_to_freelist: 6.
num_chunks_taken_from_freelist: 2614.
num_chunk_merges: 6.
num_chunk_splits: 1665.
num_chunks_enlarged: 1008.
num_inconsistent_stats: 0.

CodeHeap 'non-profiled nmethods': size=120000Kb used=1533Kb max_used=1757Kb free=118466Kb
 bounds [0x000001f8bf300000, 0x000001f8bf570000, 0x000001f8c6830000]
CodeHeap 'profiled nmethods': size=120000Kb used=6051Kb max_used=6775Kb free=113948Kb
 bounds [0x000001f8b7830000, 0x000001f8b7ee0000, 0x000001f8bed60000]
CodeHeap 'non-nmethods': size=5760Kb used=1487Kb max_used=1529Kb free=4272Kb
 bounds [0x000001f8bed60000, 0x000001f8befd0000, 0x000001f8bf300000]
 total_blobs=3646 nmethods=3065 adapters=485
 compilation: enabled
              stopped_count=0, restarted_count=0
 full_count=0

Compilation events (20 events):
Event: 9.784 Thread 0x000001f8ccbb9090 3467       3       com.google.common.collect.RegularImmutableSet::contains (57 bytes)
Event: 9.784 Thread 0x000001f8ccbb9090 nmethod 3467 0x000001f8b789c610 code [0x000001f8b789c820, 0x000001f8b789cd78]
Event: 9.787 Thread 0x000001f8ccbb9090 3468       1       com.google.common.cache.LocalCache$StrongEntry::setValueReference (6 bytes)
Event: 9.787 Thread 0x000001f8ccbb9090 nmethod 3468 0x000001f8bf400210 code [0x000001f8bf4003a0, 0x000001f8bf4004b8]
Event: 9.787 Thread 0x000001f8ccbb9090 3470       3       java.util.AbstractQueue::add (20 bytes)
Event: 9.787 Thread 0x000001f8ccbb9090 nmethod 3470 0x000001f8b7987390 code [0x000001f8b7987560, 0x000001f8b7987830]
Event: 9.787 Thread 0x000001f8ccbb9090 3469       1       org.gradle.cache.internal.btree.BlockPayload::getBlock (5 bytes)
Event: 9.788 Thread 0x000001f8ccbb9090 nmethod 3469 0x000001f8bf3ffc90 code [0x000001f8bf3ffe20, 0x000001f8bf3ffee8]
Event: 9.788 Thread 0x000001f8ccbb9090 3471       3       org.gradle.internal.time.TimeSource$1::nanoTime (4 bytes)
Event: 9.788 Thread 0x000001f8ccbb9090 nmethod 3471 0x000001f8b78dfb90 code [0x000001f8b78dfd40, 0x000001f8b78dfe70]
Event: 9.788 Thread 0x000001f8ccbb9090 3473       3       jdk.internal.misc.Unsafe::weakCompareAndSetReference (11 bytes)
Event: 9.788 Thread 0x000001f8ccbb9090 nmethod 3473 0x000001f8b78f3990 code [0x000001f8b78f3b20, 0x000001f8b78f3c90]
Event: 9.788 Thread 0x000001f8ccbb9090 3474       3       jdk.internal.misc.Unsafe::putLongUnaligned (14 bytes)
Event: 9.789 Thread 0x000001f8ccbb9090 nmethod 3474 0x000001f8b7a01e90 code [0x000001f8b7a02040, 0x000001f8b7a02248]
Event: 9.789 Thread 0x000001f8ccbb9090 3475       3       jdk.internal.misc.Unsafe::putLongUnaligned (157 bytes)
Event: 9.789 Thread 0x000001f8ccbb9090 nmethod 3475 0x000001f8b793c990 code [0x000001f8b793cb80, 0x000001f8b793d0f8]
Event: 9.789 Thread 0x000001f8ccbb9090 3476       3       java.io.DataOutputStream::writeLong (30 bytes)
Event: 9.789 Thread 0x000001f8ccbb9090 nmethod 3476 0x000001f8b790e910 code [0x000001f8b790eae0, 0x000001f8b790edb0]
Event: 9.789 Thread 0x000001f8ccbb9090 3477       3       sun.security.provider.MD5::implCompress (13 bytes)
Event: 9.790 Thread 0x000001f8ccbb9090 nmethod 3477 0x000001f8b7954b90 code [0x000001f8b7954d80, 0x000001f8b79551b0]

GC Heap History (14 events):
Event: 2.011 GC heap before
{Heap before GC invocations=0 (full 0):
 garbage-first heap   total 120832K, used 22528K [0x0000000080000000, 0x0000000100000000)
  region size 1024K, 23 young (23552K), 0 survivors (0K)
 Metaspace       used 8137K, committed 8256K, reserved 1114112K
  class space    used 735K, committed 768K, reserved 1048576K
}
Event: 2.017 GC heap after
{Heap after GC invocations=1 (full 0):
 garbage-first heap   total 120832K, used 1840K [0x0000000080000000, 0x0000000100000000)
  region size 1024K, 2 young (2048K), 2 survivors (2048K)
 Metaspace       used 8137K, committed 8256K, reserved 1114112K
  class space    used 735K, committed 768K, reserved 1048576K
}
Event: 3.709 GC heap before
{Heap before GC invocations=1 (full 0):
 garbage-first heap   total 120832K, used 39728K [0x0000000080000000, 0x0000000100000000)
  region size 1024K, 37 young (37888K), 2 survivors (2048K)
 Metaspace       used 12355K, committed 12544K, reserved 1114112K
  class space    used 1317K, committed 1408K, reserved 1048576K
}
Event: 3.719 GC heap after
{Heap after GC invocations=2 (full 0):
 garbage-first heap   total 120832K, used 10836K [0x0000000080000000, 0x0000000100000000)
  region size 1024K, 5 young (5120K), 5 survivors (5120K)
 Metaspace       used 12355K, committed 12544K, reserved 1114112K
  class space    used 1317K, committed 1408K, reserved 1048576K
}
Event: 5.155 GC heap before
{Heap before GC invocations=2 (full 0):
 garbage-first heap   total 120832K, used 59988K [0x0000000080000000, 0x0000000100000000)
  region size 1024K, 51 young (52224K), 5 survivors (5120K)
 Metaspace       used 13056K, committed 13312K, reserved 1114112K
  class space    used 1438K, committed 1536K, reserved 1048576K
}
Event: 5.243 GC heap after
{Heap after GC invocations=3 (full 0):
 garbage-first heap   total 120832K, used 16529K [0x0000000080000000, 0x0000000100000000)
  region size 1024K, 5 young (5120K), 5 survivors (5120K)
 Metaspace       used 13056K, committed 13312K, reserved 1114112K
  class space    used 1438K, committed 1536K, reserved 1048576K
}
Event: 6.465 GC heap before
{Heap before GC invocations=3 (full 0):
 garbage-first heap   total 120832K, used 42129K [0x0000000080000000, 0x0000000100000000)
  region size 1024K, 31 young (31744K), 5 survivors (5120K)
 Metaspace       used 21232K, committed 21504K, reserved 1114112K
  class space    used 2464K, committed 2624K, reserved 1048576K
}
Event: 6.470 GC heap after
{Heap after GC invocations=4 (full 0):
 garbage-first heap   total 120832K, used 20100K [0x0000000080000000, 0x0000000100000000)
  region size 1024K, 8 young (8192K), 8 survivors (8192K)
 Metaspace       used 21232K, committed 21504K, reserved 1114112K
  class space    used 2464K, committed 2624K, reserved 1048576K
}
Event: 7.905 GC heap before
{Heap before GC invocations=5 (full 0):
 garbage-first heap   total 68608K, used 52868K [0x0000000080000000, 0x0000000100000000)
  region size 1024K, 40 young (40960K), 8 survivors (8192K)
 Metaspace       used 27202K, committed 27712K, reserved 1114112K
  class space    used 3381K, committed 3648K, reserved 1048576K
}
Event: 7.919 GC heap after
{Heap after GC invocations=6 (full 0):
 garbage-first heap   total 68608K, used 22114K [0x0000000080000000, 0x0000000100000000)
  region size 1024K, 3 young (3072K), 3 survivors (3072K)
 Metaspace       used 27202K, committed 27712K, reserved 1114112K
  class space    used 3381K, committed 3648K, reserved 1048576K
}
Event: 8.948 GC heap before
{Heap before GC invocations=6 (full 0):
 garbage-first heap   total 68608K, used 52834K [0x0000000080000000, 0x0000000100000000)
  region size 1024K, 34 young (34816K), 3 survivors (3072K)
 Metaspace       used 31262K, committed 31872K, reserved 1114112K
  class space    used 4112K, committed 4416K, reserved 1048576K
}
Event: 8.951 GC heap after
{Heap after GC invocations=7 (full 0):
 garbage-first heap   total 68608K, used 24202K [0x0000000080000000, 0x0000000100000000)
  region size 1024K, 4 young (4096K), 4 survivors (4096K)
 Metaspace       used 31262K, committed 31872K, reserved 1114112K
  class space    used 4112K, committed 4416K, reserved 1048576K
}
Event: 9.672 GC heap before
{Heap before GC invocations=7 (full 0):
 garbage-first heap   total 68608K, used 51850K [0x0000000080000000, 0x0000000100000000)
  region size 1024K, 32 young (32768K), 4 survivors (4096K)
 Metaspace       used 35191K, committed 35968K, reserved 1114112K
  class space    used 4798K, committed 5184K, reserved 1048576K
}
Event: 9.676 GC heap after
{Heap after GC invocations=8 (full 0):
 garbage-first heap   total 68608K, used 26192K [0x0000000080000000, 0x0000000100000000)
  region size 1024K, 5 young (5120K), 5 survivors (5120K)
 Metaspace       used 35191K, committed 35968K, reserved 1114112K
  class space    used 4798K, committed 5184K, reserved 1048576K
}

Dll operation events (3 events):
Event: 0.071 Loaded shared library C:\Program Files\Android\Android Studio\jbr\bin\java.dll
Event: 0.118 Loaded shared library C:\Program Files\Android\Android Studio\jbr\bin\zip.dll
Event: 2.400 Loaded shared library C:\Program Files\Android\Android Studio\jbr\bin\verify.dll

Deoptimization events (20 events):
Event: 9.772 Thread 0x000001f8d31a4900 Uncommon trap: trap_request=0xffffffde fr.pc=0x000001f8bf448fe0 relative=0x0000000000000e60
Event: 9.772 Thread 0x000001f8d31a5620 DEOPT PACKING pc=0x000001f8bf448fe0 sp=0x000000eb6b6fdfd0
Event: 9.772 Thread 0x000001f8d31a4900 Uncommon trap: reason=class_check action=maybe_recompile pc=0x000001f8bf448fe0 method=java.util.concurrent.ConcurrentHashMap.putVal(Ljava/lang/Object;Ljava/lang/Object;Z)Ljava/lang/Object; @ 242 c2
Event: 9.772 Thread 0x000001f8d31a4900 DEOPT PACKING pc=0x000001f8bf448fe0 sp=0x000000eb6b5fd590
Event: 9.772 Thread 0x000001f8d31a5620 DEOPT UNPACKING pc=0x000001f8bedb46a2 sp=0x000000eb6b6fdf40 mode 2
Event: 9.772 Thread 0x000001f8d31a4900 DEOPT UNPACKING pc=0x000001f8bedb46a2 sp=0x000000eb6b5fd500 mode 2
Event: 9.772 Thread 0x000001f8d31a4900 Uncommon trap: trap_request=0xffffff54 fr.pc=0x000001f8bf4baa40 relative=0x0000000000002f20
Event: 9.772 Thread 0x000001f8d31a4900 Uncommon trap: reason=speculate_null_assert action=make_not_entrant pc=0x000001f8bf4baa40 method=jdk.internal.util.ReferencedKeyMap.internKey(Ljdk/internal/util/ReferencedKeyMap;Ljava/lang/Object;)Ljava/lang/Object; @ 28 c2
Event: 9.772 Thread 0x000001f8d31a4900 DEOPT PACKING pc=0x000001f8bf4baa40 sp=0x000000eb6b5fd640
Event: 9.772 Thread 0x000001f8d31a4900 DEOPT UNPACKING pc=0x000001f8bedb46a2 sp=0x000000eb6b5fd4f0 mode 2
Event: 9.776 Thread 0x000001f8d1fb3b20 Uncommon trap: trap_request=0xffffffc6 fr.pc=0x000001f8bf460f14 relative=0x0000000000004c94
Event: 9.776 Thread 0x000001f8d1fb3b20 Uncommon trap: reason=bimorphic_or_optimized_type_check action=maybe_recompile pc=0x000001f8bf460f14 method=java.lang.ClassLoader.loadClass(Ljava/lang/String;Z)Ljava/lang/Class; @ 38 c2
Event: 9.776 Thread 0x000001f8d1fb3b20 DEOPT PACKING pc=0x000001f8bf460f14 sp=0x000000eb6a3fbc60
Event: 9.776 Thread 0x000001f8d1fb3b20 DEOPT UNPACKING pc=0x000001f8bedb46a2 sp=0x000000eb6a3fbc80 mode 2
Event: 9.920 Thread 0x000001f8d1fb3b20 DEOPT PACKING pc=0x000001f8b792a959 sp=0x000000eb6a3fb180
Event: 9.920 Thread 0x000001f8d1fb3b20 DEOPT UNPACKING pc=0x000001f8bedb4e42 sp=0x000000eb6a3fa608 mode 0
Event: 9.965 Thread 0x000001f8d1fb3b20 Uncommon trap: trap_request=0xffffffc6 fr.pc=0x000001f8bf460f14 relative=0x0000000000004c94
Event: 9.965 Thread 0x000001f8d1fb3b20 Uncommon trap: reason=bimorphic_or_optimized_type_check action=maybe_recompile pc=0x000001f8bf460f14 method=java.lang.ClassLoader.loadClass(Ljava/lang/String;Z)Ljava/lang/Class; @ 38 c2
Event: 9.965 Thread 0x000001f8d1fb3b20 DEOPT PACKING pc=0x000001f8bf460f14 sp=0x000000eb6a3fa270
Event: 9.965 Thread 0x000001f8d1fb3b20 DEOPT UNPACKING pc=0x000001f8bedb46a2 sp=0x000000eb6a3fa290 mode 2

Classes loaded (20 events):
Event: 9.222 Loading class java/io/UnsupportedEncodingException
Event: 9.222 Loading class java/io/UnsupportedEncodingException done
Event: 9.265 Loading class java/util/Collections$SingletonMap
Event: 9.265 Loading class java/util/Collections$SingletonMap done
Event: 9.548 Loading class java/util/concurrent/TimeoutException
Event: 9.548 Loading class java/util/concurrent/TimeoutException done
Event: 9.548 Loading class java/util/concurrent/CancellationException
Event: 9.548 Loading class java/util/concurrent/CancellationException done
Event: 9.592 Loading class java/util/concurrent/locks/AbstractQueuedSynchronizer$SharedNode
Event: 9.592 Loading class java/util/concurrent/locks/AbstractQueuedSynchronizer$SharedNode done
Event: 9.599 Loading class java/io/InterruptedIOException
Event: 9.599 Loading class java/io/InterruptedIOException done
Event: 9.610 Loading class java/util/ArrayDeque$DeqSpliterator
Event: 9.610 Loading class java/util/ArrayDeque$DeqSpliterator done
Event: 9.630 Loading class java/nio/charset/CharacterCodingException
Event: 9.630 Loading class java/nio/charset/CharacterCodingException done
Event: 9.631 Loading class java/lang/Short$ShortCache
Event: 9.631 Loading class java/lang/Short$ShortCache done
Event: 9.766 Loading class sun/nio/fs/WindowsPath$1
Event: 9.766 Loading class sun/nio/fs/WindowsPath$1 done

Classes unloaded (0 events):
No events

Classes redefined (0 events):
No events

Internal exceptions (20 events):
Event: 8.992 Thread 0x000001f8d1fb3b20 Exception <a 'java/lang/NoSuchMethodError'{0x0000000085bfac50}: 'java.lang.Object java.lang.invoke.DirectMethodHandle$Holder.newInvokeSpecial(java.lang.Object, java.lang.Object, java.lang.Object, java.lang.Object, java.lang.Object, java.lang.Object, java.lang.Object)'> (0x0000000085bfac50) 
thrown [s\src\hotspot\share\interpreter\linkResolver.cpp, line 784]
Event: 9.032 Thread 0x000001f8d1fb3b20 Exception <a 'java/lang/NoSuchMethodError'{0x000000008599e4a8}: 'java.lang.Object java.lang.invoke.DirectMethodHandle$Holder.invokeVirtual(java.lang.Object, java.lang.Object, java.lang.Object, java.lang.Object, java.lang.Object, java.lang.Object, java.lang.Object, java.lang.Object, java.lang.Object, java.lang.Object, java.lang.Object)'> (0x000000008599e4a8) 
thrown [s\src\hotspot\share\interpreter\linkResolver.cpp, line 784]
Event: 9.279 Thread 0x000001f8d1fb3b20 Exception <a 'java/lang/NoSuchMethodError'{0x0000000083636b68}: 'java.lang.Object java.lang.invoke.DirectMethodHandle$Holder.invokeSpecial(java.lang.Object, java.lang.Object, java.lang.Object, java.lang.Object, java.lang.Object, java.lang.Object, java.lang.Object, java.lang.Object, java.lang.Object, java.lang.Object, java.lang.Object, java.lang.Object, java.lang.Object, java.lang.Object, java.lang.Object, java.lang.Object, java.lang.Object, java.lang.Object, java.lang.Object, java.lang.Object, java.lang.Ob
Event: 9.279 Thread 0x000001f8d1fb3b20 Exception <a 'java/lang/NoSuchMethodError'{0x000000008363c560}: 'java.lang.Object java.lang.invoke.DelegatingMethodHandle$Holder.reinvoke_L(java.lang.Object, java.lang.Object, java.lang.Object, java.lang.Object, java.lang.Object, java.lang.Object, java.lang.Object, java.lang.Object, java.lang.Object, java.lang.Object, java.lang.Object, java.lang.Object, java.lang.Object, java.lang.Object, java.lang.Object, java.lang.Object, java.lang.Object, java.lang.Object, java.lang.Object, java.lang.Object, java.lang.O
Event: 9.280 Thread 0x000001f8d1fb3b20 Exception <a 'java/lang/NoSuchMethodError'{0x0000000083647cc0}: 'java.lang.Object java.lang.invoke.DirectMethodHandle$Holder.invokeSpecial(java.lang.Object, java.lang.Object, java.lang.Object, java.lang.Object, java.lang.Object, java.lang.Object, java.lang.Object, java.lang.Object, java.lang.Object, java.lang.Object, java.lang.Object, java.lang.Object, java.lang.Object, java.lang.Object, java.lang.Object, java.lang.Object, java.lang.Object, java.lang.Object, java.lang.Object, java.lang.Object, java.lang.Ob
Event: 9.280 Thread 0x000001f8d1fb3b20 Exception <a 'java/lang/NoSuchMethodError'{0x000000008364d4d8}: 'java.lang.Object java.lang.invoke.Invokers$Holder.invoker(java.lang.Object, java.lang.Object, java.lang.Object, java.lang.Object, java.lang.Object, java.lang.Object, java.lang.Object, java.lang.Object, java.lang.Object, java.lang.Object, java.lang.Object, java.lang.Object, java.lang.Object, java.lang.Object, java.lang.Object, java.lang.Object, java.lang.Object, java.lang.Object, java.lang.Object, java.lang.Object, java.lang.Object, java.lang.
Event: 9.280 Thread 0x000001f8d1fb3b20 Exception <a 'java/lang/NoSuchMethodError'{0x0000000083653700}: 'java.lang.Object java.lang.invoke.DelegatingMethodHandle$Holder.delegate(java.lang.Object, java.lang.Object, java.lang.Object, java.lang.Object, java.lang.Object, java.lang.Object, java.lang.Object, java.lang.Object, java.lang.Object, java.lang.Object, java.lang.Object, java.lang.Object, java.lang.Object, java.lang.Object, java.lang.Object, java.lang.Object, java.lang.Object, java.lang.Object, java.lang.Object, java.lang.Object, java.lang.Obj
Event: 9.325 Thread 0x000001f8d1fb3b20 Exception <a 'java/lang/NoSuchMethodError'{0x000000008348c440}: 'java.lang.Object java.lang.invoke.DirectMethodHandle$Holder.invokeStaticInit(java.lang.Object, java.lang.Object, java.lang.Object, java.lang.Object)'> (0x000000008348c440) 
thrown [s\src\hotspot\share\interpreter\linkResolver.cpp, line 784]
Event: 9.368 Thread 0x000001f8d1fb3b20 Exception <a 'java/lang/NoSuchMethodError'{0x000000008321c688}: 'java.lang.Object java.lang.invoke.DirectMethodHandle$Holder.newInvokeSpecial(java.lang.Object, java.lang.Object, java.lang.Object, java.lang.Object, java.lang.Object, java.lang.Object, java.lang.Object, java.lang.Object)'> (0x000000008321c688) 
thrown [s\src\hotspot\share\interpreter\linkResolver.cpp, line 784]
Event: 9.375 Thread 0x000001f8d1fb3b20 Exception <a 'java/lang/NoSuchMethodError'{0x00000000832648c8}: 'void java.lang.invoke.DirectMethodHandle$Holder.invokeStatic(java.lang.Object, java.lang.Object, java.lang.Object, java.lang.Object)'> (0x00000000832648c8) 
thrown [s\src\hotspot\share\interpreter\linkResolver.cpp, line 784]
Event: 9.392 Thread 0x000001f8d1fb3b20 Exception <a 'java/lang/NoSuchMethodError'{0x00000000832f4d58}: 'java.lang.Object java.lang.invoke.DirectMethodHandle$Holder.invokeVirtual(java.lang.Object, java.lang.Object, java.lang.Object, java.lang.Object, java.lang.Object, java.lang.Object, java.lang.Object, java.lang.Object, java.lang.Object, java.lang.Object, java.lang.Object, java.lang.Object, java.lang.Object)'> (0x00000000832f4d58) 
thrown [s\src\hotspot\share\interpreter\linkResolver.cpp, line 784]
Event: 9.393 Thread 0x000001f8d1fb3b20 Exception <a 'java/lang/NoSuchMethodError'{0x00000000832fa000}: 'java.lang.Object java.lang.invoke.DirectMethodHandle$Holder.invokeSpecial(java.lang.Object, java.lang.Object, java.lang.Object, java.lang.Object, java.lang.Object, java.lang.Object, java.lang.Object, java.lang.Object, java.lang.Object, java.lang.Object, java.lang.Object, java.lang.Object, java.lang.Object, java.lang.Object)'> (0x00000000832fa000) 
thrown [s\src\hotspot\share\interpreter\linkResolver.cpp, line 784]
Event: 9.393 Thread 0x000001f8d1fb3b20 Exception <a 'java/lang/NoSuchMethodError'{0x00000000832fed60}: 'java.lang.Object java.lang.invoke.DelegatingMethodHandle$Holder.reinvoke_L(java.lang.Object, java.lang.Object, java.lang.Object, java.lang.Object, java.lang.Object, java.lang.Object, java.lang.Object, java.lang.Object, java.lang.Object, java.lang.Object, java.lang.Object, java.lang.Object, java.lang.Object)'> (0x00000000832fed60) 
thrown [s\src\hotspot\share\interpreter\linkResolver.cpp, line 784]
Event: 9.519 Thread 0x000001f8d1fb3b20 Exception <a 'java/lang/NoSuchMethodError'{0x0000000082c6cf88}: 'java.lang.Object java.lang.invoke.DirectMethodHandle$Holder.newInvokeSpecial(java.lang.Object, java.lang.Object, java.lang.Object, java.lang.Object, java.lang.Object, java.lang.Object, java.lang.Object, java.lang.Object, java.lang.Object)'> (0x0000000082c6cf88) 
thrown [s\src\hotspot\share\interpreter\linkResolver.cpp, line 784]
Event: 9.647 Thread 0x000001f8d1fb3b20 Exception <a 'java/lang/NoSuchMethodError'{0x0000000082886118}: 'java.lang.Object java.lang.invoke.DirectMethodHandle$Holder.newInvokeSpecial(java.lang.Object, java.lang.Object, long)'> (0x0000000082886118) 
thrown [s\src\hotspot\share\interpreter\linkResolver.cpp, line 784]
Event: 9.647 Thread 0x000001f8d1fb3b20 Exception <a 'java/lang/NoSuchMethodError'{0x000000008288a260}: 'java.lang.Object java.lang.invoke.Invokers$Holder.linkToTargetMethod(java.lang.Object, long, java.lang.Object)'> (0x000000008288a260) 
thrown [s\src\hotspot\share\interpreter\linkResolver.cpp, line 784]
Event: 9.707 Thread 0x000001f8d1fb3b20 Exception <a 'java/lang/NoSuchMethodError'{0x00000000875cbfc8}: 'int java.lang.invoke.DirectMethodHandle$Holder.invokeInterface(java.lang.Object, java.lang.Object)'> (0x00000000875cbfc8) 
thrown [s\src\hotspot\share\interpreter\linkResolver.cpp, line 784]
Event: 9.710 Thread 0x000001f8d1fb3b20 Exception <a 'java/lang/NoSuchMethodError'{0x00000000875efd68}: 'java.lang.Object java.lang.invoke.DirectMethodHandle$Holder.invokeStatic(java.lang.Object, java.lang.Object, int, java.lang.Object)'> (0x00000000875efd68) 
thrown [s\src\hotspot\share\interpreter\linkResolver.cpp, line 784]
Event: 9.710 Thread 0x000001f8d1fb3b20 Exception <a 'java/lang/NoSuchMethodError'{0x00000000875f6c50}: 'java.lang.Object java.lang.invoke.DirectMethodHandle$Holder.newInvokeSpecial(java.lang.Object, java.lang.Object, int, java.lang.Object)'> (0x00000000875f6c50) 
thrown [s\src\hotspot\share\interpreter\linkResolver.cpp, line 784]
Event: 9.710 Thread 0x000001f8d1fb3b20 Exception <a 'java/lang/NoSuchMethodError'{0x00000000875fb178}: 'java.lang.Object java.lang.invoke.DirectMethodHandle$Holder.invokeSpecial(java.lang.Object, java.lang.Object, java.lang.Object, int, java.lang.Object)'> (0x00000000875fb178) 
thrown [s\src\hotspot\share\interpreter\linkResolver.cpp, line 784]

ZGC Phase Switch (0 events):
No events

VM Operations (20 events):
Event: 7.435 Executing VM operation: HandshakeAllThreads (Deoptimize)
Event: 7.435 Executing VM operation: HandshakeAllThreads (Deoptimize) done
Event: 7.905 Executing VM operation: G1CollectForAllocation (G1 Evacuation Pause)
Event: 7.920 Executing VM operation: G1CollectForAllocation (G1 Evacuation Pause) done
Event: 7.996 Executing VM operation: HandshakeAllThreads (Deoptimize)
Event: 7.996 Executing VM operation: HandshakeAllThreads (Deoptimize) done
Event: 7.997 Executing VM operation: HandshakeAllThreads (Deoptimize)
Event: 7.997 Executing VM operation: HandshakeAllThreads (Deoptimize) done
Event: 8.947 Executing VM operation: G1CollectForAllocation (G1 Evacuation Pause)
Event: 8.951 Executing VM operation: G1CollectForAllocation (G1 Evacuation Pause) done
Event: 9.669 Executing VM operation: HandshakeAllThreads (Deoptimize)
Event: 9.669 Executing VM operation: HandshakeAllThreads (Deoptimize) done
Event: 9.671 Executing VM operation: HandshakeAllThreads (Deoptimize)
Event: 9.671 Executing VM operation: HandshakeAllThreads (Deoptimize) done
Event: 9.672 Executing VM operation: CollectForMetadataAllocation (Metadata GC Threshold)
Event: 9.676 Executing VM operation: CollectForMetadataAllocation (Metadata GC Threshold) done
Event: 9.685 Executing VM operation: G1PauseRemark
Event: 9.688 Executing VM operation: G1PauseRemark done
Event: 9.690 Executing VM operation: G1PauseCleanup
Event: 9.691 Executing VM operation: G1PauseCleanup done

Memory protections (0 events):
No events

Nmethod flushes (20 events):
Event: 9.687 Thread 0x000001f8cc9c1b40 flushing  nmethod 0x000001f8b7911690
Event: 9.687 Thread 0x000001f8cc9c1b40 flushing  nmethod 0x000001f8b7914910
Event: 9.687 Thread 0x000001f8cc9c1b40 flushing  nmethod 0x000001f8b7916a10
Event: 9.687 Thread 0x000001f8cc9c1b40 flushing  nmethod 0x000001f8b791b010
Event: 9.687 Thread 0x000001f8cc9c1b40 flushing  nmethod 0x000001f8b7920610
Event: 9.687 Thread 0x000001f8cc9c1b40 flushing  nmethod 0x000001f8b799ef10
Event: 9.687 Thread 0x000001f8cc9c1b40 flushing  nmethod 0x000001f8b799fc90
Event: 9.687 Thread 0x000001f8cc9c1b40 flushing  nmethod 0x000001f8b79a0e90
Event: 9.687 Thread 0x000001f8cc9c1b40 flushing  nmethod 0x000001f8b79a6b90
Event: 9.687 Thread 0x000001f8cc9c1b40 flushing  nmethod 0x000001f8b79a7710
Event: 9.687 Thread 0x000001f8cc9c1b40 flushing  nmethod 0x000001f8b7a00c10
Event: 9.687 Thread 0x000001f8cc9c1b40 flushing  nmethod 0x000001f8b7a01510
Event: 9.687 Thread 0x000001f8cc9c1b40 flushing  nmethod 0x000001f8b7a01e90
Event: 9.687 Thread 0x000001f8cc9c1b40 flushing  nmethod 0x000001f8b7a03c90
Event: 9.687 Thread 0x000001f8cc9c1b40 flushing  nmethod 0x000001f8b7a61410
Event: 9.687 Thread 0x000001f8cc9c1b40 flushing  nmethod 0x000001f8b7a63690
Event: 9.687 Thread 0x000001f8cc9c1b40 flushing  nmethod 0x000001f8b7a63b10
Event: 9.687 Thread 0x000001f8cc9c1b40 flushing  nmethod 0x000001f8b7a69690
Event: 9.687 Thread 0x000001f8cc9c1b40 flushing  nmethod 0x000001f8b7b57890
Event: 9.687 Thread 0x000001f8cc9c1b40 flushing  nmethod 0x000001f8b7c70410

Events (20 events):
Event: 6.472 Thread 0x000001f8d1fb3b20 Thread added: 0x000001f8d12745f0
Event: 7.435 Thread 0x000001f8d1fb3b20 Thread added: 0x000001f8d12766c0
Event: 7.448 Thread 0x000001f8d1fb3b20 Thread added: 0x000001f8d1274c80
Event: 7.487 Thread 0x000001f8d1fb3b20 Thread added: 0x000001f8d1275310
Event: 9.251 Thread 0x000001f8d1fb3b20 Thread added: 0x000001f8d12759a0
Event: 9.270 Thread 0x000001f8d1fb3b20 Thread added: 0x000001f8d12738d0
Event: 9.592 Thread 0x000001f8d1fb3b20 Thread added: 0x000001f8d31a6340
Event: 9.602 Thread 0x000001f8d1fb3b20 Thread added: 0x000001f8d31a69d0
Event: 9.765 Thread 0x000001f8d1fb3b20 Thread added: 0x000001f8d31a4f90
Event: 9.765 Thread 0x000001f8d1fb3b20 Thread added: 0x000001f8d31a4900
Event: 9.765 Thread 0x000001f8d1fb3b20 Thread added: 0x000001f8d31a5620
Event: 9.765 Thread 0x000001f8d1fb3b20 Thread added: 0x000001f8d31a7060
Event: 9.765 Thread 0x000001f8d1fb3b20 Thread added: 0x000001f8d31a5cb0
Event: 9.766 Thread 0x000001f8d1fb3b20 Thread added: 0x000001f8d31a76f0
Event: 9.766 Thread 0x000001f8d1fb3b20 Thread added: 0x000001f8d31a4270
Event: 9.766 Thread 0x000001f8d1fb3b20 Thread added: 0x000001f8d2bf21e0
Event: 9.766 Thread 0x000001f8d1fb3b20 Thread added: 0x000001f8d2bf1b50
Event: 9.766 Thread 0x000001f8d1fb3b20 Thread added: 0x000001f8d2bf2870
Event: 9.766 Thread 0x000001f8d1fb3b20 Thread added: 0x000001f8d2bf0110
Event: 9.766 Thread 0x000001f8d1fb3b20 Thread added: 0x000001f8d2bf2f00


Dynamic libraries:
0x00007ff74d320000 - 0x00007ff74d32a000 	C:\Program Files\Android\Android Studio\jbr\bin\java.exe
0x00007ff9b9660000 - 0x00007ff9b98c7000 	C:\WINDOWS\SYSTEM32\ntdll.dll
0x00007ff9b8040000 - 0x00007ff9b8109000 	C:\WINDOWS\System32\KERNEL32.DLL
0x00007ff9b67e0000 - 0x00007ff9b6bcf000 	C:\WINDOWS\System32\KERNELBASE.dll
0x00007ff9b7200000 - 0x00007ff9b734b000 	C:\WINDOWS\System32\ucrtbase.dll
0x00007ff9aed10000 - 0x00007ff9aed2b000 	C:\Program Files\Android\Android Studio\jbr\bin\VCRUNTIME140.dll
0x00007ff9b1690000 - 0x00007ff9b16a8000 	C:\Program Files\Android\Android Studio\jbr\bin\jli.dll
0x00007ff9b78b0000 - 0x00007ff9b7a75000 	C:\WINDOWS\System32\USER32.dll
0x00007ff9b67b0000 - 0x00007ff9b67d7000 	C:\WINDOWS\System32\win32u.dll
0x00007ff9b8650000 - 0x00007ff9b867b000 	C:\WINDOWS\System32\GDI32.dll
0x00007ff9b6ea0000 - 0x00007ff9b6fcc000 	C:\WINDOWS\System32\gdi32full.dll
0x00007ff9b6d60000 - 0x00007ff9b6e03000 	C:\WINDOWS\System32\msvcp_win.dll
0x00007ff99d280000 - 0x00007ff99d513000 	C:\WINDOWS\WinSxS\amd64_microsoft.windows.common-controls_6595b64144ccf1df_6.0.26100.7309_none_3e05feeae336a044\COMCTL32.dll
0x00007ff9b8110000 - 0x00007ff9b81b9000 	C:\WINDOWS\System32\msvcrt.dll
0x00007ff9b7400000 - 0x00007ff9b7431000 	C:\WINDOWS\System32\IMM32.DLL
0x00007ff9b16b0000 - 0x00007ff9b16bc000 	C:\Program Files\Android\Android Studio\jbr\bin\vcruntime140_1.dll
0x00007ff9ac4e0000 - 0x00007ff9ac56d000 	C:\Program Files\Android\Android Studio\jbr\bin\msvcp140.dll
0x00007ff8abfa0000 - 0x00007ff8acc2e000 	C:\Program Files\Android\Android Studio\jbr\bin\server\jvm.dll
0x00007ff9b7c30000 - 0x00007ff9b7ce4000 	C:\WINDOWS\System32\ADVAPI32.dll
0x00007ff9b7f90000 - 0x00007ff9b8036000 	C:\WINDOWS\System32\sechost.dll
0x00007ff9b9230000 - 0x00007ff9b9348000 	C:\WINDOWS\System32\RPCRT4.dll
0x00007ff9b8ed0000 - 0x00007ff9b8f44000 	C:\WINDOWS\System32\WS2_32.dll
0x00007ff9ac270000 - 0x00007ff9ac27b000 	C:\WINDOWS\SYSTEM32\VERSION.dll
0x00007ff9b6610000 - 0x00007ff9b666e000 	C:\WINDOWS\SYSTEM32\POWRPROF.dll
0x00007ff9a6b70000 - 0x00007ff9a6ba5000 	C:\WINDOWS\SYSTEM32\WINMM.dll
0x00007ff9b65f0000 - 0x00007ff9b6604000 	C:\WINDOWS\SYSTEM32\UMPDC.dll
0x00007ff9b5560000 - 0x00007ff9b557b000 	C:\WINDOWS\SYSTEM32\kernel.appcore.dll
0x00007ff9ae7d0000 - 0x00007ff9ae7da000 	C:\Program Files\Android\Android Studio\jbr\bin\jimage.dll
0x00007ff9ab410000 - 0x00007ff9ab652000 	C:\WINDOWS\SYSTEM32\DBGHELP.DLL
0x00007ff9b7520000 - 0x00007ff9b78a6000 	C:\WINDOWS\System32\combase.dll
0x00007ff9b7440000 - 0x00007ff9b7516000 	C:\WINDOWS\System32\OLEAUT32.dll
0x00007ff97c7b0000 - 0x00007ff97c7ec000 	C:\WINDOWS\SYSTEM32\dbgcore.DLL
0x00007ff9b7350000 - 0x00007ff9b73f5000 	C:\WINDOWS\System32\bcryptPrimitives.dll
0x00007ff9aedf0000 - 0x00007ff9aedfe000 	C:\Program Files\Android\Android Studio\jbr\bin\instrument.dll
0x00007ff983ab0000 - 0x00007ff983ad0000 	C:\Program Files\Android\Android Studio\jbr\bin\java.dll
0x00007ff97fd50000 - 0x00007ff97fd68000 	C:\Program Files\Android\Android Studio\jbr\bin\zip.dll
0x00007ff9b86b0000 - 0x00007ff9b8e03000 	C:\WINDOWS\System32\SHELL32.dll
0x00007ff9b6fd0000 - 0x00007ff9b713a000 	C:\WINDOWS\System32\wintypes.dll
0x00007ff9b4380000 - 0x00007ff9b4bde000 	C:\WINDOWS\SYSTEM32\windows.storage.dll
0x00007ff9b7ab0000 - 0x00007ff9b7ba5000 	C:\WINDOWS\System32\SHCORE.dll
0x00007ff9b7bb0000 - 0x00007ff9b7c16000 	C:\WINDOWS\System32\shlwapi.dll
0x00007ff9b66d0000 - 0x00007ff9b66f9000 	C:\WINDOWS\SYSTEM32\profapi.dll
0x00007ff9ae7c0000 - 0x00007ff9ae7d0000 	C:\Program Files\Android\Android Studio\jbr\bin\net.dll
0x00007ff9af670000 - 0x00007ff9af798000 	C:\WINDOWS\SYSTEM32\WINHTTP.dll
0x00007ff9b5ad0000 - 0x00007ff9b5b3b000 	C:\WINDOWS\system32\mswsock.dll
0x00007ff97fb80000 - 0x00007ff97fb96000 	C:\Program Files\Android\Android Studio\jbr\bin\nio.dll
0x00007ff99fca0000 - 0x00007ff99fcb0000 	C:\Program Files\Android\Android Studio\jbr\bin\verify.dll
0x00007ff965f00000 - 0x00007ff965f27000 	C:\Users\NAVNIT KUMAR\.gradle\native\1def1411415f61bf3af743bc5b6707747c0891f09f0c88961ee8f79bc544acac\windows-amd64\native-platform.dll
0x00007ff9ac460000 - 0x00007ff9ac4d8000 	C:\Users\NAVNIT KUMAR\.gradle\native\0.2.7\x86_64-windows-gnu\gradle-fileevents.dll
0x00007ff9a0c20000 - 0x00007ff9a0c29000 	C:\Program Files\Android\Android Studio\jbr\bin\management.dll
0x00007ff9a0450000 - 0x00007ff9a045b000 	C:\Program Files\Android\Android Studio\jbr\bin\management_ext.dll
0x00007ff9b7c20000 - 0x00007ff9b7c28000 	C:\WINDOWS\System32\PSAPI.DLL
0x00007ff9b4fe0000 - 0x00007ff9b5014000 	C:\WINDOWS\SYSTEM32\IPHLPAPI.DLL
0x00007ff9b7d50000 - 0x00007ff9b7d5a000 	C:\WINDOWS\System32\NSI.dll
0x00007ff9a32f0000 - 0x00007ff9a32f9000 	C:\Program Files\Android\Android Studio\jbr\bin\extnet.dll
0x00007ff9b5d90000 - 0x00007ff9b5dab000 	C:\WINDOWS\SYSTEM32\CRYPTSP.dll
0x00007ff9b54c0000 - 0x00007ff9b54fa000 	C:\WINDOWS\system32\rsaenh.dll
0x00007ff9b5b80000 - 0x00007ff9b5bab000 	C:\WINDOWS\SYSTEM32\USERENV.dll
0x00007ff9b66a0000 - 0x00007ff9b66ca000 	C:\WINDOWS\SYSTEM32\bcrypt.dll
0x00007ff9b5db0000 - 0x00007ff9b5dbc000 	C:\WINDOWS\SYSTEM32\CRYPTBASE.dll
0x00007ff9aedd0000 - 0x00007ff9aedd8000 	C:\WINDOWS\system32\wshunix.dll

dbghelp: loaded successfully - version: 4.0.5 - missing functions: none
symbol engine: initialized successfully - sym options: 0x614 - pdb path: .;C:\Program Files\Android\Android Studio\jbr\bin;C:\WINDOWS\SYSTEM32;C:\WINDOWS\WinSxS\amd64_microsoft.windows.common-controls_6595b64144ccf1df_6.0.26100.7309_none_3e05feeae336a044;C:\Program Files\Android\Android Studio\jbr\bin\server;C:\Users\NAVNIT KUMAR\.gradle\native\1def1411415f61bf3af743bc5b6707747c0891f09f0c88961ee8f79bc544acac\windows-amd64;C:\Users\NAVNIT KUMAR\.gradle\native\0.2.7\x86_64-windows-gnu

VM Arguments:
jvm_args: --add-opens=java.base/java.lang=ALL-UNNAMED --add-opens=java.base/java.lang.invoke=ALL-UNNAMED --add-opens=java.base/java.util=ALL-UNNAMED --add-opens=java.prefs/java.util.prefs=ALL-UNNAMED --add-exports=jdk.compiler/com.sun.tools.javac.api=ALL-UNNAMED --add-exports=jdk.compiler/com.sun.tools.javac.util=ALL-UNNAMED --add-opens=java.base/java.util=ALL-UNNAMED --add-opens=java.prefs/java.util.prefs=ALL-UNNAMED --add-opens=java.base/java.nio.charset=ALL-UNNAMED --add-opens=java.base/java.net=ALL-UNNAMED --add-opens=java.base/java.util.concurrent.atomic=ALL-UNNAMED --add-opens=java.xml/javax.xml.namespace=ALL-UNNAMED -Xmx2048m -Dfile.encoding=UTF-8 -Duser.country=IN -Duser.language=en -Duser.variant -javaagent:C:\Users\NAVNIT KUMAR\.gradle\wrapper\dists\gradle-8.13-bin\5xuhj0ry160q40clulazy9h7d\gradle-8.13\lib\agents\gradle-instrumentation-agent-8.13.jar 
java_command: org.gradle.launcher.daemon.bootstrap.GradleDaemon 8.13
java_class_path (initial): C:\Users\NAVNIT KUMAR\.gradle\wrapper\dists\gradle-8.13-bin\5xuhj0ry160q40clulazy9h7d\gradle-8.13\lib\gradle-daemon-main-8.13.jar
Launcher Type: SUN_STANDARD

[Global flags]
     intx CICompilerCount                          = 4                                         {product} {ergonomic}
     uint ConcGCThreads                            = 3                                         {product} {ergonomic}
     uint G1ConcRefinementThreads                  = 10                                        {product} {ergonomic}
   size_t G1HeapRegionSize                         = 1048576                                   {product} {ergonomic}
    uintx GCDrainStackTargetSize                   = 64                                        {product} {ergonomic}
   size_t InitialHeapSize                          = 123731968                                 {product} {ergonomic}
   size_t MarkStackSize                            = 4194304                                   {product} {ergonomic}
   size_t MaxHeapSize                              = 2147483648                                {product} {command line}
   size_t MaxNewSize                               = 1287651328                                {product} {ergonomic}
   size_t MinHeapDeltaBytes                        = 1048576                                   {product} {ergonomic}
   size_t MinHeapSize                              = 8388608                                   {product} {ergonomic}
    uintx NonNMethodCodeHeapSize                   = 5839372                                {pd product} {ergonomic}
    uintx NonProfiledCodeHeapSize                  = 122909434                              {pd product} {ergonomic}
    uintx ProfiledCodeHeapSize                     = 122909434                              {pd product} {ergonomic}
    uintx ReservedCodeCacheSize                    = 251658240                              {pd product} {ergonomic}
     bool SegmentedCodeCache                       = true                                      {product} {ergonomic}
   size_t SoftMaxHeapSize                          = 2147483648                             {manageable} {ergonomic}
     bool UseCompressedOops                        = true                           {product lp64_product} {ergonomic}
     bool UseG1GC                                  = true                                      {product} {ergonomic}
     bool UseLargePagesIndividualAllocation        = false                                  {pd product} {ergonomic}

Logging:
Log output configuration:
 #0: stdout all=warning uptime,level,tags foldmultilines=false
 #1: stderr all=off uptime,level,tags foldmultilines=false

Environment Variables:
PATH=C:\Program Files\Common Files\Oracle\Java\javapath;C:\Program Files (x86)\Common Files\Oracle\Java\java8path;C:\Program Files (x86)\Common Files\Oracle\Java\javapath;C:\Windows\system32;C:\Windows;C:\Windows\System32\Wbem;C:\Windows\System32\WindowsPowerShell\v1.0\;C:\Windows\System32\OpenSSH\;C:\Program Files (x86)\NVIDIA Corporation\PhysX\Common;C:\WINDOWS\system32;C:\WINDOWS;C:\WINDOWS\System32\Wbem;C:\WINDOWS\System32\WindowsPowerShell\v1.0\;C:\WINDOWS\System32\OpenSSH\;C:\Program Files\NVIDIA Corporation\NVIDIA App\NvDLISR;C:\Program Files\Git\cmd;C:\Program Files\nodejs\;C:\Users\NAVNIT KUMAR\AppData\Local\Microsoft\WindowsApps;C:\Users\NAVNIT KUMAR\AppData\Local\Programs\Microsoft VS Code\bin;C:\MinGW\bin;C:\Users\NAVNIT KUMAR\AppData\Roaming\npm;C:\Users\NAVNIT KUMAR\AppData\Local\Programs\cursor\resources\app\bin;C:\Users\NAVNIT KUMAR\AppData\Local\Programs\Antigravity\bin
USERNAME=NAVNIT KUMAR
OS=Windows_NT
PROCESSOR_IDENTIFIER=AMD64 Family 25 Model 68 Stepping 1, AuthenticAMD
TMP=C:\Users\NAVNIT~1\AppData\Local\Temp
TEMP=C:\Users\NAVNIT~1\AppData\Local\Temp




Periodic native trim disabled

JNI global refs:
JNI global refs: 25, weak refs: 1

JNI global refs memory usage: 835, weak refs: 833

Process memory usage:
Resident Set Size: 182376K (2% of 7664432K total physical memory with 85900K free physical memory)

OOME stack traces (most recent first):
Classloader memory used:
Loader bootstrap                                                                       : 17720K
Loader org.gradle.internal.classloader.VisitableURLClassLoader                         : 15275K
Loader org.gradle.initialization.MixInLegacyTypesClassLoader                           : 2063K
Loader jdk.internal.loader.ClassLoaders$AppClassLoader                                 : 235K
Loader jdk.internal.loader.ClassLoaders$PlatformClassLoader                            : 135K
Loader jdk.internal.reflect.DelegatingClassLoader                                      : 44872B
Loader org.gradle.internal.classloader.VisitableURLClassLoader                         : 16128B

Classes loaded by more than one classloader:
Class org.gradle.internal.classloader.FilteringClassLoader                            : loaded 2 times (x 103B)
Class org.gradle.internal.classloader.ClassLoaderHierarchy                            : loaded 2 times (x 68B)
Class org.gradle.api.internal.classpath.ManifestUtil                                  : loaded 2 times (x 69B)
Class org.gradle.internal.classloader.DefaultClassLoaderFactory                       : loaded 2 times (x 80B)
Class org.gradle.internal.classloader.ClassLoaderVisitor                              : loaded 2 times (x 74B)
Class org.gradle.api.internal.classpath.EffectiveClassPath                            : loaded 2 times (x 88B)
Class org.gradle.api.internal.DefaultClassPathProvider                                : loaded 2 times (x 74B)
Class [Lorg.gradle.api.internal.ClassPathProvider;                                    : loaded 2 times (x 67B)
Class org.gradle.api.internal.ClassPathProvider                                       : loaded 2 times (x 68B)
Class org.gradle.internal.service.UnknownServiceException                             : loaded 2 times (x 81B)
Class org.gradle.internal.classpath.TransformedClassPath                              : loaded 2 times (x 94B)
Class org.gradle.internal.classloader.InstrumentingClassLoader                        : loaded 2 times (x 68B)
Class org.gradle.internal.service.ServiceLocator                                      : loaded 2 times (x 68B)
Class org.gradle.internal.InternalTransformer                                         : loaded 2 times (x 68B)
Class org.gradle.internal.classloader.ClasspathUtil$1                                 : loaded 2 times (x 74B)
Class org.gradle.api.internal.classpath.DefaultModuleRegistry$DefaultModule           : loaded 2 times (x 84B)
Class org.gradle.api.internal.classpath.Module                                        : loaded 2 times (x 68B)
Class org.gradle.api.internal.classpath.UnknownModuleException                        : loaded 2 times (x 80B)
Class org.gradle.api.internal.DefaultClassPathRegistry                                : loaded 2 times (x 74B)
Class org.gradle.api.internal.ClassPathRegistry                                       : loaded 2 times (x 68B)
Class org.gradle.internal.classpath.DefaultClassPath$ImmutableUniqueList              : loaded 2 times (x 197B)
Class org.gradle.internal.classpath.ClassPath                                         : loaded 2 times (x 68B)
Class org.gradle.api.UncheckedIOException                                             : loaded 2 times (x 80B)
Class org.gradle.internal.installation.GradleInstallation$1                           : loaded 2 times (x 73B)
Class org.gradle.api.internal.classpath.ModuleRegistry                                : loaded 2 times (x 68B)
Class org.gradle.api.internal.classpath.DefaultModuleRegistry                         : loaded 2 times (x 84B)
Class org.gradle.internal.service.ServiceLookupException                              : loaded 2 times (x 80B)
Class org.gradle.internal.classloader.ClassLoaderFactory                              : loaded 2 times (x 68B)
Class org.gradle.internal.service.CachingServiceLocator                               : loaded 2 times (x 80B)
Class org.gradle.internal.classloader.ClasspathUtil                                   : loaded 2 times (x 69B)
Class org.gradle.api.specs.Spec                                                       : loaded 2 times (x 68B)
Class org.gradle.internal.classloader.VisitableURLClassLoader$InstrumentingVisitableURLClassLoader: loaded 2 times (x 121B)
Class org.gradle.internal.classloader.VisitableURLClassLoader$Spec                    : loaded 2 times (x 72B)
Class org.gradle.internal.classpath.DefaultClassPath                                  : loaded 2 times (x 88B)
Class org.gradle.internal.classloader.ClassLoaderSpec                                 : loaded 2 times (x 69B)
Class org.gradle.internal.classloader.VisitableURLClassLoader                         : loaded 2 times (x 115B)
Class org.gradle.internal.Cast                                                        : loaded 2 times (x 69B)
Class org.gradle.api.Action                                                           : loaded 2 times (x 68B)
Class org.gradle.internal.classpath.DefaultClassPath$ImmutableUniqueList$Builder      : loaded 2 times (x 73B)
Class org.gradle.api.GradleException                                                  : loaded 2 times (x 80B)
Class org.gradle.internal.IoActions                                                   : loaded 2 times (x 69B)
Class org.gradle.internal.classloader.SystemClassLoaderSpec                           : loaded 2 times (x 69B)
Class org.gradle.api.internal.classpath.GlobalCacheRootsProvider                      : loaded 2 times (x 68B)
Class org.gradle.internal.installation.CurrentGradleInstallationLocator               : loaded 2 times (x 69B)
Class org.gradle.internal.service.DefaultServiceLocator                               : loaded 2 times (x 81B)
Class org.gradle.internal.installation.CurrentGradleInstallation                      : loaded 2 times (x 71B)
Class org.gradle.util.internal.GUtil                                                  : loaded 2 times (x 69B)
Class org.gradle.internal.installation.GradleInstallation                             : loaded 2 times (x 73B)

---------------  S Y S T E M  ---------------

OS:
 Windows 11 , 64 bit Build 26100 (10.0.26100.7623)
OS uptime: 0 days 22:08 hours
Hyper-V role detected

CPU: total 12 (initial active 12) (12 cores per cpu, 2 threads per core) family 25 model 68 stepping 1 microcode 0xa40410a, cx8, cmov, fxsr, ht, mmx, 3dnowpref, sse, sse2, sse3, ssse3, sse4a, sse4.1, sse4.2, popcnt, lzcnt, tsc, tscinvbit, avx, avx2, aes, erms, clmul, bmi1, bmi2, adx, sha, fma, vzeroupper, clflush, clflushopt, hv, rdtscp, rdpid, fsrm, f16c, cet_ss
Processor Information for the first 12 processors :
  Max Mhz: 3301, Current Mhz: 3301, Mhz Limit: 3301

Memory: 4k page, system-wide physical 7484M (80M free)
TotalPageFile size 30012M (AvailPageFile size 8M)
current process WorkingSet (physical memory assigned to process): 178M, peak: 178M
current process commit charge ("private bytes"): 238M, peak: 245M

vm_info: OpenJDK 64-Bit Server VM (21.0.7+-13880790-b1038.58) for windows-amd64 JRE (21.0.7+-13880790-b1038.58), built on 2025-08-04T20:56:21Z by "builder" with MS VC++ 16.10 / 16.11 (VS2019)

END.
