#
# There is insufficient memory for the Java Runtime Environment to continue.
# Native memory allocation (malloc) failed to allocate 1588016 bytes. Error detail: Chunk::new
# Possible reasons:
#   The system is out of physical RAM or swap space
#   This process is running with CompressedOops enabled, and the Java Heap may be blocking the growth of the native heap
# Possible solutions:
#   Reduce memory load on the system
#   Increase physical memory or swap space
#   Check if swap backing store is full
#   Decrease Java heap size (-Xmx/-Xms)
#   Decrease number of Java threads
#   Decrease Java thread stack sizes (-Xss)
#   Set larger code cache with -XX:ReservedCodeCacheSize=
#   JVM is running with Unscaled Compressed Oops mode in which the Java heap is
#     placed in the first 4GB address space. The Java Heap base address is the
#     maximum limit for the native heap growth. Please use -XX:HeapBaseMinAddress
#     to set the Java Heap base and to place the Java Heap above 4GB virtual address.
# This output file may be truncated or incomplete.
#
#  Out of Memory Error (arena.cpp:168), pid=56268, tid=57284
#
# JRE version: OpenJDK Runtime Environment (21.0.7) (build 21.0.7+-13880790-b1038.58)
# Java VM: OpenJDK 64-Bit Server VM (21.0.7+-13880790-b1038.58, mixed mode, tiered, compressed oops, compressed class ptrs, g1 gc, windows-amd64)
# No core dump will be written. Minidumps are not enabled by default on client versions of Windows
#

---------------  S U M M A R Y ------------

Command Line: org.jetbrains.kotlin.cli.jvm.K2JVMCompiler @D:\team rocket\android App\PassengerApp\app\build\20260121_150848662204651400.compiler.options

Host: AMD Ryzen 5 7535HS with Radeon Graphics        , 12 cores, 7G,  Windows 11 , 64 bit Build 26100 (10.0.26100.7623)
Time: Wed Jan 21 23:36:09 2026 India Standard Time elapsed time: 18.753350 seconds (0d 0h 0m 18s)

---------------  T H R E A D  ---------------

Current thread (0x00000118a4478200):  JavaThread "C2 CompilerThread1" daemon [_thread_in_native, id=57284, stack(0x0000000fa7700000,0x0000000fa7800000) (1024K)]


Current CompileTask:
C2:18753 15577       4       org.jetbrains.kotlin.ir.descriptors.IrBasedDeclarationDescriptor::getContainingDeclaration (8 bytes)

Stack: [0x0000000fa7700000,0x0000000fa7800000]
Native frames: (J=compiled Java code, j=interpreted, Vv=VM code, C=native code)
V  [jvm.dll+0x6d25c9]
V  [jvm.dll+0x860923]
V  [jvm.dll+0x862e7e]
V  [jvm.dll+0x863563]
V  [jvm.dll+0x27f156]
V  [jvm.dll+0xc002d]
V  [jvm.dll+0xc0563]
V  [jvm.dll+0x3b6d01]
V  [jvm.dll+0x382c27]
V  [jvm.dll+0x38209a]
V  [jvm.dll+0x247e72]
V  [jvm.dll+0x247441]
V  [jvm.dll+0x1c5fb4]
V  [jvm.dll+0x256bac]
V  [jvm.dll+0x2550f6]
V  [jvm.dll+0x3f1d16]
V  [jvm.dll+0x808d08]
V  [jvm.dll+0x6d0e1d]
C  [ucrtbase.dll+0x37b0]
C  [KERNEL32.DLL+0x2e8d7]
C  [ntdll.dll+0x8c53c]


---------------  P R O C E S S  ---------------

Threads class SMR info:
_java_thread_list=0x00000118a4f8e600, length=13, elements={
0x00000118837d6130, 0x000001189d696da0, 0x000001189d6ad7d0, 0x000001189d6b0db0,
0x000001189d6c4d70, 0x000001189d6c57d0, 0x000001189d6c6da0, 0x000001189d6cc8e0,
0x000001189d6d4920, 0x000001189d6d66d0, 0x000001189d87f3b0, 0x00000118a4478200,
0x00000118a44766c0
}

Java Threads: ( => current thread )
  0x00000118837d6130 JavaThread "main"                              [_thread_in_Java, id=54932, stack(0x0000000fa5a00000,0x0000000fa5b00000) (1024K)]
  0x000001189d696da0 JavaThread "Common-Cleaner"             daemon [_thread_blocked, id=14328, stack(0x0000000fa6200000,0x0000000fa6300000) (1024K)]
  0x000001189d6ad7d0 JavaThread "Reference Handler"          daemon [_thread_blocked, id=57472, stack(0x0000000fa6300000,0x0000000fa6400000) (1024K)]
  0x000001189d6b0db0 JavaThread "Finalizer"                  daemon [_thread_blocked, id=61436, stack(0x0000000fa6400000,0x0000000fa6500000) (1024K)]
  0x000001189d6c4d70 JavaThread "Signal Dispatcher"          daemon [_thread_blocked, id=39648, stack(0x0000000fa6500000,0x0000000fa6600000) (1024K)]
  0x000001189d6c57d0 JavaThread "Attach Listener"            daemon [_thread_blocked, id=43368, stack(0x0000000fa6600000,0x0000000fa6700000) (1024K)]
  0x000001189d6c6da0 JavaThread "Service Thread"             daemon [_thread_blocked, id=22928, stack(0x0000000fa6700000,0x0000000fa6800000) (1024K)]
  0x000001189d6cc8e0 JavaThread "Monitor Deflation Thread"   daemon [_thread_blocked, id=56556, stack(0x0000000fa6800000,0x0000000fa6900000) (1024K)]
  0x000001189d6d4920 JavaThread "C2 CompilerThread0"         daemon [_thread_in_native, id=51868, stack(0x0000000fa6900000,0x0000000fa6a00000) (1024K)]
  0x000001189d6d66d0 JavaThread "C1 CompilerThread0"         daemon [_thread_in_vm, id=59648, stack(0x0000000fa6a00000,0x0000000fa6b00000) (1024K)]
  0x000001189d87f3b0 JavaThread "Notification Thread"        daemon [_thread_blocked, id=52264, stack(0x0000000fa6b00000,0x0000000fa6c00000) (1024K)]
=>0x00000118a4478200 JavaThread "C2 CompilerThread1"         daemon [_thread_in_native, id=57284, stack(0x0000000fa7700000,0x0000000fa7800000) (1024K)]
  0x00000118a44766c0 JavaThread "C2 CompilerThread2"         daemon [_thread_in_native, id=53212, stack(0x0000000fa7800000,0x0000000fa7900000) (1024K)]
Total: 13

Other Threads:
  0x000001189d4fb950 VMThread "VM Thread"                           [id=61272, stack(0x0000000fa6100000,0x0000000fa6200000) (1024K)]
  0x000001189d497700 WatcherThread "VM Periodic Task Thread"        [id=27344, stack(0x0000000fa6000000,0x0000000fa6100000) (1024K)]
  0x0000011885d6c3d0 WorkerThread "GC Thread#0"                     [id=60060, stack(0x0000000fa5b00000,0x0000000fa5c00000) (1024K)]
  0x00000118a2637fd0 WorkerThread "GC Thread#1"                     [id=55492, stack(0x0000000fa6c00000,0x0000000fa6d00000) (1024K)]
  0x00000118a25d93b0 WorkerThread "GC Thread#2"                     [id=57220, stack(0x0000000fa6d00000,0x0000000fa6e00000) (1024K)]
  0x00000118a25d9750 WorkerThread "GC Thread#3"                     [id=34352, stack(0x0000000fa6e00000,0x0000000fa6f00000) (1024K)]
  0x00000118a2639230 WorkerThread "GC Thread#4"                     [id=55212, stack(0x0000000fa6f00000,0x0000000fa7000000) (1024K)]
  0x00000118a26395d0 WorkerThread "GC Thread#5"                     [id=39064, stack(0x0000000fa7000000,0x0000000fa7100000) (1024K)]
  0x00000118a2704100 WorkerThread "GC Thread#6"                     [id=51748, stack(0x0000000fa7100000,0x0000000fa7200000) (1024K)]
  0x00000118a2703280 WorkerThread "GC Thread#7"                     [id=55360, stack(0x0000000fa7200000,0x0000000fa7300000) (1024K)]
  0x00000118a2daf330 WorkerThread "GC Thread#8"                     [id=60552, stack(0x0000000fa7500000,0x0000000fa7600000) (1024K)]
  0x00000118a2dae110 WorkerThread "GC Thread#9"                     [id=49276, stack(0x0000000fa7600000,0x0000000fa7700000) (1024K)]
  0x0000011885d7d390 ConcurrentGCThread "G1 Main Marker"            [id=48480, stack(0x0000000fa5c00000,0x0000000fa5d00000) (1024K)]
  0x0000011885d7de90 WorkerThread "G1 Conc#0"                       [id=58000, stack(0x0000000fa5d00000,0x0000000fa5e00000) (1024K)]
  0x00000118a2703620 WorkerThread "G1 Conc#1"                       [id=27716, stack(0x0000000fa7300000,0x0000000fa7400000) (1024K)]
  0x00000118a2703d60 WorkerThread "G1 Conc#2"                       [id=57648, stack(0x0000000fa7400000,0x0000000fa7500000) (1024K)]
  0x000001189d365990 ConcurrentGCThread "G1 Refine#0"               [id=55064, stack(0x0000000fa5e00000,0x0000000fa5f00000) (1024K)]
  0x000001189d3691d0 ConcurrentGCThread "G1 Service"                [id=59984, stack(0x0000000fa5f00000,0x0000000fa6000000) (1024K)]
Total: 18

Threads with active compile tasks:
C2 CompilerThread0  18794 15578       4       org.jetbrains.kotlin.ir.descriptors.IrBasedDescriptorsKt::getContainingDeclaration (143 bytes)
C1 CompilerThread0  18794 15707       3       androidx.compose.compiler.plugins.kotlin.lower.AbstractComposeLoweringKt::function (61 bytes)
C2 CompilerThread1  18794 15577       4       org.jetbrains.kotlin.ir.descriptors.IrBasedDeclarationDescriptor::getContainingDeclaration (8 bytes)
C2 CompilerThread2  18795 15512       4       org.jetbrains.kotlin.fir.backend.Fir2IrTypeConverter::toIrType (1647 bytes)
Total: 4

VM state: not at safepoint (normal execution)

VM Mutex/Monitor currently owned by a thread: None

Heap address: 0x000000008b000000, size: 1872 MB, Compressed Oops mode: 32-bit

CDS archive(s) not mapped
Compressed class space mapped at: 0x0000000100000000-0x0000000140000000, reserved size: 1073741824
Narrow klass base: 0x0000000000000000, Narrow klass shift: 3, Narrow klass range: 0x140000000

GC Precious Log:
 CardTable entry size: 512
 Card Set container configuration: InlinePtr #cards 5 size 8 Array Of Cards #cards 12 size 40 Howl #buckets 4 coarsen threshold 1843 Howl Bitmap #cards 512 size 80 coarsen threshold 460 Card regions per heap region 1 cards per card region 2048
 CPUs: 12 total, 12 available
 Memory: 7484M
 Large Page Support: Disabled
 NUMA Support: Disabled
 Compressed Oops: Enabled (32-bit)
 Heap Region Size: 1M
 Heap Min Capacity: 8M
 Heap Initial Capacity: 118M
 Heap Max Capacity: 1872M
 Pre-touch: Disabled
 Parallel Workers: 10
 Concurrent Workers: 3
 Concurrent Refinement Workers: 10
 Periodic GC: Disabled

Heap:
 garbage-first heap   total 319488K, used 229887K [0x000000008b000000, 0x0000000100000000)
  region size 1024K, 48 young (49152K), 9 survivors (9216K)
 Metaspace       used 79700K, committed 80064K, reserved 1179648K
  class space    used 8432K, committed 8576K, reserved 1048576K

Heap Regions: E=young(eden), S=young(survivor), O=old, HS=humongous(starts), HC=humongous(continues), CS=collection set, F=free, TAMS=top-at-mark-start, PB=parsable bottom
|   0|0x000000008b000000, 0x000000008b100000, 0x000000008b100000|100%|HS|  |TAMS 0x000000008b000000| PB 0x000000008b000000| Complete 
|   1|0x000000008b100000, 0x000000008b200000, 0x000000008b200000|100%|HC|  |TAMS 0x000000008b100000| PB 0x000000008b100000| Complete 
|   2|0x000000008b200000, 0x000000008b300000, 0x000000008b300000|100%|HC|  |TAMS 0x000000008b200000| PB 0x000000008b200000| Complete 
|   3|0x000000008b300000, 0x000000008b400000, 0x000000008b400000|100%| O|  |TAMS 0x000000008b300000| PB 0x000000008b300000| Untracked 
|   4|0x000000008b400000, 0x000000008b500000, 0x000000008b500000|100%| O|  |TAMS 0x000000008b400000| PB 0x000000008b400000| Untracked 
|   5|0x000000008b500000, 0x000000008b5e1c00, 0x000000008b600000| 88%| O|  |TAMS 0x000000008b500000| PB 0x000000008b500000| Untracked 
|   6|0x000000008b600000, 0x000000008b700000, 0x000000008b700000|100%| O|  |TAMS 0x000000008b600000| PB 0x000000008b600000| Untracked 
|   7|0x000000008b700000, 0x000000008b800000, 0x000000008b800000|100%| O|  |TAMS 0x000000008b700000| PB 0x000000008b700000| Untracked 
|   8|0x000000008b800000, 0x000000008b900000, 0x000000008b900000|100%| O|  |TAMS 0x000000008b800000| PB 0x000000008b800000| Untracked 
|   9|0x000000008b900000, 0x000000008ba00000, 0x000000008ba00000|100%| O|  |TAMS 0x000000008b900000| PB 0x000000008b900000| Untracked 
|  10|0x000000008ba00000, 0x000000008bb00000, 0x000000008bb00000|100%| O|  |TAMS 0x000000008ba00000| PB 0x000000008ba00000| Untracked 
|  11|0x000000008bb00000, 0x000000008bc00000, 0x000000008bc00000|100%| O|  |TAMS 0x000000008bb00000| PB 0x000000008bb00000| Untracked 
|  12|0x000000008bc00000, 0x000000008bd00000, 0x000000008bd00000|100%| O|  |TAMS 0x000000008bc00000| PB 0x000000008bc00000| Untracked 
|  13|0x000000008bd00000, 0x000000008be00000, 0x000000008be00000|100%| O|  |TAMS 0x000000008bd00000| PB 0x000000008bd00000| Untracked 
|  14|0x000000008be00000, 0x000000008bf00000, 0x000000008bf00000|100%| O|  |TAMS 0x000000008be00000| PB 0x000000008be00000| Untracked 
|  15|0x000000008bf00000, 0x000000008c000000, 0x000000008c000000|100%| O|  |TAMS 0x000000008bf00000| PB 0x000000008bf00000| Untracked 
|  16|0x000000008c000000, 0x000000008c100000, 0x000000008c100000|100%| O|  |TAMS 0x000000008c000000| PB 0x000000008c000000| Untracked 
|  17|0x000000008c100000, 0x000000008c200000, 0x000000008c200000|100%| O|  |TAMS 0x000000008c100000| PB 0x000000008c100000| Untracked 
|  18|0x000000008c200000, 0x000000008c300000, 0x000000008c300000|100%| O|  |TAMS 0x000000008c200000| PB 0x000000008c200000| Untracked 
|  19|0x000000008c300000, 0x000000008c400000, 0x000000008c400000|100%| O|  |TAMS 0x000000008c300000| PB 0x000000008c300000| Untracked 
|  20|0x000000008c400000, 0x000000008c500000, 0x000000008c500000|100%| O|  |TAMS 0x000000008c400000| PB 0x000000008c400000| Untracked 
|  21|0x000000008c500000, 0x000000008c600000, 0x000000008c600000|100%| O|  |TAMS 0x000000008c500000| PB 0x000000008c500000| Untracked 
|  22|0x000000008c600000, 0x000000008c700000, 0x000000008c700000|100%| O|  |TAMS 0x000000008c600000| PB 0x000000008c600000| Untracked 
|  23|0x000000008c700000, 0x000000008c800000, 0x000000008c800000|100%| O|  |TAMS 0x000000008c700000| PB 0x000000008c700000| Untracked 
|  24|0x000000008c800000, 0x000000008c900000, 0x000000008c900000|100%| O|  |TAMS 0x000000008c800000| PB 0x000000008c800000| Untracked 
|  25|0x000000008c900000, 0x000000008ca00000, 0x000000008ca00000|100%| O|  |TAMS 0x000000008c900000| PB 0x000000008c900000| Untracked 
|  26|0x000000008ca00000, 0x000000008cb00000, 0x000000008cb00000|100%| O|  |TAMS 0x000000008ca00000| PB 0x000000008ca00000| Untracked 
|  27|0x000000008cb00000, 0x000000008cc00000, 0x000000008cc00000|100%| O|  |TAMS 0x000000008cb00000| PB 0x000000008cb00000| Untracked 
|  28|0x000000008cc00000, 0x000000008cd00000, 0x000000008cd00000|100%| O|  |TAMS 0x000000008cc00000| PB 0x000000008cc00000| Untracked 
|  29|0x000000008cd00000, 0x000000008ce00000, 0x000000008ce00000|100%| O|  |TAMS 0x000000008cd00000| PB 0x000000008cd00000| Untracked 
|  30|0x000000008ce00000, 0x000000008cf00000, 0x000000008cf00000|100%| O|  |TAMS 0x000000008ce00000| PB 0x000000008ce00000| Untracked 
|  31|0x000000008cf00000, 0x000000008d000000, 0x000000008d000000|100%| O|  |TAMS 0x000000008cf00000| PB 0x000000008cf00000| Untracked 
|  32|0x000000008d000000, 0x000000008d100000, 0x000000008d100000|100%| O|  |TAMS 0x000000008d000000| PB 0x000000008d000000| Untracked 
|  33|0x000000008d100000, 0x000000008d200000, 0x000000008d200000|100%| O|  |TAMS 0x000000008d100000| PB 0x000000008d100000| Untracked 
|  34|0x000000008d200000, 0x000000008d300000, 0x000000008d300000|100%| O|  |TAMS 0x000000008d200000| PB 0x000000008d200000| Untracked 
|  35|0x000000008d300000, 0x000000008d400000, 0x000000008d400000|100%| O|  |TAMS 0x000000008d300000| PB 0x000000008d300000| Untracked 
|  36|0x000000008d400000, 0x000000008d500000, 0x000000008d500000|100%| O|  |TAMS 0x000000008d400000| PB 0x000000008d400000| Untracked 
|  37|0x000000008d500000, 0x000000008d600000, 0x000000008d600000|100%| O|  |TAMS 0x000000008d500000| PB 0x000000008d500000| Untracked 
|  38|0x000000008d600000, 0x000000008d700000, 0x000000008d700000|100%| O|  |TAMS 0x000000008d600000| PB 0x000000008d600000| Untracked 
|  39|0x000000008d700000, 0x000000008d800000, 0x000000008d800000|100%| O|  |TAMS 0x000000008d700000| PB 0x000000008d700000| Untracked 
|  40|0x000000008d800000, 0x000000008d900000, 0x000000008d900000|100%| O|  |TAMS 0x000000008d800000| PB 0x000000008d800000| Untracked 
|  41|0x000000008d900000, 0x000000008da00000, 0x000000008da00000|100%| O|  |TAMS 0x000000008d900000| PB 0x000000008d900000| Untracked 
|  42|0x000000008da00000, 0x000000008db00000, 0x000000008db00000|100%| O|  |TAMS 0x000000008da00000| PB 0x000000008da00000| Untracked 
|  43|0x000000008db00000, 0x000000008dc00000, 0x000000008dc00000|100%| O|  |TAMS 0x000000008db00000| PB 0x000000008db00000| Untracked 
|  44|0x000000008dc00000, 0x000000008dd00000, 0x000000008dd00000|100%| O|  |TAMS 0x000000008dc00000| PB 0x000000008dc00000| Untracked 
|  45|0x000000008dd00000, 0x000000008de00000, 0x000000008de00000|100%| O|  |TAMS 0x000000008dd00000| PB 0x000000008dd00000| Untracked 
|  46|0x000000008de00000, 0x000000008df00000, 0x000000008df00000|100%| O|  |TAMS 0x000000008de00000| PB 0x000000008de00000| Untracked 
|  47|0x000000008df00000, 0x000000008e000000, 0x000000008e000000|100%| O|  |TAMS 0x000000008df00000| PB 0x000000008df00000| Untracked 
|  48|0x000000008e000000, 0x000000008e100000, 0x000000008e100000|100%| O|  |TAMS 0x000000008e000000| PB 0x000000008e000000| Untracked 
|  49|0x000000008e100000, 0x000000008e200000, 0x000000008e200000|100%| O|  |TAMS 0x000000008e100000| PB 0x000000008e100000| Untracked 
|  50|0x000000008e200000, 0x000000008e300000, 0x000000008e300000|100%| O|  |TAMS 0x000000008e200000| PB 0x000000008e200000| Untracked 
|  51|0x000000008e300000, 0x000000008e400000, 0x000000008e400000|100%| O|  |TAMS 0x000000008e300000| PB 0x000000008e300000| Untracked 
|  52|0x000000008e400000, 0x000000008e500000, 0x000000008e500000|100%| O|  |TAMS 0x000000008e400000| PB 0x000000008e400000| Untracked 
|  53|0x000000008e500000, 0x000000008e600000, 0x000000008e600000|100%| O|  |TAMS 0x000000008e500000| PB 0x000000008e500000| Untracked 
|  54|0x000000008e600000, 0x000000008e700000, 0x000000008e700000|100%| O|  |TAMS 0x000000008e600000| PB 0x000000008e600000| Untracked 
|  55|0x000000008e700000, 0x000000008e800000, 0x000000008e800000|100%| O|  |TAMS 0x000000008e700000| PB 0x000000008e700000| Untracked 
|  56|0x000000008e800000, 0x000000008e900000, 0x000000008e900000|100%| O|  |TAMS 0x000000008e800000| PB 0x000000008e800000| Untracked 
|  57|0x000000008e900000, 0x000000008ea00000, 0x000000008ea00000|100%| O|  |TAMS 0x000000008e900000| PB 0x000000008e900000| Untracked 
|  58|0x000000008ea00000, 0x000000008eb00000, 0x000000008eb00000|100%| O|Cm|TAMS 0x000000008ea00000| PB 0x000000008ea00000| Complete 
|  59|0x000000008eb00000, 0x000000008ec00000, 0x000000008ec00000|100%| O|  |TAMS 0x000000008eb00000| PB 0x000000008eb00000| Untracked 
|  60|0x000000008ec00000, 0x000000008ed00000, 0x000000008ed00000|100%| O|  |TAMS 0x000000008ec00000| PB 0x000000008ec00000| Untracked 
|  61|0x000000008ed00000, 0x000000008ee00000, 0x000000008ee00000|100%| O|  |TAMS 0x000000008ed00000| PB 0x000000008ed00000| Untracked 
|  62|0x000000008ee00000, 0x000000008ef00000, 0x000000008ef00000|100%| O|  |TAMS 0x000000008ee00000| PB 0x000000008ee00000| Untracked 
|  63|0x000000008ef00000, 0x000000008f000000, 0x000000008f000000|100%| O|  |TAMS 0x000000008ef00000| PB 0x000000008ef00000| Untracked 
|  64|0x000000008f000000, 0x000000008f100000, 0x000000008f100000|100%| O|  |TAMS 0x000000008f000000| PB 0x000000008f000000| Untracked 
|  65|0x000000008f100000, 0x000000008f200000, 0x000000008f200000|100%| O|  |TAMS 0x000000008f100000| PB 0x000000008f100000| Untracked 
|  66|0x000000008f200000, 0x000000008f300000, 0x000000008f300000|100%| O|  |TAMS 0x000000008f200000| PB 0x000000008f200000| Untracked 
|  67|0x000000008f300000, 0x000000008f400000, 0x000000008f400000|100%| O|  |TAMS 0x000000008f300000| PB 0x000000008f300000| Untracked 
|  68|0x000000008f400000, 0x000000008f500000, 0x000000008f500000|100%| O|  |TAMS 0x000000008f400000| PB 0x000000008f400000| Untracked 
|  69|0x000000008f500000, 0x000000008f600000, 0x000000008f600000|100%| O|  |TAMS 0x000000008f500000| PB 0x000000008f500000| Untracked 
|  70|0x000000008f600000, 0x000000008f700000, 0x000000008f700000|100%| O|  |TAMS 0x000000008f600000| PB 0x000000008f600000| Untracked 
|  71|0x000000008f700000, 0x000000008f800000, 0x000000008f800000|100%| O|  |TAMS 0x000000008f700000| PB 0x000000008f700000| Untracked 
|  72|0x000000008f800000, 0x000000008f900000, 0x000000008f900000|100%| O|  |TAMS 0x000000008f800000| PB 0x000000008f800000| Untracked 
|  73|0x000000008f900000, 0x000000008fa00000, 0x000000008fa00000|100%| O|  |TAMS 0x000000008f900000| PB 0x000000008f900000| Untracked 
|  74|0x000000008fa00000, 0x000000008fb00000, 0x000000008fb00000|100%| O|  |TAMS 0x000000008fa00000| PB 0x000000008fa00000| Untracked 
|  75|0x000000008fb00000, 0x000000008fc00000, 0x000000008fc00000|100%| O|  |TAMS 0x000000008fb00000| PB 0x000000008fb00000| Untracked 
|  76|0x000000008fc00000, 0x000000008fd00000, 0x000000008fd00000|100%| O|  |TAMS 0x000000008fc00000| PB 0x000000008fc00000| Untracked 
|  77|0x000000008fd00000, 0x000000008fe00000, 0x000000008fe00000|100%| O|  |TAMS 0x000000008fd00000| PB 0x000000008fd00000| Untracked 
|  78|0x000000008fe00000, 0x000000008ff00000, 0x000000008ff00000|100%| O|  |TAMS 0x000000008fe00000| PB 0x000000008fe00000| Untracked 
|  79|0x000000008ff00000, 0x0000000090000000, 0x0000000090000000|100%| O|Cm|TAMS 0x000000008ff00000| PB 0x000000008ff00000| Complete 
|  80|0x0000000090000000, 0x0000000090100000, 0x0000000090100000|100%| O|  |TAMS 0x0000000090000000| PB 0x0000000090000000| Untracked 
|  81|0x0000000090100000, 0x0000000090200000, 0x0000000090200000|100%| O|  |TAMS 0x0000000090100000| PB 0x0000000090100000| Untracked 
|  82|0x0000000090200000, 0x0000000090300000, 0x0000000090300000|100%| O|  |TAMS 0x0000000090200000| PB 0x0000000090200000| Untracked 
|  83|0x0000000090300000, 0x0000000090400000, 0x0000000090400000|100%| O|  |TAMS 0x0000000090300000| PB 0x0000000090300000| Untracked 
|  84|0x0000000090400000, 0x0000000090500000, 0x0000000090500000|100%| O|  |TAMS 0x0000000090400000| PB 0x0000000090400000| Untracked 
|  85|0x0000000090500000, 0x0000000090600000, 0x0000000090600000|100%| O|  |TAMS 0x0000000090500000| PB 0x0000000090500000| Untracked 
|  86|0x0000000090600000, 0x0000000090700000, 0x0000000090700000|100%| O|  |TAMS 0x0000000090600000| PB 0x0000000090600000| Untracked 
|  87|0x0000000090700000, 0x0000000090800000, 0x0000000090800000|100%| O|  |TAMS 0x0000000090700000| PB 0x0000000090700000| Untracked 
|  88|0x0000000090800000, 0x0000000090900000, 0x0000000090900000|100%| O|  |TAMS 0x0000000090800000| PB 0x0000000090800000| Untracked 
|  89|0x0000000090900000, 0x0000000090a00000, 0x0000000090a00000|100%| O|  |TAMS 0x0000000090900000| PB 0x0000000090900000| Untracked 
|  90|0x0000000090a00000, 0x0000000090b00000, 0x0000000090b00000|100%| O|  |TAMS 0x0000000090a00000| PB 0x0000000090a00000| Untracked 
|  91|0x0000000090b00000, 0x0000000090c00000, 0x0000000090c00000|100%| O|  |TAMS 0x0000000090b00000| PB 0x0000000090b00000| Untracked 
|  92|0x0000000090c00000, 0x0000000090d00000, 0x0000000090d00000|100%| O|  |TAMS 0x0000000090c00000| PB 0x0000000090c00000| Untracked 
|  93|0x0000000090d00000, 0x0000000090e00000, 0x0000000090e00000|100%| O|  |TAMS 0x0000000090d00000| PB 0x0000000090d00000| Untracked 
|  94|0x0000000090e00000, 0x0000000090f00000, 0x0000000090f00000|100%| O|  |TAMS 0x0000000090e00000| PB 0x0000000090e00000| Untracked 
|  95|0x0000000090f00000, 0x0000000091000000, 0x0000000091000000|100%| O|  |TAMS 0x0000000090f00000| PB 0x0000000090f00000| Untracked 
|  96|0x0000000091000000, 0x0000000091100000, 0x0000000091100000|100%| O|  |TAMS 0x0000000091000000| PB 0x0000000091000000| Untracked 
|  97|0x0000000091100000, 0x0000000091200000, 0x0000000091200000|100%| O|  |TAMS 0x0000000091100000| PB 0x0000000091100000| Untracked 
|  98|0x0000000091200000, 0x0000000091300000, 0x0000000091300000|100%| O|  |TAMS 0x0000000091200000| PB 0x0000000091200000| Untracked 
|  99|0x0000000091300000, 0x0000000091400000, 0x0000000091400000|100%| O|  |TAMS 0x0000000091300000| PB 0x0000000091300000| Untracked 
| 100|0x0000000091400000, 0x0000000091500000, 0x0000000091500000|100%| O|  |TAMS 0x0000000091400000| PB 0x0000000091400000| Untracked 
| 101|0x0000000091500000, 0x0000000091600000, 0x0000000091600000|100%| O|  |TAMS 0x0000000091500000| PB 0x0000000091500000| Untracked 
| 102|0x0000000091600000, 0x0000000091700000, 0x0000000091700000|100%| O|  |TAMS 0x0000000091600000| PB 0x0000000091600000| Untracked 
| 103|0x0000000091700000, 0x0000000091800000, 0x0000000091800000|100%| O|  |TAMS 0x0000000091700000| PB 0x0000000091700000| Untracked 
| 104|0x0000000091800000, 0x0000000091900000, 0x0000000091900000|100%| O|  |TAMS 0x0000000091800000| PB 0x0000000091800000| Untracked 
| 105|0x0000000091900000, 0x0000000091a00000, 0x0000000091a00000|100%| O|  |TAMS 0x0000000091900000| PB 0x0000000091900000| Untracked 
| 106|0x0000000091a00000, 0x0000000091b00000, 0x0000000091b00000|100%| O|  |TAMS 0x0000000091a00000| PB 0x0000000091a00000| Untracked 
| 107|0x0000000091b00000, 0x0000000091c00000, 0x0000000091c00000|100%| O|  |TAMS 0x0000000091b00000| PB 0x0000000091b00000| Untracked 
| 108|0x0000000091c00000, 0x0000000091d00000, 0x0000000091d00000|100%| O|  |TAMS 0x0000000091c00000| PB 0x0000000091c00000| Untracked 
| 109|0x0000000091d00000, 0x0000000091e00000, 0x0000000091e00000|100%| O|  |TAMS 0x0000000091d00000| PB 0x0000000091d00000| Untracked 
| 110|0x0000000091e00000, 0x0000000091f00000, 0x0000000091f00000|100%| O|  |TAMS 0x0000000091e00000| PB 0x0000000091e00000| Untracked 
| 111|0x0000000091f00000, 0x0000000092000000, 0x0000000092000000|100%| O|  |TAMS 0x0000000091f00000| PB 0x0000000091f00000| Untracked 
| 112|0x0000000092000000, 0x0000000092100000, 0x0000000092100000|100%| O|  |TAMS 0x0000000092000000| PB 0x0000000092000000| Untracked 
| 113|0x0000000092100000, 0x0000000092200000, 0x0000000092200000|100%| O|  |TAMS 0x0000000092100000| PB 0x0000000092100000| Untracked 
| 114|0x0000000092200000, 0x0000000092300000, 0x0000000092300000|100%| O|  |TAMS 0x0000000092200000| PB 0x0000000092200000| Untracked 
| 115|0x0000000092300000, 0x0000000092400000, 0x0000000092400000|100%| O|Cm|TAMS 0x0000000092300000| PB 0x0000000092300000| Complete 
| 116|0x0000000092400000, 0x0000000092500000, 0x0000000092500000|100%| O|  |TAMS 0x0000000092400000| PB 0x0000000092400000| Untracked 
| 117|0x0000000092500000, 0x0000000092600000, 0x0000000092600000|100%| O|  |TAMS 0x0000000092500000| PB 0x0000000092500000| Untracked 
| 118|0x0000000092600000, 0x0000000092700000, 0x0000000092700000|100%| O|  |TAMS 0x0000000092600000| PB 0x0000000092600000| Untracked 
| 119|0x0000000092700000, 0x0000000092800000, 0x0000000092800000|100%| O|  |TAMS 0x0000000092700000| PB 0x0000000092700000| Untracked 
| 120|0x0000000092800000, 0x0000000092900000, 0x0000000092900000|100%| O|  |TAMS 0x0000000092800000| PB 0x0000000092800000| Untracked 
| 121|0x0000000092900000, 0x0000000092a00000, 0x0000000092a00000|100%| O|  |TAMS 0x0000000092900000| PB 0x0000000092900000| Untracked 
| 122|0x0000000092a00000, 0x0000000092b00000, 0x0000000092b00000|100%| O|  |TAMS 0x0000000092a00000| PB 0x0000000092a00000| Untracked 
| 123|0x0000000092b00000, 0x0000000092c00000, 0x0000000092c00000|100%| O|  |TAMS 0x0000000092b00000| PB 0x0000000092b00000| Untracked 
| 124|0x0000000092c00000, 0x0000000092d00000, 0x0000000092d00000|100%| O|  |TAMS 0x0000000092c00000| PB 0x0000000092c00000| Untracked 
| 125|0x0000000092d00000, 0x0000000092e00000, 0x0000000092e00000|100%| O|  |TAMS 0x0000000092d00000| PB 0x0000000092d00000| Untracked 
| 126|0x0000000092e00000, 0x0000000092f00000, 0x0000000092f00000|100%| O|  |TAMS 0x0000000092e00000| PB 0x0000000092e00000| Untracked 
| 127|0x0000000092f00000, 0x0000000093000000, 0x0000000093000000|100%| O|  |TAMS 0x0000000092f00000| PB 0x0000000092f00000| Untracked 
| 128|0x0000000093000000, 0x0000000093100000, 0x0000000093100000|100%| O|  |TAMS 0x0000000093000000| PB 0x0000000093000000| Untracked 
| 129|0x0000000093100000, 0x0000000093200000, 0x0000000093200000|100%| O|  |TAMS 0x0000000093100000| PB 0x0000000093100000| Untracked 
| 130|0x0000000093200000, 0x0000000093300000, 0x0000000093300000|100%| O|  |TAMS 0x0000000093200000| PB 0x0000000093200000| Untracked 
| 131|0x0000000093300000, 0x0000000093400000, 0x0000000093400000|100%| O|  |TAMS 0x0000000093300000| PB 0x0000000093300000| Untracked 
| 132|0x0000000093400000, 0x0000000093500000, 0x0000000093500000|100%| O|  |TAMS 0x0000000093400000| PB 0x0000000093400000| Untracked 
| 133|0x0000000093500000, 0x0000000093600000, 0x0000000093600000|100%| O|  |TAMS 0x0000000093500000| PB 0x0000000093500000| Untracked 
| 134|0x0000000093600000, 0x0000000093700000, 0x0000000093700000|100%| O|  |TAMS 0x0000000093600000| PB 0x0000000093600000| Untracked 
| 135|0x0000000093700000, 0x0000000093800000, 0x0000000093800000|100%| O|  |TAMS 0x0000000093700000| PB 0x0000000093700000| Untracked 
| 136|0x0000000093800000, 0x0000000093900000, 0x0000000093900000|100%| O|  |TAMS 0x0000000093800000| PB 0x0000000093800000| Untracked 
| 137|0x0000000093900000, 0x0000000093a00000, 0x0000000093a00000|100%| O|  |TAMS 0x0000000093900000| PB 0x0000000093900000| Untracked 
| 138|0x0000000093a00000, 0x0000000093b00000, 0x0000000093b00000|100%| O|  |TAMS 0x0000000093a00000| PB 0x0000000093a00000| Untracked 
| 139|0x0000000093b00000, 0x0000000093c00000, 0x0000000093c00000|100%| O|  |TAMS 0x0000000093b00000| PB 0x0000000093b00000| Untracked 
| 140|0x0000000093c00000, 0x0000000093d00000, 0x0000000093d00000|100%| O|  |TAMS 0x0000000093c00000| PB 0x0000000093c00000| Untracked 
| 141|0x0000000093d00000, 0x0000000093e00000, 0x0000000093e00000|100%| O|  |TAMS 0x0000000093d00000| PB 0x0000000093d00000| Untracked 
| 142|0x0000000093e00000, 0x0000000093f00000, 0x0000000093f00000|100%| O|  |TAMS 0x0000000093e00000| PB 0x0000000093e00000| Untracked 
| 143|0x0000000093f00000, 0x0000000094000000, 0x0000000094000000|100%| O|  |TAMS 0x0000000093f00000| PB 0x0000000093f00000| Untracked 
| 144|0x0000000094000000, 0x0000000094100000, 0x0000000094100000|100%| O|  |TAMS 0x0000000094000000| PB 0x0000000094000000| Untracked 
| 145|0x0000000094100000, 0x0000000094200000, 0x0000000094200000|100%| O|  |TAMS 0x0000000094100000| PB 0x0000000094100000| Untracked 
| 146|0x0000000094200000, 0x0000000094300000, 0x0000000094300000|100%| O|  |TAMS 0x0000000094200000| PB 0x0000000094200000| Untracked 
| 147|0x0000000094300000, 0x0000000094400000, 0x0000000094400000|100%| O|  |TAMS 0x0000000094300000| PB 0x0000000094300000| Untracked 
| 148|0x0000000094400000, 0x0000000094500000, 0x0000000094500000|100%| O|  |TAMS 0x0000000094400000| PB 0x0000000094400000| Untracked 
| 149|0x0000000094500000, 0x0000000094600000, 0x0000000094600000|100%| O|  |TAMS 0x0000000094500000| PB 0x0000000094500000| Untracked 
| 150|0x0000000094600000, 0x0000000094700000, 0x0000000094700000|100%| O|  |TAMS 0x0000000094600000| PB 0x0000000094600000| Untracked 
| 151|0x0000000094700000, 0x0000000094800000, 0x0000000094800000|100%| O|  |TAMS 0x0000000094700000| PB 0x0000000094700000| Untracked 
| 152|0x0000000094800000, 0x0000000094900000, 0x0000000094900000|100%| O|  |TAMS 0x0000000094800000| PB 0x0000000094800000| Untracked 
| 153|0x0000000094900000, 0x0000000094a00000, 0x0000000094a00000|100%| O|  |TAMS 0x0000000094900000| PB 0x0000000094900000| Untracked 
| 154|0x0000000094a00000, 0x0000000094b00000, 0x0000000094b00000|100%| O|Cm|TAMS 0x0000000094a00000| PB 0x0000000094a00000| Complete 
| 155|0x0000000094b00000, 0x0000000094c00000, 0x0000000094c00000|100%| O|  |TAMS 0x0000000094b00000| PB 0x0000000094b00000| Untracked 
| 156|0x0000000094c00000, 0x0000000094d00000, 0x0000000094d00000|100%| O|  |TAMS 0x0000000094c00000| PB 0x0000000094c00000| Untracked 
| 157|0x0000000094d00000, 0x0000000094e00000, 0x0000000094e00000|100%| O|  |TAMS 0x0000000094d00000| PB 0x0000000094d00000| Untracked 
| 158|0x0000000094e00000, 0x0000000094f00000, 0x0000000094f00000|100%| O|  |TAMS 0x0000000094e00000| PB 0x0000000094e00000| Untracked 
| 159|0x0000000094f00000, 0x0000000095000000, 0x0000000095000000|100%| O|  |TAMS 0x0000000094f00000| PB 0x0000000094f00000| Untracked 
| 160|0x0000000095000000, 0x0000000095100000, 0x0000000095100000|100%| O|  |TAMS 0x0000000095000000| PB 0x0000000095000000| Untracked 
| 161|0x0000000095100000, 0x0000000095200000, 0x0000000095200000|100%| O|  |TAMS 0x0000000095100000| PB 0x0000000095100000| Untracked 
| 162|0x0000000095200000, 0x0000000095300000, 0x0000000095300000|100%| O|  |TAMS 0x0000000095200000| PB 0x0000000095200000| Untracked 
| 163|0x0000000095300000, 0x0000000095400000, 0x0000000095400000|100%| O|  |TAMS 0x0000000095300000| PB 0x0000000095300000| Untracked 
| 164|0x0000000095400000, 0x0000000095500000, 0x0000000095500000|100%| O|  |TAMS 0x0000000095400000| PB 0x0000000095400000| Untracked 
| 165|0x0000000095500000, 0x0000000095600000, 0x0000000095600000|100%| O|  |TAMS 0x0000000095500000| PB 0x0000000095500000| Untracked 
| 166|0x0000000095600000, 0x0000000095700000, 0x0000000095700000|100%| O|  |TAMS 0x0000000095600000| PB 0x0000000095600000| Untracked 
| 167|0x0000000095700000, 0x0000000095800000, 0x0000000095800000|100%| O|  |TAMS 0x0000000095700000| PB 0x0000000095700000| Untracked 
| 168|0x0000000095800000, 0x0000000095800000, 0x0000000095900000|  0%| F|  |TAMS 0x0000000095800000| PB 0x0000000095800000| Untracked 
| 169|0x0000000095900000, 0x0000000095900000, 0x0000000095a00000|  0%| F|  |TAMS 0x0000000095900000| PB 0x0000000095900000| Untracked 
| 170|0x0000000095a00000, 0x0000000095a00000, 0x0000000095b00000|  0%| F|  |TAMS 0x0000000095a00000| PB 0x0000000095a00000| Untracked 
| 171|0x0000000095b00000, 0x0000000095b00000, 0x0000000095c00000|  0%| F|  |TAMS 0x0000000095b00000| PB 0x0000000095b00000| Untracked 
| 172|0x0000000095c00000, 0x0000000095c00000, 0x0000000095d00000|  0%| F|  |TAMS 0x0000000095c00000| PB 0x0000000095c00000| Untracked 
| 173|0x0000000095d00000, 0x0000000095d00000, 0x0000000095e00000|  0%| F|  |TAMS 0x0000000095d00000| PB 0x0000000095d00000| Untracked 
| 174|0x0000000095e00000, 0x0000000095e00000, 0x0000000095f00000|  0%| F|  |TAMS 0x0000000095e00000| PB 0x0000000095e00000| Untracked 
| 175|0x0000000095f00000, 0x0000000095f00000, 0x0000000096000000|  0%| F|  |TAMS 0x0000000095f00000| PB 0x0000000095f00000| Untracked 
| 176|0x0000000096000000, 0x0000000096000000, 0x0000000096100000|  0%| F|  |TAMS 0x0000000096000000| PB 0x0000000096000000| Untracked 
| 177|0x0000000096100000, 0x0000000096100000, 0x0000000096200000|  0%| F|  |TAMS 0x0000000096100000| PB 0x0000000096100000| Untracked 
| 178|0x0000000096200000, 0x0000000096200000, 0x0000000096300000|  0%| F|  |TAMS 0x0000000096200000| PB 0x0000000096200000| Untracked 
| 179|0x0000000096300000, 0x0000000096400000, 0x0000000096400000|100%| O|  |TAMS 0x0000000096300000| PB 0x0000000096300000| Untracked 
| 180|0x0000000096400000, 0x0000000096500000, 0x0000000096500000|100%| O|  |TAMS 0x0000000096400000| PB 0x0000000096400000| Untracked 
| 181|0x0000000096500000, 0x0000000096600000, 0x0000000096600000|100%| O|  |TAMS 0x0000000096500000| PB 0x0000000096500000| Untracked 
| 182|0x0000000096600000, 0x0000000096700000, 0x0000000096700000|100%| O|  |TAMS 0x0000000096600000| PB 0x0000000096600000| Untracked 
| 183|0x0000000096700000, 0x0000000096800000, 0x0000000096800000|100%| O|  |TAMS 0x0000000096700000| PB 0x0000000096700000| Untracked 
| 184|0x0000000096800000, 0x0000000096900000, 0x0000000096900000|100%| O|  |TAMS 0x0000000096800000| PB 0x0000000096800000| Untracked 
| 185|0x0000000096900000, 0x0000000096a00000, 0x0000000096a00000|100%| O|  |TAMS 0x0000000096900000| PB 0x0000000096900000| Untracked 
| 186|0x0000000096a00000, 0x0000000096a9e380, 0x0000000096b00000| 61%| O|  |TAMS 0x0000000096a00000| PB 0x0000000096a00000| Untracked 
| 187|0x0000000096b00000, 0x0000000096b00000, 0x0000000096c00000|  0%| F|  |TAMS 0x0000000096b00000| PB 0x0000000096b00000| Untracked 
| 188|0x0000000096c00000, 0x0000000096c00000, 0x0000000096d00000|  0%| F|  |TAMS 0x0000000096c00000| PB 0x0000000096c00000| Untracked 
| 189|0x0000000096d00000, 0x0000000096d00000, 0x0000000096e00000|  0%| F|  |TAMS 0x0000000096d00000| PB 0x0000000096d00000| Untracked 
| 190|0x0000000096e00000, 0x0000000096e00000, 0x0000000096f00000|  0%| F|  |TAMS 0x0000000096e00000| PB 0x0000000096e00000| Untracked 
| 191|0x0000000096f00000, 0x0000000097000000, 0x0000000097000000|100%| S|CS|TAMS 0x0000000096f00000| PB 0x0000000096f00000| Complete 
| 192|0x0000000097000000, 0x0000000097100000, 0x0000000097100000|100%| S|CS|TAMS 0x0000000097000000| PB 0x0000000097000000| Complete 
| 193|0x0000000097100000, 0x0000000097200000, 0x0000000097200000|100%| S|CS|TAMS 0x0000000097100000| PB 0x0000000097100000| Complete 
| 194|0x0000000097200000, 0x0000000097300000, 0x0000000097300000|100%| S|CS|TAMS 0x0000000097200000| PB 0x0000000097200000| Complete 
| 195|0x0000000097300000, 0x0000000097400000, 0x0000000097400000|100%| S|CS|TAMS 0x0000000097300000| PB 0x0000000097300000| Complete 
| 196|0x0000000097400000, 0x0000000097500000, 0x0000000097500000|100%| S|CS|TAMS 0x0000000097400000| PB 0x0000000097400000| Complete 
| 197|0x0000000097500000, 0x0000000097600000, 0x0000000097600000|100%| S|CS|TAMS 0x0000000097500000| PB 0x0000000097500000| Complete 
| 198|0x0000000097600000, 0x0000000097700000, 0x0000000097700000|100%| S|CS|TAMS 0x0000000097600000| PB 0x0000000097600000| Complete 
| 199|0x0000000097700000, 0x0000000097800000, 0x0000000097800000|100%| S|CS|TAMS 0x0000000097700000| PB 0x0000000097700000| Complete 
| 200|0x0000000097800000, 0x0000000097800000, 0x0000000097900000|  0%| F|  |TAMS 0x0000000097800000| PB 0x0000000097800000| Untracked 
| 201|0x0000000097900000, 0x0000000097900000, 0x0000000097a00000|  0%| F|  |TAMS 0x0000000097900000| PB 0x0000000097900000| Untracked 
| 202|0x0000000097a00000, 0x0000000097a00000, 0x0000000097b00000|  0%| F|  |TAMS 0x0000000097a00000| PB 0x0000000097a00000| Untracked 
| 203|0x0000000097b00000, 0x0000000097b00000, 0x0000000097c00000|  0%| F|  |TAMS 0x0000000097b00000| PB 0x0000000097b00000| Untracked 
| 204|0x0000000097c00000, 0x0000000097c00000, 0x0000000097d00000|  0%| F|  |TAMS 0x0000000097c00000| PB 0x0000000097c00000| Untracked 
| 205|0x0000000097d00000, 0x0000000097d00000, 0x0000000097e00000|  0%| F|  |TAMS 0x0000000097d00000| PB 0x0000000097d00000| Untracked 
| 206|0x0000000097e00000, 0x0000000097e00000, 0x0000000097f00000|  0%| F|  |TAMS 0x0000000097e00000| PB 0x0000000097e00000| Untracked 
| 207|0x0000000097f00000, 0x0000000097f00000, 0x0000000098000000|  0%| F|  |TAMS 0x0000000097f00000| PB 0x0000000097f00000| Untracked 
| 208|0x0000000098000000, 0x0000000098000000, 0x0000000098100000|  0%| F|  |TAMS 0x0000000098000000| PB 0x0000000098000000| Untracked 
| 209|0x0000000098100000, 0x0000000098100000, 0x0000000098200000|  0%| F|  |TAMS 0x0000000098100000| PB 0x0000000098100000| Untracked 
| 210|0x0000000098200000, 0x0000000098200000, 0x0000000098300000|  0%| F|  |TAMS 0x0000000098200000| PB 0x0000000098200000| Untracked 
| 211|0x0000000098300000, 0x0000000098300000, 0x0000000098400000|  0%| F|  |TAMS 0x0000000098300000| PB 0x0000000098300000| Untracked 
| 212|0x0000000098400000, 0x0000000098400000, 0x0000000098500000|  0%| F|  |TAMS 0x0000000098400000| PB 0x0000000098400000| Untracked 
| 213|0x0000000098500000, 0x0000000098500000, 0x0000000098600000|  0%| F|  |TAMS 0x0000000098500000| PB 0x0000000098500000| Untracked 
| 214|0x0000000098600000, 0x0000000098600000, 0x0000000098700000|  0%| F|  |TAMS 0x0000000098600000| PB 0x0000000098600000| Untracked 
| 215|0x0000000098700000, 0x0000000098700000, 0x0000000098800000|  0%| F|  |TAMS 0x0000000098700000| PB 0x0000000098700000| Untracked 
| 216|0x0000000098800000, 0x0000000098800000, 0x0000000098900000|  0%| F|  |TAMS 0x0000000098800000| PB 0x0000000098800000| Untracked 
| 217|0x0000000098900000, 0x0000000098900000, 0x0000000098a00000|  0%| F|  |TAMS 0x0000000098900000| PB 0x0000000098900000| Untracked 
| 218|0x0000000098a00000, 0x0000000098a00000, 0x0000000098b00000|  0%| F|  |TAMS 0x0000000098a00000| PB 0x0000000098a00000| Untracked 
| 219|0x0000000098b00000, 0x0000000098b00000, 0x0000000098c00000|  0%| F|  |TAMS 0x0000000098b00000| PB 0x0000000098b00000| Untracked 
| 220|0x0000000098c00000, 0x0000000098c00000, 0x0000000098d00000|  0%| F|  |TAMS 0x0000000098c00000| PB 0x0000000098c00000| Untracked 
| 221|0x0000000098d00000, 0x0000000098d00000, 0x0000000098e00000|  0%| F|  |TAMS 0x0000000098d00000| PB 0x0000000098d00000| Untracked 
| 222|0x0000000098e00000, 0x0000000098e00000, 0x0000000098f00000|  0%| F|  |TAMS 0x0000000098e00000| PB 0x0000000098e00000| Untracked 
| 223|0x0000000098f00000, 0x0000000098f00000, 0x0000000099000000|  0%| F|  |TAMS 0x0000000098f00000| PB 0x0000000098f00000| Untracked 
| 224|0x0000000099000000, 0x0000000099000000, 0x0000000099100000|  0%| F|  |TAMS 0x0000000099000000| PB 0x0000000099000000| Untracked 
| 225|0x0000000099100000, 0x0000000099100000, 0x0000000099200000|  0%| F|  |TAMS 0x0000000099100000| PB 0x0000000099100000| Untracked 
| 226|0x0000000099200000, 0x0000000099200000, 0x0000000099300000|  0%| F|  |TAMS 0x0000000099200000| PB 0x0000000099200000| Untracked 
| 227|0x0000000099300000, 0x0000000099300000, 0x0000000099400000|  0%| F|  |TAMS 0x0000000099300000| PB 0x0000000099300000| Untracked 
| 228|0x0000000099400000, 0x0000000099400000, 0x0000000099500000|  0%| F|  |TAMS 0x0000000099400000| PB 0x0000000099400000| Untracked 
| 229|0x0000000099500000, 0x0000000099500000, 0x0000000099600000|  0%| F|  |TAMS 0x0000000099500000| PB 0x0000000099500000| Untracked 
| 230|0x0000000099600000, 0x0000000099600000, 0x0000000099700000|  0%| F|  |TAMS 0x0000000099600000| PB 0x0000000099600000| Untracked 
| 231|0x0000000099700000, 0x0000000099700000, 0x0000000099800000|  0%| F|  |TAMS 0x0000000099700000| PB 0x0000000099700000| Untracked 
| 232|0x0000000099800000, 0x0000000099800000, 0x0000000099900000|  0%| F|  |TAMS 0x0000000099800000| PB 0x0000000099800000| Untracked 
| 233|0x0000000099900000, 0x0000000099900000, 0x0000000099a00000|  0%| F|  |TAMS 0x0000000099900000| PB 0x0000000099900000| Untracked 
| 234|0x0000000099a00000, 0x0000000099a00000, 0x0000000099b00000|  0%| F|  |TAMS 0x0000000099a00000| PB 0x0000000099a00000| Untracked 
| 235|0x0000000099b00000, 0x0000000099b00000, 0x0000000099c00000|  0%| F|  |TAMS 0x0000000099b00000| PB 0x0000000099b00000| Untracked 
| 236|0x0000000099c00000, 0x0000000099c00000, 0x0000000099d00000|  0%| F|  |TAMS 0x0000000099c00000| PB 0x0000000099c00000| Untracked 
| 237|0x0000000099d00000, 0x0000000099d00000, 0x0000000099e00000|  0%| F|  |TAMS 0x0000000099d00000| PB 0x0000000099d00000| Untracked 
| 238|0x0000000099e00000, 0x0000000099e00000, 0x0000000099f00000|  0%| F|  |TAMS 0x0000000099e00000| PB 0x0000000099e00000| Untracked 
| 239|0x0000000099f00000, 0x0000000099f00000, 0x000000009a000000|  0%| F|  |TAMS 0x0000000099f00000| PB 0x0000000099f00000| Untracked 
| 240|0x000000009a000000, 0x000000009a000000, 0x000000009a100000|  0%| F|  |TAMS 0x000000009a000000| PB 0x000000009a000000| Untracked 
| 241|0x000000009a100000, 0x000000009a100000, 0x000000009a200000|  0%| F|  |TAMS 0x000000009a100000| PB 0x000000009a100000| Untracked 
| 242|0x000000009a200000, 0x000000009a200000, 0x000000009a300000|  0%| F|  |TAMS 0x000000009a200000| PB 0x000000009a200000| Untracked 
| 243|0x000000009a300000, 0x000000009a300000, 0x000000009a400000|  0%| F|  |TAMS 0x000000009a300000| PB 0x000000009a300000| Untracked 
| 244|0x000000009a400000, 0x000000009a400000, 0x000000009a500000|  0%| F|  |TAMS 0x000000009a400000| PB 0x000000009a400000| Untracked 
| 245|0x000000009a500000, 0x000000009a500000, 0x000000009a600000|  0%| F|  |TAMS 0x000000009a500000| PB 0x000000009a500000| Untracked 
| 246|0x000000009a600000, 0x000000009a600000, 0x000000009a700000|  0%| F|  |TAMS 0x000000009a600000| PB 0x000000009a600000| Untracked 
| 247|0x000000009a700000, 0x000000009a700000, 0x000000009a800000|  0%| F|  |TAMS 0x000000009a700000| PB 0x000000009a700000| Untracked 
| 248|0x000000009a800000, 0x000000009a800000, 0x000000009a900000|  0%| F|  |TAMS 0x000000009a800000| PB 0x000000009a800000| Untracked 
| 249|0x000000009a900000, 0x000000009a900000, 0x000000009aa00000|  0%| F|  |TAMS 0x000000009a900000| PB 0x000000009a900000| Untracked 
| 250|0x000000009aa00000, 0x000000009aa00000, 0x000000009ab00000|  0%| F|  |TAMS 0x000000009aa00000| PB 0x000000009aa00000| Untracked 
| 251|0x000000009ab00000, 0x000000009ab00000, 0x000000009ac00000|  0%| F|  |TAMS 0x000000009ab00000| PB 0x000000009ab00000| Untracked 
| 252|0x000000009ac00000, 0x000000009ac00000, 0x000000009ad00000|  0%| F|  |TAMS 0x000000009ac00000| PB 0x000000009ac00000| Untracked 
| 253|0x000000009ad00000, 0x000000009ad00000, 0x000000009ae00000|  0%| F|  |TAMS 0x000000009ad00000| PB 0x000000009ad00000| Untracked 
| 254|0x000000009ae00000, 0x000000009ae00000, 0x000000009af00000|  0%| F|  |TAMS 0x000000009ae00000| PB 0x000000009ae00000| Untracked 
| 255|0x000000009af00000, 0x000000009af00000, 0x000000009b000000|  0%| F|  |TAMS 0x000000009af00000| PB 0x000000009af00000| Untracked 
| 256|0x000000009b000000, 0x000000009b000000, 0x000000009b100000|  0%| F|  |TAMS 0x000000009b000000| PB 0x000000009b000000| Untracked 
| 257|0x000000009b100000, 0x000000009b100000, 0x000000009b200000|  0%| F|  |TAMS 0x000000009b100000| PB 0x000000009b100000| Untracked 
| 258|0x000000009b200000, 0x000000009b200000, 0x000000009b300000|  0%| F|  |TAMS 0x000000009b200000| PB 0x000000009b200000| Untracked 
| 259|0x000000009b300000, 0x000000009b300000, 0x000000009b400000|  0%| F|  |TAMS 0x000000009b300000| PB 0x000000009b300000| Untracked 
| 260|0x000000009b400000, 0x000000009b500000, 0x000000009b500000|100%| E|CS|TAMS 0x000000009b400000| PB 0x000000009b400000| Complete 
| 261|0x000000009b500000, 0x000000009b600000, 0x000000009b600000|100%| E|CS|TAMS 0x000000009b500000| PB 0x000000009b500000| Complete 
| 262|0x000000009b600000, 0x000000009b600000, 0x000000009b700000|  0%| F|  |TAMS 0x000000009b600000| PB 0x000000009b600000| Untracked 
| 263|0x000000009b700000, 0x000000009b700000, 0x000000009b800000|  0%| F|  |TAMS 0x000000009b700000| PB 0x000000009b700000| Untracked 
| 264|0x000000009b800000, 0x000000009b800000, 0x000000009b900000|  0%| F|  |TAMS 0x000000009b800000| PB 0x000000009b800000| Untracked 
| 265|0x000000009b900000, 0x000000009b900000, 0x000000009ba00000|  0%| F|  |TAMS 0x000000009b900000| PB 0x000000009b900000| Untracked 
| 266|0x000000009ba00000, 0x000000009ba00000, 0x000000009bb00000|  0%| F|  |TAMS 0x000000009ba00000| PB 0x000000009ba00000| Untracked 
| 267|0x000000009bb00000, 0x000000009bb00000, 0x000000009bc00000|  0%| F|  |TAMS 0x000000009bb00000| PB 0x000000009bb00000| Untracked 
| 268|0x000000009bc00000, 0x000000009bc00000, 0x000000009bd00000|  0%| F|  |TAMS 0x000000009bc00000| PB 0x000000009bc00000| Untracked 
| 269|0x000000009bd00000, 0x000000009bd00000, 0x000000009be00000|  0%| F|  |TAMS 0x000000009bd00000| PB 0x000000009bd00000| Untracked 
| 270|0x000000009be00000, 0x000000009be00000, 0x000000009bf00000|  0%| F|  |TAMS 0x000000009be00000| PB 0x000000009be00000| Untracked 
| 271|0x000000009bf00000, 0x000000009bf00000, 0x000000009c000000|  0%| F|  |TAMS 0x000000009bf00000| PB 0x000000009bf00000| Untracked 
| 272|0x000000009c000000, 0x000000009c080000, 0x000000009c100000| 50%| E|  |TAMS 0x000000009c000000| PB 0x000000009c000000| Complete 
| 273|0x000000009c100000, 0x000000009c200000, 0x000000009c200000|100%| E|CS|TAMS 0x000000009c100000| PB 0x000000009c100000| Complete 
| 274|0x000000009c200000, 0x000000009c300000, 0x000000009c300000|100%| E|CS|TAMS 0x000000009c200000| PB 0x000000009c200000| Complete 
| 275|0x000000009c300000, 0x000000009c400000, 0x000000009c400000|100%| E|CS|TAMS 0x000000009c300000| PB 0x000000009c300000| Complete 
| 276|0x000000009c400000, 0x000000009c500000, 0x000000009c500000|100%| E|CS|TAMS 0x000000009c400000| PB 0x000000009c400000| Complete 
| 277|0x000000009c500000, 0x000000009c600000, 0x000000009c600000|100%| E|CS|TAMS 0x000000009c500000| PB 0x000000009c500000| Complete 
| 278|0x000000009c600000, 0x000000009c700000, 0x000000009c700000|100%| E|CS|TAMS 0x000000009c600000| PB 0x000000009c600000| Complete 
| 279|0x000000009c700000, 0x000000009c800000, 0x000000009c800000|100%| E|CS|TAMS 0x000000009c700000| PB 0x000000009c700000| Complete 
| 280|0x000000009c800000, 0x000000009c900000, 0x000000009c900000|100%| E|CS|TAMS 0x000000009c800000| PB 0x000000009c800000| Complete 
| 281|0x000000009c900000, 0x000000009ca00000, 0x000000009ca00000|100%| E|CS|TAMS 0x000000009c900000| PB 0x000000009c900000| Complete 
| 282|0x000000009ca00000, 0x000000009cb00000, 0x000000009cb00000|100%| E|CS|TAMS 0x000000009ca00000| PB 0x000000009ca00000| Complete 
| 283|0x000000009cb00000, 0x000000009cc00000, 0x000000009cc00000|100%| E|CS|TAMS 0x000000009cb00000| PB 0x000000009cb00000| Complete 
| 284|0x000000009cc00000, 0x000000009cd00000, 0x000000009cd00000|100%| E|CS|TAMS 0x000000009cc00000| PB 0x000000009cc00000| Complete 
| 285|0x000000009cd00000, 0x000000009ce00000, 0x000000009ce00000|100%| E|CS|TAMS 0x000000009cd00000| PB 0x000000009cd00000| Complete 
| 286|0x000000009ce00000, 0x000000009cf00000, 0x000000009cf00000|100%| E|CS|TAMS 0x000000009ce00000| PB 0x000000009ce00000| Complete 
| 287|0x000000009cf00000, 0x000000009d000000, 0x000000009d000000|100%| E|CS|TAMS 0x000000009cf00000| PB 0x000000009cf00000| Complete 
| 288|0x000000009d000000, 0x000000009d100000, 0x000000009d100000|100%| E|CS|TAMS 0x000000009d000000| PB 0x000000009d000000| Complete 
| 289|0x000000009d100000, 0x000000009d200000, 0x000000009d200000|100%| E|CS|TAMS 0x000000009d100000| PB 0x000000009d100000| Complete 
| 290|0x000000009d200000, 0x000000009d300000, 0x000000009d300000|100%| E|CS|TAMS 0x000000009d200000| PB 0x000000009d200000| Complete 
| 291|0x000000009d300000, 0x000000009d400000, 0x000000009d400000|100%| E|CS|TAMS 0x000000009d300000| PB 0x000000009d300000| Complete 
| 292|0x000000009d400000, 0x000000009d500000, 0x000000009d500000|100%| E|CS|TAMS 0x000000009d400000| PB 0x000000009d400000| Complete 
| 293|0x000000009d500000, 0x000000009d600000, 0x000000009d600000|100%| E|CS|TAMS 0x000000009d500000| PB 0x000000009d500000| Complete 
| 294|0x000000009d600000, 0x000000009d700000, 0x000000009d700000|100%| E|CS|TAMS 0x000000009d600000| PB 0x000000009d600000| Complete 
| 295|0x000000009d700000, 0x000000009d800000, 0x000000009d800000|100%| E|CS|TAMS 0x000000009d700000| PB 0x000000009d700000| Complete 
| 296|0x000000009d800000, 0x000000009d900000, 0x000000009d900000|100%| E|CS|TAMS 0x000000009d800000| PB 0x000000009d800000| Complete 
| 297|0x000000009d900000, 0x000000009da00000, 0x000000009da00000|100%| E|CS|TAMS 0x000000009d900000| PB 0x000000009d900000| Complete 
| 298|0x000000009da00000, 0x000000009db00000, 0x000000009db00000|100%| E|CS|TAMS 0x000000009da00000| PB 0x000000009da00000| Complete 
| 299|0x000000009db00000, 0x000000009dc00000, 0x000000009dc00000|100%| E|CS|TAMS 0x000000009db00000| PB 0x000000009db00000| Complete 
| 300|0x000000009dc00000, 0x000000009dd00000, 0x000000009dd00000|100%| E|CS|TAMS 0x000000009dc00000| PB 0x000000009dc00000| Complete 
| 301|0x000000009dd00000, 0x000000009de00000, 0x000000009de00000|100%| E|CS|TAMS 0x000000009dd00000| PB 0x000000009dd00000| Complete 
| 302|0x000000009de00000, 0x000000009df00000, 0x000000009df00000|100%| E|CS|TAMS 0x000000009de00000| PB 0x000000009de00000| Complete 
| 303|0x000000009df00000, 0x000000009e000000, 0x000000009e000000|100%| E|CS|TAMS 0x000000009df00000| PB 0x000000009df00000| Complete 
| 304|0x000000009e000000, 0x000000009e100000, 0x000000009e100000|100%| E|CS|TAMS 0x000000009e000000| PB 0x000000009e000000| Complete 
| 305|0x000000009e100000, 0x000000009e200000, 0x000000009e200000|100%| E|CS|TAMS 0x000000009e100000| PB 0x000000009e100000| Complete 
| 306|0x000000009e200000, 0x000000009e300000, 0x000000009e300000|100%| E|CS|TAMS 0x000000009e200000| PB 0x000000009e200000| Complete 
| 307|0x000000009e300000, 0x000000009e400000, 0x000000009e400000|100%| E|CS|TAMS 0x000000009e300000| PB 0x000000009e300000| Complete 
| 308|0x000000009e400000, 0x000000009e500000, 0x000000009e500000|100%| E|CS|TAMS 0x000000009e400000| PB 0x000000009e400000| Complete 
|1869|0x00000000ffd00000, 0x00000000ffe00000, 0x00000000ffe00000|100%| E|CS|TAMS 0x00000000ffd00000| PB 0x00000000ffd00000| Complete 
|1870|0x00000000ffe00000, 0x00000000fff00000, 0x00000000fff00000|100%| O|  |TAMS 0x00000000ffe00000| PB 0x00000000ffe00000| Untracked 
|1871|0x00000000fff00000, 0x0000000100000000, 0x0000000100000000|100%| O|  |TAMS 0x00000000fff00000| PB 0x00000000fff00000| Untracked 

Card table byte_map: [0x0000011898770000,0x0000011898b20000] _byte_map_base: 0x0000011898318000

Marking Bits: (CMBitMap*) 0x0000011885d6cad0
 Bits: [0x0000011898b20000, 0x000001189a860000)

Polling page: 0x0000011883b00000

Metaspace:

Usage:
  Non-class:     69.60 MB used.
      Class:      8.24 MB used.
       Both:     77.83 MB used.

Virtual space:
  Non-class space:      128.00 MB reserved,      69.81 MB ( 55%) committed,  2 nodes.
      Class space:        1.00 GB reserved,       8.38 MB ( <1%) committed,  1 nodes.
             Both:        1.12 GB reserved,      78.19 MB (  7%) committed. 

Chunk freelists:
   Non-Class:  9.53 MB
       Class:  7.64 MB
        Both:  17.17 MB

MaxMetaspaceSize: unlimited
CompressedClassSpaceSize: 1.00 GB
Initial GC threshold: 21.00 MB
Current GC threshold: 129.62 MB
CDS: off
 - commit_granule_bytes: 65536.
 - commit_granule_words: 8192.
 - virtual_space_node_default_size: 8388608.
 - enlarge_chunks_in_place: 1.
 - use_allocation_guard: 0.


Internal statistics:

num_allocs_failed_limit: 3.
num_arena_births: 346.
num_arena_deaths: 0.
num_vsnodes_births: 3.
num_vsnodes_deaths: 0.
num_space_committed: 1249.
num_space_uncommitted: 0.
num_chunks_returned_to_freelist: 3.
num_chunks_taken_from_freelist: 2807.
num_chunk_merges: 3.
num_chunk_splits: 2346.
num_chunks_enlarged: 2142.
num_inconsistent_stats: 0.

CodeHeap 'non-profiled nmethods': size=120000Kb used=8902Kb max_used=8902Kb free=111098Kb
 bounds [0x0000011890940000, 0x0000011891200000, 0x0000011897e70000]
CodeHeap 'profiled nmethods': size=120000Kb used=46721Kb max_used=47785Kb free=73278Kb
 bounds [0x0000011888e70000, 0x000001188bd20000, 0x00000118903a0000]
CodeHeap 'non-nmethods': size=5760Kb used=1790Kb max_used=1840Kb free=3969Kb
 bounds [0x00000118903a0000, 0x0000011890610000, 0x0000011890940000]
 total_blobs=14254 nmethods=13460 adapters=694
 compilation: enabled
              stopped_count=0, restarted_count=0
 full_count=0

Compilation events (20 events):
Event: 18.666 Thread 0x000001189d6d66d0 nmethod 15637 0x0000011890e38e10 code [0x0000011890e38fa0, 0x0000011890e39068]
Event: 18.666 Thread 0x000001189d6d66d0 15640       3       androidx.compose.compiler.plugins.kotlin.lower.DeepCopyIrTreeWithRemappedComposableTypes::visitConstructorCall (9 bytes)
Event: 18.666 Thread 0x000001189d6d66d0 nmethod 15640 0x000001188962b810 code [0x000001188962b9c0, 0x000001188962baf8]
Event: 18.666 Thread 0x000001189d6d66d0 15641       3       androidx.compose.compiler.plugins.kotlin.lower.DeepCopyIrTreeWithRemappedComposableTypes::visitConstructorCall (263 bytes)
Event: 18.669 Thread 0x000001189d6d66d0 nmethod 15641 0x0000011889ea0310 code [0x0000011889ea0b20, 0x0000011889ea5070]
Event: 18.669 Thread 0x000001189d6d66d0 15643       3       androidx.compose.compiler.plugins.kotlin.lower.ComposerTypeRemapper::leaveScope (9 bytes)
Event: 18.670 Thread 0x000001189d6d66d0 nmethod 15643 0x0000011889b0d210 code [0x0000011889b0d460, 0x0000011889b0dbd8]
Event: 18.670 Thread 0x000001189d6d66d0 15644       3       org.jetbrains.kotlin.ir.expressions.impl.IrLocalDelegatedPropertyReferenceImpl::<init> (101 bytes)
Event: 18.671 Thread 0x000001189d6d66d0 nmethod 15644 0x0000011889e9dc10 code [0x0000011889e9e000, 0x0000011889e9f9e8]
Event: 18.671 Thread 0x000001189d6d66d0 15647       3       kotlin.collections.CollectionsKt__ReversedViewsKt::asReversedMutable (18 bytes)
Event: 18.671 Thread 0x000001189d6d66d0 nmethod 15647 0x00000118892a0010 code [0x00000118892a02c0, 0x00000118892a0f00]
Event: 18.671 Thread 0x000001189d6d66d0 15646       3       androidx.compose.compiler.plugins.kotlin.lower.ComposableTypeRemapperKt::needsComposableRemapping (105 bytes)
Event: 18.672 Thread 0x000001189d6d66d0 nmethod 15646 0x000001188929e990 code [0x000001188929eca0, 0x000001188929fb80]
Event: 18.672 Thread 0x000001189d6d66d0 15645       3       org.jetbrains.kotlin.ir.expressions.IrLocalDelegatedPropertyReference::<init> (5 bytes)
Event: 18.672 Thread 0x000001189d6d66d0 nmethod 15645 0x000001188917ce10 code [0x000001188917cfe0, 0x000001188917d320]
Event: 18.676 Thread 0x000001189d6d66d0 15648       3       org.jetbrains.kotlin.fir.lazy.Fir2IrLazyConstructor::getDispatchReceiverParameter (19 bytes)
Event: 18.677 Thread 0x000001189d6d66d0 nmethod 15648 0x0000011889d3b510 code [0x0000011889d3b6c0, 0x0000011889d3b988]
Event: 18.677 Thread 0x000001189d6d66d0 15649       3       org.jetbrains.kotlin.fir.declarations.builder.FirTypeParameterBuilder::getSymbol (17 bytes)
Event: 18.678 Thread 0x000001189d6d66d0 nmethod 15649 0x000001188929d990 code [0x000001188929dc20, 0x000001188929e5d0]
Event: 18.680 Thread 0x000001189d6d66d0 15651       3       androidx.compose.compiler.plugins.kotlin.lower.DeepCopyIrTreeWithRemappedComposableTypes::visitSimpleFunction (83 bytes)

GC Heap History (20 events):
Event: 8.425 GC heap before
{Heap before GC invocations=28 (full 0):
 garbage-first heap   total 214016K, used 168839K [0x000000008b000000, 0x0000000100000000)
  region size 1024K, 73 young (74752K), 10 survivors (10240K)
 Metaspace       used 60746K, committed 61056K, reserved 1114112K
  class space    used 6968K, committed 7104K, reserved 1048576K
}
Event: 8.439 GC heap after
{Heap after GC invocations=29 (full 0):
 garbage-first heap   total 214016K, used 117597K [0x000000008b000000, 0x0000000100000000)
  region size 1024K, 10 young (10240K), 10 survivors (10240K)
 Metaspace       used 60746K, committed 61056K, reserved 1114112K
  class space    used 6968K, committed 7104K, reserved 1048576K
}
Event: 8.568 GC heap before
{Heap before GC invocations=30 (full 0):
 garbage-first heap   total 214016K, used 176989K [0x000000008b000000, 0x0000000100000000)
  region size 1024K, 68 young (69632K), 10 survivors (10240K)
 Metaspace       used 60746K, committed 61056K, reserved 1114112K
  class space    used 6968K, committed 7104K, reserved 1048576K
}
Event: 8.576 GC heap after
{Heap after GC invocations=31 (full 0):
 garbage-first heap   total 214016K, used 130393K [0x000000008b000000, 0x0000000100000000)
  region size 1024K, 9 young (9216K), 9 survivors (9216K)
 Metaspace       used 60746K, committed 61056K, reserved 1114112K
  class space    used 6968K, committed 7104K, reserved 1048576K
}
Event: 9.082 GC heap before
{Heap before GC invocations=31 (full 0):
 garbage-first heap   total 214016K, used 183641K [0x000000008b000000, 0x0000000100000000)
  region size 1024K, 61 young (62464K), 9 survivors (9216K)
 Metaspace       used 61091K, committed 61376K, reserved 1114112K
  class space    used 6971K, committed 7104K, reserved 1048576K
}
Event: 9.091 GC heap after
{Heap after GC invocations=32 (full 0):
 garbage-first heap   total 214016K, used 140156K [0x000000008b000000, 0x0000000100000000)
  region size 1024K, 8 young (8192K), 8 survivors (8192K)
 Metaspace       used 61091K, committed 61376K, reserved 1114112K
  class space    used 6971K, committed 7104K, reserved 1048576K
}
Event: 10.096 GC heap before
{Heap before GC invocations=32 (full 0):
 garbage-first heap   total 214016K, used 189308K [0x000000008b000000, 0x0000000100000000)
  region size 1024K, 56 young (57344K), 8 survivors (8192K)
 Metaspace       used 61667K, committed 62016K, reserved 1114112K
  class space    used 6986K, committed 7168K, reserved 1048576K
}
Event: 10.106 GC heap after
{Heap after GC invocations=33 (full 0):
 garbage-first heap   total 214016K, used 148264K [0x000000008b000000, 0x0000000100000000)
  region size 1024K, 7 young (7168K), 7 survivors (7168K)
 Metaspace       used 61667K, committed 62016K, reserved 1114112K
  class space    used 6986K, committed 7168K, reserved 1048576K
}
Event: 11.091 GC heap before
{Heap before GC invocations=34 (full 0):
 garbage-first heap   total 245760K, used 191272K [0x000000008b000000, 0x0000000100000000)
  region size 1024K, 50 young (51200K), 7 survivors (7168K)
 Metaspace       used 62191K, committed 62464K, reserved 1114112K
  class space    used 7019K, committed 7168K, reserved 1048576K
}
Event: 11.100 GC heap after
{Heap after GC invocations=35 (full 0):
 garbage-first heap   total 245760K, used 154411K [0x000000008b000000, 0x0000000100000000)
  region size 1024K, 7 young (7168K), 7 survivors (7168K)
 Metaspace       used 62191K, committed 62464K, reserved 1114112K
  class space    used 7019K, committed 7168K, reserved 1048576K
}
Event: 12.489 GC heap before
{Heap before GC invocations=35 (full 0):
 garbage-first heap   total 245760K, used 216875K [0x000000008b000000, 0x0000000100000000)
  region size 1024K, 68 young (69632K), 7 survivors (7168K)
 Metaspace       used 62724K, committed 63040K, reserved 1114112K
  class space    used 7031K, committed 7168K, reserved 1048576K
}
Event: 12.498 GC heap after
{Heap after GC invocations=36 (full 0):
 garbage-first heap   total 245760K, used 157812K [0x000000008b000000, 0x0000000100000000)
  region size 1024K, 7 young (7168K), 7 survivors (7168K)
 Metaspace       used 62724K, committed 63040K, reserved 1114112K
  class space    used 7031K, committed 7168K, reserved 1048576K
}
Event: 13.645 GC heap before
{Heap before GC invocations=36 (full 0):
 garbage-first heap   total 245760K, used 219252K [0x000000008b000000, 0x0000000100000000)
  region size 1024K, 67 young (68608K), 7 survivors (7168K)
 Metaspace       used 63554K, committed 63872K, reserved 1114112K
  class space    used 7092K, committed 7232K, reserved 1048576K
}
Event: 13.651 GC heap after
{Heap after GC invocations=37 (full 0):
 garbage-first heap   total 245760K, used 162178K [0x000000008b000000, 0x0000000100000000)
  region size 1024K, 4 young (4096K), 4 survivors (4096K)
 Metaspace       used 63554K, committed 63872K, reserved 1114112K
  class space    used 7092K, committed 7232K, reserved 1048576K
}
Event: 15.310 GC heap before
{Heap before GC invocations=38 (full 0):
 garbage-first heap   total 271360K, used 223618K [0x000000008b000000, 0x0000000100000000)
  region size 1024K, 64 young (65536K), 4 survivors (4096K)
 Metaspace       used 66863K, committed 67200K, reserved 1114112K
  class space    used 7349K, committed 7488K, reserved 1048576K
}
Event: 15.319 GC heap after
{Heap after GC invocations=39 (full 0):
 garbage-first heap   total 271360K, used 168604K [0x000000008b000000, 0x0000000100000000)
  region size 1024K, 8 young (8192K), 8 survivors (8192K)
 Metaspace       used 66863K, committed 67200K, reserved 1114112K
  class space    used 7349K, committed 7488K, reserved 1048576K
}
Event: 16.812 GC heap before
{Heap before GC invocations=39 (full 0):
 garbage-first heap   total 271360K, used 246428K [0x000000008b000000, 0x0000000100000000)
  region size 1024K, 84 young (86016K), 8 survivors (8192K)
 Metaspace       used 73886K, committed 74176K, reserved 1179648K
  class space    used 7987K, committed 8128K, reserved 1048576K
}
Event: 16.831 GC heap after
{Heap after GC invocations=40 (full 0):
 garbage-first heap   total 271360K, used 180277K [0x000000008b000000, 0x0000000100000000)
  region size 1024K, 11 young (11264K), 11 survivors (11264K)
 Metaspace       used 73886K, committed 74176K, reserved 1179648K
  class space    used 7987K, committed 8128K, reserved 1048576K
}
Event: 18.070 GC heap before
{Heap before GC invocations=40 (full 0):
 garbage-first heap   total 271360K, used 244789K [0x000000008b000000, 0x0000000100000000)
  region size 1024K, 74 young (75776K), 11 survivors (11264K)
 Metaspace       used 79171K, committed 79552K, reserved 1179648K
  class space    used 8402K, committed 8576K, reserved 1048576K
}
Event: 18.084 GC heap after
{Heap after GC invocations=41 (full 0):
 garbage-first heap   total 271360K, used 190975K [0x000000008b000000, 0x0000000100000000)
  region size 1024K, 9 young (9216K), 9 survivors (9216K)
 Metaspace       used 79171K, committed 79552K, reserved 1179648K
  class space    used 8402K, committed 8576K, reserved 1048576K
}

Dll operation events (3 events):
Event: 0.060 Loaded shared library C:\Program Files\Android\Android Studio\jbr\bin\java.dll
Event: 0.082 Loaded shared library C:\Program Files\Android\Android Studio\jbr\bin\zip.dll
Event: 2.113 Loaded shared library C:\Program Files\Android\Android Studio\jbr\bin\verify.dll

Deoptimization events (20 events):
Event: 18.675 Thread 0x00000118837d6130 Uncommon trap: trap_request=0xffffffc6 fr.pc=0x0000011890e43b94 relative=0x00000000000000d4
Event: 18.675 Thread 0x00000118837d6130 Uncommon trap: reason=bimorphic_or_optimized_type_check action=maybe_recompile pc=0x0000011890e43b94 method=org.jetbrains.kotlin.ir.visitors.IrElementTransformerVoid.visitComposite(Lorg/jetbrains/kotlin/ir/expressions/IrComposite;Ljava/lang/Void;)Lorg/jet
Event: 18.675 Thread 0x00000118837d6130 DEOPT PACKING pc=0x0000011890e43b94 sp=0x0000000fa5afc890
Event: 18.675 Thread 0x00000118837d6130 DEOPT UNPACKING pc=0x00000118903f46a2 sp=0x0000000fa5afc7b8 mode 2
Event: 18.675 Thread 0x00000118837d6130 Uncommon trap: trap_request=0xffffffc6 fr.pc=0x0000011890e43b94 relative=0x00000000000000d4
Event: 18.675 Thread 0x00000118837d6130 Uncommon trap: reason=bimorphic_or_optimized_type_check action=maybe_recompile pc=0x0000011890e43b94 method=org.jetbrains.kotlin.ir.visitors.IrElementTransformerVoid.visitComposite(Lorg/jetbrains/kotlin/ir/expressions/IrComposite;Ljava/lang/Void;)Lorg/jet
Event: 18.675 Thread 0x00000118837d6130 DEOPT PACKING pc=0x0000011890e43b94 sp=0x0000000fa5afc890
Event: 18.675 Thread 0x00000118837d6130 DEOPT UNPACKING pc=0x00000118903f46a2 sp=0x0000000fa5afc7b8 mode 2
Event: 18.675 Thread 0x00000118837d6130 Uncommon trap: trap_request=0xffffffc6 fr.pc=0x0000011890e43b94 relative=0x00000000000000d4
Event: 18.675 Thread 0x00000118837d6130 Uncommon trap: reason=bimorphic_or_optimized_type_check action=maybe_recompile pc=0x0000011890e43b94 method=org.jetbrains.kotlin.ir.visitors.IrElementTransformerVoid.visitComposite(Lorg/jetbrains/kotlin/ir/expressions/IrComposite;Ljava/lang/Void;)Lorg/jet
Event: 18.675 Thread 0x00000118837d6130 DEOPT PACKING pc=0x0000011890e43b94 sp=0x0000000fa5afc890
Event: 18.675 Thread 0x00000118837d6130 DEOPT UNPACKING pc=0x00000118903f46a2 sp=0x0000000fa5afc7b8 mode 2
Event: 18.676 Thread 0x00000118837d6130 Uncommon trap: trap_request=0xffffffc6 fr.pc=0x00000118911de740 relative=0x0000000000000100
Event: 18.676 Thread 0x00000118837d6130 Uncommon trap: reason=bimorphic_or_optimized_type_check action=maybe_recompile pc=0x00000118911de740 method=org.jetbrains.kotlin.ir.util.AdditionalIrUtilsKt.isSetter(Lorg/jetbrains/kotlin/ir/declarations/IrDeclaration;)Z @ 18 c2
Event: 18.676 Thread 0x00000118837d6130 DEOPT PACKING pc=0x00000118911de740 sp=0x0000000fa5afa830
Event: 18.676 Thread 0x00000118837d6130 DEOPT UNPACKING pc=0x00000118903f46a2 sp=0x0000000fa5afa7c0 mode 2
Event: 18.749 Thread 0x00000118837d6130 Uncommon trap: trap_request=0xffffffc6 fr.pc=0x0000011890b58ae8 relative=0x00000000000002a8
Event: 18.749 Thread 0x00000118837d6130 Uncommon trap: reason=bimorphic_or_optimized_type_check action=maybe_recompile pc=0x0000011890b58ae8 method=java.util.AbstractList.subList(II)Ljava/util/List; @ 3 c2
Event: 18.749 Thread 0x00000118837d6130 DEOPT PACKING pc=0x0000011890b58ae8 sp=0x0000000fa5afb830
Event: 18.749 Thread 0x00000118837d6130 DEOPT UNPACKING pc=0x00000118903f46a2 sp=0x0000000fa5afb7b8 mode 2

Classes loaded (20 events):
Event: 15.991 Loading class java/util/ServiceLoader$ProviderImpl
Event: 15.991 Loading class java/util/ServiceLoader$Provider
Event: 15.991 Loading class java/util/ServiceLoader$Provider done
Event: 15.991 Loading class java/util/ServiceLoader$ProviderImpl done
Event: 17.295 Loading class java/lang/Short$ShortCache
Event: 17.295 Loading class java/lang/Short$ShortCache done
Event: 17.945 Loading class java/util/Formatter
Event: 17.945 Loading class java/util/Formatter done
Event: 17.946 Loading class java/util/Formatter$FixedString
Event: 17.946 Loading class java/util/Formatter$FormatString
Event: 17.946 Loading class java/util/Formatter$FormatString done
Event: 17.946 Loading class java/util/Formatter$FixedString done
Event: 17.947 Loading class java/util/Formatter$Conversion
Event: 17.947 Loading class java/util/Formatter$Conversion done
Event: 17.947 Loading class java/util/Formatter$FormatSpecifier
Event: 17.948 Loading class java/util/Formatter$FormatSpecifier done
Event: 17.948 Loading class java/util/Formattable
Event: 17.948 Loading class java/util/Formattable done
Event: 17.948 Loading class java/util/Formatter$Flags
Event: 17.949 Loading class java/util/Formatter$Flags done

Classes unloaded (0 events):
No events

Classes redefined (0 events):
No events

Internal exceptions (20 events):
Event: 15.451 Thread 0x00000118837d6130 Exception <a 'java/lang/NoSuchMethodError'{0x000000009b2510a0}: 'java.lang.Object java.lang.invoke.DirectMethodHandle$Holder.invokeSpecial(java.lang.Object, java.lang.Object, java.lang.Object, int, java.lang.Object, java.lang.Object, java.lang.Object)'> (0x000000009b2510a0) 
thrown [s\src\hotspot\share\interpreter\linkResolver.cpp, line 784]
Event: 15.451 Thread 0x00000118837d6130 Exception <a 'java/lang/NoSuchMethodError'{0x000000009b254718}: 'java.lang.Object java.lang.invoke.Invokers$Holder.linkToTargetMethod(java.lang.Object, int, java.lang.Object, java.lang.Object, java.lang.Object, java.lang.Object)'> (0x000000009b254718) 
thrown [s\src\hotspot\share\interpreter\linkResolver.cpp, line 784]
Event: 16.055 Thread 0x00000118837d6130 Implicit null exception at 0x0000011890ae8ea2 to 0x0000011890ae92a8
Event: 16.058 Thread 0x00000118837d6130 Implicit null exception at 0x0000011890a948a2 to 0x0000011890a94bb8
Event: 16.282 Thread 0x00000118837d6130 Exception <a 'java/lang/NoSuchMethodError'{0x0000000097c508e0}: 'java.lang.Object java.lang.invoke.DirectMethodHandle$Holder.newInvokeSpecial(java.lang.Object, java.lang.Object, java.lang.Object, java.lang.Object, java.lang.Object, java.lang.Object, java.lang.Object, java.lang.Object, int)'> (0x0000000097c508e0) 
thrown [s\src\hotspot\share\interpreter\linkResolver.cpp, line 784]
Event: 16.283 Thread 0x00000118837d6130 Exception <a 'java/lang/NoSuchMethodError'{0x0000000097c55660}: 'java.lang.Object java.lang.invoke.DirectMethodHandle$Holder.invokeSpecial(java.lang.Object, java.lang.Object, java.lang.Object, java.lang.Object, java.lang.Object, java.lang.Object, java.lang.Object, java.lang.Object, java.lang.Object, int)'> (0x0000000097c55660) 
thrown [s\src\hotspot\share\interpreter\linkResolver.cpp, line 784]
Event: 16.312 Thread 0x00000118837d6130 Exception <a 'java/lang/NoSuchMethodError'{0x0000000097b8cde0}: 'java.lang.Object java.lang.invoke.DirectMethodHandle$Holder.invokeStatic(java.lang.Object, java.lang.Object, int, int)'> (0x0000000097b8cde0) 
thrown [s\src\hotspot\share\interpreter\linkResolver.cpp, line 784]
Event: 16.313 Thread 0x00000118837d6130 Exception <a 'java/lang/NoSuchMethodError'{0x0000000097b93858}: 'java.lang.Object java.lang.invoke.DirectMethodHandle$Holder.newInvokeSpecial(java.lang.Object, java.lang.Object, int, int)'> (0x0000000097b93858) 
thrown [s\src\hotspot\share\interpreter\linkResolver.cpp, line 784]
Event: 16.313 Thread 0x00000118837d6130 Exception <a 'java/lang/NoSuchMethodError'{0x0000000097b97870}: 'java.lang.Object java.lang.invoke.DirectMethodHandle$Holder.invokeSpecial(java.lang.Object, java.lang.Object, java.lang.Object, int, int)'> (0x0000000097b97870) 
thrown [s\src\hotspot\share\interpreter\linkResolver.cpp, line 784]
Event: 16.313 Thread 0x00000118837d6130 Exception <a 'java/lang/NoSuchMethodError'{0x0000000097b9b1e0}: 'java.lang.Object java.lang.invoke.Invokers$Holder.linkToTargetMethod(java.lang.Object, int, int, java.lang.Object)'> (0x0000000097b9b1e0) 
thrown [s\src\hotspot\share\interpreter\linkResolver.cpp, line 784]
Event: 16.321 Thread 0x00000118837d6130 Exception <a 'java/lang/NoSuchMethodError'{0x0000000097bdb768}: 'java.lang.Object java.lang.invoke.DirectMethodHandle$Holder.newInvokeSpecial(java.lang.Object, java.lang.Object, java.lang.Object, java.lang.Object, java.lang.Object, java.lang.Object, java.lang.Object, int)'> (0x0000000097bdb768) 
thrown [s\src\hotspot\share\interpreter\linkResolver.cpp, line 784]
Event: 16.322 Thread 0x00000118837d6130 Exception <a 'java/lang/NoSuchMethodError'{0x0000000097bdfe00}: 'java.lang.Object java.lang.invoke.DirectMethodHandle$Holder.invokeSpecial(java.lang.Object, java.lang.Object, java.lang.Object, java.lang.Object, java.lang.Object, java.lang.Object, java.lang.Object, java.lang.Object, int)'> (0x0000000097bdfe00) 
thrown [s\src\hotspot\share\interpreter\linkResolver.cpp, line 784]
Event: 17.668 Thread 0x00000118837d6130 Exception <a 'java/lang/NoSuchMethodError'{0x0000000098a2ff50}: 'java.lang.Object java.lang.invoke.DirectMethodHandle$Holder.invokeStatic(java.lang.Object, java.lang.Object, int, java.lang.Object, java.lang.Object)'> (0x0000000098a2ff50) 
thrown [s\src\hotspot\share\interpreter\linkResolver.cpp, line 784]
Event: 17.668 Thread 0x00000118837d6130 Exception <a 'java/lang/NoSuchMethodError'{0x0000000098a376d8}: 'java.lang.Object java.lang.invoke.DirectMethodHandle$Holder.newInvokeSpecial(java.lang.Object, java.lang.Object, int, java.lang.Object, java.lang.Object)'> (0x0000000098a376d8) 
thrown [s\src\hotspot\share\interpreter\linkResolver.cpp, line 784]
Event: 17.669 Thread 0x00000118837d6130 Exception <a 'java/lang/NoSuchMethodError'{0x0000000098a3bc18}: 'java.lang.Object java.lang.invoke.DirectMethodHandle$Holder.invokeSpecial(java.lang.Object, java.lang.Object, java.lang.Object, int, java.lang.Object, java.lang.Object)'> (0x0000000098a3bc18) 
thrown [s\src\hotspot\share\interpreter\linkResolver.cpp, line 784]
Event: 17.669 Thread 0x00000118837d6130 Exception <a 'java/lang/NoSuchMethodError'{0x0000000098a3f710}: 'java.lang.Object java.lang.invoke.Invokers$Holder.linkToTargetMethod(java.lang.Object, int, java.lang.Object, java.lang.Object, java.lang.Object)'> (0x0000000098a3f710) 
thrown [s\src\hotspot\share\interpreter\linkResolver.cpp, line 784]
Event: 18.021 Thread 0x00000118837d6130 Exception <a 'java/lang/NoSuchMethodError'{0x0000000097ab2ee8}: 'java.lang.Object java.lang.invoke.DirectMethodHandle$Holder.invokeStatic(java.lang.Object, java.lang.Object, java.lang.Object, java.lang.Object, java.lang.Object, java.lang.Object, int, java.lang.Object)'> (0x0000000097ab2ee8) 
thrown [s\src\hotspot\share\interpreter\linkResolver.cpp, line 784]
Event: 18.022 Thread 0x00000118837d6130 Exception <a 'java/lang/NoSuchMethodError'{0x0000000097abd348}: 'java.lang.Object java.lang.invoke.DirectMethodHandle$Holder.newInvokeSpecial(java.lang.Object, java.lang.Object, java.lang.Object, java.lang.Object, java.lang.Object, java.lang.Object, int)'> (0x0000000097abd348) 
thrown [s\src\hotspot\share\interpreter\linkResolver.cpp, line 784]
Event: 18.022 Thread 0x00000118837d6130 Exception <a 'java/lang/NoSuchMethodError'{0x0000000097ac1ce8}: 'java.lang.Object java.lang.invoke.DirectMethodHandle$Holder.invokeSpecial(java.lang.Object, java.lang.Object, java.lang.Object, java.lang.Object, java.lang.Object, java.lang.Object, java.lang.Object, int)'> (0x0000000097ac1ce8) 
thrown [s\src\hotspot\share\interpreter\linkResolver.cpp, line 784]
Event: 18.190 Thread 0x000001189d696da0 Implicit null exception at 0x00000118910a1aaf to 0x00000118910a1e94

ZGC Phase Switch (0 events):
No events

VM Operations (20 events):
Event: 18.009 Executing VM operation: HandshakeAllThreads (Deoptimize)
Event: 18.009 Executing VM operation: HandshakeAllThreads (Deoptimize) done
Event: 18.070 Executing VM operation: G1CollectForAllocation (G1 Evacuation Pause)
Event: 18.084 Executing VM operation: G1CollectForAllocation (G1 Evacuation Pause) done
Event: 18.179 Executing VM operation: G1PauseRemark
Event: 18.190 Executing VM operation: G1PauseRemark done
Event: 18.232 Executing VM operation: G1PauseCleanup
Event: 18.233 Executing VM operation: G1PauseCleanup done
Event: 18.403 Executing VM operation: ICBufferFull
Event: 18.403 Executing VM operation: ICBufferFull done
Event: 18.533 Executing VM operation: ICBufferFull
Event: 18.533 Executing VM operation: ICBufferFull done
Event: 18.616 Executing VM operation: HandshakeAllThreads (Deoptimize)
Event: 18.616 Executing VM operation: HandshakeAllThreads (Deoptimize) done
Event: 18.646 Executing VM operation: HandshakeAllThreads (Deoptimize)
Event: 18.646 Executing VM operation: HandshakeAllThreads (Deoptimize) done
Event: 18.649 Executing VM operation: HandshakeAllThreads (Deoptimize)
Event: 18.649 Executing VM operation: HandshakeAllThreads (Deoptimize) done
Event: 18.652 Executing VM operation: ICBufferFull
Event: 18.652 Executing VM operation: ICBufferFull done

Memory protections (0 events):
No events

Nmethod flushes (20 events):
Event: 18.188 Thread 0x000001189d4fb950 flushing  nmethod 0x0000011889eabc10
Event: 18.188 Thread 0x000001189d4fb950 flushing  nmethod 0x0000011889eac710
Event: 18.188 Thread 0x000001189d4fb950 flushing  nmethod 0x0000011889eace10
Event: 18.188 Thread 0x000001189d4fb950 flushing  nmethod 0x0000011889eafc10
Event: 18.188 Thread 0x000001189d4fb950 flushing  nmethod 0x0000011889eb6310
Event: 18.188 Thread 0x000001189d4fb950 flushing  nmethod 0x0000011889eb7a90
Event: 18.188 Thread 0x000001189d4fb950 flushing  nmethod 0x0000011889f93b10
Event: 18.188 Thread 0x000001189d4fb950 flushing  nmethod 0x0000011889f9fc10
Event: 18.188 Thread 0x000001189d4fb950 flushing  nmethod 0x0000011889fa7e90
Event: 18.188 Thread 0x000001189d4fb950 flushing  nmethod 0x000001188a103810
Event: 18.188 Thread 0x000001189d4fb950 flushing  nmethod 0x000001188a114110
Event: 18.188 Thread 0x000001189d4fb950 flushing  nmethod 0x000001188a127390
Event: 18.188 Thread 0x000001189d4fb950 flushing  nmethod 0x000001188a217390
Event: 18.188 Thread 0x000001189d4fb950 flushing  nmethod 0x000001188a435590
Event: 18.188 Thread 0x000001189d4fb950 flushing  nmethod 0x000001188a436490
Event: 18.188 Thread 0x000001189d4fb950 flushing  nmethod 0x000001188a438210
Event: 18.188 Thread 0x000001189d4fb950 flushing  nmethod 0x000001188a54bd90
Event: 18.188 Thread 0x000001189d4fb950 flushing  nmethod 0x000001188a58ea10
Event: 18.188 Thread 0x000001189d4fb950 flushing  nmethod 0x000001188a889990
Event: 18.188 Thread 0x000001189d4fb950 flushing  nmethod 0x000001188a8c9690

Events (17 events):
Event: 0.076 Thread 0x00000118837d6130 Thread added: 0x00000118837d6130
Event: 0.244 Thread 0x00000118837d6130 Thread added: 0x000001189d696da0
Event: 0.259 Thread 0x00000118837d6130 Thread added: 0x000001189d6ad7d0
Event: 0.260 Thread 0x00000118837d6130 Thread added: 0x000001189d6b0db0
Event: 0.264 Thread 0x00000118837d6130 Thread added: 0x000001189d6c4d70
Event: 0.264 Thread 0x00000118837d6130 Thread added: 0x000001189d6c57d0
Event: 0.264 Thread 0x00000118837d6130 Thread added: 0x000001189d6c6da0
Event: 0.274 Thread 0x00000118837d6130 Thread added: 0x000001189d6cc8e0
Event: 0.277 Thread 0x00000118837d6130 Thread added: 0x000001189d6d4920
Event: 0.278 Thread 0x00000118837d6130 Thread added: 0x000001189d6d66d0
Event: 0.413 Thread 0x00000118837d6130 Thread added: 0x000001189d87f3b0
Event: 0.449 Loaded shared library C:\Program Files\Android\Android Studio\jbr\bin\net.dll
Event: 0.471 Loaded shared library C:\Program Files\Android\Android Studio\jbr\bin\nio.dll
Event: 0.543 Loaded shared library C:\Program Files\Android\Android Studio\jbr\bin\zip.dll
Event: 0.613 Loaded shared library C:\Program Files\Android\Android Studio\jbr\bin\jimage.dll
Event: 10.273 Thread 0x000001189d6d66d0 Thread added: 0x00000118a4478200
Event: 15.699 Thread 0x000001189d6d66d0 Thread added: 0x00000118a44766c0


Dynamic libraries:
0x00007ff6a9fe0000 - 0x00007ff6a9fea000 	C:\Program Files\Android\Android Studio\jbr\bin\java.exe
0x00007ffe32540000 - 0x00007ffe327a7000 	C:\WINDOWS\SYSTEM32\ntdll.dll
0x00007ffe314e0000 - 0x00007ffe315a9000 	C:\WINDOWS\System32\KERNEL32.DLL
0x00007ffe2f6c0000 - 0x00007ffe2faaf000 	C:\WINDOWS\System32\KERNELBASE.dll
0x00007ffe2fc00000 - 0x00007ffe2fd4b000 	C:\WINDOWS\System32\ucrtbase.dll
0x00007ffe2a660000 - 0x00007ffe2a67b000 	C:\Program Files\Android\Android Studio\jbr\bin\VCRUNTIME140.dll
0x00007ffe27220000 - 0x00007ffe27238000 	C:\Program Files\Android\Android Studio\jbr\bin\jli.dll
0x00007ffe30df0000 - 0x00007ffe30fb5000 	C:\WINDOWS\System32\USER32.dll
0x00007ffe2f690000 - 0x00007ffe2f6b7000 	C:\WINDOWS\System32\win32u.dll
0x00007ffe32030000 - 0x00007ffe3205b000 	C:\WINDOWS\System32\GDI32.dll
0x00007ffe301b0000 - 0x00007ffe302dc000 	C:\WINDOWS\System32\gdi32full.dll
0x00007ffe30100000 - 0x00007ffe301a3000 	C:\WINDOWS\System32\msvcp_win.dll
0x00007ffe19080000 - 0x00007ffe19313000 	C:\WINDOWS\WinSxS\amd64_microsoft.windows.common-controls_6595b64144ccf1df_6.0.26100.7309_none_3e05feeae336a044\COMCTL32.dll
0x00007ffe30bb0000 - 0x00007ffe30c59000 	C:\WINDOWS\System32\msvcrt.dll
0x00007ffe31fd0000 - 0x00007ffe32001000 	C:\WINDOWS\System32\IMM32.DLL
0x00007ffe2c650000 - 0x00007ffe2c65c000 	C:\Program Files\Android\Android Studio\jbr\bin\vcruntime140_1.dll
0x00007ffdf94e0000 - 0x00007ffdf956d000 	C:\Program Files\Android\Android Studio\jbr\bin\msvcp140.dll
0x00007ffd115f0000 - 0x00007ffd1227e000 	C:\Program Files\Android\Android Studio\jbr\bin\server\jvm.dll
0x00007ffe302e0000 - 0x00007ffe30394000 	C:\WINDOWS\System32\ADVAPI32.dll
0x00007ffe303a0000 - 0x00007ffe30446000 	C:\WINDOWS\System32\sechost.dll
0x00007ffe308b0000 - 0x00007ffe309c8000 	C:\WINDOWS\System32\RPCRT4.dll
0x00007ffe32400000 - 0x00007ffe32474000 	C:\WINDOWS\System32\WS2_32.dll
0x00007ffe25a30000 - 0x00007ffe25a3b000 	C:\WINDOWS\SYSTEM32\VERSION.dll
0x00007ffe1f880000 - 0x00007ffe1f8b5000 	C:\WINDOWS\SYSTEM32\WINMM.dll
0x00007ffe2f510000 - 0x00007ffe2f56e000 	C:\WINDOWS\SYSTEM32\POWRPROF.dll
0x00007ffe2f4f0000 - 0x00007ffe2f504000 	C:\WINDOWS\SYSTEM32\UMPDC.dll
0x00007ffe2e440000 - 0x00007ffe2e45b000 	C:\WINDOWS\SYSTEM32\kernel.appcore.dll
0x00007ffe2a650000 - 0x00007ffe2a65a000 	C:\Program Files\Android\Android Studio\jbr\bin\jimage.dll
0x00007ffe23c10000 - 0x00007ffe23e52000 	C:\WINDOWS\SYSTEM32\DBGHELP.DLL
0x00007ffe30450000 - 0x00007ffe307d6000 	C:\WINDOWS\System32\combase.dll
0x00007ffe31e80000 - 0x00007ffe31f56000 	C:\WINDOWS\System32\OLEAUT32.dll
0x00007ffdf93f0000 - 0x00007ffdf942c000 	C:\WINDOWS\SYSTEM32\dbgcore.DLL
0x00007ffe2fb50000 - 0x00007ffe2fbf5000 	C:\WINDOWS\System32\bcryptPrimitives.dll
0x00007ffe2a600000 - 0x00007ffe2a620000 	C:\Program Files\Android\Android Studio\jbr\bin\java.dll
0x00007ffe28520000 - 0x00007ffe28538000 	C:\Program Files\Android\Android Studio\jbr\bin\zip.dll
0x00007ffe315b0000 - 0x00007ffe31d03000 	C:\WINDOWS\System32\SHELL32.dll
0x00007ffe2fed0000 - 0x00007ffe3003a000 	C:\WINDOWS\System32\wintypes.dll
0x00007ffe2d260000 - 0x00007ffe2dabe000 	C:\WINDOWS\SYSTEM32\windows.storage.dll
0x00007ffe32300000 - 0x00007ffe323f5000 	C:\WINDOWS\System32\SHCORE.dll
0x00007ffe31f60000 - 0x00007ffe31fc6000 	C:\WINDOWS\System32\shlwapi.dll
0x00007ffe2f5b0000 - 0x00007ffe2f5d9000 	C:\WINDOWS\SYSTEM32\profapi.dll
0x00007ffe2a630000 - 0x00007ffe2a640000 	C:\Program Files\Android\Android Studio\jbr\bin\net.dll
0x00007ffe290e0000 - 0x00007ffe29208000 	C:\WINDOWS\SYSTEM32\WINHTTP.dll
0x00007ffe2e9b0000 - 0x00007ffe2ea1b000 	C:\WINDOWS\system32\mswsock.dll
0x00007ffe25900000 - 0x00007ffe25916000 	C:\Program Files\Android\Android Studio\jbr\bin\nio.dll
0x00007ffe258f0000 - 0x00007ffe25900000 	C:\Program Files\Android\Android Studio\jbr\bin\verify.dll

dbghelp: loaded successfully - version: 4.0.5 - missing functions: none
symbol engine: initialized successfully - sym options: 0x614 - pdb path: .;C:\Program Files\Android\Android Studio\jbr\bin;C:\WINDOWS\SYSTEM32;C:\WINDOWS\WinSxS\amd64_microsoft.windows.common-controls_6595b64144ccf1df_6.0.26100.7309_none_3e05feeae336a044;C:\Program Files\Android\Android Studio\jbr\bin\server

VM Arguments:
java_command: org.jetbrains.kotlin.cli.jvm.K2JVMCompiler @D:\team rocket\android App\PassengerApp\app\build\20260121_150848662204651400.compiler.options
java_class_path (initial): C:\Users\NAVNIT KUMAR\.gradle\caches\modules-2\files-2.1\org.jetbrains.kotlin\kotlin-compiler-embeddable\2.0.21\79346ed53db48b18312a472602eb5c057070c54d\kotlin-compiler-embeddable-2.0.21.jar;C:\Users\NAVNIT KUMAR\.gradle\caches\modules-2\files-2.1\org.jetbrains.kotlin\kotlin-stdlib\2.0.21\618b539767b4899b4660a83006e052b63f1db551\kotlin-stdlib-2.0.21.jar;C:\Users\NAVNIT KUMAR\.gradle\caches\modules-2\files-2.1\org.jetbrains.kotlin\kotlin-script-runtime\2.0.21\c9b044380ad41f89aa89aa896c2d32a8c0b2129d\kotlin-script-runtime-2.0.21.jar;C:\Users\NAVNIT KUMAR\.gradle\caches\modules-2\files-2.1\org.jetbrains.kotlin\kotlin-reflect\1.6.10\1cbe9c92c12a94eea200d23c2bbaedaf3daf5132\kotlin-reflect-1.6.10.jar;C:\Users\NAVNIT KUMAR\.gradle\caches\modules-2\files-2.1\org.jetbrains.kotlin\kotlin-daemon-embeddable\2.0.21\c9e933b23287de9b5a17e2116b4657bb91aea72c\kotlin-daemon-embeddable-2.0.21.jar;C:\Users\NAVNIT KUMAR\.gradle\caches\modules-2\files-2.1\org.jetbrains.intellij.deps\trove4j\1.0.20200330\3afb14d5f9ceb459d724e907a21145e8ff394f02\trove4j-1.0.20200330.jar;C:\Users\NAVNIT KUMAR\.gradle\caches\modules-2\files-2.1\org.jetbrains.kotlinx\kotlinx-coroutines-core-jvm\1.6.4\2c997cd1c0ef33f3e751d3831929aeff1390cb30\kotlinx-coroutines-core-jvm-1.6.4.jar;C:\Users\NAVNIT KUMAR\.gradle\caches\modules-2\files-2.1\org.jetbrains\annotations\13.0\919f0dfe192fb4e063e7dacadee7f8bb9a2672a9\annotations-13.0.jar
Launcher Type: SUN_STANDARD

[Global flags]
     intx CICompilerCount                          = 4                                         {product} {ergonomic}
     uint ConcGCThreads                            = 3                                         {product} {ergonomic}
     uint G1ConcRefinementThreads                  = 10                                        {product} {ergonomic}
   size_t G1HeapRegionSize                         = 1048576                                   {product} {ergonomic}
    uintx GCDrainStackTargetSize                   = 64                                        {product} {ergonomic}
   size_t InitialHeapSize                          = 123731968                                 {product} {ergonomic}
   size_t MarkStackSize                            = 4194304                                   {product} {ergonomic}
   size_t MaxHeapSize                              = 1962934272                                {product} {ergonomic}
   size_t MaxNewSize                               = 1177550848                                {product} {ergonomic}
   size_t MinHeapDeltaBytes                        = 1048576                                   {product} {ergonomic}
   size_t MinHeapSize                              = 8388608                                   {product} {ergonomic}
    uintx NonNMethodCodeHeapSize                   = 5839372                                {pd product} {ergonomic}
    uintx NonProfiledCodeHeapSize                  = 122909434                              {pd product} {ergonomic}
    uintx ProfiledCodeHeapSize                     = 122909434                              {pd product} {ergonomic}
    uintx ReservedCodeCacheSize                    = 251658240                              {pd product} {ergonomic}
     bool SegmentedCodeCache                       = true                                      {product} {ergonomic}
   size_t SoftMaxHeapSize                          = 1962934272                             {manageable} {ergonomic}
     bool UseCompressedOops                        = true                           {product lp64_product} {ergonomic}
     bool UseG1GC                                  = true                                      {product} {ergonomic}
     bool UseLargePagesIndividualAllocation        = false                                  {pd product} {ergonomic}

Logging:
Log output configuration:
 #0: stdout all=warning uptime,level,tags foldmultilines=false
 #1: stderr all=off uptime,level,tags foldmultilines=false

Environment Variables:
PATH=C:\Program Files\Common Files\Oracle\Java\javapath;C:\Program Files (x86)\Common Files\Oracle\Java\java8path;C:\Program Files (x86)\Common Files\Oracle\Java\javapath;C:\Windows\system32;C:\Windows;C:\Windows\System32\Wbem;C:\Windows\System32\WindowsPowerShell\v1.0\;C:\Windows\System32\OpenSSH\;C:\Program Files (x86)\NVIDIA Corporation\PhysX\Common;C:\WINDOWS\system32;C:\WINDOWS;C:\WINDOWS\System32\Wbem;C:\WINDOWS\System32\WindowsPowerShell\v1.0\;C:\WINDOWS\System32\OpenSSH\;C:\Program Files\NVIDIA Corporation\NVIDIA App\NvDLISR;C:\Program Files\Git\cmd;C:\Program Files\nodejs\;C:\Users\NAVNIT KUMAR\AppData\Local\Microsoft\WindowsApps;C:\Users\NAVNIT KUMAR\AppData\Local\Programs\Microsoft VS Code\bin;C:\MinGW\bin;C:\Users\NAVNIT KUMAR\AppData\Roaming\npm;C:\Users\NAVNIT KUMAR\AppData\Local\Programs\cursor\resources\app\bin;C:\Users\NAVNIT KUMAR\AppData\Local\Programs\Antigravity\bin
USERNAME=NAVNIT KUMAR
OS=Windows_NT
PROCESSOR_IDENTIFIER=AMD64 Family 25 Model 68 Stepping 1, AuthenticAMD
TMP=C:\Users\NAVNIT~1\AppData\Local\Temp
TEMP=C:\Users\NAVNIT~1\AppData\Local\Temp




Periodic native trim disabled

JNI global refs:
JNI global refs: 13, weak refs: 12

JNI global refs memory usage: 835, weak refs: 833

Process memory usage:
Resident Set Size: 573104K (7% of 7664432K total physical memory with 409688K free physical memory)

OOME stack traces (most recent first):
Classloader memory used:
Loader jdk.internal.loader.ClassLoaders$AppClassLoader                                 : 66765K
Loader bootstrap                                                                       : 11398K
Loader java.net.URLClassLoader                                                         : 1536K

---------------  S Y S T E M  ---------------

OS:
 Windows 11 , 64 bit Build 26100 (10.0.26100.7623)
OS uptime: 0 days 6:19 hours
Hyper-V role detected

CPU: total 12 (initial active 12) (12 cores per cpu, 2 threads per core) family 25 model 68 stepping 1 microcode 0xa40410a, cx8, cmov, fxsr, ht, mmx, 3dnowpref, sse, sse2, sse3, ssse3, sse4a, sse4.1, sse4.2, popcnt, lzcnt, tsc, tscinvbit, avx, avx2, aes, erms, clmul, bmi1, bmi2, adx, sha, fma, vzeroupper, clflush, clflushopt, hv, rdtscp, rdpid, fsrm, f16c, cet_ss
Processor Information for the first 12 processors :
  Max Mhz: 3301, Current Mhz: 3301, Mhz Limit: 3301

Memory: 4k page, system-wide physical 7484M (401M free)
TotalPageFile size 30012M (AvailPageFile size 28M)
current process WorkingSet (physical memory assigned to process): 556M, peak: 560M
current process commit charge ("private bytes"): 626M, peak: 631M

vm_info: OpenJDK 64-Bit Server VM (21.0.7+-13880790-b1038.58) for windows-amd64 JRE (21.0.7+-13880790-b1038.58), built on 2025-08-04T20:56:21Z by "builder" with MS VC++ 16.10 / 16.11 (VS2019)

END.
