#
# There is insufficient memory for the Java Runtime Environment to continue.
# Native memory allocation (mmap) failed to map 5242880 bytes. Error detail: G1 virtual space
# Possible reasons:
#   The system is out of physical RAM or swap space
#   This process is running with CompressedOops enabled, and the Java Heap may be blocking the growth of the native heap
# Possible solutions:
#   Reduce memory load on the system
#   Increase physical memory or swap space
#   Check if swap backing store is full
#   Decrease Java heap size (-Xmx/-Xms)
#   Decrease number of Java threads
#   Decrease Java thread stack sizes (-Xss)
#   Set larger code cache with -XX:ReservedCodeCacheSize=
#   JVM is running with Unscaled Compressed Oops mode in which the Java heap is
#     placed in the first 4GB address space. The Java Heap base address is the
#     maximum limit for the native heap growth. Please use -XX:HeapBaseMinAddress
#     to set the Java Heap base and to place the Java Heap above 4GB virtual address.
# This output file may be truncated or incomplete.
#
#  Out of Memory Error (os_windows.cpp:3713), pid=55492, tid=45356
#
# JRE version: OpenJDK Runtime Environment Temurin-21.0.9+10 (21.0.9+10) (build 21.0.9+10-LTS)
# Java VM: OpenJDK 64-Bit Server VM Temurin-21.0.9+10 (21.0.9+10-LTS, mixed mode, sharing, tiered, compressed oops, compressed class ptrs, g1 gc, windows-amd64)
# No core dump will be written. Minidumps are not enabled by default on client versions of Windows
#

---------------  S U M M A R Y ------------

Command Line: --add-opens=java.base/java.lang=ALL-UNNAMED --add-opens=java.base/java.lang.invoke=ALL-UNNAMED --add-opens=java.base/java.util=ALL-UNNAMED --add-opens=java.prefs/java.util.prefs=ALL-UNNAMED --add-exports=jdk.compiler/com.sun.tools.javac.api=ALL-UNNAMED --add-exports=jdk.compiler/com.sun.tools.javac.util=ALL-UNNAMED --add-opens=java.base/java.util=ALL-UNNAMED --add-opens=java.prefs/java.util.prefs=ALL-UNNAMED --add-opens=java.base/java.nio.charset=ALL-UNNAMED --add-opens=java.base/java.net=ALL-UNNAMED --add-opens=java.base/java.util.concurrent.atomic=ALL-UNNAMED --add-opens=java.xml/javax.xml.namespace=ALL-UNNAMED -Xmx2048m -Dfile.encoding=UTF-8 -Duser.country=IN -Duser.language=en -Duser.variant -javaagent:C:\Users\NAVNIT KUMAR\.gradle\wrapper\dists\gradle-8.13-bin\5xuhj0ry160q40clulazy9h7d\gradle-8.13\lib\agents\gradle-instrumentation-agent-8.13.jar org.gradle.launcher.daemon.bootstrap.GradleDaemon 8.13

Host: AMD Ryzen 5 7535HS with Radeon Graphics        , 12 cores, 7G,  Windows 11 , 64 bit Build 26100 (10.0.26100.7623)
Time: Wed Jan 21 16:10:54 2026 India Standard Time elapsed time: 24.759076 seconds (0d 0h 0m 24s)

---------------  T H R E A D  ---------------

Current thread (0x000001f3c72a7e30):  VMThread "VM Thread"          [id=45356, stack(0x0000006402b00000,0x0000006402c00000) (1024K)]

Stack: [0x0000006402b00000,0x0000006402c00000]
Native frames: (J=compiled Java code, j=interpreted, Vv=VM code, C=native code)
V  [jvm.dll+0x6d6e29]
V  [jvm.dll+0x8b4b76]
V  [jvm.dll+0x8b712e]
V  [jvm.dll+0x8b7813]
V  [jvm.dll+0x283d86]
V  [jvm.dll+0x6d3745]
V  [jvm.dll+0x6c747a]
V  [jvm.dll+0x35e7e8]
V  [jvm.dll+0x366426]
V  [jvm.dll+0x3b73fe]
V  [jvm.dll+0x3b76a8]
V  [jvm.dll+0x3329ec]
V  [jvm.dll+0x332a77]
V  [jvm.dll+0x37684c]
V  [jvm.dll+0x374fee]
V  [jvm.dll+0x332131]
V  [jvm.dll+0x37465a]
V  [jvm.dll+0x8bd500]
V  [jvm.dll+0x8be8a4]
V  [jvm.dll+0x8bede0]
V  [jvm.dll+0x8bf083]
V  [jvm.dll+0x85e9ad]
V  [jvm.dll+0x6d565d]
C  [ucrtbase.dll+0x37b0]
C  [KERNEL32.DLL+0x2e8d7]
C  [ntdll.dll+0x8c53c]

VM_Operation (0x00000064041f3eb0): G1CollectForAllocation, mode: safepoint, requested by thread 0x000001f40df11c70


---------------  P R O C E S S  ---------------

Threads class SMR info:
_java_thread_list=0x000001f40ef2ac60, length=35, elements={
0x000001f3ad2c7ac0, 0x000001f3c72c3250, 0x000001f3c72c3ca0, 0x000001f3c72d13b0,
0x000001f3c72d2670, 0x000001f3c72d30c0, 0x000001f3c72d5b20, 0x000001f3c72d69d0,
0x000001f3c72dcc10, 0x000001f3c757af90, 0x000001f3c7545730, 0x000001f40d9c0590,
0x000001f40d9c5ed0, 0x000001f40df170b0, 0x000001f40dd8d460, 0x000001f40da78820,
0x000001f40df06050, 0x000001f40df11c70, 0x000001f40e02d130, 0x000001f40e02bd80,
0x000001f40e02b060, 0x000001f40e02d7c0, 0x000001f40e02c410, 0x000001f40e02b6f0,
0x000001f40e02de50, 0x000001f40e02caa0, 0x000001f40e02e4e0, 0x000001f41071ebf0,
0x000001f41071d840, 0x000001f41071f910, 0x000001f41071ded0, 0x000001f41071e560,
0x000001f410720630, 0x000001f410720cc0, 0x000001f410721350
}

Java Threads: ( => current thread )
  0x000001f3ad2c7ac0 JavaThread "main"                              [_thread_blocked, id=56324, stack(0x0000006402400000,0x0000006402500000) (1024K)]
  0x000001f3c72c3250 JavaThread "Reference Handler"          daemon [_thread_blocked, id=53272, stack(0x0000006402c00000,0x0000006402d00000) (1024K)]
  0x000001f3c72c3ca0 JavaThread "Finalizer"                  daemon [_thread_blocked, id=59168, stack(0x0000006402d00000,0x0000006402e00000) (1024K)]
  0x000001f3c72d13b0 JavaThread "Signal Dispatcher"          daemon [_thread_blocked, id=56900, stack(0x0000006402e00000,0x0000006402f00000) (1024K)]
  0x000001f3c72d2670 JavaThread "Attach Listener"            daemon [_thread_blocked, id=47116, stack(0x0000006402f00000,0x0000006403000000) (1024K)]
  0x000001f3c72d30c0 JavaThread "Service Thread"             daemon [_thread_blocked, id=28320, stack(0x0000006403000000,0x0000006403100000) (1024K)]
  0x000001f3c72d5b20 JavaThread "Monitor Deflation Thread"   daemon [_thread_blocked, id=50400, stack(0x0000006403100000,0x0000006403200000) (1024K)]
  0x000001f3c72d69d0 JavaThread "C2 CompilerThread0"         daemon [_thread_blocked, id=53928, stack(0x0000006403200000,0x0000006403300000) (1024K)]
  0x000001f3c72dcc10 JavaThread "C1 CompilerThread0"         daemon [_thread_blocked, id=56772, stack(0x0000006403300000,0x0000006403400000) (1024K)]
  0x000001f3c757af90 JavaThread "Common-Cleaner"             daemon [_thread_blocked, id=58008, stack(0x0000006403400000,0x0000006403500000) (1024K)]
  0x000001f3c7545730 JavaThread "Notification Thread"        daemon [_thread_blocked, id=58140, stack(0x0000006403500000,0x0000006403600000) (1024K)]
  0x000001f40d9c0590 JavaThread "Daemon health stats"               [_thread_blocked, id=58312, stack(0x0000006403c00000,0x0000006403d00000) (1024K)]
  0x000001f40d9c5ed0 JavaThread "Incoming local TCP Connector on port 57381"        [_thread_in_native, id=50420, stack(0x0000006403600000,0x0000006403700000) (1024K)]
  0x000001f40df170b0 JavaThread "Daemon periodic checks"            [_thread_blocked, id=56860, stack(0x0000006403d00000,0x0000006403e00000) (1024K)]
  0x000001f40dd8d460 JavaThread "Daemon"                            [_thread_blocked, id=59372, stack(0x0000006403e00000,0x0000006403f00000) (1024K)]
  0x000001f40da78820 JavaThread "Handler for socket connection from /127.0.0.1:57381 to /127.0.0.1:57383"        [_thread_blocked, id=41556, stack(0x0000006403f00000,0x0000006404000000) (1024K)]
  0x000001f40df06050 JavaThread "Cancel handler"                    [_thread_blocked, id=54960, stack(0x0000006404000000,0x0000006404100000) (1024K)]
  0x000001f40df11c70 JavaThread "Daemon worker"                     [_thread_blocked, id=58196, stack(0x0000006404100000,0x0000006404200000) (1024K)]
  0x000001f40e02d130 JavaThread "Asynchronous log dispatcher for DefaultDaemonConnection: socket connection from /127.0.0.1:57381 to /127.0.0.1:57383"        [_thread_blocked, id=41940, stack(0x0000006404200000,0x0000006404300000) (1024K)]
  0x000001f40e02bd80 JavaThread "Stdin handler"                     [_thread_blocked, id=59276, stack(0x0000006404300000,0x0000006404400000) (1024K)]
  0x000001f40e02b060 JavaThread "Daemon client event forwarder"        [_thread_blocked, id=56088, stack(0x0000006404400000,0x0000006404500000) (1024K)]
  0x000001f40e02d7c0 JavaThread "Cache worker for journal cache (C:\Users\NAVNIT KUMAR\.gradle\caches\journal-1)"        [_thread_blocked, id=39268, stack(0x0000006404500000,0x0000006404600000) (1024K)]
  0x000001f40e02c410 JavaThread "File lock request listener"        [_thread_in_native, id=40084, stack(0x0000006404600000,0x0000006404700000) (1024K)]
  0x000001f40e02b6f0 JavaThread "File lock release action executor"        [_thread_blocked, id=48228, stack(0x0000006404700000,0x0000006404800000) (1024K)]
  0x000001f40e02de50 JavaThread "Cache worker for file hash cache (C:\Users\NAVNIT KUMAR\.gradle\caches\8.13\fileHashes)"        [_thread_blocked, id=53048, stack(0x0000006404800000,0x0000006404900000) (1024K)]
  0x000001f40e02caa0 JavaThread "Cache worker for file hash cache (D:\team rocket\android App\PassengerApp\.gradle\8.13\fileHashes)"        [_thread_blocked, id=44080, stack(0x0000006405000000,0x0000006405100000) (1024K)]
  0x000001f40e02e4e0 JavaThread "Cache worker for Build Output Cleanup Cache (D:\team rocket\android App\PassengerApp\.gradle\buildOutputCleanup)"        [_thread_blocked, id=58752, stack(0x0000006405100000,0x0000006405200000) (1024K)]
  0x000001f41071ebf0 JavaThread "File watcher server"        daemon [_thread_in_native, id=44272, stack(0x0000006405200000,0x0000006405300000) (1024K)]
  0x000001f41071d840 JavaThread "File watcher consumer"      daemon [_thread_blocked, id=55136, stack(0x0000006405300000,0x0000006405400000) (1024K)]
  0x000001f41071f910 JavaThread "jar transforms"                    [_thread_blocked, id=10768, stack(0x0000006404f00000,0x0000006405000000) (1024K)]
  0x000001f41071ded0 JavaThread "jar transforms Thread 2"           [_thread_blocked, id=55388, stack(0x0000006405400000,0x0000006405500000) (1024K)]
  0x000001f41071e560 JavaThread "Cache worker for checksums cache (D:\team rocket\android App\PassengerApp\.gradle\8.13\checksums)"        [_thread_blocked, id=59208, stack(0x0000006405600000,0x0000006405700000) (1024K)]
  0x000001f410720630 JavaThread "Cache worker for file content cache (C:\Users\NAVNIT KUMAR\.gradle\caches\8.13\fileContent)"        [_thread_blocked, id=56016, stack(0x0000006405700000,0x0000006405800000) (1024K)]
  0x000001f410720cc0 JavaThread "Cache worker for cache directory md-supplier (C:\Users\NAVNIT KUMAR\.gradle\caches\8.13\md-supplier)"        [_thread_blocked, id=58448, stack(0x0000006405500000,0x0000006405600000) (1024K)]
  0x000001f410721350 JavaThread "Cache worker for cache directory md-rule (C:\Users\NAVNIT KUMAR\.gradle\caches\8.13\md-rule)"        [_thread_blocked, id=58576, stack(0x0000006405800000,0x0000006405900000) (1024K)]
Total: 35

Other Threads:
=>0x000001f3c72a7e30 VMThread "VM Thread"                           [id=45356, stack(0x0000006402b00000,0x0000006402c00000) (1024K)]
  0x000001f3c7296c60 WatcherThread "VM Periodic Task Thread"        [id=50484, stack(0x0000006402a00000,0x0000006402b00000) (1024K)]
  0x000001f3af776c10 WorkerThread "GC Thread#0"                     [id=57636, stack(0x0000006402500000,0x0000006402600000) (1024K)]
  0x000001f3c78d5cb0 WorkerThread "GC Thread#1"                     [id=58028, stack(0x0000006403700000,0x0000006403800000) (1024K)]
  0x000001f3c79a9160 WorkerThread "GC Thread#2"                     [id=58064, stack(0x0000006403800000,0x0000006403900000) (1024K)]
  0x000001f40d662890 WorkerThread "GC Thread#3"                     [id=56612, stack(0x0000006403900000,0x0000006403a00000) (1024K)]
  0x000001f40d663c40 WorkerThread "GC Thread#4"                     [id=54952, stack(0x0000006403a00000,0x0000006403b00000) (1024K)]
  0x000001f40d9c38b0 WorkerThread "GC Thread#5"                     [id=51964, stack(0x0000006403b00000,0x0000006403c00000) (1024K)]
  0x000001f40e1e5630 WorkerThread "GC Thread#6"                     [id=57684, stack(0x0000006404900000,0x0000006404a00000) (1024K)]
  0x000001f40e1e5290 WorkerThread "GC Thread#7"                     [id=57140, stack(0x0000006404a00000,0x0000006404b00000) (1024K)]
  0x000001f40e1e59d0 WorkerThread "GC Thread#8"                     [id=44312, stack(0x0000006404b00000,0x0000006404c00000) (1024K)]
  0x000001f40e1e4410 WorkerThread "GC Thread#9"                     [id=56700, stack(0x0000006404c00000,0x0000006404d00000) (1024K)]
  0x000001f3af787c60 ConcurrentGCThread "G1 Main Marker"            [id=56180, stack(0x0000006402600000,0x0000006402700000) (1024K)]
  0x000001f3af78a240 WorkerThread "G1 Conc#0"                       [id=53264, stack(0x0000006402700000,0x0000006402800000) (1024K)]
  0x000001f40ea0ef90 WorkerThread "G1 Conc#1"                       [id=38212, stack(0x0000006404d00000,0x0000006404e00000) (1024K)]
  0x000001f40ea0cef0 WorkerThread "G1 Conc#2"                       [id=57064, stack(0x0000006404e00000,0x0000006404f00000) (1024K)]
  0x000001f3af7de7f0 ConcurrentGCThread "G1 Refine#0"               [id=15172, stack(0x0000006402800000,0x0000006402900000) (1024K)]
  0x000001f3c7164580 ConcurrentGCThread "G1 Service"                [id=57560, stack(0x0000006402900000,0x0000006402a00000) (1024K)]
Total: 18

Threads with active compile tasks:
C2 CompilerThread0  24901 6111       4       java.lang.Class::getPackageName (81 bytes)
Total: 1

VM state: at safepoint (normal execution)

VM Mutex/Monitor currently owned by a thread:  ([mutex/lock_event])
[0x00007ff8a3fdd570] Threads_lock - owner thread: 0x000001f3c72a7e30
[0x00007ff8a3fdd670] Heap_lock - owner thread: 0x000001f40df11c70

Heap address: 0x0000000080000000, size: 2048 MB, Compressed Oops mode: 32-bit

CDS archive(s) mapped at: [0x000001f3c8000000-0x000001f3c8ba0000-0x000001f3c8ba0000), size 12189696, SharedBaseAddress: 0x000001f3c8000000, ArchiveRelocationMode: 1.
Compressed class space mapped at: 0x000001f3c9000000-0x000001f409000000, reserved size: 1073741824
Narrow klass base: 0x000001f3c8000000, Narrow klass shift: 0, Narrow klass range: 0x100000000

GC Precious Log:
 CardTable entry size: 512
 Card Set container configuration: InlinePtr #cards 5 size 8 Array Of Cards #cards 12 size 40 Howl #buckets 4 coarsen threshold 1843 Howl Bitmap #cards 512 size 80 coarsen threshold 460 Card regions per heap region 1 cards per card region 2048
 CPUs: 12 total, 12 available
 Memory: 7484M
 Large Page Support: Disabled
 NUMA Support: Disabled
 Compressed Oops: Enabled (32-bit)
 Heap Region Size: 1M
 Heap Min Capacity: 8M
 Heap Initial Capacity: 118M
 Heap Max Capacity: 2G
 Pre-touch: Disabled
 Parallel Workers: 10
 Concurrent Workers: 3
 Concurrent Refinement Workers: 10
 Periodic GC: Disabled

Heap:
 garbage-first heap   total 97280K, used 42631K [0x0000000080000000, 0x0000000100000000)
  region size 1024K, 5 young (5120K), 5 survivors (5120K)
 Metaspace       used 65830K, committed 67648K, reserved 1114112K
  class space    used 9803K, committed 10688K, reserved 1048576K

Heap Regions: E=young(eden), S=young(survivor), O=old, HS=humongous(starts), HC=humongous(continues), CS=collection set, F=free, TAMS=top-at-mark-start, PB=parsable bottom
|   0|0x0000000080000000, 0x0000000080100000, 0x0000000080100000|100%|HS|  |TAMS 0x0000000080000000| PB 0x0000000080000000| Complete 
|   1|0x0000000080100000, 0x0000000080200000, 0x0000000080200000|100%|HC|  |TAMS 0x0000000080100000| PB 0x0000000080100000| Complete 
|   2|0x0000000080200000, 0x0000000080300000, 0x0000000080300000|100%|HC|  |TAMS 0x0000000080200000| PB 0x0000000080200000| Complete 
|   3|0x0000000080300000, 0x0000000080400000, 0x0000000080400000|100%| O|  |TAMS 0x0000000080300000| PB 0x0000000080300000| Untracked 
|   4|0x0000000080400000, 0x0000000080500000, 0x0000000080500000|100%| O|  |TAMS 0x0000000080400000| PB 0x0000000080400000| Untracked 
|   5|0x0000000080500000, 0x0000000080600000, 0x0000000080600000|100%| O|  |TAMS 0x0000000080500000| PB 0x0000000080500000| Untracked 
|   6|0x0000000080600000, 0x0000000080700000, 0x0000000080700000|100%|HS|  |TAMS 0x0000000080600000| PB 0x0000000080600000| Complete 
|   7|0x0000000080700000, 0x0000000080800000, 0x0000000080800000|100%| O|  |TAMS 0x0000000080700000| PB 0x0000000080700000| Untracked 
|   8|0x0000000080800000, 0x0000000080900000, 0x0000000080900000|100%| O|  |TAMS 0x0000000080800000| PB 0x0000000080800000| Untracked 
|   9|0x0000000080900000, 0x0000000080a00000, 0x0000000080a00000|100%| O|  |TAMS 0x0000000080900000| PB 0x0000000080900000| Untracked 
|  10|0x0000000080a00000, 0x0000000080b00000, 0x0000000080b00000|100%| O|  |TAMS 0x0000000080a00000| PB 0x0000000080a00000| Untracked 
|  11|0x0000000080b00000, 0x0000000080c00000, 0x0000000080c00000|100%| O|  |TAMS 0x0000000080b00000| PB 0x0000000080b00000| Untracked 
|  12|0x0000000080c00000, 0x0000000080d00000, 0x0000000080d00000|100%| O|  |TAMS 0x0000000080c00000| PB 0x0000000080c00000| Untracked 
|  13|0x0000000080d00000, 0x0000000080e00000, 0x0000000080e00000|100%| O|  |TAMS 0x0000000080d00000| PB 0x0000000080d00000| Untracked 
|  14|0x0000000080e00000, 0x0000000080f00000, 0x0000000080f00000|100%| O|  |TAMS 0x0000000080e00000| PB 0x0000000080e00000| Untracked 
|  15|0x0000000080f00000, 0x0000000081000000, 0x0000000081000000|100%| O|  |TAMS 0x0000000080f00000| PB 0x0000000080f00000| Untracked 
|  16|0x0000000081000000, 0x0000000081100000, 0x0000000081100000|100%| O|  |TAMS 0x0000000081000000| PB 0x0000000081000000| Untracked 
|  17|0x0000000081100000, 0x0000000081200000, 0x0000000081200000|100%| O|  |TAMS 0x0000000081100000| PB 0x0000000081100000| Untracked 
|  18|0x0000000081200000, 0x0000000081300000, 0x0000000081300000|100%| O|  |TAMS 0x0000000081200000| PB 0x0000000081200000| Untracked 
|  19|0x0000000081300000, 0x0000000081400000, 0x0000000081400000|100%| O|  |TAMS 0x0000000081300000| PB 0x0000000081300000| Untracked 
|  20|0x0000000081400000, 0x0000000081500000, 0x0000000081500000|100%| O|  |TAMS 0x0000000081400000| PB 0x0000000081400000| Untracked 
|  21|0x0000000081500000, 0x0000000081600000, 0x0000000081600000|100%| O|  |TAMS 0x0000000081500000| PB 0x0000000081500000| Untracked 
|  22|0x0000000081600000, 0x0000000081700000, 0x0000000081700000|100%| O|  |TAMS 0x0000000081600000| PB 0x0000000081600000| Untracked 
|  23|0x0000000081700000, 0x0000000081800000, 0x0000000081800000|100%| O|  |TAMS 0x0000000081700000| PB 0x0000000081700000| Untracked 
|  24|0x0000000081800000, 0x0000000081900000, 0x0000000081900000|100%| O|  |TAMS 0x0000000081800000| PB 0x0000000081800000| Untracked 
|  25|0x0000000081900000, 0x0000000081a00000, 0x0000000081a00000|100%| O|  |TAMS 0x0000000081900000| PB 0x0000000081900000| Untracked 
|  26|0x0000000081a00000, 0x0000000081b00000, 0x0000000081b00000|100%| O|  |TAMS 0x0000000081a00000| PB 0x0000000081a00000| Untracked 
|  27|0x0000000081b00000, 0x0000000081c00000, 0x0000000081c00000|100%| O|  |TAMS 0x0000000081b00000| PB 0x0000000081b00000| Untracked 
|  28|0x0000000081c00000, 0x0000000081d00000, 0x0000000081d00000|100%| O|Cm|TAMS 0x0000000081c00000| PB 0x0000000081c00000| Complete 
|  29|0x0000000081d00000, 0x0000000081e00000, 0x0000000081e00000|100%| O|  |TAMS 0x0000000081d00000| PB 0x0000000081d00000| Untracked 
|  30|0x0000000081e00000, 0x0000000081f00000, 0x0000000081f00000|100%| O|  |TAMS 0x0000000081e00000| PB 0x0000000081e00000| Untracked 
|  31|0x0000000081f00000, 0x0000000081f00000, 0x0000000082000000|  0%| F|  |TAMS 0x0000000081f00000| PB 0x0000000081f00000| Untracked 
|  32|0x0000000082000000, 0x0000000082000000, 0x0000000082100000|  0%| F|  |TAMS 0x0000000082000000| PB 0x0000000082000000| Untracked 
|  33|0x0000000082100000, 0x0000000082200000, 0x0000000082200000|100%| O|  |TAMS 0x0000000082100000| PB 0x0000000082100000| Untracked 
|  34|0x0000000082200000, 0x0000000082223038, 0x0000000082300000| 13%| O|  |TAMS 0x0000000082200000| PB 0x0000000082200000| Untracked 
|  35|0x0000000082300000, 0x0000000082300000, 0x0000000082400000|  0%| F|  |TAMS 0x0000000082300000| PB 0x0000000082300000| Untracked 
|  36|0x0000000082400000, 0x000000008247ecb0, 0x0000000082500000| 49%| S|CS|TAMS 0x0000000082400000| PB 0x0000000082400000| Complete 
|  37|0x0000000082500000, 0x0000000082600000, 0x0000000082600000|100%| S|CS|TAMS 0x0000000082500000| PB 0x0000000082500000| Complete 
|  38|0x0000000082600000, 0x0000000082700000, 0x0000000082700000|100%| S|CS|TAMS 0x0000000082600000| PB 0x0000000082600000| Complete 
|  39|0x0000000082700000, 0x0000000082800000, 0x0000000082800000|100%| S|CS|TAMS 0x0000000082700000| PB 0x0000000082700000| Complete 
|  40|0x0000000082800000, 0x0000000082900000, 0x0000000082900000|100%| S|CS|TAMS 0x0000000082800000| PB 0x0000000082800000| Complete 
|  41|0x0000000082900000, 0x0000000082900000, 0x0000000082a00000|  0%| F|  |TAMS 0x0000000082900000| PB 0x0000000082900000| Untracked 
|  42|0x0000000082a00000, 0x0000000082a00000, 0x0000000082b00000|  0%| F|  |TAMS 0x0000000082a00000| PB 0x0000000082a00000| Untracked 
|  43|0x0000000082b00000, 0x0000000082b00000, 0x0000000082c00000|  0%| F|  |TAMS 0x0000000082b00000| PB 0x0000000082b00000| Untracked 
|  44|0x0000000082c00000, 0x0000000082c00000, 0x0000000082d00000|  0%| F|  |TAMS 0x0000000082c00000| PB 0x0000000082c00000| Untracked 
|  45|0x0000000082d00000, 0x0000000082d00000, 0x0000000082e00000|  0%| F|  |TAMS 0x0000000082d00000| PB 0x0000000082d00000| Untracked 
|  46|0x0000000082e00000, 0x0000000082e00000, 0x0000000082f00000|  0%| F|  |TAMS 0x0000000082e00000| PB 0x0000000082e00000| Untracked 
|  47|0x0000000082f00000, 0x0000000082f00000, 0x0000000083000000|  0%| F|  |TAMS 0x0000000082f00000| PB 0x0000000082f00000| Untracked 
|  48|0x0000000083000000, 0x0000000083000000, 0x0000000083100000|  0%| F|  |TAMS 0x0000000083000000| PB 0x0000000083000000| Untracked 
|  49|0x0000000083100000, 0x0000000083100000, 0x0000000083200000|  0%| F|  |TAMS 0x0000000083100000| PB 0x0000000083100000| Untracked 
|  50|0x0000000083200000, 0x0000000083200000, 0x0000000083300000|  0%| F|  |TAMS 0x0000000083200000| PB 0x0000000083200000| Untracked 
|  51|0x0000000083300000, 0x0000000083300000, 0x0000000083400000|  0%| F|  |TAMS 0x0000000083300000| PB 0x0000000083300000| Untracked 
|  52|0x0000000083400000, 0x0000000083400000, 0x0000000083500000|  0%| F|  |TAMS 0x0000000083400000| PB 0x0000000083400000| Untracked 
|  53|0x0000000083500000, 0x0000000083500000, 0x0000000083600000|  0%| F|  |TAMS 0x0000000083500000| PB 0x0000000083500000| Untracked 
|  54|0x0000000083600000, 0x0000000083600000, 0x0000000083700000|  0%| F|  |TAMS 0x0000000083600000| PB 0x0000000083600000| Untracked 
|  55|0x0000000083700000, 0x0000000083700000, 0x0000000083800000|  0%| F|  |TAMS 0x0000000083700000| PB 0x0000000083700000| Untracked 
|  56|0x0000000083800000, 0x0000000083800000, 0x0000000083900000|  0%| F|  |TAMS 0x0000000083800000| PB 0x0000000083800000| Untracked 
|  57|0x0000000083900000, 0x0000000083900000, 0x0000000083a00000|  0%| F|  |TAMS 0x0000000083900000| PB 0x0000000083900000| Untracked 
|  58|0x0000000083a00000, 0x0000000083a00000, 0x0000000083b00000|  0%| F|  |TAMS 0x0000000083a00000| PB 0x0000000083a00000| Untracked 
|  59|0x0000000083b00000, 0x0000000083b00000, 0x0000000083c00000|  0%| F|  |TAMS 0x0000000083b00000| PB 0x0000000083b00000| Untracked 
|  60|0x0000000083c00000, 0x0000000083c00000, 0x0000000083d00000|  0%| F|  |TAMS 0x0000000083c00000| PB 0x0000000083c00000| Untracked 
|  61|0x0000000083d00000, 0x0000000083d00000, 0x0000000083e00000|  0%| F|  |TAMS 0x0000000083d00000| PB 0x0000000083d00000| Untracked 
|  62|0x0000000083e00000, 0x0000000083e00000, 0x0000000083f00000|  0%| F|  |TAMS 0x0000000083e00000| PB 0x0000000083e00000| Untracked 
|  63|0x0000000083f00000, 0x0000000083f00000, 0x0000000084000000|  0%| F|  |TAMS 0x0000000083f00000| PB 0x0000000083f00000| Untracked 
|  64|0x0000000084000000, 0x0000000084000000, 0x0000000084100000|  0%| F|  |TAMS 0x0000000084000000| PB 0x0000000084000000| Untracked 
|  65|0x0000000084100000, 0x0000000084100000, 0x0000000084200000|  0%| F|  |TAMS 0x0000000084100000| PB 0x0000000084100000| Untracked 
|  66|0x0000000084200000, 0x0000000084200000, 0x0000000084300000|  0%| F|  |TAMS 0x0000000084200000| PB 0x0000000084200000| Untracked 
|  67|0x0000000084300000, 0x0000000084300000, 0x0000000084400000|  0%| F|  |TAMS 0x0000000084300000| PB 0x0000000084300000| Untracked 
|  68|0x0000000084400000, 0x0000000084400000, 0x0000000084500000|  0%| F|  |TAMS 0x0000000084400000| PB 0x0000000084400000| Untracked 
|  69|0x0000000084500000, 0x0000000084500000, 0x0000000084600000|  0%| F|  |TAMS 0x0000000084500000| PB 0x0000000084500000| Untracked 
|  70|0x0000000084600000, 0x0000000084600000, 0x0000000084700000|  0%| F|  |TAMS 0x0000000084600000| PB 0x0000000084600000| Untracked 
|  71|0x0000000084700000, 0x0000000084700000, 0x0000000084800000|  0%| F|  |TAMS 0x0000000084700000| PB 0x0000000084700000| Untracked 
|  72|0x0000000084800000, 0x0000000084800000, 0x0000000084900000|  0%| F|  |TAMS 0x0000000084800000| PB 0x0000000084800000| Untracked 
|  73|0x0000000084900000, 0x0000000084900000, 0x0000000084a00000|  0%| F|  |TAMS 0x0000000084900000| PB 0x0000000084900000| Untracked 
|  74|0x0000000084a00000, 0x0000000084a00000, 0x0000000084b00000|  0%| F|  |TAMS 0x0000000084a00000| PB 0x0000000084a00000| Untracked 
|  75|0x0000000084b00000, 0x0000000084b00000, 0x0000000084c00000|  0%| F|  |TAMS 0x0000000084b00000| PB 0x0000000084b00000| Untracked 
|  76|0x0000000084c00000, 0x0000000084c00000, 0x0000000084d00000|  0%| F|  |TAMS 0x0000000084c00000| PB 0x0000000084c00000| Untracked 
|  77|0x0000000084d00000, 0x0000000084d00000, 0x0000000084e00000|  0%| F|  |TAMS 0x0000000084d00000| PB 0x0000000084d00000| Untracked 
|  78|0x0000000084e00000, 0x0000000084e00000, 0x0000000084f00000|  0%| F|  |TAMS 0x0000000084e00000| PB 0x0000000084e00000| Untracked 
|  79|0x0000000084f00000, 0x0000000084f00000, 0x0000000085000000|  0%| F|  |TAMS 0x0000000084f00000| PB 0x0000000084f00000| Untracked 
|  80|0x0000000085000000, 0x0000000085000000, 0x0000000085100000|  0%| F|  |TAMS 0x0000000085000000| PB 0x0000000085000000| Untracked 
|  81|0x0000000085100000, 0x0000000085100000, 0x0000000085200000|  0%| F|  |TAMS 0x0000000085100000| PB 0x0000000085100000| Untracked 
|  87|0x0000000085700000, 0x0000000085700000, 0x0000000085800000|  0%| F|  |TAMS 0x0000000085700000| PB 0x0000000085700000| Untracked 
|  88|0x0000000085800000, 0x0000000085800000, 0x0000000085900000|  0%| F|  |TAMS 0x0000000085800000| PB 0x0000000085800000| Untracked 
|  89|0x0000000085900000, 0x0000000085900000, 0x0000000085a00000|  0%| F|  |TAMS 0x0000000085900000| PB 0x0000000085900000| Untracked 
|  90|0x0000000085a00000, 0x0000000085a00000, 0x0000000085b00000|  0%| F|  |TAMS 0x0000000085a00000| PB 0x0000000085a00000| Untracked 
|  91|0x0000000085b00000, 0x0000000085b00000, 0x0000000085c00000|  0%| F|  |TAMS 0x0000000085b00000| PB 0x0000000085b00000| Untracked 
|  92|0x0000000085c00000, 0x0000000085c00000, 0x0000000085d00000|  0%| F|  |TAMS 0x0000000085c00000| PB 0x0000000085c00000| Untracked 
|  93|0x0000000085d00000, 0x0000000085d00000, 0x0000000085e00000|  0%| F|  |TAMS 0x0000000085d00000| PB 0x0000000085d00000| Untracked 
| 117|0x0000000087500000, 0x0000000087500000, 0x0000000087600000|  0%| F|  |TAMS 0x0000000087500000| PB 0x0000000087500000| Untracked 
|2043|0x00000000ffb00000, 0x00000000ffc00000, 0x00000000ffc00000|100%| O|  |TAMS 0x00000000ffb00000| PB 0x00000000ffb00000| Untracked 
|2044|0x00000000ffc00000, 0x00000000ffd00000, 0x00000000ffd00000|100%| O|  |TAMS 0x00000000ffc00000| PB 0x00000000ffc00000| Untracked 
|2045|0x00000000ffd00000, 0x00000000ffe00000, 0x00000000ffe00000|100%| O|  |TAMS 0x00000000ffd00000| PB 0x00000000ffd00000| Untracked 
|2046|0x00000000ffe00000, 0x00000000fff00000, 0x00000000fff00000|100%| O|  |TAMS 0x00000000ffe00000| PB 0x00000000ffe00000| Untracked 
|2047|0x00000000fff00000, 0x0000000100000000, 0x0000000100000000|100%| O|  |TAMS 0x00000000fff00000| PB 0x00000000fff00000| Untracked 

Card table byte_map: [0x000001f3c2270000,0x000001f3c2670000] _byte_map_base: 0x000001f3c1e70000

Marking Bits: (CMBitMap*) 0x000001f3af777220
 Bits: [0x000001f3c2670000, 0x000001f3c4670000)

Polling page: 0x000001f3ad280000

Metaspace:

Usage:
  Non-class:     54.71 MB used.
      Class:      9.57 MB used.
       Both:     64.29 MB used.

Virtual space:
  Non-class space:       64.00 MB reserved,      55.62 MB ( 87%) committed,  1 nodes.
      Class space:        1.00 GB reserved,      10.44 MB (  1%) committed,  1 nodes.
             Both:        1.06 GB reserved,      66.06 MB (  6%) committed. 

Chunk freelists:
   Non-Class:  8.28 MB
       Class:  5.48 MB
        Both:  13.77 MB

MaxMetaspaceSize: unlimited
CompressedClassSpaceSize: 1.00 GB
Initial GC threshold: 21.00 MB
Current GC threshold: 99.06 MB
CDS: on
 - commit_granule_bytes: 65536.
 - commit_granule_words: 8192.
 - virtual_space_node_default_size: 8388608.
 - enlarge_chunks_in_place: 1.
 - use_allocation_guard: 0.


Internal statistics:

num_allocs_failed_limit: 12.
num_arena_births: 3244.
num_arena_deaths: 0.
num_vsnodes_births: 2.
num_vsnodes_deaths: 0.
num_space_committed: 1057.
num_space_uncommitted: 0.
num_chunks_returned_to_freelist: 12.
num_chunks_taken_from_freelist: 6196.
num_chunk_merges: 12.
num_chunk_splits: 4149.
num_chunks_enlarged: 2666.
num_inconsistent_stats: 0.

CodeHeap 'non-profiled nmethods': size=120000Kb used=3106Kb max_used=3445Kb free=116893Kb
 bounds [0x000001f3ba3f0000, 0x000001f3ba750000, 0x000001f3c1920000]
CodeHeap 'profiled nmethods': size=120000Kb used=10282Kb max_used=10910Kb free=109717Kb
 bounds [0x000001f3b2920000, 0x000001f3b33d0000, 0x000001f3b9e50000]
CodeHeap 'non-nmethods': size=5760Kb used=2652Kb max_used=2665Kb free=3107Kb
 bounds [0x000001f3b9e50000, 0x000001f3ba100000, 0x000001f3ba3f0000]
CodeCache: size=245760Kb, used=16040Kb, max_used=17020Kb, free=229717Kb
 total_blobs=6264, nmethods=5344, adapters=824, full_count=0
Compilation: enabled, stopped_count=0, restarted_count=0

Compilation events (20 events):
Event: 22.121 Thread 0x000001f3c72d69d0 nmethod 6101 0x000001f3ba609e90 code [0x000001f3ba60a040, 0x000001f3ba60a330]
Event: 22.236 Thread 0x000001f3c72d69d0 6102       4       java.util.LinkedHashMap::get (29 bytes)
Event: 22.240 Thread 0x000001f3c72dcc10 6103       3       java.lang.Integer::bitCount (53 bytes)
Event: 22.240 Thread 0x000001f3c72dcc10 nmethod 6103 0x000001f3b2a9d890 code [0x000001f3b2a9da20, 0x000001f3b2a9db50]
Event: 22.242 Thread 0x000001f3c72d69d0 nmethod 6102 0x000001f3ba563790 code [0x000001f3ba563940, 0x000001f3ba563c70]
Event: 22.383 Thread 0x000001f3c72dcc10 6104       3       java.util.stream.Collectors$$Lambda/0x000001f3c90745d8::accept (14 bytes)
Event: 22.384 Thread 0x000001f3c72dcc10 nmethod 6104 0x000001f3b2ac3190 code [0x000001f3b2ac3380, 0x000001f3b2ac3988]
Event: 22.384 Thread 0x000001f3c72dcc10 6105       3       java.util.stream.AbstractPipeline::close (48 bytes)
Event: 22.384 Thread 0x000001f3c72dcc10 nmethod 6105 0x000001f3b2949d10 code [0x000001f3b2949ec0, 0x000001f3b294a160]
Event: 22.402 Thread 0x000001f3c72d69d0 6106       4       sun.invoke.util.BytecodeDescriptor::unparseSig (49 bytes)
Event: 22.410 Thread 0x000001f3c72d69d0 nmethod 6106 0x000001f3ba562690 code [0x000001f3ba5628e0, 0x000001f3ba563168]
Event: 22.511 Thread 0x000001f3c72dcc10 6107       1       org.jetbrains.kotlin.com.fasterxml.aalto.in.PName::getLocalName (5 bytes)
Event: 22.511 Thread 0x000001f3c72dcc10 nmethod 6107 0x000001f3ba562290 code [0x000001f3ba562420, 0x000001f3ba5624e8]
Event: 22.537 Thread 0x000001f3c72d69d0 6108       4       java.util.Arrays::hashCode (56 bytes)
Event: 22.539 Thread 0x000001f3c72d69d0 nmethod 6108 0x000001f3ba609a90 code [0x000001f3ba609c20, 0x000001f3ba609da0]
Event: 22.585 Thread 0x000001f3c72dcc10 6109       1       org.jetbrains.kotlin.com.intellij.util.SmartList::size (5 bytes)
Event: 22.585 Thread 0x000001f3c72dcc10 nmethod 6109 0x000001f3ba4ab910 code [0x000001f3ba4abaa0, 0x000001f3ba4abb68]
Event: 22.686 Thread 0x000001f3c72dcc10 6110       3       org.jetbrains.kotlin.com.intellij.openapi.util.ObjectNode::getObject (14 bytes)
Event: 22.687 Thread 0x000001f3c72dcc10 nmethod 6110 0x000001f3b29aa990 code [0x000001f3b29aab40, 0x000001f3b29aacc0]
Event: 22.709 Thread 0x000001f3c72d69d0 6111       4       java.lang.Class::getPackageName (81 bytes)

GC Heap History (20 events):
Event: 6.289 GC heap after
{Heap after GC invocations=4 (full 0):
 garbage-first heap   total 120832K, used 22054K [0x0000000080000000, 0x0000000100000000)
  region size 1024K, 9 young (9216K), 9 survivors (9216K)
 Metaspace       used 18021K, committed 18560K, reserved 1114112K
  class space    used 2579K, committed 2816K, reserved 1048576K
}
Event: 7.142 GC heap before
{Heap before GC invocations=4 (full 0):
 garbage-first heap   total 120832K, used 45606K [0x0000000080000000, 0x0000000100000000)
  region size 1024K, 33 young (33792K), 9 survivors (9216K)
 Metaspace       used 20895K, committed 21504K, reserved 1114112K
  class space    used 3095K, committed 3392K, reserved 1048576K
}
Event: 7.148 GC heap after
{Heap after GC invocations=5 (full 0):
 garbage-first heap   total 120832K, used 24173K [0x0000000080000000, 0x0000000100000000)
  region size 1024K, 7 young (7168K), 7 survivors (7168K)
 Metaspace       used 20895K, committed 21504K, reserved 1114112K
  class space    used 3095K, committed 3392K, reserved 1048576K
}
Event: 10.143 GC heap before
{Heap before GC invocations=6 (full 0):
 garbage-first heap   total 86016K, used 84589K [0x0000000080000000, 0x0000000100000000)
  region size 1024K, 66 young (67584K), 7 survivors (7168K)
 Metaspace       used 29119K, committed 30080K, reserved 1114112K
  class space    used 4425K, committed 4864K, reserved 1048576K
}
Event: 10.154 GC heap after
{Heap after GC invocations=7 (full 0):
 garbage-first heap   total 97280K, used 27751K [0x0000000080000000, 0x0000000100000000)
  region size 1024K, 6 young (6144K), 6 survivors (6144K)
 Metaspace       used 29119K, committed 30080K, reserved 1114112K
  class space    used 4425K, committed 4864K, reserved 1048576K
}
Event: 11.600 GC heap before
{Heap before GC invocations=7 (full 0):
 garbage-first heap   total 97280K, used 78951K [0x0000000080000000, 0x0000000100000000)
  region size 1024K, 53 young (54272K), 6 survivors (6144K)
 Metaspace       used 34954K, committed 35968K, reserved 1114112K
  class space    used 5010K, committed 5504K, reserved 1048576K
}
Event: 11.608 GC heap after
{Heap after GC invocations=8 (full 0):
 garbage-first heap   total 97280K, used 34264K [0x0000000080000000, 0x0000000100000000)
  region size 1024K, 7 young (7168K), 7 survivors (7168K)
 Metaspace       used 34954K, committed 35968K, reserved 1114112K
  class space    used 5010K, committed 5504K, reserved 1048576K
}
Event: 11.677 GC heap before
{Heap before GC invocations=8 (full 0):
 garbage-first heap   total 97280K, used 36312K [0x0000000080000000, 0x0000000100000000)
  region size 1024K, 10 young (10240K), 7 survivors (7168K)
 Metaspace       used 35308K, committed 36288K, reserved 1114112K
  class space    used 5027K, committed 5504K, reserved 1048576K
}
Event: 11.683 GC heap after
{Heap after GC invocations=9 (full 0):
 garbage-first heap   total 97280K, used 34012K [0x0000000080000000, 0x0000000100000000)
  region size 1024K, 2 young (2048K), 2 survivors (2048K)
 Metaspace       used 35308K, committed 36288K, reserved 1114112K
  class space    used 5027K, committed 5504K, reserved 1048576K
}
Event: 13.821 GC heap before
{Heap before GC invocations=10 (full 0):
 garbage-first heap   total 97280K, used 82140K [0x0000000080000000, 0x0000000100000000)
  region size 1024K, 48 young (49152K), 2 survivors (2048K)
 Metaspace       used 38582K, committed 39808K, reserved 1114112K
  class space    used 5428K, committed 6016K, reserved 1048576K
}
Event: 13.825 GC heap after
{Heap after GC invocations=11 (full 0):
 garbage-first heap   total 97280K, used 35868K [0x0000000080000000, 0x0000000100000000)
  region size 1024K, 4 young (4096K), 4 survivors (4096K)
 Metaspace       used 38582K, committed 39808K, reserved 1114112K
  class space    used 5428K, committed 6016K, reserved 1048576K
}
Event: 15.526 GC heap before
{Heap before GC invocations=11 (full 0):
 garbage-first heap   total 97280K, used 81948K [0x0000000080000000, 0x0000000100000000)
  region size 1024K, 49 young (50176K), 4 survivors (4096K)
 Metaspace       used 43872K, committed 45440K, reserved 1114112K
  class space    used 6319K, committed 7104K, reserved 1048576K
}
Event: 15.532 GC heap after
{Heap after GC invocations=12 (full 0):
 garbage-first heap   total 97280K, used 36450K [0x0000000080000000, 0x0000000100000000)
  region size 1024K, 5 young (5120K), 5 survivors (5120K)
 Metaspace       used 43872K, committed 45440K, reserved 1114112K
  class space    used 6319K, committed 7104K, reserved 1048576K
}
Event: 17.166 GC heap before
{Heap before GC invocations=12 (full 0):
 garbage-first heap   total 97280K, used 83554K [0x0000000080000000, 0x0000000100000000)
  region size 1024K, 51 young (52224K), 5 survivors (5120K)
 Metaspace       used 49884K, committed 51584K, reserved 1114112K
  class space    used 7187K, committed 8000K, reserved 1048576K
}
Event: 17.172 GC heap after
{Heap after GC invocations=13 (full 0):
 garbage-first heap   total 97280K, used 38021K [0x0000000080000000, 0x0000000100000000)
  region size 1024K, 6 young (6144K), 6 survivors (6144K)
 Metaspace       used 49884K, committed 51584K, reserved 1114112K
  class space    used 7187K, committed 8000K, reserved 1048576K
}
Event: 20.392 GC heap before
{Heap before GC invocations=13 (full 0):
 garbage-first heap   total 97280K, used 85125K [0x0000000080000000, 0x0000000100000000)
  region size 1024K, 52 young (53248K), 6 survivors (6144K)
 Metaspace       used 55230K, committed 57024K, reserved 1114112K
  class space    used 8030K, committed 8896K, reserved 1048576K
}
Event: 20.403 GC heap after
{Heap after GC invocations=14 (full 0):
 garbage-first heap   total 97280K, used 41110K [0x0000000080000000, 0x0000000100000000)
  region size 1024K, 7 young (7168K), 7 survivors (7168K)
 Metaspace       used 55230K, committed 57024K, reserved 1114112K
  class space    used 8030K, committed 8896K, reserved 1048576K
}
Event: 21.184 GC heap before
{Heap before GC invocations=14 (full 0):
 garbage-first heap   total 97280K, used 59542K [0x0000000080000000, 0x0000000100000000)
  region size 1024K, 26 young (26624K), 7 survivors (7168K)
 Metaspace       used 59026K, committed 60736K, reserved 1114112K
  class space    used 8949K, committed 9792K, reserved 1048576K
}
Event: 21.193 GC heap after
{Heap after GC invocations=15 (full 0):
 garbage-first heap   total 97280K, used 41703K [0x0000000080000000, 0x0000000100000000)
  region size 1024K, 4 young (4096K), 4 survivors (4096K)
 Metaspace       used 59026K, committed 60736K, reserved 1114112K
  class space    used 8949K, committed 9792K, reserved 1048576K
}
Event: 22.710 GC heap before
{Heap before GC invocations=16 (full 0):
 garbage-first heap   total 97280K, used 87783K [0x0000000080000000, 0x0000000100000000)
  region size 1024K, 49 young (50176K), 4 survivors (4096K)
 Metaspace       used 65830K, committed 67648K, reserved 1114112K
  class space    used 9803K, committed 10688K, reserved 1048576K
}

Dll operation events (14 events):
Event: 0.034 Loaded shared library C:\Users\NAVNIT KUMAR\.antigravity\extensions\redhat.java-1.51.0-win32-x64\jre\21.0.9-win32-x86_64\bin\java.dll
Event: 0.153 Loaded shared library C:\Users\NAVNIT KUMAR\.antigravity\extensions\redhat.java-1.51.0-win32-x64\jre\21.0.9-win32-x86_64\bin\zip.dll
Event: 0.198 Loaded shared library C:\Users\NAVNIT KUMAR\.antigravity\extensions\redhat.java-1.51.0-win32-x64\jre\21.0.9-win32-x86_64\bin\instrument.dll
Event: 0.208 Loaded shared library C:\Users\NAVNIT KUMAR\.antigravity\extensions\redhat.java-1.51.0-win32-x64\jre\21.0.9-win32-x86_64\bin\net.dll
Event: 0.214 Loaded shared library C:\Users\NAVNIT KUMAR\.antigravity\extensions\redhat.java-1.51.0-win32-x64\jre\21.0.9-win32-x86_64\bin\nio.dll
Event: 0.220 Loaded shared library C:\Users\NAVNIT KUMAR\.antigravity\extensions\redhat.java-1.51.0-win32-x64\jre\21.0.9-win32-x86_64\bin\zip.dll
Event: 0.860 Loaded shared library C:\Users\NAVNIT KUMAR\.antigravity\extensions\redhat.java-1.51.0-win32-x64\jre\21.0.9-win32-x86_64\bin\jimage.dll
Event: 1.324 Loaded shared library C:\Users\NAVNIT KUMAR\.antigravity\extensions\redhat.java-1.51.0-win32-x64\jre\21.0.9-win32-x86_64\bin\verify.dll
Event: 1.530 Loaded shared library C:\Users\NAVNIT KUMAR\.gradle\native\1def1411415f61bf3af743bc5b6707747c0891f09f0c88961ee8f79bc544acac\windows-amd64\native-platform.dll
Event: 1.565 Loaded shared library C:\Users\NAVNIT KUMAR\.gradle\native\0.2.7\x86_64-windows-gnu\gradle-fileevents.dll
Event: 3.290 Loaded shared library C:\Users\NAVNIT KUMAR\.antigravity\extensions\redhat.java-1.51.0-win32-x64\jre\21.0.9-win32-x86_64\bin\management.dll
Event: 3.299 Loaded shared library C:\Users\NAVNIT KUMAR\.antigravity\extensions\redhat.java-1.51.0-win32-x64\jre\21.0.9-win32-x86_64\bin\management_ext.dll
Event: 3.554 Loaded shared library C:\Users\NAVNIT KUMAR\.antigravity\extensions\redhat.java-1.51.0-win32-x64\jre\21.0.9-win32-x86_64\bin\extnet.dll
Event: 4.087 Loaded shared library C:\Users\NAVNIT KUMAR\.antigravity\extensions\redhat.java-1.51.0-win32-x64\jre\21.0.9-win32-x86_64\bin\sunmscapi.dll

Deoptimization events (20 events):
Event: 19.812 Thread 0x000001f40df11c70 Uncommon trap: trap_request=0xffffff45 fr.pc=0x000001f3ba6276f8 relative=0x00000000000017b8
Event: 19.812 Thread 0x000001f40df11c70 Uncommon trap: reason=unstable_if action=reinterpret pc=0x000001f3ba6276f8 method=java.util.concurrent.ConcurrentHashMap.computeIfAbsent(Ljava/lang/Object;Ljava/util/function/Function;)Ljava/lang/Object; @ 123 c2
Event: 19.812 Thread 0x000001f40df11c70 DEOPT PACKING pc=0x000001f3ba6276f8 sp=0x00000064041f9810
Event: 19.813 Thread 0x000001f40df11c70 DEOPT UNPACKING pc=0x000001f3b9ea4422 sp=0x00000064041f97c0 mode 2
Event: 20.924 Thread 0x000001f40df11c70 Uncommon trap: trap_request=0xffffff45 fr.pc=0x000001f3ba4db668 relative=0x00000000000000c8
Event: 20.924 Thread 0x000001f40df11c70 Uncommon trap: reason=unstable_if action=reinterpret pc=0x000001f3ba4db668 method=java.lang.CharacterDataLatin1.isWhitespace(I)Z @ 14 c2
Event: 20.924 Thread 0x000001f40df11c70 DEOPT PACKING pc=0x000001f3ba4db668 sp=0x00000064041f6e10
Event: 20.924 Thread 0x000001f40df11c70 DEOPT UNPACKING pc=0x000001f3b9ea4422 sp=0x00000064041f6cd8 mode 2
Event: 20.924 Thread 0x000001f40df11c70 Uncommon trap: trap_request=0xffffff45 fr.pc=0x000001f3ba47203c relative=0x000000000000009c
Event: 20.924 Thread 0x000001f40df11c70 Uncommon trap: reason=unstable_if action=reinterpret pc=0x000001f3ba47203c method=java.lang.CharacterDataLatin1.isWhitespace(I)Z @ 14 c2
Event: 20.924 Thread 0x000001f40df11c70 DEOPT PACKING pc=0x000001f3ba47203c sp=0x00000064041f6d80
Event: 20.924 Thread 0x000001f40df11c70 DEOPT UNPACKING pc=0x000001f3b9ea4422 sp=0x00000064041f6cf0 mode 2
Event: 21.459 Thread 0x000001f40df11c70 Uncommon trap: trap_request=0xffffff6e fr.pc=0x000001f3ba413600 relative=0x0000000000000160
Event: 21.459 Thread 0x000001f40df11c70 Uncommon trap: reason=loop_limit_check action=maybe_recompile pc=0x000001f3ba413600 method=java.lang.StringLatin1.lastIndexOf([BII)I @ 19 c2
Event: 21.459 Thread 0x000001f40df11c70 DEOPT PACKING pc=0x000001f3ba413600 sp=0x00000064041f3fd0
Event: 21.459 Thread 0x000001f40df11c70 DEOPT UNPACKING pc=0x000001f3b9ea4422 sp=0x00000064041f3f50 mode 2
Event: 22.524 Thread 0x000001f40df11c70 Uncommon trap: trap_request=0xffffff45 fr.pc=0x000001f3ba5fb684 relative=0x0000000000000284
Event: 22.524 Thread 0x000001f40df11c70 Uncommon trap: reason=unstable_if action=reinterpret pc=0x000001f3ba5fb684 method=sun.invoke.util.VerifyAccess.isTypeVisible(Ljava/lang/Class;Ljava/lang/Class;)Z @ 77 c2
Event: 22.524 Thread 0x000001f40df11c70 DEOPT PACKING pc=0x000001f3ba5fb684 sp=0x00000064041f3c80
Event: 22.524 Thread 0x000001f40df11c70 DEOPT UNPACKING pc=0x000001f3b9ea4422 sp=0x00000064041f3b48 mode 2

Classes loaded (20 events):
Event: 22.430 Loading class java/util/concurrent/RejectedExecutionException
Event: 22.431 Loading class java/util/concurrent/RejectedExecutionException done
Event: 22.434 Loading class java/util/concurrent/atomic/AtomicIntegerFieldUpdater
Event: 22.435 Loading class java/util/concurrent/atomic/AtomicIntegerFieldUpdater done
Event: 22.435 Loading class java/util/concurrent/atomic/AtomicIntegerFieldUpdater$AtomicIntegerFieldUpdaterImpl
Event: 22.435 Loading class java/util/concurrent/atomic/AtomicIntegerFieldUpdater$AtomicIntegerFieldUpdaterImpl done
Event: 22.435 Loading class java/util/concurrent/atomic/AtomicIntegerFieldUpdater$AtomicIntegerFieldUpdaterImpl$1
Event: 22.436 Loading class java/util/concurrent/atomic/AtomicIntegerFieldUpdater$AtomicIntegerFieldUpdaterImpl$1 done
Event: 22.467 Loading class javax/xml/stream/XMLStreamException
Event: 22.468 Loading class javax/xml/stream/XMLStreamException done
Event: 22.481 Loading class javax/xml/stream/Location
Event: 22.481 Loading class javax/xml/stream/Location done
Event: 22.482 Loading class javax/xml/namespace/NamespaceContext
Event: 22.483 Loading class javax/xml/namespace/NamespaceContext done
Event: 22.483 Loading class javax/xml/stream/XMLStreamConstants
Event: 22.483 Loading class javax/xml/stream/XMLStreamConstants done
Event: 22.489 Loading class java/io/CharConversionException
Event: 22.489 Loading class java/io/CharConversionException done
Event: 22.492 Loading class javax/xml/stream/XMLStreamReader
Event: 22.492 Loading class javax/xml/stream/XMLStreamReader done

Classes unloaded (0 events):
No events

Classes redefined (0 events):
No events

Internal exceptions (20 events):
Event: 19.785 Thread 0x000001f40df11c70 Exception <a 'java/lang/NoSuchMethodError'{0x0000000083493658}: 'java.lang.Object java.lang.invoke.DirectMethodHandle$Holder.invokeSpecial(java.lang.Object, java.lang.Object, java.lang.Object, java.lang.Object, java.lang.Object, java.lang.Object, java.lang.Object, java.lang.Object, java.lang.Object, java.lang.Object, java.lang.Object, java.lang.Object, java.lang.Object, java.lang.Object, java.lang.Object, java.lang.Object, java.lang.Object, java.lang.Object)'> (0x0000000083493658) 
thrown [s\src\hotspot\sh
Event: 19.786 Thread 0x000001f40df11c70 Exception <a 'java/lang/NoSuchMethodError'{0x0000000083498bb0}: 'java.lang.Object java.lang.invoke.DelegatingMethodHandle$Holder.reinvoke_L(java.lang.Object, java.lang.Object, java.lang.Object, java.lang.Object, java.lang.Object, java.lang.Object, java.lang.Object, java.lang.Object, java.lang.Object, java.lang.Object, java.lang.Object, java.lang.Object, java.lang.Object, java.lang.Object, java.lang.Object, java.lang.Object, java.lang.Object)'> (0x0000000083498bb0) 
thrown [s\src\hotspot\share\interpreter\l
Event: 20.111 Thread 0x000001f40df11c70 Exception <a 'java/lang/IncompatibleClassChangeError'{0x0000000083094340}: Found class java.lang.Object, but interface was expected> (0x0000000083094340) 
thrown [s\src\hotspot\share\interpreter\linkResolver.cpp, line 840]
Event: 20.169 Thread 0x000001f40df11c70 Exception <a 'java/lang/NoSuchMethodError'{0x0000000082f876a0}: 'void java.lang.invoke.DirectMethodHandle$Holder.invokeVirtual(java.lang.Object, java.lang.Object)'> (0x0000000082f876a0) 
thrown [s\src\hotspot\share\interpreter\linkResolver.cpp, line 773]
Event: 20.301 Thread 0x000001f40df11c70 Exception <a 'java/lang/NoSuchMethodError'{0x0000000082d6a5f8}: 'java.lang.Object java.lang.invoke.DirectMethodHandle$Holder.invokeStaticInit(java.lang.Object, int)'> (0x0000000082d6a5f8) 
thrown [s\src\hotspot\share\interpreter\linkResolver.cpp, line 773]
Event: 21.437 Thread 0x000001f40df11c70 Exception <a 'sun/nio/fs/WindowsException'{0x000000008580a060}> (0x000000008580a060) 
thrown [s\src\hotspot\share\prims\jni.cpp, line 520]
Event: 21.438 Thread 0x000001f40df11c70 Exception <a 'sun/nio/fs/WindowsException'{0x000000008580bfa8}> (0x000000008580bfa8) 
thrown [s\src\hotspot\share\prims\jni.cpp, line 520]
Event: 21.759 Thread 0x000001f40df11c70 Exception <a 'sun/nio/fs/WindowsException'{0x0000000084d7b588}> (0x0000000084d7b588) 
thrown [s\src\hotspot\share\prims\jni.cpp, line 520]
Event: 21.921 Thread 0x000001f40df11c70 Exception <a 'java/lang/NoSuchMethodError'{0x00000000849499d0}: 'long java.lang.invoke.DirectMethodHandle$Holder.invokeStatic(java.lang.Object)'> (0x00000000849499d0) 
thrown [s\src\hotspot\share\interpreter\linkResolver.cpp, line 773]
Event: 21.922 Thread 0x000001f40df11c70 Exception <a 'java/lang/NoSuchMethodError'{0x000000008494e2f8}: 'long java.lang.invoke.DirectMethodHandle$Holder.invokeStaticInit(java.lang.Object)'> (0x000000008494e2f8) 
thrown [s\src\hotspot\share\interpreter\linkResolver.cpp, line 773]
Event: 22.070 Thread 0x000001f40df11c70 Exception <a 'java/lang/NoSuchMethodError'{0x0000000084152120}: 'void java.lang.invoke.DirectMethodHandle$Holder.invokeStaticInit(java.lang.Object)'> (0x0000000084152120) 
thrown [s\src\hotspot\share\interpreter\linkResolver.cpp, line 773]
Event: 22.086 Thread 0x000001f40df11c70 Exception <a 'java/lang/NoSuchMethodError'{0x00000000841d59a0}: 'void java.lang.invoke.DelegatingMethodHandle$Holder.reinvoke_L(java.lang.Object, java.lang.Object, java.lang.Object, long, java.lang.Object)'> (0x00000000841d59a0) 
thrown [s\src\hotspot\share\interpreter\linkResolver.cpp, line 773]
Event: 22.086 Thread 0x000001f40df11c70 Exception <a 'java/lang/NoSuchMethodError'{0x00000000841ddba0}: 'java.lang.Object java.lang.invoke.DirectMethodHandle$Holder.invokeSpecial(java.lang.Object, java.lang.Object, java.lang.Object, java.lang.Object, long)'> (0x00000000841ddba0) 
thrown [s\src\hotspot\share\interpreter\linkResolver.cpp, line 773]
Event: 22.089 Thread 0x000001f40df11c70 Exception <a 'java/lang/NoSuchMethodError'{0x00000000841edab0}: 'int java.lang.invoke.DelegatingMethodHandle$Holder.reinvoke_L(java.lang.Object, java.lang.Object, java.lang.Object, long, java.lang.Object, java.lang.Object)'> (0x00000000841edab0) 
thrown [s\src\hotspot\share\interpreter\linkResolver.cpp, line 773]
Event: 22.091 Thread 0x000001f40df11c70 Exception <a 'java/lang/NoSuchMethodError'{0x00000000841fd020}: 'int java.lang.invoke.DelegatingMethodHandle$Holder.reinvoke_L(java.lang.Object, java.lang.Object, java.lang.Object, long, int, int)'> (0x00000000841fd020) 
thrown [s\src\hotspot\share\interpreter\linkResolver.cpp, line 773]
Event: 22.093 Thread 0x000001f40df11c70 Exception <a 'java/lang/NoSuchMethodError'{0x000000008400c690}: 'int java.lang.invoke.DelegatingMethodHandle$Holder.reinvoke_L(java.lang.Object, java.lang.Object, java.lang.Object, long, long, long)'> (0x000000008400c690) 
thrown [s\src\hotspot\share\interpreter\linkResolver.cpp, line 773]
Event: 22.094 Thread 0x000001f40df11c70 Exception <a 'java/lang/NoSuchMethodError'{0x000000008401b658}: 'int java.lang.invoke.DelegatingMethodHandle$Holder.reinvoke_L(java.lang.Object, java.lang.Object, java.lang.Object, long, int)'> (0x000000008401b658) 
thrown [s\src\hotspot\share\interpreter\linkResolver.cpp, line 773]
Event: 22.096 Thread 0x000001f40df11c70 Exception <a 'java/lang/NoSuchMethodError'{0x0000000084031a98}: 'void java.lang.invoke.DelegatingMethodHandle$Holder.reinvoke_L(java.lang.Object, java.lang.Object, java.lang.Object, long, java.lang.Object, long, long)'> (0x0000000084031a98) 
thrown [s\src\hotspot\share\interpreter\linkResolver.cpp, line 773]
Event: 22.097 Thread 0x000001f40df11c70 Exception <a 'java/lang/NoSuchMethodError'{0x0000000084039920}: 'long java.lang.invoke.Invokers$Holder.invokeExact_MT(java.lang.Object, java.lang.Object, java.lang.Object)'> (0x0000000084039920) 
thrown [s\src\hotspot\share\interpreter\linkResolver.cpp, line 773]
Event: 22.098 Thread 0x000001f40df11c70 Exception <a 'java/lang/NoSuchMethodError'{0x000000008403e6b8}: 'int java.lang.invoke.Invokers$Holder.invokeExact_MT(java.lang.Object, java.lang.Object, java.lang.Object)'> (0x000000008403e6b8) 
thrown [s\src\hotspot\share\interpreter\linkResolver.cpp, line 773]

ZGC Phase Switch (0 events):
No events

VM Operations (20 events):
Event: 18.625 Executing VM operation: Cleanup done
Event: 19.577 Executing VM operation: ICBufferFull
Event: 19.577 Executing VM operation: ICBufferFull done
Event: 20.273 Executing VM operation: HandshakeAllThreads (Deoptimize)
Event: 20.273 Executing VM operation: HandshakeAllThreads (Deoptimize) done
Event: 20.297 Executing VM operation: HandshakeAllThreads (Deoptimize)
Event: 20.298 Executing VM operation: HandshakeAllThreads (Deoptimize) done
Event: 20.392 Executing VM operation: G1CollectForAllocation (G1 Evacuation Pause)
Event: 20.403 Executing VM operation: G1CollectForAllocation (G1 Evacuation Pause) done
Event: 21.184 Executing VM operation: CollectForMetadataAllocation (Metadata GC Threshold)
Event: 21.193 Executing VM operation: CollectForMetadataAllocation (Metadata GC Threshold) done
Event: 21.223 Executing VM operation: G1PauseRemark
Event: 21.232 Executing VM operation: G1PauseRemark done
Event: 21.241 Executing VM operation: G1PauseCleanup
Event: 21.242 Executing VM operation: G1PauseCleanup done
Event: 22.233 Executing VM operation: HandshakeAllThreads (Deoptimize)
Event: 22.233 Executing VM operation: HandshakeAllThreads (Deoptimize) done
Event: 22.238 Executing VM operation: HandshakeAllThreads (Deoptimize)
Event: 22.238 Executing VM operation: HandshakeAllThreads (Deoptimize) done
Event: 22.710 Executing VM operation: G1CollectForAllocation (G1 Evacuation Pause)

Memory protections (0 events):
No events

Nmethod flushes (20 events):
Event: 21.230 Thread 0x000001f3c72a7e30 flushing  nmethod 0x000001f3b2aa8710
Event: 21.230 Thread 0x000001f3c72a7e30 flushing  nmethod 0x000001f3b2aa9a10
Event: 21.230 Thread 0x000001f3c72a7e30 flushing  nmethod 0x000001f3b2aa9d90
Event: 21.230 Thread 0x000001f3c72a7e30 flushing  nmethod 0x000001f3b2aabc90
Event: 21.230 Thread 0x000001f3c72a7e30 flushing  nmethod 0x000001f3b2aaff10
Event: 21.230 Thread 0x000001f3c72a7e30 flushing  nmethod 0x000001f3b2c28510
Event: 21.230 Thread 0x000001f3c72a7e30 flushing  nmethod 0x000001f3b2c28d90
Event: 21.230 Thread 0x000001f3c72a7e30 flushing  nmethod 0x000001f3b2c29c10
Event: 21.230 Thread 0x000001f3c72a7e30 flushing  nmethod 0x000001f3b2c2b290
Event: 21.230 Thread 0x000001f3c72a7e30 flushing  nmethod 0x000001f3b2c78b90
Event: 21.230 Thread 0x000001f3c72a7e30 flushing  nmethod 0x000001f3b2c79710
Event: 21.230 Thread 0x000001f3c72a7e30 flushing  nmethod 0x000001f3b2c82310
Event: 21.230 Thread 0x000001f3c72a7e30 flushing  nmethod 0x000001f3b2dd4610
Event: 21.230 Thread 0x000001f3c72a7e30 flushing  nmethod 0x000001f3b2dd6e90
Event: 21.230 Thread 0x000001f3c72a7e30 flushing  nmethod 0x000001f3b2dd8190
Event: 21.230 Thread 0x000001f3c72a7e30 flushing  nmethod 0x000001f3b2dd8790
Event: 21.230 Thread 0x000001f3c72a7e30 flushing  nmethod 0x000001f3b2ee4210
Event: 21.230 Thread 0x000001f3c72a7e30 flushing  nmethod 0x000001f3b3067a90
Event: 21.230 Thread 0x000001f3c72a7e30 flushing  nmethod 0x000001f3b306c690
Event: 21.230 Thread 0x000001f3c72a7e30 flushing  nmethod 0x000001f3b317f310

Events (20 events):
Event: 5.468 Thread 0x000001f40e02c410 Thread added: 0x000001f40e02b6f0
Event: 5.476 Thread 0x000001f40df11c70 Thread added: 0x000001f40e02de50
Event: 5.609 Thread 0x000001f3c72dcc10 Thread added: 0x000001f40e1ed620
Event: 5.848 Thread 0x000001f40e1ed620 Thread exited: 0x000001f40e1ed620
Event: 7.197 Thread 0x000001f3c72dcc10 Thread added: 0x000001f410267be0
Event: 7.703 Thread 0x000001f40df11c70 Thread added: 0x000001f40e02caa0
Event: 7.793 Thread 0x000001f40df11c70 Thread added: 0x000001f40e02e4e0
Event: 8.545 Thread 0x000001f40df11c70 Thread added: 0x000001f41071ebf0
Event: 8.559 Thread 0x000001f40df11c70 Thread added: 0x000001f41071d840
Event: 8.913 Thread 0x000001f410267be0 Thread exited: 0x000001f410267be0
Event: 9.489 Thread 0x000001f3c72dcc10 Thread added: 0x000001f40ee1af00
Event: 9.616 Thread 0x000001f40ee1af00 Thread exited: 0x000001f40ee1af00
Event: 9.629 Thread 0x000001f40df11c70 Thread added: 0x000001f41071f910
Event: 9.771 Thread 0x000001f40df11c70 Thread added: 0x000001f41071ded0
Event: 10.050 Thread 0x000001f3c72d69d0 Thread added: 0x000001f40ee1a830
Event: 11.268 Thread 0x000001f40df11c70 Thread added: 0x000001f41071e560
Event: 11.410 Thread 0x000001f40df11c70 Thread added: 0x000001f410720630
Event: 13.359 Thread 0x000001f40ee1a830 Thread exited: 0x000001f40ee1a830
Event: 14.270 Thread 0x000001f40df11c70 Thread added: 0x000001f410720cc0
Event: 14.458 Thread 0x000001f40df11c70 Thread added: 0x000001f410721350


Dynamic libraries:
0x00007ff7ccfa0000 - 0x00007ff7ccfae000 	C:\Users\NAVNIT KUMAR\.antigravity\extensions\redhat.java-1.51.0-win32-x64\jre\21.0.9-win32-x86_64\bin\java.exe
0x00007ff9b9660000 - 0x00007ff9b98c7000 	C:\WINDOWS\SYSTEM32\ntdll.dll
0x00007ff9b8040000 - 0x00007ff9b8109000 	C:\WINDOWS\System32\KERNEL32.DLL
0x00007ff9b67e0000 - 0x00007ff9b6bcf000 	C:\WINDOWS\System32\KERNELBASE.dll
0x00007ff9b7200000 - 0x00007ff9b734b000 	C:\WINDOWS\System32\ucrtbase.dll
0x00007ff978a10000 - 0x00007ff978a28000 	C:\Users\NAVNIT KUMAR\.antigravity\extensions\redhat.java-1.51.0-win32-x64\jre\21.0.9-win32-x86_64\bin\jli.dll
0x00007ff97cb80000 - 0x00007ff97cb9e000 	C:\Users\NAVNIT KUMAR\.antigravity\extensions\redhat.java-1.51.0-win32-x64\jre\21.0.9-win32-x86_64\bin\VCRUNTIME140.dll
0x00007ff9b78b0000 - 0x00007ff9b7a75000 	C:\WINDOWS\System32\USER32.dll
0x00007ff9b67b0000 - 0x00007ff9b67d7000 	C:\WINDOWS\System32\win32u.dll
0x00007ff99d280000 - 0x00007ff99d513000 	C:\WINDOWS\WinSxS\amd64_microsoft.windows.common-controls_6595b64144ccf1df_6.0.26100.7309_none_3e05feeae336a044\COMCTL32.dll
0x00007ff9b8650000 - 0x00007ff9b867b000 	C:\WINDOWS\System32\GDI32.dll
0x00007ff9b8110000 - 0x00007ff9b81b9000 	C:\WINDOWS\System32\msvcrt.dll
0x00007ff9b6ea0000 - 0x00007ff9b6fcc000 	C:\WINDOWS\System32\gdi32full.dll
0x00007ff9b6d60000 - 0x00007ff9b6e03000 	C:\WINDOWS\System32\msvcp_win.dll
0x00007ff9b7400000 - 0x00007ff9b7431000 	C:\WINDOWS\System32\IMM32.DLL
0x00007ff99d0a0000 - 0x00007ff99d0ac000 	C:\Users\NAVNIT KUMAR\.antigravity\extensions\redhat.java-1.51.0-win32-x64\jre\21.0.9-win32-x86_64\bin\vcruntime140_1.dll
0x00007ff953090000 - 0x00007ff95311d000 	C:\Users\NAVNIT KUMAR\.antigravity\extensions\redhat.java-1.51.0-win32-x64\jre\21.0.9-win32-x86_64\bin\msvcp140.dll
0x00007ff8a3320000 - 0x00007ff8a40c0000 	C:\Users\NAVNIT KUMAR\.antigravity\extensions\redhat.java-1.51.0-win32-x64\jre\21.0.9-win32-x86_64\bin\server\jvm.dll
0x00007ff9b7c30000 - 0x00007ff9b7ce4000 	C:\WINDOWS\System32\ADVAPI32.dll
0x00007ff9b7f90000 - 0x00007ff9b8036000 	C:\WINDOWS\System32\sechost.dll
0x00007ff9b9230000 - 0x00007ff9b9348000 	C:\WINDOWS\System32\RPCRT4.dll
0x00007ff9b8ed0000 - 0x00007ff9b8f44000 	C:\WINDOWS\System32\WS2_32.dll
0x00007ff9ac270000 - 0x00007ff9ac27b000 	C:\WINDOWS\SYSTEM32\VERSION.dll
0x00007ff9a6b70000 - 0x00007ff9a6ba5000 	C:\WINDOWS\SYSTEM32\WINMM.dll
0x00007ff9b6610000 - 0x00007ff9b666e000 	C:\WINDOWS\SYSTEM32\POWRPROF.dll
0x00007ff9b65f0000 - 0x00007ff9b6604000 	C:\WINDOWS\SYSTEM32\UMPDC.dll
0x00007ff9b5560000 - 0x00007ff9b557b000 	C:\WINDOWS\SYSTEM32\kernel.appcore.dll
0x00007ff99cf90000 - 0x00007ff99cf9a000 	C:\Users\NAVNIT KUMAR\.antigravity\extensions\redhat.java-1.51.0-win32-x64\jre\21.0.9-win32-x86_64\bin\jimage.dll
0x00007ff9ab410000 - 0x00007ff9ab652000 	C:\WINDOWS\SYSTEM32\DBGHELP.DLL
0x00007ff9b7520000 - 0x00007ff9b78a6000 	C:\WINDOWS\System32\combase.dll
0x00007ff9b7440000 - 0x00007ff9b7516000 	C:\WINDOWS\System32\OLEAUT32.dll
0x00007ff97c7b0000 - 0x00007ff97c7ec000 	C:\WINDOWS\SYSTEM32\dbgcore.DLL
0x00007ff9b7350000 - 0x00007ff9b73f5000 	C:\WINDOWS\System32\bcryptPrimitives.dll
0x00007ff99a470000 - 0x00007ff99a47f000 	C:\Users\NAVNIT KUMAR\.antigravity\extensions\redhat.java-1.51.0-win32-x64\jre\21.0.9-win32-x86_64\bin\instrument.dll
0x00007ff975d30000 - 0x00007ff975d50000 	C:\Users\NAVNIT KUMAR\.antigravity\extensions\redhat.java-1.51.0-win32-x64\jre\21.0.9-win32-x86_64\bin\java.dll
0x00007ff9b86b0000 - 0x00007ff9b8e03000 	C:\WINDOWS\System32\SHELL32.dll
0x00007ff9b6fd0000 - 0x00007ff9b713a000 	C:\WINDOWS\System32\wintypes.dll
0x00007ff9b4380000 - 0x00007ff9b4bde000 	C:\WINDOWS\SYSTEM32\windows.storage.dll
0x00007ff9b7ab0000 - 0x00007ff9b7ba5000 	C:\WINDOWS\System32\SHCORE.dll
0x00007ff9b7bb0000 - 0x00007ff9b7c16000 	C:\WINDOWS\System32\shlwapi.dll
0x00007ff9b66d0000 - 0x00007ff9b66f9000 	C:\WINDOWS\SYSTEM32\profapi.dll
0x00007ff9738d0000 - 0x00007ff9738e8000 	C:\Users\NAVNIT KUMAR\.antigravity\extensions\redhat.java-1.51.0-win32-x64\jre\21.0.9-win32-x86_64\bin\zip.dll
0x00007ff997dd0000 - 0x00007ff997de0000 	C:\Users\NAVNIT KUMAR\.antigravity\extensions\redhat.java-1.51.0-win32-x64\jre\21.0.9-win32-x86_64\bin\net.dll
0x00007ff9af670000 - 0x00007ff9af798000 	C:\WINDOWS\SYSTEM32\WINHTTP.dll
0x00007ff9b5ad0000 - 0x00007ff9b5b3b000 	C:\WINDOWS\system32\mswsock.dll
0x00007ff973860000 - 0x00007ff973876000 	C:\Users\NAVNIT KUMAR\.antigravity\extensions\redhat.java-1.51.0-win32-x64\jre\21.0.9-win32-x86_64\bin\nio.dll
0x00007ff990560000 - 0x00007ff990570000 	C:\Users\NAVNIT KUMAR\.antigravity\extensions\redhat.java-1.51.0-win32-x64\jre\21.0.9-win32-x86_64\bin\verify.dll
0x00007ff965f00000 - 0x00007ff965f27000 	C:\Users\NAVNIT KUMAR\.gradle\native\1def1411415f61bf3af743bc5b6707747c0891f09f0c88961ee8f79bc544acac\windows-amd64\native-platform.dll
0x00007ff9ac460000 - 0x00007ff9ac4d8000 	C:\Users\NAVNIT KUMAR\.gradle\native\0.2.7\x86_64-windows-gnu\gradle-fileevents.dll
0x00007ff98b3e0000 - 0x00007ff98b3ea000 	C:\Users\NAVNIT KUMAR\.antigravity\extensions\redhat.java-1.51.0-win32-x64\jre\21.0.9-win32-x86_64\bin\management.dll
0x00007ff983aa0000 - 0x00007ff983aac000 	C:\Users\NAVNIT KUMAR\.antigravity\extensions\redhat.java-1.51.0-win32-x64\jre\21.0.9-win32-x86_64\bin\management_ext.dll
0x00007ff9b7c20000 - 0x00007ff9b7c28000 	C:\WINDOWS\System32\PSAPI.DLL
0x00007ff9b4fe0000 - 0x00007ff9b5014000 	C:\WINDOWS\SYSTEM32\IPHLPAPI.DLL
0x00007ff9b7d50000 - 0x00007ff9b7d5a000 	C:\WINDOWS\System32\NSI.dll
0x00007ff980570000 - 0x00007ff980579000 	C:\Users\NAVNIT KUMAR\.antigravity\extensions\redhat.java-1.51.0-win32-x64\jre\21.0.9-win32-x86_64\bin\extnet.dll
0x00007ff9b5d90000 - 0x00007ff9b5dab000 	C:\WINDOWS\SYSTEM32\CRYPTSP.dll
0x00007ff9b54c0000 - 0x00007ff9b54fa000 	C:\WINDOWS\system32\rsaenh.dll
0x00007ff9b5b80000 - 0x00007ff9b5bab000 	C:\WINDOWS\SYSTEM32\USERENV.dll
0x00007ff9b66a0000 - 0x00007ff9b66ca000 	C:\WINDOWS\SYSTEM32\bcrypt.dll
0x00007ff9b5db0000 - 0x00007ff9b5dbc000 	C:\WINDOWS\SYSTEM32\CRYPTBASE.dll
0x00007ff980b10000 - 0x00007ff980b1e000 	C:\Users\NAVNIT KUMAR\.antigravity\extensions\redhat.java-1.51.0-win32-x64\jre\21.0.9-win32-x86_64\bin\sunmscapi.dll
0x00007ff9b6be0000 - 0x00007ff9b6d57000 	C:\WINDOWS\System32\CRYPT32.dll
0x00007ff9b5fb0000 - 0x00007ff9b5fe0000 	C:\WINDOWS\SYSTEM32\ncrypt.dll
0x00007ff9b5f60000 - 0x00007ff9b5f9f000 	C:\WINDOWS\SYSTEM32\NTASN1.dll
0x00007ff9aedd0000 - 0x00007ff9aedd8000 	C:\WINDOWS\system32\wshunix.dll

JVMTI agents:
C:\Users\NAVNIT KUMAR\.gradle\wrapper\dists\gradle-8.13-bin\5xuhj0ry160q40clulazy9h7d\gradle-8.13\lib\agents\gradle-instrumentation-agent-8.13.jar path:C:\Users\NAVNIT KUMAR\.antigravity\extensions\redhat.java-1.51.0-win32-x64\jre\21.0.9-win32-x86_64\bin\instrument.dll, loaded, initialized, instrumentlib options:none

dbghelp: loaded successfully - version: 4.0.5 - missing functions: none
symbol engine: initialized successfully - sym options: 0x614 - pdb path: .;C:\Users\NAVNIT KUMAR\.antigravity\extensions\redhat.java-1.51.0-win32-x64\jre\21.0.9-win32-x86_64\bin;C:\WINDOWS\SYSTEM32;C:\WINDOWS\WinSxS\amd64_microsoft.windows.common-controls_6595b64144ccf1df_6.0.26100.7309_none_3e05feeae336a044;C:\Users\NAVNIT KUMAR\.antigravity\extensions\redhat.java-1.51.0-win32-x64\jre\21.0.9-win32-x86_64\bin\server;C:\Users\NAVNIT KUMAR\.gradle\native\1def1411415f61bf3af743bc5b6707747c0891f09f0c88961ee8f79bc544acac\windows-amd64;C:\Users\NAVNIT KUMAR\.gradle\native\0.2.7\x86_64-windows-gnu

VM Arguments:
jvm_args: --add-opens=java.base/java.lang=ALL-UNNAMED --add-opens=java.base/java.lang.invoke=ALL-UNNAMED --add-opens=java.base/java.util=ALL-UNNAMED --add-opens=java.prefs/java.util.prefs=ALL-UNNAMED --add-exports=jdk.compiler/com.sun.tools.javac.api=ALL-UNNAMED --add-exports=jdk.compiler/com.sun.tools.javac.util=ALL-UNNAMED --add-opens=java.base/java.util=ALL-UNNAMED --add-opens=java.prefs/java.util.prefs=ALL-UNNAMED --add-opens=java.base/java.nio.charset=ALL-UNNAMED --add-opens=java.base/java.net=ALL-UNNAMED --add-opens=java.base/java.util.concurrent.atomic=ALL-UNNAMED --add-opens=java.xml/javax.xml.namespace=ALL-UNNAMED -Xmx2048m -Dfile.encoding=UTF-8 -Duser.country=IN -Duser.language=en -Duser.variant -javaagent:C:\Users\NAVNIT KUMAR\.gradle\wrapper\dists\gradle-8.13-bin\5xuhj0ry160q40clulazy9h7d\gradle-8.13\lib\agents\gradle-instrumentation-agent-8.13.jar 
java_command: org.gradle.launcher.daemon.bootstrap.GradleDaemon 8.13
java_class_path (initial): C:\Users\NAVNIT KUMAR\.gradle\wrapper\dists\gradle-8.13-bin\5xuhj0ry160q40clulazy9h7d\gradle-8.13\lib\gradle-daemon-main-8.13.jar
Launcher Type: SUN_STANDARD

[Global flags]
     intx CICompilerCount                          = 4                                         {product} {ergonomic}
     uint ConcGCThreads                            = 3                                         {product} {ergonomic}
     uint G1ConcRefinementThreads                  = 10                                        {product} {ergonomic}
   size_t G1HeapRegionSize                         = 1048576                                   {product} {ergonomic}
    uintx GCDrainStackTargetSize                   = 64                                        {product} {ergonomic}
   size_t InitialHeapSize                          = 123731968                                 {product} {ergonomic}
   size_t MarkStackSize                            = 4194304                                   {product} {ergonomic}
   size_t MaxHeapSize                              = 2147483648                                {product} {command line}
   size_t MaxNewSize                               = 1287651328                                {product} {ergonomic}
   size_t MinHeapDeltaBytes                        = 1048576                                   {product} {ergonomic}
   size_t MinHeapSize                              = 8388608                                   {product} {ergonomic}
    uintx NonNMethodCodeHeapSize                   = 5839372                                {pd product} {ergonomic}
    uintx NonProfiledCodeHeapSize                  = 122909434                              {pd product} {ergonomic}
    uintx ProfiledCodeHeapSize                     = 122909434                              {pd product} {ergonomic}
    uintx ReservedCodeCacheSize                    = 251658240                              {pd product} {ergonomic}
     bool SegmentedCodeCache                       = true                                      {product} {ergonomic}
   size_t SoftMaxHeapSize                          = 2147483648                             {manageable} {ergonomic}
     bool UseCompressedOops                        = true                           {product lp64_product} {ergonomic}
     bool UseG1GC                                  = true                                      {product} {ergonomic}
     bool UseLargePagesIndividualAllocation        = false                                  {pd product} {ergonomic}

Logging:
Log output configuration:
 #0: stdout all=warning uptime,level,tags foldmultilines=false
 #1: stderr all=off uptime,level,tags foldmultilines=false

Release file:
JAVA_VERSION="21.0.9" 
MODULES="java.base java.compiler java.datatransfer java.xml java.prefs java.desktop java.instrument java.logging java.management java.security.sasl java.naming java.rmi java.management.rmi java.net.http java.scripting java.security.jgss java.transaction.xa java.sql java.sql.rowset java.xml.crypto java.se java.smartcardio jdk.accessibility jdk.internal.jvmstat jdk.attach jdk.charsets jdk.internal.opt jdk.zipfs jdk.compiler jdk.crypto.ec jdk.crypto.cryptoki jdk.crypto.mscapi jdk.dynalink jdk.internal.ed jdk.editpad jdk.hotspot.agent jdk.httpserver jdk.internal.le jdk.internal.vm.ci jdk.internal.vm.compiler jdk.internal.vm.compiler.management jdk.jartool jdk.javadoc jdk.jcmd jdk.management jdk.management.agent jdk.jconsole jdk.jdeps jdk.jdwp.agent jdk.jdi jdk.jfr jdk.jshell jdk.jsobject jdk.jstatd jdk.localedata jdk.management.jfr jdk.naming.dns jdk.naming.rmi jdk.net jdk.nio.mapmode jdk.random jdk.sctp jdk.security.auth jdk.security.jgss jdk.unsupported jdk.unsupported.desktop jdk.xml.dom" 

Environment Variables:
PATH=C:\Program Files\Common Files\Oracle\Java\javapath;C:\Program Files (x86)\Common Files\Oracle\Java\java8path;C:\Program Files (x86)\Common Files\Oracle\Java\javapath;C:\Windows\system32;C:\Windows;C:\Windows\System32\Wbem;C:\Windows\System32\WindowsPowerShell\v1.0\;C:\Windows\System32\OpenSSH\;C:\Program Files (x86)\NVIDIA Corporation\PhysX\Common;C:\WINDOWS\system32;C:\WINDOWS;C:\WINDOWS\System32\Wbem;C:\WINDOWS\System32\WindowsPowerShell\v1.0\;C:\WINDOWS\System32\OpenSSH\;C:\Program Files\NVIDIA Corporation\NVIDIA App\NvDLISR;C:\Program Files\Git\cmd;C:\Program Files\nodejs\;C:\Users\NAVNIT KUMAR\AppData\Local\Microsoft\WindowsApps;C:\Users\NAVNIT KUMAR\AppData\Local\Programs\Microsoft VS Code\bin;C:\MinGW\bin;C:\Users\NAVNIT KUMAR\AppData\Roaming\npm;C:\Users\NAVNIT KUMAR\AppData\Local\Programs\cursor\resources\app\bin;C:\Users\NAVNIT KUMAR\AppData\Local\Programs\Antigravity\bin
USERNAME=NAVNIT KUMAR
OS=Windows_NT
PROCESSOR_IDENTIFIER=AMD64 Family 25 Model 68 Stepping 1, AuthenticAMD
TMP=C:\Users\NAVNIT~1\AppData\Local\Temp
TEMP=C:\Users\NAVNIT~1\AppData\Local\Temp




Periodic native trim disabled

---------------  S Y S T E M  ---------------

OS:
 Windows 11 , 64 bit Build 26100 (10.0.26100.7623)
OS uptime: 0 days 21:25 hours
Hyper-V role detected

CPU: total 12 (initial active 12) (12 cores per cpu, 2 threads per core) family 25 model 68 stepping 1 microcode 0xa40410a, cx8, cmov, fxsr, ht, mmx, 3dnowpref, sse, sse2, sse3, ssse3, sse4a, sse4.1, sse4.2, popcnt, lzcnt, tsc, tscinvbit, avx, avx2, aes, erms, clmul, bmi1, bmi2, adx, sha, fma, vzeroupper, clflush, clflushopt, hv, rdtscp, rdpid, fsrm, f16c, cet_ss
Processor Information for the first 12 processors :
  Max Mhz: 3301, Current Mhz: 3301, Mhz Limit: 3301

Memory: 4k page, system-wide physical 7484M (1025M free)
TotalPageFile size 30012M (AvailPageFile size 0M)
current process WorkingSet (physical memory assigned to process): 216M, peak: 249M
current process commit charge ("private bytes"): 333M, peak: 338M

vm_info: OpenJDK 64-Bit Server VM (21.0.9+10-LTS) for windows-amd64 JRE (21.0.9+10-LTS), built on 2025-10-21T00:00:00Z by "admin" with unknown MS VC++:1942

END.
