#
# There is insufficient memory for the Java Runtime Environment to continue.
# Native memory allocation (mmap) failed to map 1048576 bytes. Error detail: G1 virtual space
# Possible reasons:
#   The system is out of physical RAM or swap space
#   This process is running with CompressedOops enabled, and the Java Heap may be blocking the growth of the native heap
# Possible solutions:
#   Reduce memory load on the system
#   Increase physical memory or swap space
#   Check if swap backing store is full
#   Decrease Java heap size (-Xmx/-Xms)
#   Decrease number of Java threads
#   Decrease Java thread stack sizes (-Xss)
#   Set larger code cache with -XX:ReservedCodeCacheSize=
#   JVM is running with Unscaled Compressed Oops mode in which the Java heap is
#     placed in the first 4GB address space. The Java Heap base address is the
#     maximum limit for the native heap growth. Please use -XX:HeapBaseMinAddress
#     to set the Java Heap base and to place the Java Heap above 4GB virtual address.
# This output file may be truncated or incomplete.
#
#  Out of Memory Error (os_windows.cpp:3713), pid=53840, tid=43796
#
# JRE version: OpenJDK Runtime Environment Temurin-21.0.9+10 (21.0.9+10) (build 21.0.9+10-LTS)
# Java VM: OpenJDK 64-Bit Server VM Temurin-21.0.9+10 (21.0.9+10-LTS, mixed mode, sharing, tiered, compressed oops, compressed class ptrs, g1 gc, windows-amd64)
# No core dump will be written. Minidumps are not enabled by default on client versions of Windows
#

---------------  S U M M A R Y ------------

Command Line: --add-opens=java.base/java.lang=ALL-UNNAMED --add-opens=java.base/java.lang.invoke=ALL-UNNAMED --add-opens=java.base/java.util=ALL-UNNAMED --add-opens=java.prefs/java.util.prefs=ALL-UNNAMED --add-exports=jdk.compiler/com.sun.tools.javac.api=ALL-UNNAMED --add-exports=jdk.compiler/com.sun.tools.javac.util=ALL-UNNAMED --add-opens=java.base/java.util=ALL-UNNAMED --add-opens=java.prefs/java.util.prefs=ALL-UNNAMED --add-opens=java.base/java.nio.charset=ALL-UNNAMED --add-opens=java.base/java.net=ALL-UNNAMED --add-opens=java.base/java.util.concurrent.atomic=ALL-UNNAMED --add-opens=java.xml/javax.xml.namespace=ALL-UNNAMED -Xmx2048m -Dfile.encoding=UTF-8 -Duser.country=IN -Duser.language=en -Duser.variant -javaagent:C:\Users\NAVNIT KUMAR\.gradle\wrapper\dists\gradle-8.13-bin\5xuhj0ry160q40clulazy9h7d\gradle-8.13\lib\agents\gradle-instrumentation-agent-8.13.jar org.gradle.launcher.daemon.bootstrap.GradleDaemon 8.13

Host: AMD Ryzen 5 7535HS with Radeon Graphics        , 12 cores, 7G,  Windows 11 , 64 bit Build 26100 (10.0.26100.7623)
Time: Wed Jan 21 16:26:09 2026 India Standard Time elapsed time: 45.939109 seconds (0d 0h 0m 45s)

---------------  T H R E A D  ---------------

Current thread (0x000001ff597366f0):  WorkerThread "GC Thread#0"    [id=43796, stack(0x000000b58d900000,0x000000b58da00000) (1024K)]

Stack: [0x000000b58d900000,0x000000b58da00000]
Native frames: (J=compiled Java code, j=interpreted, Vv=VM code, C=native code)
V  [jvm.dll+0x6d6e29]
V  [jvm.dll+0x8b4b76]
V  [jvm.dll+0x8b712e]
V  [jvm.dll+0x8b7813]
V  [jvm.dll+0x283d86]
V  [jvm.dll+0x6d3745]
V  [jvm.dll+0x6c747a]
V  [jvm.dll+0x35e7e8]
V  [jvm.dll+0x366426]
V  [jvm.dll+0x3b70ff]
V  [jvm.dll+0x3b7794]
V  [jvm.dll+0x3b785f]
V  [jvm.dll+0x333f7c]
V  [jvm.dll+0x333cd5]
V  [jvm.dll+0x3228e6]
V  [jvm.dll+0x3236fa]
V  [jvm.dll+0x323ae2]
V  [jvm.dll+0x32355d]
V  [jvm.dll+0x360626]
V  [jvm.dll+0x36099a]
V  [jvm.dll+0x361a83]
V  [jvm.dll+0x35e1fe]
V  [jvm.dll+0x36ae5b]
V  [jvm.dll+0x36cb69]
V  [jvm.dll+0x36b1ca]
V  [jvm.dll+0x36c7b8]
V  [jvm.dll+0x376d33]
V  [jvm.dll+0x376e7b]
V  [jvm.dll+0x8e2bd1]
V  [jvm.dll+0x85e9ad]
V  [jvm.dll+0x6d565d]
C  [ucrtbase.dll+0x37b0]
C  [KERNEL32.DLL+0x2e8d7]
C  [ntdll.dll+0x8c53c]


---------------  P R O C E S S  ---------------

Threads class SMR info:
_java_thread_list=0x000001ff79ce1a40, length=78, elements={
0x000001ff596ded90, 0x000001ff7129c4b0, 0x000001ff7129dc20, 0x000001ff712a17a0,
0x000001ff712a65b0, 0x000001ff712a7d20, 0x000001ff712a8770, 0x000001ff712b5380,
0x000001ff712b9f50, 0x000001ff71519760, 0x000001ff714ac540, 0x000001ff76cb9a90,
0x000001ff76dfe5c0, 0x000001ff76e93860, 0x000001ff76b1dd70, 0x000001ff76b1e3d0,
0x000001ff76de5030, 0x000001ff76f1eeb0, 0x000001ff761efc70, 0x000001ff761ef5e0,
0x000001ff761ece80, 0x000001ff761ec7f0, 0x000001ff761ed510, 0x000001ff761edba0,
0x000001ff761ee230, 0x000001ff761ee8c0, 0x000001ff761eef50, 0x000001ff78c6f330,
0x000001ff78c71a90, 0x000001ff78c70d70, 0x000001ff78c6e610, 0x000001ff78c6eca0,
0x000001ff78c72e40, 0x000001ff78c706e0, 0x000001ff78c71400, 0x000001ff78c6f9c0,
0x000001ff78c734d0, 0x000001ff78c70050, 0x000001ff78c73b60, 0x000001ff78c74880,
0x000001ff78c755a0, 0x000001ff78c74f10, 0x000001ff78c72120, 0x000001ff78c75c30,
0x000001ff761632b0, 0x000001ff76162c20, 0x000001ff76161870, 0x000001ff761604c0,
0x000001ff7615fe30, 0x000001ff76163940, 0x000001ff76163fd0, 0x000001ff76160b50,
0x000001ff76161f00, 0x000001ff76164660, 0x000001ff761611e0, 0x000001ff76164cf0,
0x000001ff76165a10, 0x000001ff76162590, 0x000001ff761660a0, 0x000001ff76166730,
0x000001ff76166dc0, 0x000001ff76165380, 0x000001ff76167450, 0x000001ff78be3d80,
0x000001ff78be36f0, 0x000001ff78be4410, 0x000001ff78be5130, 0x000001ff78be4aa0,
0x000001ff78be57c0, 0x000001ff78be5e50, 0x000001ff78be64e0, 0x000001ff78be3060,
0x000001ff78be85b0, 0x000001ff78be92d0, 0x000001ff78be6b70, 0x000001ff78be8c40,
0x000001ff78be7200, 0x000001ff7a80e800
}

Java Threads: ( => current thread )
  0x000001ff596ded90 JavaThread "main"                              [_thread_blocked, id=50300, stack(0x000000b58d800000,0x000000b58d900000) (1024K)]
  0x000001ff7129c4b0 JavaThread "Reference Handler"          daemon [_thread_blocked, id=51460, stack(0x000000b58e000000,0x000000b58e100000) (1024K)]
  0x000001ff7129dc20 JavaThread "Finalizer"                  daemon [_thread_blocked, id=56704, stack(0x000000b58e100000,0x000000b58e200000) (1024K)]
  0x000001ff712a17a0 JavaThread "Signal Dispatcher"          daemon [_thread_blocked, id=55576, stack(0x000000b58e200000,0x000000b58e300000) (1024K)]
  0x000001ff712a65b0 JavaThread "Attach Listener"            daemon [_thread_blocked, id=3304, stack(0x000000b58e300000,0x000000b58e400000) (1024K)]
  0x000001ff712a7d20 JavaThread "Service Thread"             daemon [_thread_blocked, id=56892, stack(0x000000b58e400000,0x000000b58e500000) (1024K)]
  0x000001ff712a8770 JavaThread "Monitor Deflation Thread"   daemon [_thread_blocked, id=44544, stack(0x000000b58e500000,0x000000b58e600000) (1024K)]
  0x000001ff712b5380 JavaThread "C2 CompilerThread0"         daemon [_thread_blocked, id=7036, stack(0x000000b58e600000,0x000000b58e700000) (1024K)]
  0x000001ff712b9f50 JavaThread "C1 CompilerThread0"         daemon [_thread_blocked, id=53776, stack(0x000000b58e700000,0x000000b58e800000) (1024K)]
  0x000001ff71519760 JavaThread "Common-Cleaner"             daemon [_thread_blocked, id=54048, stack(0x000000b58e800000,0x000000b58e900000) (1024K)]
  0x000001ff714ac540 JavaThread "Notification Thread"        daemon [_thread_blocked, id=32852, stack(0x000000b58e900000,0x000000b58ea00000) (1024K)]
  0x000001ff76cb9a90 JavaThread "Daemon health stats"               [_thread_blocked, id=44312, stack(0x000000b58ef00000,0x000000b58f000000) (1024K)]
  0x000001ff76dfe5c0 JavaThread "Incoming local TCP Connector on port 55364"        [_thread_in_native, id=27660, stack(0x000000b58f000000,0x000000b58f100000) (1024K)]
  0x000001ff76e93860 JavaThread "Daemon periodic checks"            [_thread_blocked, id=28084, stack(0x000000b58f100000,0x000000b58f200000) (1024K)]
  0x000001ff76b1dd70 JavaThread "Daemon"                            [_thread_blocked, id=56900, stack(0x000000b58f200000,0x000000b58f300000) (1024K)]
  0x000001ff76b1e3d0 JavaThread "Handler for socket connection from /127.0.0.1:55364 to /127.0.0.1:55365"        [_thread_in_native, id=53156, stack(0x000000b58f300000,0x000000b58f400000) (1024K)]
  0x000001ff76de5030 JavaThread "Cancel handler"                    [_thread_blocked, id=58308, stack(0x000000b58f400000,0x000000b58f500000) (1024K)]
  0x000001ff76f1eeb0 JavaThread "Daemon worker"                     [_thread_blocked, id=5644, stack(0x000000b58f500000,0x000000b58f600000) (1024K)]
  0x000001ff761efc70 JavaThread "Asynchronous log dispatcher for DefaultDaemonConnection: socket connection from /127.0.0.1:55364 to /127.0.0.1:55365"        [_thread_blocked, id=44976, stack(0x000000b58f600000,0x000000b58f700000) (1024K)]
  0x000001ff761ef5e0 JavaThread "Stdin handler"                     [_thread_blocked, id=52976, stack(0x000000b58f700000,0x000000b58f800000) (1024K)]
  0x000001ff761ece80 JavaThread "Daemon client event forwarder"        [_thread_blocked, id=56408, stack(0x000000b58f800000,0x000000b58f900000) (1024K)]
  0x000001ff761ec7f0 JavaThread "Cache worker for journal cache (C:\Users\NAVNIT KUMAR\.gradle\caches\journal-1)"        [_thread_blocked, id=55996, stack(0x000000b58f900000,0x000000b58fa00000) (1024K)]
  0x000001ff761ed510 JavaThread "File lock request listener"        [_thread_in_native, id=56880, stack(0x000000b58fa00000,0x000000b58fb00000) (1024K)]
  0x000001ff761edba0 JavaThread "Cache worker for file hash cache (C:\Users\NAVNIT KUMAR\.gradle\caches\8.13\fileHashes)"        [_thread_blocked, id=38856, stack(0x000000b58fb00000,0x000000b58fc00000) (1024K)]
  0x000001ff761ee230 JavaThread "Cache worker for file hash cache (D:\team rocket\android App\PassengerApp\.gradle\8.13\fileHashes)"        [_thread_blocked, id=50472, stack(0x000000b590200000,0x000000b590300000) (1024K)]
  0x000001ff761ee8c0 JavaThread "Cache worker for Build Output Cleanup Cache (D:\team rocket\android App\PassengerApp\.gradle\buildOutputCleanup)"        [_thread_blocked, id=57684, stack(0x000000b590300000,0x000000b590400000) (1024K)]
  0x000001ff761eef50 JavaThread "File watcher server"        daemon [_thread_in_native, id=57424, stack(0x000000b590400000,0x000000b590500000) (1024K)]
  0x000001ff78c6f330 JavaThread "File watcher consumer"      daemon [_thread_blocked, id=56596, stack(0x000000b590500000,0x000000b590600000) (1024K)]
  0x000001ff78c71a90 JavaThread "jar transforms"                    [_thread_blocked, id=57048, stack(0x000000b590600000,0x000000b590700000) (1024K)]
  0x000001ff78c70d70 JavaThread "jar transforms Thread 2"           [_thread_blocked, id=47116, stack(0x000000b590700000,0x000000b590800000) (1024K)]
  0x000001ff78c6e610 JavaThread "jar transforms Thread 3"           [_thread_blocked, id=42212, stack(0x000000b590800000,0x000000b590900000) (1024K)]
  0x000001ff78c6eca0 JavaThread "jar transforms Thread 4"           [_thread_blocked, id=58240, stack(0x000000b590900000,0x000000b590a00000) (1024K)]
  0x000001ff78c72e40 JavaThread "jar transforms Thread 5"           [_thread_blocked, id=56064, stack(0x000000b590a00000,0x000000b590b00000) (1024K)]
  0x000001ff78c706e0 JavaThread "Cache worker for checksums cache (D:\team rocket\android App\PassengerApp\.gradle\8.13\checksums)"        [_thread_blocked, id=58788, stack(0x000000b590b00000,0x000000b590c00000) (1024K)]
  0x000001ff78c71400 JavaThread "Cache worker for file content cache (C:\Users\NAVNIT KUMAR\.gradle\caches\8.13\fileContent)"        [_thread_blocked, id=57020, stack(0x000000b590c00000,0x000000b590d00000) (1024K)]
  0x000001ff78c6f9c0 JavaThread "jar transforms Thread 6"           [_thread_blocked, id=57640, stack(0x000000b590d00000,0x000000b590e00000) (1024K)]
  0x000001ff78c734d0 JavaThread "jar transforms Thread 7"           [_thread_blocked, id=57460, stack(0x000000b590e00000,0x000000b590f00000) (1024K)]
  0x000001ff78c70050 JavaThread "jar transforms Thread 8"           [_thread_blocked, id=55488, stack(0x000000b590f00000,0x000000b591000000) (1024K)]
  0x000001ff78c73b60 JavaThread "jar transforms Thread 9"           [_thread_blocked, id=50936, stack(0x000000b591000000,0x000000b591100000) (1024K)]
  0x000001ff78c74880 JavaThread "Cache worker for cache directory md-supplier (C:\Users\NAVNIT KUMAR\.gradle\caches\8.13\md-supplier)"        [_thread_blocked, id=54200, stack(0x000000b591100000,0x000000b591200000) (1024K)]
  0x000001ff78c755a0 JavaThread "Cache worker for cache directory md-rule (C:\Users\NAVNIT KUMAR\.gradle\caches\8.13\md-rule)"        [_thread_blocked, id=44364, stack(0x000000b591200000,0x000000b591300000) (1024K)]
  0x000001ff78c74f10 JavaThread "File lock release action executor"        [_thread_blocked, id=46488, stack(0x000000b591300000,0x000000b591400000) (1024K)]
  0x000001ff78c72120 JavaThread "Unconstrained build operations"        [_thread_blocked, id=9488, stack(0x000000b591400000,0x000000b591500000) (1024K)]
  0x000001ff78c75c30 JavaThread "Unconstrained build operations Thread 2"        [_thread_blocked, id=42228, stack(0x000000b591500000,0x000000b591600000) (1024K)]
  0x000001ff761632b0 JavaThread "Unconstrained build operations Thread 3"        [_thread_blocked, id=54364, stack(0x000000b591600000,0x000000b591700000) (1024K)]
  0x000001ff76162c20 JavaThread "Unconstrained build operations Thread 4"        [_thread_blocked, id=29276, stack(0x000000b591700000,0x000000b591800000) (1024K)]
  0x000001ff76161870 JavaThread "Unconstrained build operations Thread 5"        [_thread_blocked, id=17884, stack(0x000000b591800000,0x000000b591900000) (1024K)]
  0x000001ff761604c0 JavaThread "Unconstrained build operations Thread 6"        [_thread_blocked, id=56348, stack(0x000000b591900000,0x000000b591a00000) (1024K)]
  0x000001ff7615fe30 JavaThread "Unconstrained build operations Thread 7"        [_thread_blocked, id=54688, stack(0x000000b591a00000,0x000000b591b00000) (1024K)]
  0x000001ff76163940 JavaThread "Unconstrained build operations Thread 8"        [_thread_blocked, id=50600, stack(0x000000b591b00000,0x000000b591c00000) (1024K)]
  0x000001ff76163fd0 JavaThread "Unconstrained build operations Thread 9"        [_thread_blocked, id=27704, stack(0x000000b591c00000,0x000000b591d00000) (1024K)]
  0x000001ff76160b50 JavaThread "Unconstrained build operations Thread 10"        [_thread_blocked, id=57848, stack(0x000000b591d00000,0x000000b591e00000) (1024K)]
  0x000001ff76161f00 JavaThread "Unconstrained build operations Thread 11"        [_thread_blocked, id=24232, stack(0x000000b591e00000,0x000000b591f00000) (1024K)]
  0x000001ff76164660 JavaThread "Unconstrained build operations Thread 12"        [_thread_blocked, id=40664, stack(0x000000b591f00000,0x000000b592000000) (1024K)]
  0x000001ff761611e0 JavaThread "Unconstrained build operations Thread 13"        [_thread_blocked, id=43716, stack(0x000000b592000000,0x000000b592100000) (1024K)]
  0x000001ff76164cf0 JavaThread "Unconstrained build operations Thread 14"        [_thread_blocked, id=59348, stack(0x000000b592100000,0x000000b592200000) (1024K)]
  0x000001ff76165a10 JavaThread "Unconstrained build operations Thread 15"        [_thread_blocked, id=50712, stack(0x000000b592200000,0x000000b592300000) (1024K)]
  0x000001ff76162590 JavaThread "Unconstrained build operations Thread 16"        [_thread_blocked, id=56708, stack(0x000000b592300000,0x000000b592400000) (1024K)]
  0x000001ff761660a0 JavaThread "Unconstrained build operations Thread 17"        [_thread_blocked, id=57528, stack(0x000000b592400000,0x000000b592500000) (1024K)]
  0x000001ff76166730 JavaThread "Unconstrained build operations Thread 18"        [_thread_blocked, id=48288, stack(0x000000b592500000,0x000000b592600000) (1024K)]
  0x000001ff76166dc0 JavaThread "Unconstrained build operations Thread 19"        [_thread_blocked, id=59152, stack(0x000000b592600000,0x000000b592700000) (1024K)]
  0x000001ff76165380 JavaThread "Unconstrained build operations Thread 20"        [_thread_blocked, id=37912, stack(0x000000b592700000,0x000000b592800000) (1024K)]
  0x000001ff76167450 JavaThread "Unconstrained build operations Thread 21"        [_thread_blocked, id=52004, stack(0x000000b592800000,0x000000b592900000) (1024K)]
  0x000001ff78be3d80 JavaThread "Unconstrained build operations Thread 22"        [_thread_blocked, id=56016, stack(0x000000b592900000,0x000000b592a00000) (1024K)]
  0x000001ff78be36f0 JavaThread "Unconstrained build operations Thread 23"        [_thread_blocked, id=35432, stack(0x000000b592a00000,0x000000b592b00000) (1024K)]
  0x000001ff78be4410 JavaThread "Unconstrained build operations Thread 24"        [_thread_blocked, id=37968, stack(0x000000b592b00000,0x000000b592c00000) (1024K)]
  0x000001ff78be5130 JavaThread "Unconstrained build operations Thread 25"        [_thread_blocked, id=44872, stack(0x000000b592c00000,0x000000b592d00000) (1024K)]
  0x000001ff78be4aa0 JavaThread "Unconstrained build operations Thread 26"        [_thread_blocked, id=59368, stack(0x000000b592d00000,0x000000b592e00000) (1024K)]
  0x000001ff78be57c0 JavaThread "Unconstrained build operations Thread 27"        [_thread_blocked, id=55712, stack(0x000000b592e00000,0x000000b592f00000) (1024K)]
  0x000001ff78be5e50 JavaThread "Unconstrained build operations Thread 28"        [_thread_blocked, id=53632, stack(0x000000b592f00000,0x000000b593000000) (1024K)]
  0x000001ff78be64e0 JavaThread "Unconstrained build operations Thread 29"        [_thread_blocked, id=41308, stack(0x000000b593000000,0x000000b593100000) (1024K)]
  0x000001ff78be3060 JavaThread "Unconstrained build operations Thread 30"        [_thread_blocked, id=58784, stack(0x000000b593100000,0x000000b593200000) (1024K)]
  0x000001ff78be85b0 JavaThread "Unconstrained build operations Thread 31"        [_thread_blocked, id=25216, stack(0x000000b593200000,0x000000b593300000) (1024K)]
  0x000001ff78be92d0 JavaThread "Unconstrained build operations Thread 32"        [_thread_blocked, id=28488, stack(0x000000b593300000,0x000000b593400000) (1024K)]
  0x000001ff78be6b70 JavaThread "Unconstrained build operations Thread 33"        [_thread_blocked, id=42284, stack(0x000000b593400000,0x000000b593500000) (1024K)]
  0x000001ff78be8c40 JavaThread "Memory manager"                    [_thread_blocked, id=39920, stack(0x000000b593500000,0x000000b593600000) (1024K)]
  0x000001ff78be7200 JavaThread "build event listener"              [_thread_blocked, id=57216, stack(0x000000b593600000,0x000000b593700000) (1024K)]
  0x000001ff7a80e800 JavaThread "Kotlin DSL Writer"                 [_thread_blocked, id=57464, stack(0x000000b593700000,0x000000b593800000) (1024K)]
Total: 78

Other Threads:
  0x000001ff71283b10 VMThread "VM Thread"                           [id=57896, stack(0x000000b58df00000,0x000000b58e000000) (1024K)]
  0x000001ff7126ffe0 WatcherThread "VM Periodic Task Thread"        [id=57980, stack(0x000000b58de00000,0x000000b58df00000) (1024K)]
=>0x000001ff597366f0 WorkerThread "GC Thread#0"                     [id=43796, stack(0x000000b58d900000,0x000000b58da00000) (1024K)]
  0x000001ff71741980 WorkerThread "GC Thread#1"                     [id=59104, stack(0x000000b58ea00000,0x000000b58eb00000) (1024K)]
  0x000001ff717a0fe0 WorkerThread "GC Thread#2"                     [id=58304, stack(0x000000b58eb00000,0x000000b58ec00000) (1024K)]
  0x000001ff763deb00 WorkerThread "GC Thread#3"                     [id=10768, stack(0x000000b58ec00000,0x000000b58ed00000) (1024K)]
  0x000001ff763deea0 WorkerThread "GC Thread#4"                     [id=44232, stack(0x000000b58ed00000,0x000000b58ee00000) (1024K)]
  0x000001ff76d3d0f0 WorkerThread "GC Thread#5"                     [id=38072, stack(0x000000b58ee00000,0x000000b58ef00000) (1024K)]
  0x000001ff773aa2d0 WorkerThread "GC Thread#6"                     [id=33964, stack(0x000000b58fc00000,0x000000b58fd00000) (1024K)]
  0x000001ff773a8d10 WorkerThread "GC Thread#7"                     [id=57028, stack(0x000000b58fd00000,0x000000b58fe00000) (1024K)]
  0x000001ff773a9450 WorkerThread "GC Thread#8"                     [id=59328, stack(0x000000b58fe00000,0x000000b58ff00000) (1024K)]
  0x000001ff773a97f0 WorkerThread "GC Thread#9"                     [id=49812, stack(0x000000b58ff00000,0x000000b590000000) (1024K)]
  0x000001ff597475e0 ConcurrentGCThread "G1 Main Marker"            [id=16872, stack(0x000000b58da00000,0x000000b58db00000) (1024K)]
  0x000001ff59747ff0 WorkerThread "G1 Conc#0"                       [id=58384, stack(0x000000b58db00000,0x000000b58dc00000) (1024K)]
  0x000001ff78fe1880 WorkerThread "G1 Conc#1"                       [id=28432, stack(0x000000b590000000,0x000000b590100000) (1024K)]
  0x000001ff78fe1c20 WorkerThread "G1 Conc#2"                       [id=56992, stack(0x000000b590100000,0x000000b590200000) (1024K)]
  0x000001ff5979d3f0 ConcurrentGCThread "G1 Refine#0"               [id=43612, stack(0x000000b58dc00000,0x000000b58dd00000) (1024K)]
  0x000001ff5979dc10 ConcurrentGCThread "G1 Service"                [id=58844, stack(0x000000b58dd00000,0x000000b58de00000) (1024K)]
Total: 18

Threads with active compile tasks:
C2 CompilerThread0  45998 12526       4       org.jetbrains.kotlin.com.intellij.openapi.vfs.impl.ArchiveHandler::processEntry (225 bytes)
Total: 1

VM state: at safepoint (normal execution)

VM Mutex/Monitor currently owned by a thread:  ([mutex/lock_event])
[0x00007ff8a3fdaff0] FreeList_lock - owner thread: 0x000001ff597366f0
[0x00007ff8a3fdd570] Threads_lock - owner thread: 0x000001ff71283b10
[0x00007ff8a3fdd670] Heap_lock - owner thread: 0x000001ff76f1eeb0

Heap address: 0x0000000080000000, size: 2048 MB, Compressed Oops mode: 32-bit

CDS archive(s) mapped at: [0x000001ff00000000-0x000001ff00ba0000-0x000001ff00ba0000), size 12189696, SharedBaseAddress: 0x000001ff00000000, ArchiveRelocationMode: 1.
Compressed class space mapped at: 0x000001ff01000000-0x000001ff41000000, reserved size: 1073741824
Narrow klass base: 0x000001ff00000000, Narrow klass shift: 0, Narrow klass range: 0x100000000

GC Precious Log:
 CardTable entry size: 512
 Card Set container configuration: InlinePtr #cards 5 size 8 Array Of Cards #cards 12 size 40 Howl #buckets 4 coarsen threshold 1843 Howl Bitmap #cards 512 size 80 coarsen threshold 460 Card regions per heap region 1 cards per card region 2048
 CPUs: 12 total, 12 available
 Memory: 7484M
 Large Page Support: Disabled
 NUMA Support: Disabled
 Compressed Oops: Enabled (32-bit)
 Heap Region Size: 1M
 Heap Min Capacity: 8M
 Heap Initial Capacity: 118M
 Heap Max Capacity: 2G
 Pre-touch: Disabled
 Parallel Workers: 10
 Concurrent Workers: 3
 Concurrent Refinement Workers: 10
 Periodic GC: Disabled

Heap:
 garbage-first heap   total 187392K, used 174017K [0x0000000080000000, 0x0000000100000000)
  region size 1024K, 60 young (61440K), 4 survivors (4096K)
 Metaspace       used 101201K, committed 103488K, reserved 1179648K
  class space    used 14143K, committed 15232K, reserved 1048576K

Heap Regions: E=young(eden), S=young(survivor), O=old, HS=humongous(starts), HC=humongous(continues), CS=collection set, F=free, TAMS=top-at-mark-start, PB=parsable bottom
|   0|0x0000000080000000, 0x0000000080100000, 0x0000000080100000|100%|HS|  |TAMS 0x0000000080000000| PB 0x0000000080000000| Complete 
|   1|0x0000000080100000, 0x0000000080200000, 0x0000000080200000|100%|HC|  |TAMS 0x0000000080100000| PB 0x0000000080100000| Complete 
|   2|0x0000000080200000, 0x0000000080300000, 0x0000000080300000|100%|HC|  |TAMS 0x0000000080200000| PB 0x0000000080200000| Complete 
|   3|0x0000000080300000, 0x0000000080400000, 0x0000000080400000|100%| O|  |TAMS 0x0000000080300000| PB 0x0000000080300000| Untracked 
|   4|0x0000000080400000, 0x0000000080500000, 0x0000000080500000|100%| O|  |TAMS 0x0000000080400000| PB 0x0000000080400000| Untracked 
|   5|0x0000000080500000, 0x0000000080600000, 0x0000000080600000|100%| O|  |TAMS 0x0000000080500000| PB 0x0000000080500000| Untracked 
|   6|0x0000000080600000, 0x0000000080700000, 0x0000000080700000|100%|HS|  |TAMS 0x0000000080600000| PB 0x0000000080600000| Complete 
|   7|0x0000000080700000, 0x0000000080800000, 0x0000000080800000|100%| O|  |TAMS 0x0000000080700000| PB 0x0000000080700000| Untracked 
|   8|0x0000000080800000, 0x0000000080900000, 0x0000000080900000|100%| O|  |TAMS 0x0000000080800000| PB 0x0000000080800000| Untracked 
|   9|0x0000000080900000, 0x0000000080a00000, 0x0000000080a00000|100%| O|  |TAMS 0x0000000080900000| PB 0x0000000080900000| Untracked 
|  10|0x0000000080a00000, 0x0000000080b00000, 0x0000000080b00000|100%| O|  |TAMS 0x0000000080a00000| PB 0x0000000080a00000| Untracked 
|  11|0x0000000080b00000, 0x0000000080c00000, 0x0000000080c00000|100%| O|  |TAMS 0x0000000080b00000| PB 0x0000000080b00000| Untracked 
|  12|0x0000000080c00000, 0x0000000080d00000, 0x0000000080d00000|100%| O|  |TAMS 0x0000000080c00000| PB 0x0000000080c00000| Untracked 
|  13|0x0000000080d00000, 0x0000000080e00000, 0x0000000080e00000|100%| O|  |TAMS 0x0000000080d00000| PB 0x0000000080d00000| Untracked 
|  14|0x0000000080e00000, 0x0000000080f00000, 0x0000000080f00000|100%| O|  |TAMS 0x0000000080e00000| PB 0x0000000080e00000| Untracked 
|  15|0x0000000080f00000, 0x0000000081000000, 0x0000000081000000|100%| O|  |TAMS 0x0000000080f00000| PB 0x0000000080f00000| Untracked 
|  16|0x0000000081000000, 0x0000000081100000, 0x0000000081100000|100%| O|  |TAMS 0x0000000081000000| PB 0x0000000081000000| Untracked 
|  17|0x0000000081100000, 0x0000000081200000, 0x0000000081200000|100%| O|  |TAMS 0x0000000081100000| PB 0x0000000081100000| Untracked 
|  18|0x0000000081200000, 0x0000000081300000, 0x0000000081300000|100%| O|  |TAMS 0x0000000081200000| PB 0x0000000081200000| Untracked 
|  19|0x0000000081300000, 0x0000000081400000, 0x0000000081400000|100%| O|  |TAMS 0x0000000081300000| PB 0x0000000081300000| Untracked 
|  20|0x0000000081400000, 0x0000000081500000, 0x0000000081500000|100%| O|  |TAMS 0x0000000081400000| PB 0x0000000081400000| Untracked 
|  21|0x0000000081500000, 0x0000000081600000, 0x0000000081600000|100%| O|  |TAMS 0x0000000081500000| PB 0x0000000081500000| Untracked 
|  22|0x0000000081600000, 0x0000000081700000, 0x0000000081700000|100%| O|  |TAMS 0x0000000081600000| PB 0x0000000081600000| Untracked 
|  23|0x0000000081700000, 0x0000000081800000, 0x0000000081800000|100%| O|  |TAMS 0x0000000081700000| PB 0x0000000081700000| Untracked 
|  24|0x0000000081800000, 0x0000000081900000, 0x0000000081900000|100%| O|  |TAMS 0x0000000081800000| PB 0x0000000081800000| Untracked 
|  25|0x0000000081900000, 0x0000000081a00000, 0x0000000081a00000|100%| O|  |TAMS 0x0000000081900000| PB 0x0000000081900000| Untracked 
|  26|0x0000000081a00000, 0x0000000081b00000, 0x0000000081b00000|100%| O|  |TAMS 0x0000000081a00000| PB 0x0000000081a00000| Untracked 
|  27|0x0000000081b00000, 0x0000000081c00000, 0x0000000081c00000|100%| O|  |TAMS 0x0000000081b00000| PB 0x0000000081b00000| Untracked 
|  28|0x0000000081c00000, 0x0000000081d00000, 0x0000000081d00000|100%| O|  |TAMS 0x0000000081c00000| PB 0x0000000081c00000| Untracked 
|  29|0x0000000081d00000, 0x0000000081e00000, 0x0000000081e00000|100%| O|  |TAMS 0x0000000081d00000| PB 0x0000000081d00000| Untracked 
|  30|0x0000000081e00000, 0x0000000081f00000, 0x0000000081f00000|100%| O|  |TAMS 0x0000000081e00000| PB 0x0000000081e00000| Untracked 
|  31|0x0000000081f00000, 0x0000000082000000, 0x0000000082000000|100%| O|  |TAMS 0x0000000081f00000| PB 0x0000000081f00000| Untracked 
|  32|0x0000000082000000, 0x0000000082100000, 0x0000000082100000|100%| O|  |TAMS 0x0000000082000000| PB 0x0000000082000000| Untracked 
|  33|0x0000000082100000, 0x0000000082200000, 0x0000000082200000|100%| O|  |TAMS 0x0000000082100000| PB 0x0000000082100000| Untracked 
|  34|0x0000000082200000, 0x0000000082300000, 0x0000000082300000|100%| O|  |TAMS 0x0000000082200000| PB 0x0000000082200000| Untracked 
|  35|0x0000000082300000, 0x0000000082400000, 0x0000000082400000|100%| O|  |TAMS 0x0000000082300000| PB 0x0000000082300000| Untracked 
|  36|0x0000000082400000, 0x0000000082500000, 0x0000000082500000|100%| O|  |TAMS 0x0000000082400000| PB 0x0000000082400000| Untracked 
|  37|0x0000000082500000, 0x0000000082600000, 0x0000000082600000|100%| O|  |TAMS 0x0000000082500000| PB 0x0000000082500000| Untracked 
|  38|0x0000000082600000, 0x0000000082700000, 0x0000000082700000|100%| O|  |TAMS 0x0000000082600000| PB 0x0000000082600000| Untracked 
|  39|0x0000000082700000, 0x0000000082800000, 0x0000000082800000|100%| O|  |TAMS 0x0000000082700000| PB 0x0000000082700000| Untracked 
|  40|0x0000000082800000, 0x0000000082900000, 0x0000000082900000|100%| O|  |TAMS 0x0000000082800000| PB 0x0000000082800000| Untracked 
|  41|0x0000000082900000, 0x0000000082a00000, 0x0000000082a00000|100%| O|  |TAMS 0x0000000082900000| PB 0x0000000082900000| Untracked 
|  42|0x0000000082a00000, 0x0000000082b00000, 0x0000000082b00000|100%| O|  |TAMS 0x0000000082a00000| PB 0x0000000082a00000| Untracked 
|  43|0x0000000082b00000, 0x0000000082c00000, 0x0000000082c00000|100%| O|  |TAMS 0x0000000082b00000| PB 0x0000000082b00000| Untracked 
|  44|0x0000000082c00000, 0x0000000082d00000, 0x0000000082d00000|100%| O|CS|TAMS 0x0000000082c00000| PB 0x0000000082c00000| Complete 
|  45|0x0000000082d00000, 0x0000000082e00000, 0x0000000082e00000|100%| O|  |TAMS 0x0000000082d00000| PB 0x0000000082d00000| Untracked 
|  46|0x0000000082e00000, 0x0000000082f00000, 0x0000000082f00000|100%| O|  |TAMS 0x0000000082e00000| PB 0x0000000082e00000| Untracked 
|  47|0x0000000082f00000, 0x0000000083000000, 0x0000000083000000|100%| O|  |TAMS 0x0000000082f00000| PB 0x0000000082f00000| Untracked 
|  48|0x0000000083000000, 0x0000000083100000, 0x0000000083100000|100%|HS|  |TAMS 0x0000000083000000| PB 0x0000000083000000| Complete 
|  49|0x0000000083100000, 0x0000000083200000, 0x0000000083200000|100%|HS|  |TAMS 0x0000000083100000| PB 0x0000000083100000| Complete 
|  50|0x0000000083200000, 0x0000000083300000, 0x0000000083300000|100%| O|  |TAMS 0x0000000083200000| PB 0x0000000083200000| Untracked 
|  51|0x0000000083300000, 0x0000000083400000, 0x0000000083400000|100%| O|  |TAMS 0x0000000083300000| PB 0x0000000083300000| Untracked 
|  52|0x0000000083400000, 0x0000000083500000, 0x0000000083500000|100%| O|  |TAMS 0x0000000083400000| PB 0x0000000083400000| Untracked 
|  53|0x0000000083500000, 0x0000000083600000, 0x0000000083600000|100%|HS|  |TAMS 0x0000000083500000| PB 0x0000000083500000| Complete 
|  54|0x0000000083600000, 0x0000000083700000, 0x0000000083700000|100%|HS|  |TAMS 0x0000000083600000| PB 0x0000000083600000| Complete 
|  55|0x0000000083700000, 0x0000000083800000, 0x0000000083800000|100%|HC|  |TAMS 0x0000000083700000| PB 0x0000000083700000| Complete 
|  56|0x0000000083800000, 0x0000000083900000, 0x0000000083900000|100%|HS|  |TAMS 0x0000000083800000| PB 0x0000000083800000| Complete 
|  57|0x0000000083900000, 0x0000000083a00000, 0x0000000083a00000|100%|HS|  |TAMS 0x0000000083900000| PB 0x0000000083900000| Complete 
|  58|0x0000000083a00000, 0x0000000083b00000, 0x0000000083b00000|100%|HC|  |TAMS 0x0000000083a00000| PB 0x0000000083a00000| Complete 
|  59|0x0000000083b00000, 0x0000000083c00000, 0x0000000083c00000|100%|HC|  |TAMS 0x0000000083b00000| PB 0x0000000083b00000| Complete 
|  60|0x0000000083c00000, 0x0000000083d00000, 0x0000000083d00000|100%|HS|  |TAMS 0x0000000083c00000| PB 0x0000000083c00000| Complete 
|  61|0x0000000083d00000, 0x0000000083e00000, 0x0000000083e00000|100%|HS|  |TAMS 0x0000000083d00000| PB 0x0000000083d00000| Complete 
|  62|0x0000000083e00000, 0x0000000083f00000, 0x0000000083f00000|100%|HC|  |TAMS 0x0000000083e00000| PB 0x0000000083e00000| Complete 
|  63|0x0000000083f00000, 0x0000000084000000, 0x0000000084000000|100%| O|  |TAMS 0x0000000083f00000| PB 0x0000000083f00000| Untracked 
|  64|0x0000000084000000, 0x0000000084100000, 0x0000000084100000|100%| O|  |TAMS 0x0000000084000000| PB 0x0000000084000000| Untracked 
|  65|0x0000000084100000, 0x0000000084200000, 0x0000000084200000|100%|HS|  |TAMS 0x0000000084100000| PB 0x0000000084100000| Complete 
|  66|0x0000000084200000, 0x0000000084300000, 0x0000000084300000|100%|HS|  |TAMS 0x0000000084200000| PB 0x0000000084200000| Complete 
|  67|0x0000000084300000, 0x0000000084400000, 0x0000000084400000|100%| O|  |TAMS 0x0000000084300000| PB 0x0000000084300000| Untracked 
|  68|0x0000000084400000, 0x0000000084500000, 0x0000000084500000|100%| O|  |TAMS 0x0000000084400000| PB 0x0000000084400000| Untracked 
|  69|0x0000000084500000, 0x0000000084600000, 0x0000000084600000|100%| O|  |TAMS 0x0000000084500000| PB 0x0000000084500000| Untracked 
|  70|0x0000000084600000, 0x0000000084700000, 0x0000000084700000|100%| O|  |TAMS 0x0000000084600000| PB 0x0000000084600000| Untracked 
|  71|0x0000000084700000, 0x0000000084800000, 0x0000000084800000|100%|HS|  |TAMS 0x0000000084700000| PB 0x0000000084700000| Complete 
|  72|0x0000000084800000, 0x0000000084900000, 0x0000000084900000|100%| O|  |TAMS 0x0000000084800000| PB 0x0000000084800000| Untracked 
|  73|0x0000000084900000, 0x0000000084a00000, 0x0000000084a00000|100%| O|  |TAMS 0x0000000084900000| PB 0x0000000084900000| Untracked 
|  74|0x0000000084a00000, 0x0000000084b00000, 0x0000000084b00000|100%| O|  |TAMS 0x0000000084a00000| PB 0x0000000084a00000| Untracked 
|  75|0x0000000084b00000, 0x0000000084c00000, 0x0000000084c00000|100%|HS|  |TAMS 0x0000000084b00000| PB 0x0000000084b00000| Complete 
|  76|0x0000000084c00000, 0x0000000084d00000, 0x0000000084d00000|100%|HC|  |TAMS 0x0000000084c00000| PB 0x0000000084c00000| Complete 
|  77|0x0000000084d00000, 0x0000000084e00000, 0x0000000084e00000|100%|HC|  |TAMS 0x0000000084d00000| PB 0x0000000084d00000| Complete 
|  78|0x0000000084e00000, 0x0000000084f00000, 0x0000000084f00000|100%| O|  |TAMS 0x0000000084e00000| PB 0x0000000084e00000| Untracked 
|  79|0x0000000084f00000, 0x0000000085000000, 0x0000000085000000|100%| O|  |TAMS 0x0000000084f00000| PB 0x0000000084f00000| Untracked 
|  80|0x0000000085000000, 0x0000000085100000, 0x0000000085100000|100%| O|  |TAMS 0x0000000085000000| PB 0x0000000085000000| Untracked 
|  81|0x0000000085100000, 0x0000000085200000, 0x0000000085200000|100%| O|  |TAMS 0x0000000085100000| PB 0x0000000085100000| Untracked 
|  82|0x0000000085200000, 0x0000000085300000, 0x0000000085300000|100%| E|CS|TAMS 0x0000000085200000| PB 0x0000000085200000| Complete 
|  83|0x0000000085300000, 0x0000000085400000, 0x0000000085400000|100%| O|  |TAMS 0x0000000085300000| PB 0x0000000085300000| Untracked 
|  84|0x0000000085400000, 0x0000000085500000, 0x0000000085500000|100%| O|  |TAMS 0x0000000085400000| PB 0x0000000085400000| Untracked 
|  85|0x0000000085500000, 0x0000000085600000, 0x0000000085600000|100%| O|  |TAMS 0x0000000085500000| PB 0x0000000085500000| Untracked 
|  86|0x0000000085600000, 0x0000000085700000, 0x0000000085700000|100%| O|  |TAMS 0x0000000085600000| PB 0x0000000085600000| Untracked 
|  87|0x0000000085700000, 0x0000000085800000, 0x0000000085800000|100%| E|CS|TAMS 0x0000000085700000| PB 0x0000000085700000| Complete 
|  88|0x0000000085800000, 0x0000000085900000, 0x0000000085900000|100%| E|CS|TAMS 0x0000000085800000| PB 0x0000000085800000| Complete 
|  89|0x0000000085900000, 0x0000000085a00000, 0x0000000085a00000|100%| O|  |TAMS 0x0000000085900000| PB 0x0000000085900000| Untracked 
|  90|0x0000000085a00000, 0x0000000085b00000, 0x0000000085b00000|100%| O|  |TAMS 0x0000000085a00000| PB 0x0000000085a00000| Untracked 
|  91|0x0000000085b00000, 0x0000000085c00000, 0x0000000085c00000|100%| O|  |TAMS 0x0000000085b00000| PB 0x0000000085b00000| Untracked 
|  92|0x0000000085c00000, 0x0000000085d00000, 0x0000000085d00000|100%| O|  |TAMS 0x0000000085c00000| PB 0x0000000085c00000| Untracked 
|  93|0x0000000085d00000, 0x0000000085e00000, 0x0000000085e00000|100%| E|CS|TAMS 0x0000000085d00000| PB 0x0000000085d00000| Complete 
|  94|0x0000000085e00000, 0x0000000085f00000, 0x0000000085f00000|100%| E|CS|TAMS 0x0000000085e00000| PB 0x0000000085e00000| Complete 
|  95|0x0000000085f00000, 0x0000000086000000, 0x0000000086000000|100%|HS|  |TAMS 0x0000000085f00000| PB 0x0000000085f00000| Complete 
|  96|0x0000000086000000, 0x0000000086100000, 0x0000000086100000|100%| O|  |TAMS 0x0000000086000000| PB 0x0000000086000000| Untracked 
|  97|0x0000000086100000, 0x0000000086200000, 0x0000000086200000|100%| O|  |TAMS 0x0000000086100000| PB 0x0000000086100000| Untracked 
|  98|0x0000000086200000, 0x0000000086300000, 0x0000000086300000|100%| O|  |TAMS 0x0000000086200000| PB 0x0000000086200000| Untracked 
|  99|0x0000000086300000, 0x0000000086400000, 0x0000000086400000|100%| O|  |TAMS 0x0000000086300000| PB 0x0000000086300000| Untracked 
| 100|0x0000000086400000, 0x0000000086500000, 0x0000000086500000|100%| O|  |TAMS 0x0000000086400000| PB 0x0000000086400000| Untracked 
| 101|0x0000000086500000, 0x0000000086600000, 0x0000000086600000|100%|HS|  |TAMS 0x0000000086500000| PB 0x0000000086500000| Complete 
| 102|0x0000000086600000, 0x0000000086700000, 0x0000000086700000|100%|HC|  |TAMS 0x0000000086600000| PB 0x0000000086600000| Complete 
| 103|0x0000000086700000, 0x0000000086800000, 0x0000000086800000|100%|HC|  |TAMS 0x0000000086700000| PB 0x0000000086700000| Complete 
| 104|0x0000000086800000, 0x0000000086900000, 0x0000000086900000|100%|HC|  |TAMS 0x0000000086800000| PB 0x0000000086800000| Complete 
| 105|0x0000000086900000, 0x0000000086a00000, 0x0000000086a00000|100%|HC|  |TAMS 0x0000000086900000| PB 0x0000000086900000| Complete 
| 106|0x0000000086a00000, 0x0000000086b00000, 0x0000000086b00000|100%|HC|  |TAMS 0x0000000086a00000| PB 0x0000000086a00000| Complete 
| 107|0x0000000086b00000, 0x0000000086c00000, 0x0000000086c00000|100%| O|  |TAMS 0x0000000086b00000| PB 0x0000000086b00000| Untracked 
| 108|0x0000000086c00000, 0x0000000086d00000, 0x0000000086d00000|100%| O|  |TAMS 0x0000000086c00000| PB 0x0000000086c00000| Untracked 
| 109|0x0000000086d00000, 0x0000000086e00000, 0x0000000086e00000|100%| O|  |TAMS 0x0000000086d00000| PB 0x0000000086d00000| Untracked 
| 110|0x0000000086e00000, 0x0000000086f00000, 0x0000000086f00000|100%| O|  |TAMS 0x0000000086e00000| PB 0x0000000086e00000| Untracked 
| 111|0x0000000086f00000, 0x0000000087000000, 0x0000000087000000|100%| S|  |TAMS 0x0000000086f00000| PB 0x0000000086f00000| Complete 
| 112|0x0000000087000000, 0x0000000087100000, 0x0000000087100000|100%| S|  |TAMS 0x0000000087000000| PB 0x0000000087000000| Complete 
| 113|0x0000000087100000, 0x0000000087200000, 0x0000000087200000|100%| S|  |TAMS 0x0000000087100000| PB 0x0000000087100000| Complete 
| 114|0x0000000087200000, 0x0000000087300000, 0x0000000087300000|100%| E|CS|TAMS 0x0000000087200000| PB 0x0000000087200000| Complete 
| 115|0x0000000087300000, 0x0000000087400000, 0x0000000087400000|100%| E|CS|TAMS 0x0000000087300000| PB 0x0000000087300000| Complete 
| 116|0x0000000087400000, 0x0000000087500000, 0x0000000087500000|100%| E|CS|TAMS 0x0000000087400000| PB 0x0000000087400000| Complete 
| 117|0x0000000087500000, 0x0000000087600000, 0x0000000087600000|100%| E|CS|TAMS 0x0000000087500000| PB 0x0000000087500000| Complete 
| 118|0x0000000087600000, 0x0000000087700000, 0x0000000087700000|100%| E|CS|TAMS 0x0000000087600000| PB 0x0000000087600000| Complete 
| 119|0x0000000087700000, 0x0000000087800000, 0x0000000087800000|100%| E|CS|TAMS 0x0000000087700000| PB 0x0000000087700000| Complete 
| 120|0x0000000087800000, 0x0000000087900000, 0x0000000087900000|100%| E|CS|TAMS 0x0000000087800000| PB 0x0000000087800000| Complete 
| 121|0x0000000087900000, 0x0000000087a00000, 0x0000000087a00000|100%| E|CS|TAMS 0x0000000087900000| PB 0x0000000087900000| Complete 
| 122|0x0000000087a00000, 0x0000000087b00000, 0x0000000087b00000|100%| E|CS|TAMS 0x0000000087a00000| PB 0x0000000087a00000| Complete 
| 123|0x0000000087b00000, 0x0000000087c00000, 0x0000000087c00000|100%| E|CS|TAMS 0x0000000087b00000| PB 0x0000000087b00000| Complete 
| 124|0x0000000087c00000, 0x0000000087d00000, 0x0000000087d00000|100%| E|CS|TAMS 0x0000000087c00000| PB 0x0000000087c00000| Complete 
| 125|0x0000000087d00000, 0x0000000087e00000, 0x0000000087e00000|100%| E|CS|TAMS 0x0000000087d00000| PB 0x0000000087d00000| Complete 
| 126|0x0000000087e00000, 0x0000000087f00000, 0x0000000087f00000|100%| E|CS|TAMS 0x0000000087e00000| PB 0x0000000087e00000| Complete 
| 127|0x0000000087f00000, 0x0000000088000000, 0x0000000088000000|100%| E|CS|TAMS 0x0000000087f00000| PB 0x0000000087f00000| Complete 
| 128|0x0000000088000000, 0x0000000088100000, 0x0000000088100000|100%| E|CS|TAMS 0x0000000088000000| PB 0x0000000088000000| Complete 
| 129|0x0000000088100000, 0x0000000088200000, 0x0000000088200000|100%| E|CS|TAMS 0x0000000088100000| PB 0x0000000088100000| Complete 
| 130|0x0000000088200000, 0x0000000088300000, 0x0000000088300000|100%| E|CS|TAMS 0x0000000088200000| PB 0x0000000088200000| Complete 
| 131|0x0000000088300000, 0x0000000088400000, 0x0000000088400000|100%| E|CS|TAMS 0x0000000088300000| PB 0x0000000088300000| Complete 
| 132|0x0000000088400000, 0x0000000088500000, 0x0000000088500000|100%| E|CS|TAMS 0x0000000088400000| PB 0x0000000088400000| Complete 
| 133|0x0000000088500000, 0x0000000088600000, 0x0000000088600000|100%| E|CS|TAMS 0x0000000088500000| PB 0x0000000088500000| Complete 
| 134|0x0000000088600000, 0x0000000088700000, 0x0000000088700000|100%| E|CS|TAMS 0x0000000088600000| PB 0x0000000088600000| Complete 
| 135|0x0000000088700000, 0x0000000088800000, 0x0000000088800000|100%| E|CS|TAMS 0x0000000088700000| PB 0x0000000088700000| Complete 
| 136|0x0000000088800000, 0x0000000088900000, 0x0000000088900000|100%| E|CS|TAMS 0x0000000088800000| PB 0x0000000088800000| Complete 
| 137|0x0000000088900000, 0x0000000088a00000, 0x0000000088a00000|100%| E|CS|TAMS 0x0000000088900000| PB 0x0000000088900000| Complete 
| 138|0x0000000088a00000, 0x0000000088b00000, 0x0000000088b00000|100%| E|CS|TAMS 0x0000000088a00000| PB 0x0000000088a00000| Complete 
| 139|0x0000000088b00000, 0x0000000088c00000, 0x0000000088c00000|100%| E|CS|TAMS 0x0000000088b00000| PB 0x0000000088b00000| Complete 
| 140|0x0000000088c00000, 0x0000000088d00000, 0x0000000088d00000|100%| E|CS|TAMS 0x0000000088c00000| PB 0x0000000088c00000| Complete 
| 141|0x0000000088d00000, 0x0000000088e00000, 0x0000000088e00000|100%| E|CS|TAMS 0x0000000088d00000| PB 0x0000000088d00000| Complete 
| 142|0x0000000088e00000, 0x0000000088f00000, 0x0000000088f00000|100%| E|CS|TAMS 0x0000000088e00000| PB 0x0000000088e00000| Complete 
| 143|0x0000000088f00000, 0x0000000089000000, 0x0000000089000000|100%| E|CS|TAMS 0x0000000088f00000| PB 0x0000000088f00000| Complete 
| 144|0x0000000089000000, 0x0000000089100000, 0x0000000089100000|100%| E|CS|TAMS 0x0000000089000000| PB 0x0000000089000000| Complete 
| 145|0x0000000089100000, 0x0000000089200000, 0x0000000089200000|100%| E|CS|TAMS 0x0000000089100000| PB 0x0000000089100000| Complete 
| 146|0x0000000089200000, 0x0000000089300000, 0x0000000089300000|100%| E|CS|TAMS 0x0000000089200000| PB 0x0000000089200000| Complete 
| 147|0x0000000089300000, 0x0000000089400000, 0x0000000089400000|100%| E|CS|TAMS 0x0000000089300000| PB 0x0000000089300000| Complete 
| 148|0x0000000089400000, 0x0000000089500000, 0x0000000089500000|100%| E|CS|TAMS 0x0000000089400000| PB 0x0000000089400000| Complete 
| 149|0x0000000089500000, 0x0000000089600000, 0x0000000089600000|100%| E|CS|TAMS 0x0000000089500000| PB 0x0000000089500000| Complete 
| 150|0x0000000089600000, 0x0000000089700000, 0x0000000089700000|100%| E|CS|TAMS 0x0000000089600000| PB 0x0000000089600000| Complete 
| 151|0x0000000089700000, 0x0000000089800000, 0x0000000089800000|100%| E|CS|TAMS 0x0000000089700000| PB 0x0000000089700000| Complete 
| 152|0x0000000089800000, 0x0000000089900000, 0x0000000089900000|100%| E|CS|TAMS 0x0000000089800000| PB 0x0000000089800000| Complete 
| 153|0x0000000089900000, 0x0000000089a00000, 0x0000000089a00000|100%| E|CS|TAMS 0x0000000089900000| PB 0x0000000089900000| Complete 
| 154|0x0000000089a00000, 0x0000000089b00000, 0x0000000089b00000|100%| E|CS|TAMS 0x0000000089a00000| PB 0x0000000089a00000| Complete 
| 155|0x0000000089b00000, 0x0000000089c00000, 0x0000000089c00000|100%| E|CS|TAMS 0x0000000089b00000| PB 0x0000000089b00000| Complete 
| 156|0x0000000089c00000, 0x0000000089d00000, 0x0000000089d00000|100%| E|CS|TAMS 0x0000000089c00000| PB 0x0000000089c00000| Complete 
| 157|0x0000000089d00000, 0x0000000089e00000, 0x0000000089e00000|100%| E|CS|TAMS 0x0000000089d00000| PB 0x0000000089d00000| Complete 
| 158|0x0000000089e00000, 0x0000000089f00000, 0x0000000089f00000|100%| E|CS|TAMS 0x0000000089e00000| PB 0x0000000089e00000| Complete 
| 159|0x0000000089f00000, 0x000000008a000000, 0x000000008a000000|100%| E|CS|TAMS 0x0000000089f00000| PB 0x0000000089f00000| Complete 
| 160|0x000000008a000000, 0x000000008a100000, 0x000000008a100000|100%| E|CS|TAMS 0x000000008a000000| PB 0x000000008a000000| Complete 
| 161|0x000000008a100000, 0x000000008a200000, 0x000000008a200000|100%| E|CS|TAMS 0x000000008a100000| PB 0x000000008a100000| Complete 
| 162|0x000000008a200000, 0x000000008a300000, 0x000000008a300000|100%| E|CS|TAMS 0x000000008a200000| PB 0x000000008a200000| Complete 
| 163|0x000000008a300000, 0x000000008a400000, 0x000000008a400000|100%| E|CS|TAMS 0x000000008a300000| PB 0x000000008a300000| Complete 
| 164|0x000000008a400000, 0x000000008a500000, 0x000000008a500000|100%| E|CS|TAMS 0x000000008a400000| PB 0x000000008a400000| Complete 
| 165|0x000000008a500000, 0x000000008a600000, 0x000000008a600000|100%| E|CS|TAMS 0x000000008a500000| PB 0x000000008a500000| Complete 
| 166|0x000000008a600000, 0x000000008a700000, 0x000000008a700000|100%| E|CS|TAMS 0x000000008a600000| PB 0x000000008a600000| Complete 
| 167|0x000000008a700000, 0x000000008a800000, 0x000000008a800000|100%| E|CS|TAMS 0x000000008a700000| PB 0x000000008a700000| Complete 
| 168|0x000000008a800000, 0x000000008a900000, 0x000000008a900000|100%| E|CS|TAMS 0x000000008a800000| PB 0x000000008a800000| Complete 
| 169|0x000000008a900000, 0x000000008aa00000, 0x000000008aa00000|100%| E|CS|TAMS 0x000000008a900000| PB 0x000000008a900000| Complete 
| 170|0x000000008aa00000, 0x000000008ab00000, 0x000000008ab00000|100%| E|CS|TAMS 0x000000008aa00000| PB 0x000000008aa00000| Complete 
| 171|0x000000008ab00000, 0x000000008ac00000, 0x000000008ac00000|100%| S|  |TAMS 0x000000008ab00000| PB 0x000000008ab00000| Complete 
|2037|0x00000000ff500000, 0x00000000ff600000, 0x00000000ff600000|100%| O|  |TAMS 0x00000000ff500000| PB 0x00000000ff500000| Untracked 
|2038|0x00000000ff600000, 0x00000000ff700000, 0x00000000ff700000|100%| O|  |TAMS 0x00000000ff600000| PB 0x00000000ff600000| Untracked 
|2039|0x00000000ff700000, 0x00000000ff800000, 0x00000000ff800000|100%| O|  |TAMS 0x00000000ff700000| PB 0x00000000ff700000| Untracked 
|2040|0x00000000ff800000, 0x00000000ff900000, 0x00000000ff900000|100%| E|CS|TAMS 0x00000000ff800000| PB 0x00000000ff800000| Complete 
|2041|0x00000000ff900000, 0x00000000ffa00000, 0x00000000ffa00000|100%| E|CS|TAMS 0x00000000ff900000| PB 0x00000000ff900000| Complete 
|2042|0x00000000ffa00000, 0x00000000ffb00000, 0x00000000ffb00000|100%| O|CS|TAMS 0x00000000ffa00000| PB 0x00000000ffa00000| Complete 
|2043|0x00000000ffb00000, 0x00000000ffc00000, 0x00000000ffc00000|100%| O|  |TAMS 0x00000000ffb00000| PB 0x00000000ffb00000| Untracked 
|2044|0x00000000ffc00000, 0x00000000ffd00000, 0x00000000ffd00000|100%| O|CS|TAMS 0x00000000ffc00000| PB 0x00000000ffc00000| Complete 
|2045|0x00000000ffd00000, 0x00000000ffe00000, 0x00000000ffe00000|100%| O|  |TAMS 0x00000000ffd00000| PB 0x00000000ffd00000| Untracked 
|2046|0x00000000ffe00000, 0x00000000fff00000, 0x00000000fff00000|100%| O|CS|TAMS 0x00000000ffe00000| PB 0x00000000ffe00000| Complete 
|2047|0x00000000fff00000, 0x0000000100000000, 0x0000000100000000|100%| E|CS|TAMS 0x00000000fff00000| PB 0x00000000fff00000| Complete 

Card table byte_map: [0x000001ff6c230000,0x000001ff6c630000] _byte_map_base: 0x000001ff6be30000

Marking Bits: (CMBitMap*) 0x000001ff59736d00
 Bits: [0x000001ff6c630000, 0x000001ff6e630000)

Polling page: 0x000001ff57570000

Metaspace:

Usage:
  Non-class:     85.02 MB used.
      Class:     13.81 MB used.
       Both:     98.83 MB used.

Virtual space:
  Non-class space:      128.00 MB reserved,      86.19 MB ( 67%) committed,  2 nodes.
      Class space:        1.00 GB reserved,      14.88 MB (  1%) committed,  1 nodes.
             Both:        1.12 GB reserved,     101.06 MB (  9%) committed. 

Chunk freelists:
   Non-Class:  9.58 MB
       Class:  1.16 MB
        Both:  10.74 MB

MaxMetaspaceSize: unlimited
CompressedClassSpaceSize: 1.00 GB
Initial GC threshold: 21.00 MB
Current GC threshold: 158.38 MB
CDS: on
 - commit_granule_bytes: 65536.
 - commit_granule_words: 8192.
 - virtual_space_node_default_size: 8388608.
 - enlarge_chunks_in_place: 1.
 - use_allocation_guard: 0.


Internal statistics:

num_allocs_failed_limit: 6.
num_arena_births: 3942.
num_arena_deaths: 0.
num_vsnodes_births: 3.
num_vsnodes_deaths: 0.
num_space_committed: 1615.
num_space_uncommitted: 0.
num_chunks_returned_to_freelist: 6.
num_chunks_taken_from_freelist: 8478.
num_chunk_merges: 3.
num_chunk_splits: 5654.
num_chunks_enlarged: 3644.
num_inconsistent_stats: 0.

CodeHeap 'non-profiled nmethods': size=120000Kb used=5981Kb max_used=5981Kb free=114018Kb
 bounds [0x000001ff643b0000, 0x000001ff64990000, 0x000001ff6b8e0000]
CodeHeap 'profiled nmethods': size=120000Kb used=19751Kb max_used=20054Kb free=100248Kb
 bounds [0x000001ff5c8e0000, 0x000001ff5dc80000, 0x000001ff63e10000]
CodeHeap 'non-nmethods': size=5760Kb used=2737Kb max_used=2761Kb free=3023Kb
 bounds [0x000001ff63e10000, 0x000001ff640d0000, 0x000001ff643b0000]
CodeCache: size=245760Kb, used=28469Kb, max_used=28796Kb, free=217289Kb
 total_blobs=11667, nmethods=10668, adapters=903, full_count=0
Compilation: enabled, stopped_count=0, restarted_count=0

Compilation events (20 events):
Event: 43.807 Thread 0x000001ff712b9f50 12624       3       java.lang.String::indexOf (64 bytes)
Event: 43.808 Thread 0x000001ff712b9f50 nmethod 12624 0x000001ff5d025390 code [0x000001ff5d0255a0, 0x000001ff5d025a50]
Event: 43.817 Thread 0x000001ff712b5380 nmethod 12598 0x000001ff64981090 code [0x000001ff64981360, 0x000001ff64982330]
Event: 43.818 Thread 0x000001ff712b5380 12597       4       java.util.ArrayList::hashCodeRange (68 bytes)
Event: 43.820 Thread 0x000001ff712b5380 nmethod 12597 0x000001ff64983210 code [0x000001ff649833a0, 0x000001ff649835a0]
Event: 43.821 Thread 0x000001ff712b5380 12602       4       java.util.zip.ZipUtils::get16 (21 bytes)
Event: 43.821 Thread 0x000001ff712b5380 nmethod 12602 0x000001ff64983710 code [0x000001ff649838a0, 0x000001ff64983980]
Event: 43.821 Thread 0x000001ff712b5380 12529       4       org.jetbrains.kotlin.com.intellij.openapi.vfs.impl.ArchiveHandler::split (49 bytes)
Event: 43.841 Thread 0x000001ff712b5380 nmethod 12529 0x000001ff64983a90 code [0x000001ff64983cc0, 0x000001ff64984a58]
Event: 43.841 Thread 0x000001ff712b5380 12625       4       java.lang.String::substring (58 bytes)
Event: 43.848 Thread 0x000001ff712b5380 nmethod 12625 0x000001ff64985110 code [0x000001ff649852e0, 0x000001ff649859f0]
Event: 43.849 Thread 0x000001ff712b5380 12626       4       java.lang.StringLatin1::newString (24 bytes)
Event: 43.854 Thread 0x000001ff712b5380 nmethod 12626 0x000001ff64985d10 code [0x000001ff64985ec0, 0x000001ff649864a0]
Event: 43.855 Thread 0x000001ff712b5380 12523       4       java.util.zip.ZipFile$ZipEntryIterator::nextElement (5 bytes)
Event: 43.859 Thread 0x000001ff712b5380 nmethod 12523 0x000001ff64986710 code [0x000001ff649868e0, 0x000001ff64986db0]
Event: 43.859 Thread 0x000001ff712b5380 12526       4       org.jetbrains.kotlin.com.intellij.openapi.vfs.impl.ArchiveHandler::processEntry (225 bytes)
Event: 43.896 Thread 0x000001ff712b9f50 12631       1       org.jetbrains.kotlin.com.intellij.util.containers.LinkedCustomHashMap$Entry::access$100 (5 bytes)
Event: 43.896 Thread 0x000001ff712b9f50 nmethod 12631 0x000001ff64987090 code [0x000001ff64987220, 0x000001ff649872d0]
Event: 43.896 Thread 0x000001ff712b9f50 12632       1       org.jetbrains.kotlin.com.intellij.util.containers.LinkedCustomHashMap$Entry::access$000 (5 bytes)
Event: 43.896 Thread 0x000001ff712b9f50 nmethod 12632 0x000001ff64987390 code [0x000001ff64987520, 0x000001ff649875d0]

GC Heap History (20 events):
Event: 22.742 GC heap after
{Heap after GC invocations=30 (full 0):
 garbage-first heap   total 130048K, used 80620K [0x0000000080000000, 0x0000000100000000)
  region size 1024K, 3 young (3072K), 3 survivors (3072K)
 Metaspace       used 67336K, committed 69312K, reserved 1114112K
  class space    used 9380K, committed 10368K, reserved 1048576K
}
Event: 23.642 GC heap before
{Heap before GC invocations=30 (full 0):
 garbage-first heap   total 130048K, used 122604K [0x0000000080000000, 0x0000000100000000)
  region size 1024K, 40 young (40960K), 3 survivors (3072K)
 Metaspace       used 69964K, committed 72000K, reserved 1114112K
  class space    used 9823K, committed 10816K, reserved 1048576K
}
Event: 23.648 GC heap after
{Heap after GC invocations=31 (full 0):
 garbage-first heap   total 132096K, used 88064K [0x0000000080000000, 0x0000000100000000)
  region size 1024K, 5 young (5120K), 5 survivors (5120K)
 Metaspace       used 69964K, committed 72000K, reserved 1114112K
  class space    used 9823K, committed 10816K, reserved 1048576K
}
Event: 23.683 GC heap before
{Heap before GC invocations=31 (full 0):
 garbage-first heap   total 132096K, used 92160K [0x0000000080000000, 0x0000000100000000)
  region size 1024K, 10 young (10240K), 5 survivors (5120K)
 Metaspace       used 69972K, committed 72000K, reserved 1114112K
  class space    used 9823K, committed 10816K, reserved 1048576K
}
Event: 23.687 GC heap after
{Heap after GC invocations=32 (full 0):
 garbage-first heap   total 132096K, used 86573K [0x0000000080000000, 0x0000000100000000)
  region size 1024K, 2 young (2048K), 2 survivors (2048K)
 Metaspace       used 69972K, committed 72000K, reserved 1114112K
  class space    used 9823K, committed 10816K, reserved 1048576K
}
Event: 24.591 GC heap before
{Heap before GC invocations=33 (full 0):
 garbage-first heap   total 148480K, used 119341K [0x0000000080000000, 0x0000000100000000)
  region size 1024K, 33 young (33792K), 2 survivors (2048K)
 Metaspace       used 72150K, committed 74176K, reserved 1114112K
  class space    used 10130K, committed 11136K, reserved 1048576K
}
Event: 24.596 GC heap after
{Heap after GC invocations=34 (full 0):
 garbage-first heap   total 178176K, used 88835K [0x0000000080000000, 0x0000000100000000)
  region size 1024K, 3 young (3072K), 3 survivors (3072K)
 Metaspace       used 72150K, committed 74176K, reserved 1114112K
  class space    used 10130K, committed 11136K, reserved 1048576K
}
Event: 29.573 GC heap before
{Heap before GC invocations=34 (full 0):
 garbage-first heap   total 178176K, used 161539K [0x0000000080000000, 0x0000000100000000)
  region size 1024K, 71 young (72704K), 3 survivors (3072K)
 Metaspace       used 78343K, committed 80448K, reserved 1179648K
  class space    used 10931K, committed 11968K, reserved 1048576K
}
Event: 29.580 GC heap after
{Heap after GC invocations=35 (full 0):
 garbage-first heap   total 178176K, used 94631K [0x0000000080000000, 0x0000000100000000)
  region size 1024K, 6 young (6144K), 6 survivors (6144K)
 Metaspace       used 78343K, committed 80448K, reserved 1179648K
  class space    used 10931K, committed 11968K, reserved 1048576K
}
Event: 31.074 GC heap before
{Heap before GC invocations=35 (full 0):
 garbage-first heap   total 178176K, used 150951K [0x0000000080000000, 0x0000000100000000)
  region size 1024K, 63 young (64512K), 6 survivors (6144K)
 Metaspace       used 81953K, committed 84096K, reserved 1179648K
  class space    used 11465K, committed 12544K, reserved 1048576K
}
Event: 31.082 GC heap after
{Heap after GC invocations=36 (full 0):
 garbage-first heap   total 178176K, used 98714K [0x0000000080000000, 0x0000000100000000)
  region size 1024K, 9 young (9216K), 9 survivors (9216K)
 Metaspace       used 81953K, committed 84096K, reserved 1179648K
  class space    used 11465K, committed 12544K, reserved 1048576K
}
Event: 32.922 GC heap before
{Heap before GC invocations=37 (full 0):
 garbage-first heap   total 178176K, used 169370K [0x0000000080000000, 0x0000000100000000)
  region size 1024K, 70 young (71680K), 9 survivors (9216K)
 Metaspace       used 89044K, committed 91200K, reserved 1179648K
  class space    used 12681K, committed 13760K, reserved 1048576K
}
Event: 32.929 GC heap after
{Heap after GC invocations=38 (full 0):
 garbage-first heap   total 181248K, used 100752K [0x0000000080000000, 0x0000000100000000)
  region size 1024K, 6 young (6144K), 6 survivors (6144K)
 Metaspace       used 89044K, committed 91200K, reserved 1179648K
  class space    used 12681K, committed 13760K, reserved 1048576K
}
Event: 34.109 GC heap before
{Heap before GC invocations=38 (full 0):
 garbage-first heap   total 181248K, used 165264K [0x0000000080000000, 0x0000000100000000)
  region size 1024K, 70 young (71680K), 6 survivors (6144K)
 Metaspace       used 89702K, committed 91904K, reserved 1179648K
  class space    used 12731K, committed 13824K, reserved 1048576K
}
Event: 34.116 GC heap after
{Heap after GC invocations=39 (full 0):
 garbage-first heap   total 181248K, used 99191K [0x0000000080000000, 0x0000000100000000)
  region size 1024K, 2 young (2048K), 2 survivors (2048K)
 Metaspace       used 89702K, committed 91904K, reserved 1179648K
  class space    used 12731K, committed 13824K, reserved 1048576K
}
Event: 41.780 GC heap before
{Heap before GC invocations=39 (full 0):
 garbage-first heap   total 181248K, used 167799K [0x0000000080000000, 0x0000000100000000)
  region size 1024K, 69 young (70656K), 2 survivors (2048K)
 Metaspace       used 94807K, committed 97088K, reserved 1179648K
  class space    used 13365K, committed 14464K, reserved 1048576K
}
Event: 41.785 GC heap after
{Heap after GC invocations=40 (full 0):
 garbage-first heap   total 181248K, used 103238K [0x0000000080000000, 0x0000000100000000)
  region size 1024K, 6 young (6144K), 6 survivors (6144K)
 Metaspace       used 94807K, committed 97088K, reserved 1179648K
  class space    used 13365K, committed 14464K, reserved 1048576K
}
Event: 43.345 GC heap before
{Heap before GC invocations=41 (full 0):
 garbage-first heap   total 181248K, used 173894K [0x0000000080000000, 0x0000000100000000)
  region size 1024K, 69 young (70656K), 6 survivors (6144K)
 Metaspace       used 101075K, committed 103360K, reserved 1179648K
  class space    used 14138K, committed 15232K, reserved 1048576K
}
Event: 43.355 GC heap after
{Heap after GC invocations=42 (full 0):
 garbage-first heap   total 186368K, used 115649K [0x0000000080000000, 0x0000000100000000)
  region size 1024K, 9 young (9216K), 9 survivors (9216K)
 Metaspace       used 101075K, committed 103360K, reserved 1179648K
  class space    used 14138K, committed 15232K, reserved 1048576K
}
Event: 43.913 GC heap before
{Heap before GC invocations=42 (full 0):
 garbage-first heap   total 186368K, used 174017K [0x0000000080000000, 0x0000000100000000)
  region size 1024K, 65 young (66560K), 9 survivors (9216K)
 Metaspace       used 101201K, committed 103488K, reserved 1179648K
  class space    used 14143K, committed 15232K, reserved 1048576K
}

Dll operation events (14 events):
Event: 0.148 Loaded shared library C:\Users\NAVNIT KUMAR\.antigravity\extensions\redhat.java-1.51.0-win32-x64\jre\21.0.9-win32-x86_64\bin\java.dll
Event: 0.597 Loaded shared library C:\Users\NAVNIT KUMAR\.antigravity\extensions\redhat.java-1.51.0-win32-x64\jre\21.0.9-win32-x86_64\bin\zip.dll
Event: 0.642 Loaded shared library C:\Users\NAVNIT KUMAR\.antigravity\extensions\redhat.java-1.51.0-win32-x64\jre\21.0.9-win32-x86_64\bin\instrument.dll
Event: 0.663 Loaded shared library C:\Users\NAVNIT KUMAR\.antigravity\extensions\redhat.java-1.51.0-win32-x64\jre\21.0.9-win32-x86_64\bin\net.dll
Event: 0.676 Loaded shared library C:\Users\NAVNIT KUMAR\.antigravity\extensions\redhat.java-1.51.0-win32-x64\jre\21.0.9-win32-x86_64\bin\nio.dll
Event: 0.682 Loaded shared library C:\Users\NAVNIT KUMAR\.antigravity\extensions\redhat.java-1.51.0-win32-x64\jre\21.0.9-win32-x86_64\bin\zip.dll
Event: 1.697 Loaded shared library C:\Users\NAVNIT KUMAR\.antigravity\extensions\redhat.java-1.51.0-win32-x64\jre\21.0.9-win32-x86_64\bin\jimage.dll
Event: 2.249 Loaded shared library C:\Users\NAVNIT KUMAR\.antigravity\extensions\redhat.java-1.51.0-win32-x64\jre\21.0.9-win32-x86_64\bin\verify.dll
Event: 2.459 Loaded shared library C:\Users\NAVNIT KUMAR\.gradle\native\1def1411415f61bf3af743bc5b6707747c0891f09f0c88961ee8f79bc544acac\windows-amd64\native-platform.dll
Event: 2.500 Loaded shared library C:\Users\NAVNIT KUMAR\.gradle\native\0.2.7\x86_64-windows-gnu\gradle-fileevents.dll
Event: 4.757 Loaded shared library C:\Users\NAVNIT KUMAR\.antigravity\extensions\redhat.java-1.51.0-win32-x64\jre\21.0.9-win32-x86_64\bin\management.dll
Event: 4.766 Loaded shared library C:\Users\NAVNIT KUMAR\.antigravity\extensions\redhat.java-1.51.0-win32-x64\jre\21.0.9-win32-x86_64\bin\management_ext.dll
Event: 5.082 Loaded shared library C:\Users\NAVNIT KUMAR\.antigravity\extensions\redhat.java-1.51.0-win32-x64\jre\21.0.9-win32-x86_64\bin\extnet.dll
Event: 5.694 Loaded shared library C:\Users\NAVNIT KUMAR\.antigravity\extensions\redhat.java-1.51.0-win32-x64\jre\21.0.9-win32-x86_64\bin\sunmscapi.dll

Deoptimization events (20 events):
Event: 43.630 Thread 0x000001ff76f1eeb0 DEOPT PACKING pc=0x000001ff649755f4 sp=0x000000b58f5f4ed0
Event: 43.630 Thread 0x000001ff76f1eeb0 DEOPT UNPACKING pc=0x000001ff63e64422 sp=0x000000b58f5f4e80 mode 2
Event: 43.686 Thread 0x000001ff76f1eeb0 Uncommon trap: trap_request=0xffffff45 fr.pc=0x000001ff64977b90 relative=0x0000000000000730
Event: 43.686 Thread 0x000001ff76f1eeb0 Uncommon trap: reason=unstable_if action=reinterpret pc=0x000001ff64977b90 method=org.jetbrains.kotlin.com.intellij.openapi.vfs.impl.ZipEntryMap.isTheOne(Lorg/jetbrains/kotlin/com/intellij/openapi/vfs/impl/ArchiveHandler$EntryInfo;Ljava/lang/CharSequence;
Event: 43.686 Thread 0x000001ff76f1eeb0 DEOPT PACKING pc=0x000001ff64977b90 sp=0x000000b58f5f4f90
Event: 43.686 Thread 0x000001ff76f1eeb0 DEOPT UNPACKING pc=0x000001ff63e64422 sp=0x000000b58f5f4ed8 mode 2
Event: 43.805 Thread 0x000001ff76f1eeb0 Uncommon trap: trap_request=0xffffff45 fr.pc=0x000001ff644df948 relative=0x0000000000000208
Event: 43.805 Thread 0x000001ff76f1eeb0 Uncommon trap: reason=unstable_if action=reinterpret pc=0x000001ff644df948 method=java.lang.String.startsWith(Ljava/lang/String;I)Z @ 50 c2
Event: 43.805 Thread 0x000001ff76f1eeb0 DEOPT PACKING pc=0x000001ff644df948 sp=0x000000b58f5f50f0
Event: 43.805 Thread 0x000001ff76f1eeb0 DEOPT UNPACKING pc=0x000001ff63e64422 sp=0x000000b58f5f5078 mode 2
Event: 43.805 Thread 0x000001ff76f1eeb0 Uncommon trap: trap_request=0xffffff45 fr.pc=0x000001ff6474f2fc relative=0x00000000000001dc
Event: 43.805 Thread 0x000001ff76f1eeb0 Uncommon trap: reason=unstable_if action=reinterpret pc=0x000001ff6474f2fc method=java.lang.String.indexOf(Ljava/lang/String;)I @ 10 c2
Event: 43.805 Thread 0x000001ff76f1eeb0 DEOPT PACKING pc=0x000001ff6474f2fc sp=0x000000b58f5f5010
Event: 43.805 Thread 0x000001ff76f1eeb0 DEOPT UNPACKING pc=0x000001ff63e64422 sp=0x000000b58f5f4fa0 mode 2
Event: 43.805 Thread 0x000001ff76f1eeb0 Uncommon trap: trap_request=0xffffff45 fr.pc=0x000001ff6444909c relative=0x00000000000005bc
Event: 43.805 Thread 0x000001ff76f1eeb0 Uncommon trap: reason=unstable_if action=reinterpret pc=0x000001ff6444909c method=java.lang.String.substring(II)Ljava/lang/String; @ 31 c2
Event: 43.805 Thread 0x000001ff76f1eeb0 DEOPT PACKING pc=0x000001ff6444909c sp=0x000000b58f5f4f30
Event: 43.805 Thread 0x000001ff76f1eeb0 DEOPT UNPACKING pc=0x000001ff63e64422 sp=0x000000b58f5f4ee8 mode 2
Event: 43.823 Thread 0x000001ff76cb9a90 DEOPT PACKING pc=0x000001ff5dbf341c sp=0x000000b58efff170
Event: 43.823 Thread 0x000001ff76cb9a90 DEOPT UNPACKING pc=0x000001ff63e64bc2 sp=0x000000b58effe630 mode 0

Classes loaded (20 events):
Event: 42.481 Loading class java/io/UTFDataFormatException
Event: 42.481 Loading class java/io/UTFDataFormatException done
Event: 42.519 Loading class java/nio/channels/NonWritableChannelException
Event: 42.519 Loading class java/nio/channels/NonWritableChannelException done
Event: 42.747 Loading class java/nio/charset/IllegalCharsetNameException
Event: 42.748 Loading class java/nio/charset/IllegalCharsetNameException done
Event: 42.748 Loading class sun/nio/cs/UTF_32BE
Event: 42.749 Loading class sun/nio/cs/UTF_32BE done
Event: 42.750 Loading class sun/nio/cs/UTF_32LE
Event: 42.750 Loading class sun/nio/cs/UTF_32LE done
Event: 42.750 Loading class sun/nio/cs/MS1251
Event: 42.751 Loading class sun/nio/cs/MS1251 done
Event: 43.125 Loading class java/beans/PropertyChangeSupport
Event: 43.126 Loading class java/beans/PropertyChangeSupport done
Event: 43.126 Loading class java/beans/PropertyChangeSupport$PropertyChangeListenerMap
Event: 43.127 Loading class java/beans/ChangeListenerMap
Event: 43.127 Loading class java/beans/ChangeListenerMap done
Event: 43.127 Loading class java/beans/PropertyChangeSupport$PropertyChangeListenerMap done
Event: 43.203 Loading class java/util/zip/ZipFile$ZipEntryIterator
Event: 43.203 Loading class java/util/zip/ZipFile$ZipEntryIterator done

Classes unloaded (0 events):
No events

Classes redefined (0 events):
No events

Internal exceptions (20 events):
Event: 41.010 Thread 0x000001ff76f1eeb0 Exception <a 'sun/nio/fs/WindowsException'{0x00000000882c9a78}> (0x00000000882c9a78) 
thrown [s\src\hotspot\share\prims\jni.cpp, line 520]
Event: 41.189 Thread 0x000001ff76f1eeb0 Exception <a 'sun/nio/fs/WindowsException'{0x0000000087b2bc98}> (0x0000000087b2bc98) 
thrown [s\src\hotspot\share\prims\jni.cpp, line 520]
Event: 41.295 Thread 0x000001ff76f1eeb0 Exception <a 'java/lang/NoSuchMethodError'{0x00000000878f9948}: 'long java.lang.invoke.DirectMethodHandle$Holder.invokeStatic(java.lang.Object)'> (0x00000000878f9948) 
thrown [s\src\hotspot\share\interpreter\linkResolver.cpp, line 773]
Event: 41.295 Thread 0x000001ff76f1eeb0 Exception <a 'java/lang/NoSuchMethodError'{0x00000000878fe228}: 'long java.lang.invoke.DirectMethodHandle$Holder.invokeStaticInit(java.lang.Object)'> (0x00000000878fe228) 
thrown [s\src\hotspot\share\interpreter\linkResolver.cpp, line 773]
Event: 41.410 Thread 0x000001ff76f1eeb0 Exception <a 'java/lang/NoSuchMethodError'{0x00000000874ff400}: 'void java.lang.invoke.DirectMethodHandle$Holder.invokeStaticInit(java.lang.Object)'> (0x00000000874ff400) 
thrown [s\src\hotspot\share\interpreter\linkResolver.cpp, line 773]
Event: 41.422 Thread 0x000001ff76f1eeb0 Exception <a 'java/lang/NoSuchMethodError'{0x0000000087382fa8}: 'void java.lang.invoke.DelegatingMethodHandle$Holder.reinvoke_L(java.lang.Object, java.lang.Object, java.lang.Object, long, java.lang.Object)'> (0x0000000087382fa8) 
thrown [s\src\hotspot\share\interpreter\linkResolver.cpp, line 773]
Event: 41.423 Thread 0x000001ff76f1eeb0 Exception <a 'java/lang/NoSuchMethodError'{0x000000008738b168}: 'java.lang.Object java.lang.invoke.DirectMethodHandle$Holder.invokeSpecial(java.lang.Object, java.lang.Object, java.lang.Object, java.lang.Object, long)'> (0x000000008738b168) 
thrown [s\src\hotspot\share\interpreter\linkResolver.cpp, line 773]
Event: 41.425 Thread 0x000001ff76f1eeb0 Exception <a 'java/lang/NoSuchMethodError'{0x000000008739ad88}: 'int java.lang.invoke.DelegatingMethodHandle$Holder.reinvoke_L(java.lang.Object, java.lang.Object, java.lang.Object, long, java.lang.Object, java.lang.Object)'> (0x000000008739ad88) 
thrown [s\src\hotspot\share\interpreter\linkResolver.cpp, line 773]
Event: 41.426 Thread 0x000001ff76f1eeb0 Exception <a 'java/lang/NoSuchMethodError'{0x00000000873aa2b8}: 'int java.lang.invoke.DelegatingMethodHandle$Holder.reinvoke_L(java.lang.Object, java.lang.Object, java.lang.Object, long, int, int)'> (0x00000000873aa2b8) 
thrown [s\src\hotspot\share\interpreter\linkResolver.cpp, line 773]
Event: 41.427 Thread 0x000001ff76f1eeb0 Exception <a 'java/lang/NoSuchMethodError'{0x00000000873b9598}: 'int java.lang.invoke.DelegatingMethodHandle$Holder.reinvoke_L(java.lang.Object, java.lang.Object, java.lang.Object, long, long, long)'> (0x00000000873b9598) 
thrown [s\src\hotspot\share\interpreter\linkResolver.cpp, line 773]
Event: 41.428 Thread 0x000001ff76f1eeb0 Exception <a 'java/lang/NoSuchMethodError'{0x00000000873c8528}: 'int java.lang.invoke.DelegatingMethodHandle$Holder.reinvoke_L(java.lang.Object, java.lang.Object, java.lang.Object, long, int)'> (0x00000000873c8528) 
thrown [s\src\hotspot\share\interpreter\linkResolver.cpp, line 773]
Event: 41.429 Thread 0x000001ff76f1eeb0 Exception <a 'java/lang/NoSuchMethodError'{0x00000000873de250}: 'void java.lang.invoke.DelegatingMethodHandle$Holder.reinvoke_L(java.lang.Object, java.lang.Object, java.lang.Object, long, java.lang.Object, long, long)'> (0x00000000873de250) 
thrown [s\src\hotspot\share\interpreter\linkResolver.cpp, line 773]
Event: 41.430 Thread 0x000001ff76f1eeb0 Exception <a 'java/lang/NoSuchMethodError'{0x00000000873e60d8}: 'long java.lang.invoke.Invokers$Holder.invokeExact_MT(java.lang.Object, java.lang.Object, java.lang.Object)'> (0x00000000873e60d8) 
thrown [s\src\hotspot\share\interpreter\linkResolver.cpp, line 773]
Event: 41.431 Thread 0x000001ff76f1eeb0 Exception <a 'java/lang/NoSuchMethodError'{0x00000000873eae70}: 'int java.lang.invoke.Invokers$Holder.invokeExact_MT(java.lang.Object, java.lang.Object, java.lang.Object)'> (0x00000000873eae70) 
thrown [s\src\hotspot\share\interpreter\linkResolver.cpp, line 773]
Event: 42.435 Thread 0x000001ff76f1eeb0 Exception <a 'java/lang/NoSuchMethodError'{0x0000000089544060}: 'java.lang.Object java.lang.invoke.DirectMethodHandle$Holder.invokeStatic(java.lang.Object, java.lang.Object, java.lang.Object, java.lang.Object, int, java.lang.Object)'> (0x0000000089544060) 
thrown [s\src\hotspot\share\interpreter\linkResolver.cpp, line 773]
Event: 42.476 Thread 0x000001ff76f1eeb0 Exception <a 'java/lang/NoSuchMethodError'{0x0000000089441848}: 'long java.lang.invoke.DirectMethodHandle$Holder.invokeStatic(java.lang.Object, java.lang.Object, int)'> (0x0000000089441848) 
thrown [s\src\hotspot\share\interpreter\linkResolver.cpp, line 773]
Event: 42.477 Thread 0x000001ff76f1eeb0 Exception <a 'java/lang/NoSuchMethodError'{0x000000008944dc60}: 'java.lang.Object java.lang.invoke.DelegatingMethodHandle$Holder.reinvoke_L(java.lang.Object, int, long, java.lang.Object, java.lang.Object, int, java.lang.Object)'> (0x000000008944dc60) 
thrown [s\src\hotspot\share\interpreter\linkResolver.cpp, line 773]
Event: 43.039 Thread 0x000001ff76f1eeb0 Exception <a 'java/lang/NoSuchMethodError'{0x000000008822c178}: 'java.lang.Object java.lang.invoke.Invokers$Holder.invokeExact_MT(java.lang.Object, java.lang.Object, long, java.lang.Object)'> (0x000000008822c178) 
thrown [s\src\hotspot\share\interpreter\linkResolver.cpp, line 773]
Event: 43.203 Thread 0x000001ff76f1eeb0 Implicit null exception at 0x000001ff6463ce6b to 0x000001ff6463d9d8
Event: 43.583 Thread 0x000001ff76f1eeb0 Implicit null exception at 0x000001ff64971b69 to 0x000001ff64973cc4

ZGC Phase Switch (0 events):
No events

VM Operations (20 events):
Event: 41.786 Executing VM operation: G1CollectForAllocation (G1 Evacuation Pause) done
Event: 41.840 Executing VM operation: G1PauseRemark
Event: 41.851 Executing VM operation: G1PauseRemark done
Event: 41.872 Executing VM operation: G1PauseCleanup
Event: 41.872 Executing VM operation: G1PauseCleanup done
Event: 42.518 Executing VM operation: HandshakeAllThreads (Deoptimize)
Event: 42.519 Executing VM operation: HandshakeAllThreads (Deoptimize) done
Event: 42.741 Executing VM operation: HandshakeAllThreads (Deoptimize)
Event: 42.741 Executing VM operation: HandshakeAllThreads (Deoptimize) done
Event: 42.944 Executing VM operation: HandshakeAllThreads (Deoptimize)
Event: 42.944 Executing VM operation: HandshakeAllThreads (Deoptimize) done
Event: 42.944 Executing VM operation: Cleanup
Event: 42.944 Executing VM operation: Cleanup done
Event: 43.116 Executing VM operation: HandshakeAllThreads (Deoptimize)
Event: 43.116 Executing VM operation: HandshakeAllThreads (Deoptimize) done
Event: 43.345 Executing VM operation: G1CollectForAllocation (G1 Evacuation Pause)
Event: 43.356 Executing VM operation: G1CollectForAllocation (G1 Evacuation Pause) done
Event: 43.408 Executing VM operation: HandshakeAllThreads (Deoptimize)
Event: 43.408 Executing VM operation: HandshakeAllThreads (Deoptimize) done
Event: 43.913 Executing VM operation: G1CollectForAllocation (G1 Evacuation Pause)

Memory protections (0 events):
No events

Nmethod flushes (20 events):
Event: 41.849 Thread 0x000001ff71283b10 flushing  nmethod 0x000001ff5cbf1210
Event: 41.849 Thread 0x000001ff71283b10 flushing  nmethod 0x000001ff5cd61010
Event: 41.849 Thread 0x000001ff71283b10 flushing  nmethod 0x000001ff5cd67310
Event: 41.849 Thread 0x000001ff71283b10 flushing  nmethod 0x000001ff5ce20710
Event: 41.849 Thread 0x000001ff71283b10 flushing  nmethod 0x000001ff5cf3ce90
Event: 41.849 Thread 0x000001ff71283b10 flushing  nmethod 0x000001ff5d01fb90
Event: 41.849 Thread 0x000001ff71283b10 flushing  nmethod 0x000001ff5d020390
Event: 41.849 Thread 0x000001ff71283b10 flushing  nmethod 0x000001ff5d021610
Event: 41.849 Thread 0x000001ff71283b10 flushing  nmethod 0x000001ff5d0e4210
Event: 41.849 Thread 0x000001ff71283b10 flushing  nmethod 0x000001ff5d1c7410
Event: 41.849 Thread 0x000001ff71283b10 flushing  nmethod 0x000001ff5d25a210
Event: 41.849 Thread 0x000001ff71283b10 flushing  nmethod 0x000001ff5d264710
Event: 41.849 Thread 0x000001ff71283b10 flushing  nmethod 0x000001ff5d264f10
Event: 41.849 Thread 0x000001ff71283b10 flushing  nmethod 0x000001ff5d266690
Event: 41.849 Thread 0x000001ff71283b10 flushing  nmethod 0x000001ff5d26b690
Event: 41.849 Thread 0x000001ff71283b10 flushing  nmethod 0x000001ff5d26db10
Event: 41.849 Thread 0x000001ff71283b10 flushing  nmethod 0x000001ff5d370f10
Event: 41.849 Thread 0x000001ff71283b10 flushing  nmethod 0x000001ff5d5ce810
Event: 41.849 Thread 0x000001ff71283b10 flushing  nmethod 0x000001ff5d849f90
Event: 41.849 Thread 0x000001ff71283b10 flushing  nmethod 0x000001ff5d94a110

Events (20 events):
Event: 18.177 Thread 0x000001ff76f1eeb0 Thread added: 0x000001ff78be6b70
Event: 23.278 Thread 0x000001ff76f1eeb0 Thread added: 0x000001ff78be8c40
Event: 28.437 Thread 0x000001ff712b9f50 Thread added: 0x000001ff7aba4800
Event: 28.611 Thread 0x000001ff712b9f50 Thread added: 0x000001ff7a6fc470
Event: 28.828 Thread 0x000001ff7aba4800 Thread exited: 0x000001ff7aba4800
Event: 28.829 Thread 0x000001ff7a6fc470 Thread exited: 0x000001ff7a6fc470
Event: 29.194 Thread 0x000001ff76f1eeb0 Thread added: 0x000001ff78be7200
Event: 30.210 Thread 0x000001ff712b5380 Thread added: 0x000001ff7aba4800
Event: 30.362 Thread 0x000001ff712b9f50 Thread added: 0x000001ff7aee7790
Event: 30.591 Thread 0x000001ff7aee7790 Thread exited: 0x000001ff7aee7790
Event: 30.674 Thread 0x000001ff712b9f50 Thread added: 0x000001ff7aee7790
Event: 31.386 Thread 0x000001ff7aee7790 Thread exited: 0x000001ff7aee7790
Event: 31.392 Thread 0x000001ff7aba4800 Thread exited: 0x000001ff7aba4800
Event: 31.681 Thread 0x000001ff76f1eeb0 Thread added: 0x000001ff7a80e800
Event: 32.771 Thread 0x000001ff712b9f50 Thread added: 0x000001ff78910e40
Event: 33.225 Thread 0x000001ff712b9f50 Thread added: 0x000001ff7b5b3970
Event: 33.836 Thread 0x000001ff7b5b3970 Thread exited: 0x000001ff7b5b3970
Event: 34.095 Thread 0x000001ff78910e40 Thread exited: 0x000001ff78910e40
Event: 34.735 Thread 0x000001ff712b5380 Thread added: 0x000001ff7b5b4710
Event: 35.293 Thread 0x000001ff7b5b4710 Thread exited: 0x000001ff7b5b4710


Dynamic libraries:
0x00007ff7ccfa0000 - 0x00007ff7ccfae000 	C:\Users\NAVNIT KUMAR\.antigravity\extensions\redhat.java-1.51.0-win32-x64\jre\21.0.9-win32-x86_64\bin\java.exe
0x00007ff9b9660000 - 0x00007ff9b98c7000 	C:\WINDOWS\SYSTEM32\ntdll.dll
0x00007ff9b8040000 - 0x00007ff9b8109000 	C:\WINDOWS\System32\KERNEL32.DLL
0x00007ff9b67e0000 - 0x00007ff9b6bcf000 	C:\WINDOWS\System32\KERNELBASE.dll
0x00007ff9b7200000 - 0x00007ff9b734b000 	C:\WINDOWS\System32\ucrtbase.dll
0x00007ff97cb80000 - 0x00007ff97cb9e000 	C:\Users\NAVNIT KUMAR\.antigravity\extensions\redhat.java-1.51.0-win32-x64\jre\21.0.9-win32-x86_64\bin\VCRUNTIME140.dll
0x00007ff978a10000 - 0x00007ff978a28000 	C:\Users\NAVNIT KUMAR\.antigravity\extensions\redhat.java-1.51.0-win32-x64\jre\21.0.9-win32-x86_64\bin\jli.dll
0x00007ff9b78b0000 - 0x00007ff9b7a75000 	C:\WINDOWS\System32\USER32.dll
0x00007ff9b67b0000 - 0x00007ff9b67d7000 	C:\WINDOWS\System32\win32u.dll
0x00007ff9b8650000 - 0x00007ff9b867b000 	C:\WINDOWS\System32\GDI32.dll
0x00007ff9b6ea0000 - 0x00007ff9b6fcc000 	C:\WINDOWS\System32\gdi32full.dll
0x00007ff9b6d60000 - 0x00007ff9b6e03000 	C:\WINDOWS\System32\msvcp_win.dll
0x00007ff99d280000 - 0x00007ff99d513000 	C:\WINDOWS\WinSxS\amd64_microsoft.windows.common-controls_6595b64144ccf1df_6.0.26100.7309_none_3e05feeae336a044\COMCTL32.dll
0x00007ff9b8110000 - 0x00007ff9b81b9000 	C:\WINDOWS\System32\msvcrt.dll
0x00007ff9b7400000 - 0x00007ff9b7431000 	C:\WINDOWS\System32\IMM32.DLL
0x00007ff99d0a0000 - 0x00007ff99d0ac000 	C:\Users\NAVNIT KUMAR\.antigravity\extensions\redhat.java-1.51.0-win32-x64\jre\21.0.9-win32-x86_64\bin\vcruntime140_1.dll
0x00007ff953090000 - 0x00007ff95311d000 	C:\Users\NAVNIT KUMAR\.antigravity\extensions\redhat.java-1.51.0-win32-x64\jre\21.0.9-win32-x86_64\bin\msvcp140.dll
0x00007ff8a3320000 - 0x00007ff8a40c0000 	C:\Users\NAVNIT KUMAR\.antigravity\extensions\redhat.java-1.51.0-win32-x64\jre\21.0.9-win32-x86_64\bin\server\jvm.dll
0x00007ff9b7c30000 - 0x00007ff9b7ce4000 	C:\WINDOWS\System32\ADVAPI32.dll
0x00007ff9b7f90000 - 0x00007ff9b8036000 	C:\WINDOWS\System32\sechost.dll
0x00007ff9b9230000 - 0x00007ff9b9348000 	C:\WINDOWS\System32\RPCRT4.dll
0x00007ff9b8ed0000 - 0x00007ff9b8f44000 	C:\WINDOWS\System32\WS2_32.dll
0x00007ff9b6610000 - 0x00007ff9b666e000 	C:\WINDOWS\SYSTEM32\POWRPROF.dll
0x00007ff9ac270000 - 0x00007ff9ac27b000 	C:\WINDOWS\SYSTEM32\VERSION.dll
0x00007ff9a6b70000 - 0x00007ff9a6ba5000 	C:\WINDOWS\SYSTEM32\WINMM.dll
0x00007ff9b65f0000 - 0x00007ff9b6604000 	C:\WINDOWS\SYSTEM32\UMPDC.dll
0x00007ff9b5560000 - 0x00007ff9b557b000 	C:\WINDOWS\SYSTEM32\kernel.appcore.dll
0x00007ff99cf90000 - 0x00007ff99cf9a000 	C:\Users\NAVNIT KUMAR\.antigravity\extensions\redhat.java-1.51.0-win32-x64\jre\21.0.9-win32-x86_64\bin\jimage.dll
0x00007ff9ab410000 - 0x00007ff9ab652000 	C:\WINDOWS\SYSTEM32\DBGHELP.DLL
0x00007ff9b7520000 - 0x00007ff9b78a6000 	C:\WINDOWS\System32\combase.dll
0x00007ff9b7440000 - 0x00007ff9b7516000 	C:\WINDOWS\System32\OLEAUT32.dll
0x00007ff97c7b0000 - 0x00007ff97c7ec000 	C:\WINDOWS\SYSTEM32\dbgcore.DLL
0x00007ff9b7350000 - 0x00007ff9b73f5000 	C:\WINDOWS\System32\bcryptPrimitives.dll
0x00007ff99a470000 - 0x00007ff99a47f000 	C:\Users\NAVNIT KUMAR\.antigravity\extensions\redhat.java-1.51.0-win32-x64\jre\21.0.9-win32-x86_64\bin\instrument.dll
0x00007ff975d30000 - 0x00007ff975d50000 	C:\Users\NAVNIT KUMAR\.antigravity\extensions\redhat.java-1.51.0-win32-x64\jre\21.0.9-win32-x86_64\bin\java.dll
0x00007ff9b86b0000 - 0x00007ff9b8e03000 	C:\WINDOWS\System32\SHELL32.dll
0x00007ff9b6fd0000 - 0x00007ff9b713a000 	C:\WINDOWS\System32\wintypes.dll
0x00007ff9b4380000 - 0x00007ff9b4bde000 	C:\WINDOWS\SYSTEM32\windows.storage.dll
0x00007ff9b7ab0000 - 0x00007ff9b7ba5000 	C:\WINDOWS\System32\SHCORE.dll
0x00007ff9b7bb0000 - 0x00007ff9b7c16000 	C:\WINDOWS\System32\shlwapi.dll
0x00007ff9b66d0000 - 0x00007ff9b66f9000 	C:\WINDOWS\SYSTEM32\profapi.dll
0x00007ff9738d0000 - 0x00007ff9738e8000 	C:\Users\NAVNIT KUMAR\.antigravity\extensions\redhat.java-1.51.0-win32-x64\jre\21.0.9-win32-x86_64\bin\zip.dll
0x00007ff997dd0000 - 0x00007ff997de0000 	C:\Users\NAVNIT KUMAR\.antigravity\extensions\redhat.java-1.51.0-win32-x64\jre\21.0.9-win32-x86_64\bin\net.dll
0x00007ff9af670000 - 0x00007ff9af798000 	C:\WINDOWS\SYSTEM32\WINHTTP.dll
0x00007ff9b5ad0000 - 0x00007ff9b5b3b000 	C:\WINDOWS\system32\mswsock.dll
0x00007ff973860000 - 0x00007ff973876000 	C:\Users\NAVNIT KUMAR\.antigravity\extensions\redhat.java-1.51.0-win32-x64\jre\21.0.9-win32-x86_64\bin\nio.dll
0x00007ff990560000 - 0x00007ff990570000 	C:\Users\NAVNIT KUMAR\.antigravity\extensions\redhat.java-1.51.0-win32-x64\jre\21.0.9-win32-x86_64\bin\verify.dll
0x00007ff965f00000 - 0x00007ff965f27000 	C:\Users\NAVNIT KUMAR\.gradle\native\1def1411415f61bf3af743bc5b6707747c0891f09f0c88961ee8f79bc544acac\windows-amd64\native-platform.dll
0x00007ff9ac460000 - 0x00007ff9ac4d8000 	C:\Users\NAVNIT KUMAR\.gradle\native\0.2.7\x86_64-windows-gnu\gradle-fileevents.dll
0x00007ff98b3e0000 - 0x00007ff98b3ea000 	C:\Users\NAVNIT KUMAR\.antigravity\extensions\redhat.java-1.51.0-win32-x64\jre\21.0.9-win32-x86_64\bin\management.dll
0x00007ff983aa0000 - 0x00007ff983aac000 	C:\Users\NAVNIT KUMAR\.antigravity\extensions\redhat.java-1.51.0-win32-x64\jre\21.0.9-win32-x86_64\bin\management_ext.dll
0x00007ff9b7c20000 - 0x00007ff9b7c28000 	C:\WINDOWS\System32\PSAPI.DLL
0x00007ff9b4fe0000 - 0x00007ff9b5014000 	C:\WINDOWS\SYSTEM32\IPHLPAPI.DLL
0x00007ff9b7d50000 - 0x00007ff9b7d5a000 	C:\WINDOWS\System32\NSI.dll
0x00007ff980570000 - 0x00007ff980579000 	C:\Users\NAVNIT KUMAR\.antigravity\extensions\redhat.java-1.51.0-win32-x64\jre\21.0.9-win32-x86_64\bin\extnet.dll
0x00007ff9b5d90000 - 0x00007ff9b5dab000 	C:\WINDOWS\SYSTEM32\CRYPTSP.dll
0x00007ff9b54c0000 - 0x00007ff9b54fa000 	C:\WINDOWS\system32\rsaenh.dll
0x00007ff9b5b80000 - 0x00007ff9b5bab000 	C:\WINDOWS\SYSTEM32\USERENV.dll
0x00007ff9b66a0000 - 0x00007ff9b66ca000 	C:\WINDOWS\SYSTEM32\bcrypt.dll
0x00007ff9b5db0000 - 0x00007ff9b5dbc000 	C:\WINDOWS\SYSTEM32\CRYPTBASE.dll
0x00007ff980b10000 - 0x00007ff980b1e000 	C:\Users\NAVNIT KUMAR\.antigravity\extensions\redhat.java-1.51.0-win32-x64\jre\21.0.9-win32-x86_64\bin\sunmscapi.dll
0x00007ff9b6be0000 - 0x00007ff9b6d57000 	C:\WINDOWS\System32\CRYPT32.dll
0x00007ff9b5fb0000 - 0x00007ff9b5fe0000 	C:\WINDOWS\SYSTEM32\ncrypt.dll
0x00007ff9b5f60000 - 0x00007ff9b5f9f000 	C:\WINDOWS\SYSTEM32\NTASN1.dll
0x00007ff9aedd0000 - 0x00007ff9aedd8000 	C:\WINDOWS\system32\wshunix.dll

JVMTI agents:
C:\Users\NAVNIT KUMAR\.gradle\wrapper\dists\gradle-8.13-bin\5xuhj0ry160q40clulazy9h7d\gradle-8.13\lib\agents\gradle-instrumentation-agent-8.13.jar path:C:\Users\NAVNIT KUMAR\.antigravity\extensions\redhat.java-1.51.0-win32-x64\jre\21.0.9-win32-x86_64\bin\instrument.dll, loaded, initialized, instrumentlib options:none

dbghelp: loaded successfully - version: 4.0.5 - missing functions: none
symbol engine: initialized successfully - sym options: 0x614 - pdb path: .;C:\Users\NAVNIT KUMAR\.antigravity\extensions\redhat.java-1.51.0-win32-x64\jre\21.0.9-win32-x86_64\bin;C:\WINDOWS\SYSTEM32;C:\WINDOWS\WinSxS\amd64_microsoft.windows.common-controls_6595b64144ccf1df_6.0.26100.7309_none_3e05feeae336a044;C:\Users\NAVNIT KUMAR\.antigravity\extensions\redhat.java-1.51.0-win32-x64\jre\21.0.9-win32-x86_64\bin\server;C:\Users\NAVNIT KUMAR\.gradle\native\1def1411415f61bf3af743bc5b6707747c0891f09f0c88961ee8f79bc544acac\windows-amd64;C:\Users\NAVNIT KUMAR\.gradle\native\0.2.7\x86_64-windows-gnu

VM Arguments:
jvm_args: --add-opens=java.base/java.lang=ALL-UNNAMED --add-opens=java.base/java.lang.invoke=ALL-UNNAMED --add-opens=java.base/java.util=ALL-UNNAMED --add-opens=java.prefs/java.util.prefs=ALL-UNNAMED --add-exports=jdk.compiler/com.sun.tools.javac.api=ALL-UNNAMED --add-exports=jdk.compiler/com.sun.tools.javac.util=ALL-UNNAMED --add-opens=java.base/java.util=ALL-UNNAMED --add-opens=java.prefs/java.util.prefs=ALL-UNNAMED --add-opens=java.base/java.nio.charset=ALL-UNNAMED --add-opens=java.base/java.net=ALL-UNNAMED --add-opens=java.base/java.util.concurrent.atomic=ALL-UNNAMED --add-opens=java.xml/javax.xml.namespace=ALL-UNNAMED -Xmx2048m -Dfile.encoding=UTF-8 -Duser.country=IN -Duser.language=en -Duser.variant -javaagent:C:\Users\NAVNIT KUMAR\.gradle\wrapper\dists\gradle-8.13-bin\5xuhj0ry160q40clulazy9h7d\gradle-8.13\lib\agents\gradle-instrumentation-agent-8.13.jar 
java_command: org.gradle.launcher.daemon.bootstrap.GradleDaemon 8.13
java_class_path (initial): C:\Users\NAVNIT KUMAR\.gradle\wrapper\dists\gradle-8.13-bin\5xuhj0ry160q40clulazy9h7d\gradle-8.13\lib\gradle-daemon-main-8.13.jar
Launcher Type: SUN_STANDARD

[Global flags]
     intx CICompilerCount                          = 4                                         {product} {ergonomic}
     uint ConcGCThreads                            = 3                                         {product} {ergonomic}
     uint G1ConcRefinementThreads                  = 10                                        {product} {ergonomic}
   size_t G1HeapRegionSize                         = 1048576                                   {product} {ergonomic}
    uintx GCDrainStackTargetSize                   = 64                                        {product} {ergonomic}
   size_t InitialHeapSize                          = 123731968                                 {product} {ergonomic}
   size_t MarkStackSize                            = 4194304                                   {product} {ergonomic}
   size_t MaxHeapSize                              = 2147483648                                {product} {command line}
   size_t MaxNewSize                               = 1287651328                                {product} {ergonomic}
   size_t MinHeapDeltaBytes                        = 1048576                                   {product} {ergonomic}
   size_t MinHeapSize                              = 8388608                                   {product} {ergonomic}
    uintx NonNMethodCodeHeapSize                   = 5839372                                {pd product} {ergonomic}
    uintx NonProfiledCodeHeapSize                  = 122909434                              {pd product} {ergonomic}
    uintx ProfiledCodeHeapSize                     = 122909434                              {pd product} {ergonomic}
    uintx ReservedCodeCacheSize                    = 251658240                              {pd product} {ergonomic}
     bool SegmentedCodeCache                       = true                                      {product} {ergonomic}
   size_t SoftMaxHeapSize                          = 2147483648                             {manageable} {ergonomic}
     bool UseCompressedOops                        = true                           {product lp64_product} {ergonomic}
     bool UseG1GC                                  = true                                      {product} {ergonomic}
     bool UseLargePagesIndividualAllocation        = false                                  {pd product} {ergonomic}

Logging:
Log output configuration:
 #0: stdout all=warning uptime,level,tags foldmultilines=false
 #1: stderr all=off uptime,level,tags foldmultilines=false

Release file:
JAVA_VERSION="21.0.9" 
MODULES="java.base java.compiler java.datatransfer java.xml java.prefs java.desktop java.instrument java.logging java.management java.security.sasl java.naming java.rmi java.management.rmi java.net.http java.scripting java.security.jgss java.transaction.xa java.sql java.sql.rowset java.xml.crypto java.se java.smartcardio jdk.accessibility jdk.internal.jvmstat jdk.attach jdk.charsets jdk.internal.opt jdk.zipfs jdk.compiler jdk.crypto.ec jdk.crypto.cryptoki jdk.crypto.mscapi jdk.dynalink jdk.internal.ed jdk.editpad jdk.hotspot.agent jdk.httpserver jdk.internal.le jdk.internal.vm.ci jdk.internal.vm.compiler jdk.internal.vm.compiler.management jdk.jartool jdk.javadoc jdk.jcmd jdk.management jdk.management.agent jdk.jconsole jdk.jdeps jdk.jdwp.agent jdk.jdi jdk.jfr jdk.jshell jdk.jsobject jdk.jstatd jdk.localedata jdk.management.jfr jdk.naming.dns jdk.naming.rmi jdk.net jdk.nio.mapmode jdk.random jdk.sctp jdk.security.auth jdk.security.jgss jdk.unsupported jdk.unsupported.desktop jdk.xml.dom" 

Environment Variables:
PATH=C:\Program Files\Common Files\Oracle\Java\javapath;C:\Program Files (x86)\Common Files\Oracle\Java\java8path;C:\Program Files (x86)\Common Files\Oracle\Java\javapath;C:\Windows\system32;C:\Windows;C:\Windows\System32\Wbem;C:\Windows\System32\WindowsPowerShell\v1.0\;C:\Windows\System32\OpenSSH\;C:\Program Files (x86)\NVIDIA Corporation\PhysX\Common;C:\WINDOWS\system32;C:\WINDOWS;C:\WINDOWS\System32\Wbem;C:\WINDOWS\System32\WindowsPowerShell\v1.0\;C:\WINDOWS\System32\OpenSSH\;C:\Program Files\NVIDIA Corporation\NVIDIA App\NvDLISR;C:\Program Files\Git\cmd;C:\Program Files\nodejs\;C:\Users\NAVNIT KUMAR\AppData\Local\Microsoft\WindowsApps;C:\Users\NAVNIT KUMAR\AppData\Local\Programs\Microsoft VS Code\bin;C:\MinGW\bin;C:\Users\NAVNIT KUMAR\AppData\Roaming\npm;C:\Users\NAVNIT KUMAR\AppData\Local\Programs\cursor\resources\app\bin;C:\Users\NAVNIT KUMAR\AppData\Local\Programs\Antigravity\bin
USERNAME=NAVNIT KUMAR
OS=Windows_NT
PROCESSOR_IDENTIFIER=AMD64 Family 25 Model 68 Stepping 1, AuthenticAMD
TMP=C:\Users\NAVNIT~1\AppData\Local\Temp
TEMP=C:\Users\NAVNIT~1\AppData\Local\Temp




Periodic native trim disabled

---------------  S Y S T E M  ---------------

OS:
 Windows 11 , 64 bit Build 26100 (10.0.26100.7623)
OS uptime: 0 days 21:40 hours
Hyper-V role detected

CPU: total 12 (initial active 12) (12 cores per cpu, 2 threads per core) family 25 model 68 stepping 1 microcode 0xa40410a, cx8, cmov, fxsr, ht, mmx, 3dnowpref, sse, sse2, sse3, ssse3, sse4a, sse4.1, sse4.2, popcnt, lzcnt, tsc, tscinvbit, avx, avx2, aes, erms, clmul, bmi1, bmi2, adx, sha, fma, vzeroupper, clflush, clflushopt, hv, rdtscp, rdpid, fsrm, f16c, cet_ss
Processor Information for the first 12 processors :
  Max Mhz: 3301, Current Mhz: 3301, Mhz Limit: 3301

Memory: 4k page, system-wide physical 7484M (258M free)
TotalPageFile size 30012M (AvailPageFile size 0M)
current process WorkingSet (physical memory assigned to process): 327M, peak: 369M
current process commit charge ("private bytes"): 496M, peak: 497M

vm_info: OpenJDK 64-Bit Server VM (21.0.9+10-LTS) for windows-amd64 JRE (21.0.9+10-LTS), built on 2025-10-21T00:00:00Z by "admin" with unknown MS VC++:1942

END.
