#
# There is insufficient memory for the Java Runtime Environment to continue.
# Native memory allocation (malloc) failed to allocate 2118880 bytes. Error detail: Chunk::new
# Possible reasons:
#   The system is out of physical RAM or swap space
#   This process is running with CompressedOops enabled, and the Java Heap may be blocking the growth of the native heap
# Possible solutions:
#   Reduce memory load on the system
#   Increase physical memory or swap space
#   Check if swap backing store is full
#   Decrease Java heap size (-Xmx/-Xms)
#   Decrease number of Java threads
#   Decrease Java thread stack sizes (-Xss)
#   Set larger code cache with -XX:ReservedCodeCacheSize=
#   JVM is running with Unscaled Compressed Oops mode in which the Java heap is
#     placed in the first 4GB address space. The Java Heap base address is the
#     maximum limit for the native heap growth. Please use -XX:HeapBaseMinAddress
#     to set the Java Heap base and to place the Java Heap above 4GB virtual address.
# This output file may be truncated or incomplete.
#
#  Out of Memory Error (arena.cpp:168), pid=46064, tid=53684
#
# JRE version: OpenJDK Runtime Environment (21.0.7) (build 21.0.7+-13880790-b1038.58)
# Java VM: OpenJDK 64-Bit Server VM (21.0.7+-13880790-b1038.58, mixed mode, tiered, compressed oops, compressed class ptrs, g1 gc, windows-amd64)
# No core dump will be written. Minidumps are not enabled by default on client versions of Windows
#

---------------  S U M M A R Y ------------

Command Line: --add-opens=java.base/java.lang=ALL-UNNAMED --add-opens=java.base/java.lang.invoke=ALL-UNNAMED --add-opens=java.base/java.util=ALL-UNNAMED --add-opens=java.prefs/java.util.prefs=ALL-UNNAMED --add-exports=jdk.compiler/com.sun.tools.javac.api=ALL-UNNAMED --add-exports=jdk.compiler/com.sun.tools.javac.util=ALL-UNNAMED --add-opens=java.base/java.util=ALL-UNNAMED --add-opens=java.prefs/java.util.prefs=ALL-UNNAMED --add-opens=java.base/java.nio.charset=ALL-UNNAMED --add-opens=java.base/java.net=ALL-UNNAMED --add-opens=java.base/java.util.concurrent.atomic=ALL-UNNAMED --add-opens=java.xml/javax.xml.namespace=ALL-UNNAMED -Xmx2048m -Dfile.encoding=UTF-8 -Duser.country=IN -Duser.language=en -Duser.variant -javaagent:C:\Users\NAVNIT KUMAR\.gradle\wrapper\dists\gradle-8.13-bin\5xuhj0ry160q40clulazy9h7d\gradle-8.13\lib\agents\gradle-instrumentation-agent-8.13.jar org.gradle.launcher.daemon.bootstrap.GradleDaemon 8.13

Host: AMD Ryzen 5 7535HS with Radeon Graphics        , 12 cores, 7G,  Windows 11 , 64 bit Build 26100 (10.0.26100.7623)
Time: Wed Jan 21 16:53:20 2026 India Standard Time elapsed time: 28.243048 seconds (0d 0h 0m 28s)

---------------  T H R E A D  ---------------

Current thread (0x000001db217127c0):  JavaThread "C2 CompilerThread0" daemon [_thread_in_native, id=53684, stack(0x0000003699f00000,0x000000369a000000) (1024K)]


Current CompileTask:
C2:28243 6725       4       java.net.URLClassLoader$1::run (5 bytes)

Stack: [0x0000003699f00000,0x000000369a000000]
Native frames: (J=compiled Java code, j=interpreted, Vv=VM code, C=native code)
V  [jvm.dll+0x6d25c9]
V  [jvm.dll+0x860923]
V  [jvm.dll+0x862e7e]
V  [jvm.dll+0x863563]
V  [jvm.dll+0x27f156]
V  [jvm.dll+0xc002d]
V  [jvm.dll+0xc0563]
V  [jvm.dll+0x3b6d3b]
V  [jvm.dll+0x382c27]
V  [jvm.dll+0x38209a]
V  [jvm.dll+0x247e72]
V  [jvm.dll+0x247441]
V  [jvm.dll+0x1c5fb4]
V  [jvm.dll+0x256bac]
V  [jvm.dll+0x2550f6]
V  [jvm.dll+0x3f1d16]
V  [jvm.dll+0x808d08]
V  [jvm.dll+0x6d0e1d]
C  [ucrtbase.dll+0x37b0]
C  [KERNEL32.DLL+0x2e8d7]
C  [ntdll.dll+0x8c53c]


---------------  P R O C E S S  ---------------

Threads class SMR info:
_java_thread_list=0x000001db29857810, length=66, elements={
0x000001db07616190, 0x000001db216ea4c0, 0x000001db216ef360, 0x000001db21705300,
0x000001db2170e8a0, 0x000001db2170f890, 0x000001db217102f0, 0x000001db21710d50,
0x000001db217127c0, 0x000001db21723a10, 0x000001db219f66b0, 0x000001db275c2f80,
0x000001db278d3610, 0x000001db26fcd150, 0x000001db26aab8a0, 0x000001db27b998a0,
0x000001db2784a920, 0x000001db27040ca0, 0x000001db27014b80, 0x000001db27015210,
0x000001db27016c50, 0x000001db270165c0, 0x000001db270158a0, 0x000001db27015f30,
0x000001db270172e0, 0x000001db27017970, 0x000001db29703aa0, 0x000001db29705b70,
0x000001db297047c0, 0x000001db29704130, 0x000001db29704e50, 0x000001db29706200,
0x000001db29702d80, 0x000001db297054e0, 0x000001db29706890, 0x000001db29703410,
0x000001db29708ff0, 0x000001db297075b0, 0x000001db29707c40, 0x000001db29709680,
0x000001db29706f20, 0x000001db2970a3a0, 0x000001db297082d0, 0x000001db29709d10,
0x000001db28462090, 0x000001db28462720, 0x000001db284668c0, 0x000001db28463ad0,
0x000001db28464160, 0x000001db28466230, 0x000001db28465ba0, 0x000001db28464e80,
0x000001db28463440, 0x000001db28466f50, 0x000001db284647f0, 0x000001db284675e0,
0x000001db28468300, 0x000001db28468990, 0x000001db28467c70, 0x000001db28465510,
0x000001db284696b0, 0x000001db28469020, 0x000001db2af9d700, 0x000001db2af9f140,
0x000001db2af9dd90, 0x000001db2af9f7d0
}

Java Threads: ( => current thread )
  0x000001db07616190 JavaThread "main"                              [_thread_blocked, id=44312, stack(0x0000003699000000,0x0000003699100000) (1024K)]
  0x000001db216ea4c0 JavaThread "Common-Cleaner"             daemon [_thread_blocked, id=60296, stack(0x0000003699800000,0x0000003699900000) (1024K)]
  0x000001db216ef360 JavaThread "Reference Handler"          daemon [_thread_blocked, id=43548, stack(0x0000003699900000,0x0000003699a00000) (1024K)]
  0x000001db21705300 JavaThread "Finalizer"                  daemon [_thread_blocked, id=52080, stack(0x0000003699a00000,0x0000003699b00000) (1024K)]
  0x000001db2170e8a0 JavaThread "Signal Dispatcher"          daemon [_thread_blocked, id=53156, stack(0x0000003699b00000,0x0000003699c00000) (1024K)]
  0x000001db2170f890 JavaThread "Attach Listener"            daemon [_thread_blocked, id=54628, stack(0x0000003699c00000,0x0000003699d00000) (1024K)]
  0x000001db217102f0 JavaThread "Service Thread"             daemon [_thread_blocked, id=59812, stack(0x0000003699d00000,0x0000003699e00000) (1024K)]
  0x000001db21710d50 JavaThread "Monitor Deflation Thread"   daemon [_thread_blocked, id=58724, stack(0x0000003699e00000,0x0000003699f00000) (1024K)]
=>0x000001db217127c0 JavaThread "C2 CompilerThread0"         daemon [_thread_in_native, id=53684, stack(0x0000003699f00000,0x000000369a000000) (1024K)]
  0x000001db21723a10 JavaThread "C1 CompilerThread0"         daemon [_thread_blocked, id=44464, stack(0x000000369a000000,0x000000369a100000) (1024K)]
  0x000001db219f66b0 JavaThread "Notification Thread"        daemon [_thread_blocked, id=52924, stack(0x000000369a100000,0x000000369a200000) (1024K)]
  0x000001db275c2f80 JavaThread "Daemon health stats"               [_thread_blocked, id=54064, stack(0x000000369a700000,0x000000369a800000) (1024K)]
  0x000001db278d3610 JavaThread "Incoming local TCP Connector on port 52089"        [_thread_in_native, id=37700, stack(0x000000369a800000,0x000000369a900000) (1024K)]
  0x000001db26fcd150 JavaThread "Daemon periodic checks"            [_thread_blocked, id=36616, stack(0x000000369a900000,0x000000369aa00000) (1024K)]
  0x000001db26aab8a0 JavaThread "Daemon"                            [_thread_blocked, id=58312, stack(0x000000369aa00000,0x000000369ab00000) (1024K)]
  0x000001db27b998a0 JavaThread "Handler for socket connection from /127.0.0.1:52089 to /127.0.0.1:52090"        [_thread_in_native, id=55192, stack(0x000000369ab00000,0x000000369ac00000) (1024K)]
  0x000001db2784a920 JavaThread "Cancel handler"                    [_thread_blocked, id=58600, stack(0x000000369ac00000,0x000000369ad00000) (1024K)]
  0x000001db27040ca0 JavaThread "Daemon worker"                     [_thread_in_native, id=58268, stack(0x000000369ad00000,0x000000369ae00000) (1024K)]
  0x000001db27014b80 JavaThread "Asynchronous log dispatcher for DefaultDaemonConnection: socket connection from /127.0.0.1:52089 to /127.0.0.1:52090"        [_thread_blocked, id=58700, stack(0x000000369ae00000,0x000000369af00000) (1024K)]
  0x000001db27015210 JavaThread "Stdin handler"                     [_thread_blocked, id=54908, stack(0x000000369b500000,0x000000369b600000) (1024K)]
  0x000001db27016c50 JavaThread "Daemon client event forwarder"        [_thread_blocked, id=54492, stack(0x000000369b600000,0x000000369b700000) (1024K)]
  0x000001db270165c0 JavaThread "Cache worker for journal cache (C:\Users\NAVNIT KUMAR\.gradle\caches\journal-1)"        [_thread_blocked, id=36924, stack(0x000000369b700000,0x000000369b800000) (1024K)]
  0x000001db270158a0 JavaThread "File lock request listener"        [_thread_in_native, id=60248, stack(0x000000369b800000,0x000000369b900000) (1024K)]
  0x000001db27015f30 JavaThread "Cache worker for file hash cache (C:\Users\NAVNIT KUMAR\.gradle\caches\8.13\fileHashes)"        [_thread_blocked, id=57788, stack(0x000000369b900000,0x000000369ba00000) (1024K)]
  0x000001db270172e0 JavaThread "Cache worker for file hash cache (D:\team rocket\android App\PassengerApp\.gradle\8.13\fileHashes)"        [_thread_blocked, id=59444, stack(0x000000369ba00000,0x000000369bb00000) (1024K)]
  0x000001db27017970 JavaThread "Cache worker for Build Output Cleanup Cache (D:\team rocket\android App\PassengerApp\.gradle\buildOutputCleanup)"        [_thread_blocked, id=37948, stack(0x000000369bb00000,0x000000369bc00000) (1024K)]
  0x000001db29703aa0 JavaThread "File watcher server"        daemon [_thread_in_native, id=53048, stack(0x000000369bc00000,0x000000369bd00000) (1024K)]
  0x000001db29705b70 JavaThread "File watcher consumer"      daemon [_thread_blocked, id=57760, stack(0x000000369bd00000,0x000000369be00000) (1024K)]
  0x000001db297047c0 JavaThread "File lock release action executor"        [_thread_blocked, id=53728, stack(0x000000369be00000,0x000000369bf00000) (1024K)]
  0x000001db29704130 JavaThread "jar transforms"                    [_thread_blocked, id=60428, stack(0x000000369bf00000,0x000000369c000000) (1024K)]
  0x000001db29704e50 JavaThread "jar transforms Thread 2"           [_thread_blocked, id=60432, stack(0x000000369c000000,0x000000369c100000) (1024K)]
  0x000001db29706200 JavaThread "jar transforms Thread 3"           [_thread_blocked, id=60436, stack(0x000000369c100000,0x000000369c200000) (1024K)]
  0x000001db29702d80 JavaThread "jar transforms Thread 4"           [_thread_blocked, id=60440, stack(0x000000369c200000,0x000000369c300000) (1024K)]
  0x000001db297054e0 JavaThread "jar transforms Thread 5"           [_thread_blocked, id=60444, stack(0x000000369c300000,0x000000369c400000) (1024K)]
  0x000001db29706890 JavaThread "jar transforms Thread 6"           [_thread_blocked, id=60448, stack(0x000000369c400000,0x000000369c500000) (1024K)]
  0x000001db29703410 JavaThread "jar transforms Thread 7"           [_thread_blocked, id=60452, stack(0x000000369c500000,0x000000369c600000) (1024K)]
  0x000001db29708ff0 JavaThread "jar transforms Thread 8"           [_thread_blocked, id=60456, stack(0x000000369c600000,0x000000369c700000) (1024K)]
  0x000001db297075b0 JavaThread "jar transforms Thread 9"           [_thread_blocked, id=60460, stack(0x000000369c700000,0x000000369c800000) (1024K)]
  0x000001db29707c40 JavaThread "jar transforms Thread 10"          [_thread_blocked, id=60464, stack(0x000000369c800000,0x000000369c900000) (1024K)]
  0x000001db29709680 JavaThread "jar transforms Thread 11"          [_thread_blocked, id=60468, stack(0x000000369c900000,0x000000369ca00000) (1024K)]
  0x000001db29706f20 JavaThread "jar transforms Thread 12"          [_thread_blocked, id=60472, stack(0x000000369ca00000,0x000000369cb00000) (1024K)]
  0x000001db2970a3a0 JavaThread "Cache worker for checksums cache (D:\team rocket\android App\PassengerApp\.gradle\8.13\checksums)"        [_thread_blocked, id=61152, stack(0x000000369cc00000,0x000000369cd00000) (1024K)]
  0x000001db297082d0 JavaThread "Cache worker for file content cache (C:\Users\NAVNIT KUMAR\.gradle\caches\8.13\fileContent)"        [_thread_blocked, id=61156, stack(0x000000369cd00000,0x000000369ce00000) (1024K)]
  0x000001db29709d10 JavaThread "Cache worker for cache directory md-supplier (C:\Users\NAVNIT KUMAR\.gradle\caches\8.13\md-supplier)"        [_thread_blocked, id=61160, stack(0x000000369ce00000,0x000000369cf00000) (1024K)]
  0x000001db28462090 JavaThread "Cache worker for cache directory md-rule (C:\Users\NAVNIT KUMAR\.gradle\caches\8.13\md-rule)"        [_thread_blocked, id=61164, stack(0x000000369cf00000,0x000000369d000000) (1024K)]
  0x000001db28462720 JavaThread "Unconstrained build operations"        [_thread_blocked, id=61168, stack(0x000000369d000000,0x000000369d100000) (1024K)]
  0x000001db284668c0 JavaThread "Unconstrained build operations Thread 2"        [_thread_blocked, id=61172, stack(0x000000369d100000,0x000000369d200000) (1024K)]
  0x000001db28463ad0 JavaThread "Unconstrained build operations Thread 3"        [_thread_blocked, id=61176, stack(0x000000369d200000,0x000000369d300000) (1024K)]
  0x000001db28464160 JavaThread "Unconstrained build operations Thread 4"        [_thread_blocked, id=61180, stack(0x000000369d300000,0x000000369d400000) (1024K)]
  0x000001db28466230 JavaThread "Unconstrained build operations Thread 5"        [_thread_blocked, id=61184, stack(0x000000369d400000,0x000000369d500000) (1024K)]
  0x000001db28465ba0 JavaThread "Unconstrained build operations Thread 6"        [_thread_blocked, id=61188, stack(0x000000369d500000,0x000000369d600000) (1024K)]
  0x000001db28464e80 JavaThread "Unconstrained build operations Thread 7"        [_thread_blocked, id=61192, stack(0x000000369d600000,0x000000369d700000) (1024K)]
  0x000001db28463440 JavaThread "Unconstrained build operations Thread 8"        [_thread_blocked, id=61196, stack(0x000000369d700000,0x000000369d800000) (1024K)]
  0x000001db28466f50 JavaThread "Unconstrained build operations Thread 9"        [_thread_blocked, id=61200, stack(0x000000369d800000,0x000000369d900000) (1024K)]
  0x000001db284647f0 JavaThread "Unconstrained build operations Thread 10"        [_thread_blocked, id=61204, stack(0x000000369d900000,0x000000369da00000) (1024K)]
  0x000001db284675e0 JavaThread "Unconstrained build operations Thread 11"        [_thread_blocked, id=61208, stack(0x000000369da00000,0x000000369db00000) (1024K)]
  0x000001db28468300 JavaThread "Unconstrained build operations Thread 12"        [_thread_blocked, id=61212, stack(0x000000369db00000,0x000000369dc00000) (1024K)]
  0x000001db28468990 JavaThread "Unconstrained build operations Thread 13"        [_thread_blocked, id=61216, stack(0x000000369dc00000,0x000000369dd00000) (1024K)]
  0x000001db28467c70 JavaThread "Unconstrained build operations Thread 14"        [_thread_blocked, id=61220, stack(0x000000369dd00000,0x000000369de00000) (1024K)]
  0x000001db28465510 JavaThread "Unconstrained build operations Thread 15"        [_thread_blocked, id=61224, stack(0x000000369de00000,0x000000369df00000) (1024K)]
  0x000001db284696b0 JavaThread "Unconstrained build operations Thread 16"        [_thread_blocked, id=61228, stack(0x000000369df00000,0x000000369e000000) (1024K)]
  0x000001db28469020 JavaThread "Unconstrained build operations Thread 17"        [_thread_blocked, id=61232, stack(0x000000369e000000,0x000000369e100000) (1024K)]
  0x000001db2af9d700 JavaThread "Unconstrained build operations Thread 18"        [_thread_blocked, id=61236, stack(0x000000369e100000,0x000000369e200000) (1024K)]
  0x000001db2af9f140 JavaThread "Unconstrained build operations Thread 19"        [_thread_blocked, id=61240, stack(0x000000369e200000,0x000000369e300000) (1024K)]
  0x000001db2af9dd90 JavaThread "Unconstrained build operations Thread 20"        [_thread_blocked, id=61244, stack(0x000000369e300000,0x000000369e400000) (1024K)]
  0x000001db2af9f7d0 JavaThread "Unconstrained build operations Thread 21"        [_thread_blocked, id=61248, stack(0x000000369e400000,0x000000369e500000) (1024K)]
Total: 66

Other Threads:
  0x000001db212f7a00 VMThread "VM Thread"                           [id=56052, stack(0x0000003699700000,0x0000003699800000) (1024K)]
  0x000001db212b5c60 WatcherThread "VM Periodic Task Thread"        [id=43372, stack(0x0000003699600000,0x0000003699700000) (1024K)]
  0x000001db09a33410 WorkerThread "GC Thread#0"                     [id=56808, stack(0x0000003699100000,0x0000003699200000) (1024K)]
  0x000001db2618f6e0 WorkerThread "GC Thread#1"                     [id=44328, stack(0x000000369a200000,0x000000369a300000) (1024K)]
  0x000001db26082990 WorkerThread "GC Thread#2"                     [id=57456, stack(0x000000369a300000,0x000000369a400000) (1024K)]
  0x000001db26b00390 WorkerThread "GC Thread#3"                     [id=60352, stack(0x000000369a400000,0x000000369a500000) (1024K)]
  0x000001db26d52310 WorkerThread "GC Thread#4"                     [id=56756, stack(0x000000369a500000,0x000000369a600000) (1024K)]
  0x000001db26e9ae70 WorkerThread "GC Thread#5"                     [id=48460, stack(0x000000369a600000,0x000000369a700000) (1024K)]
  0x000001db278432c0 WorkerThread "GC Thread#6"                     [id=44580, stack(0x000000369af00000,0x000000369b000000) (1024K)]
  0x000001db27843660 WorkerThread "GC Thread#7"                     [id=52788, stack(0x000000369b000000,0x000000369b100000) (1024K)]
  0x000001db27843a00 WorkerThread "GC Thread#8"                     [id=55088, stack(0x000000369b100000,0x000000369b200000) (1024K)]
  0x000001db27888470 WorkerThread "GC Thread#9"                     [id=57488, stack(0x000000369b200000,0x000000369b300000) (1024K)]
  0x000001db09a45140 ConcurrentGCThread "G1 Main Marker"            [id=33524, stack(0x0000003699200000,0x0000003699300000) (1024K)]
  0x000001db09a462f0 WorkerThread "G1 Conc#0"                       [id=56844, stack(0x0000003699300000,0x0000003699400000) (1024K)]
  0x000001db27889020 WorkerThread "G1 Conc#1"                       [id=54480, stack(0x000000369b300000,0x000000369b400000) (1024K)]
  0x000001db278893c0 WorkerThread "G1 Conc#2"                       [id=46052, stack(0x000000369b400000,0x000000369b500000) (1024K)]
  0x000001db09a9ea80 ConcurrentGCThread "G1 Refine#0"               [id=54484, stack(0x0000003699400000,0x0000003699500000) (1024K)]
  0x000001db21182420 ConcurrentGCThread "G1 Service"                [id=54620, stack(0x0000003699500000,0x0000003699600000) (1024K)]
Total: 18

Threads with active compile tasks:
C2 CompilerThread0  28278 6725       4       java.net.URLClassLoader$1::run (5 bytes)
Total: 1

VM state: not at safepoint (normal execution)

VM Mutex/Monitor currently owned by a thread: None

Heap address: 0x0000000080000000, size: 2048 MB, Compressed Oops mode: 32-bit

CDS archive(s) not mapped
Compressed class space mapped at: 0x0000000100000000-0x0000000140000000, reserved size: 1073741824
Narrow klass base: 0x0000000000000000, Narrow klass shift: 3, Narrow klass range: 0x140000000

GC Precious Log:
 CardTable entry size: 512
 Card Set container configuration: InlinePtr #cards 5 size 8 Array Of Cards #cards 12 size 40 Howl #buckets 4 coarsen threshold 1843 Howl Bitmap #cards 512 size 80 coarsen threshold 460 Card regions per heap region 1 cards per card region 2048
 CPUs: 12 total, 12 available
 Memory: 7484M
 Large Page Support: Disabled
 NUMA Support: Disabled
 Compressed Oops: Enabled (32-bit)
 Heap Region Size: 1M
 Heap Min Capacity: 8M
 Heap Initial Capacity: 118M
 Heap Max Capacity: 2G
 Pre-touch: Disabled
 Parallel Workers: 10
 Concurrent Workers: 3
 Concurrent Refinement Workers: 10
 Periodic GC: Disabled

Heap:
 garbage-first heap   total 167936K, used 122358K [0x0000000080000000, 0x0000000100000000)
  region size 1024K, 23 young (23552K), 2 survivors (2048K)
 Metaspace       used 73712K, committed 75584K, reserved 1114112K
  class space    used 10263K, committed 11200K, reserved 1048576K

Heap Regions: E=young(eden), S=young(survivor), O=old, HS=humongous(starts), HC=humongous(continues), CS=collection set, F=free, TAMS=top-at-mark-start, PB=parsable bottom
|   0|0x0000000080000000, 0x0000000080100000, 0x0000000080100000|100%|HS|  |TAMS 0x0000000080000000| PB 0x0000000080000000| Complete 
|   1|0x0000000080100000, 0x0000000080200000, 0x0000000080200000|100%|HC|  |TAMS 0x0000000080100000| PB 0x0000000080100000| Complete 
|   2|0x0000000080200000, 0x0000000080300000, 0x0000000080300000|100%|HC|  |TAMS 0x0000000080200000| PB 0x0000000080200000| Complete 
|   3|0x0000000080300000, 0x0000000080400000, 0x0000000080400000|100%| O|  |TAMS 0x0000000080300000| PB 0x0000000080300000| Untracked 
|   4|0x0000000080400000, 0x0000000080500000, 0x0000000080500000|100%| O|  |TAMS 0x0000000080400000| PB 0x0000000080400000| Untracked 
|   5|0x0000000080500000, 0x0000000080600000, 0x0000000080600000|100%| O|  |TAMS 0x0000000080500000| PB 0x0000000080500000| Untracked 
|   6|0x0000000080600000, 0x0000000080700000, 0x0000000080700000|100%|HS|  |TAMS 0x0000000080600000| PB 0x0000000080600000| Complete 
|   7|0x0000000080700000, 0x0000000080800000, 0x0000000080800000|100%| O|  |TAMS 0x0000000080700000| PB 0x0000000080700000| Untracked 
|   8|0x0000000080800000, 0x0000000080900000, 0x0000000080900000|100%| O|  |TAMS 0x0000000080800000| PB 0x0000000080800000| Untracked 
|   9|0x0000000080900000, 0x0000000080a00000, 0x0000000080a00000|100%| O|  |TAMS 0x0000000080900000| PB 0x0000000080900000| Untracked 
|  10|0x0000000080a00000, 0x0000000080b00000, 0x0000000080b00000|100%| O|  |TAMS 0x0000000080a00000| PB 0x0000000080a00000| Untracked 
|  11|0x0000000080b00000, 0x0000000080c00000, 0x0000000080c00000|100%| O|  |TAMS 0x0000000080b00000| PB 0x0000000080b00000| Untracked 
|  12|0x0000000080c00000, 0x0000000080d00000, 0x0000000080d00000|100%| O|  |TAMS 0x0000000080c00000| PB 0x0000000080c00000| Untracked 
|  13|0x0000000080d00000, 0x0000000080e00000, 0x0000000080e00000|100%| O|  |TAMS 0x0000000080d00000| PB 0x0000000080d00000| Untracked 
|  14|0x0000000080e00000, 0x0000000080f00000, 0x0000000080f00000|100%| O|  |TAMS 0x0000000080e00000| PB 0x0000000080e00000| Untracked 
|  15|0x0000000080f00000, 0x0000000081000000, 0x0000000081000000|100%| O|  |TAMS 0x0000000080f00000| PB 0x0000000080f00000| Untracked 
|  16|0x0000000081000000, 0x0000000081100000, 0x0000000081100000|100%| O|  |TAMS 0x0000000081000000| PB 0x0000000081000000| Untracked 
|  17|0x0000000081100000, 0x0000000081200000, 0x0000000081200000|100%| O|  |TAMS 0x0000000081100000| PB 0x0000000081100000| Untracked 
|  18|0x0000000081200000, 0x0000000081300000, 0x0000000081300000|100%| O|  |TAMS 0x0000000081200000| PB 0x0000000081200000| Untracked 
|  19|0x0000000081300000, 0x0000000081400000, 0x0000000081400000|100%| O|  |TAMS 0x0000000081300000| PB 0x0000000081300000| Untracked 
|  20|0x0000000081400000, 0x0000000081500000, 0x0000000081500000|100%| O|  |TAMS 0x0000000081400000| PB 0x0000000081400000| Untracked 
|  21|0x0000000081500000, 0x0000000081600000, 0x0000000081600000|100%| O|  |TAMS 0x0000000081500000| PB 0x0000000081500000| Untracked 
|  22|0x0000000081600000, 0x0000000081700000, 0x0000000081700000|100%|HS|  |TAMS 0x0000000081600000| PB 0x0000000081600000| Complete 
|  23|0x0000000081700000, 0x0000000081800000, 0x0000000081800000|100%|HC|  |TAMS 0x0000000081700000| PB 0x0000000081700000| Complete 
|  24|0x0000000081800000, 0x0000000081900000, 0x0000000081900000|100%|HC|  |TAMS 0x0000000081800000| PB 0x0000000081800000| Complete 
|  25|0x0000000081900000, 0x0000000081a00000, 0x0000000081a00000|100%|HC|  |TAMS 0x0000000081900000| PB 0x0000000081900000| Complete 
|  26|0x0000000081a00000, 0x0000000081b00000, 0x0000000081b00000|100%|HC|  |TAMS 0x0000000081a00000| PB 0x0000000081a00000| Complete 
|  27|0x0000000081b00000, 0x0000000081c00000, 0x0000000081c00000|100%|HC|  |TAMS 0x0000000081b00000| PB 0x0000000081b00000| Complete 
|  28|0x0000000081c00000, 0x0000000081d00000, 0x0000000081d00000|100%|HS|  |TAMS 0x0000000081c00000| PB 0x0000000081c00000| Complete 
|  29|0x0000000081d00000, 0x0000000081e00000, 0x0000000081e00000|100%|HS|  |TAMS 0x0000000081d00000| PB 0x0000000081d00000| Complete 
|  30|0x0000000081e00000, 0x0000000081f00000, 0x0000000081f00000|100%| O|  |TAMS 0x0000000081e00000| PB 0x0000000081e00000| Untracked 
|  31|0x0000000081f00000, 0x0000000082000000, 0x0000000082000000|100%| O|  |TAMS 0x0000000081f00000| PB 0x0000000081f00000| Untracked 
|  32|0x0000000082000000, 0x0000000082100000, 0x0000000082100000|100%|HS|  |TAMS 0x0000000082000000| PB 0x0000000082000000| Complete 
|  33|0x0000000082100000, 0x0000000082200000, 0x0000000082200000|100%|HC|  |TAMS 0x0000000082100000| PB 0x0000000082100000| Complete 
|  34|0x0000000082200000, 0x0000000082300000, 0x0000000082300000|100%|HC|  |TAMS 0x0000000082200000| PB 0x0000000082200000| Complete 
|  35|0x0000000082300000, 0x0000000082400000, 0x0000000082400000|100%|HC|  |TAMS 0x0000000082300000| PB 0x0000000082300000| Complete 
|  36|0x0000000082400000, 0x0000000082500000, 0x0000000082500000|100%| O|  |TAMS 0x0000000082400000| PB 0x0000000082400000| Untracked 
|  37|0x0000000082500000, 0x0000000082600000, 0x0000000082600000|100%| O|  |TAMS 0x0000000082500000| PB 0x0000000082500000| Untracked 
|  38|0x0000000082600000, 0x0000000082700000, 0x0000000082700000|100%|HS|  |TAMS 0x0000000082600000| PB 0x0000000082600000| Complete 
|  39|0x0000000082700000, 0x0000000082800000, 0x0000000082800000|100%|HC|  |TAMS 0x0000000082700000| PB 0x0000000082700000| Complete 
|  40|0x0000000082800000, 0x0000000082900000, 0x0000000082900000|100%|HS|  |TAMS 0x0000000082800000| PB 0x0000000082800000| Complete 
|  41|0x0000000082900000, 0x0000000082a00000, 0x0000000082a00000|100%|HS|  |TAMS 0x0000000082900000| PB 0x0000000082900000| Complete 
|  42|0x0000000082a00000, 0x0000000082b00000, 0x0000000082b00000|100%|HC|  |TAMS 0x0000000082a00000| PB 0x0000000082a00000| Complete 
|  43|0x0000000082b00000, 0x0000000082c00000, 0x0000000082c00000|100%|HC|  |TAMS 0x0000000082b00000| PB 0x0000000082b00000| Complete 
|  44|0x0000000082c00000, 0x0000000082d00000, 0x0000000082d00000|100%|HC|  |TAMS 0x0000000082c00000| PB 0x0000000082c00000| Complete 
|  45|0x0000000082d00000, 0x0000000082e00000, 0x0000000082e00000|100%|HC|  |TAMS 0x0000000082d00000| PB 0x0000000082d00000| Complete 
|  46|0x0000000082e00000, 0x0000000082f00000, 0x0000000082f00000|100%|HC|  |TAMS 0x0000000082e00000| PB 0x0000000082e00000| Complete 
|  47|0x0000000082f00000, 0x0000000083000000, 0x0000000083000000|100%|HS|  |TAMS 0x0000000082f00000| PB 0x0000000082f00000| Complete 
|  48|0x0000000083000000, 0x0000000083100000, 0x0000000083100000|100%|HS|  |TAMS 0x0000000083000000| PB 0x0000000083000000| Complete 
|  49|0x0000000083100000, 0x0000000083200000, 0x0000000083200000|100%|HC|  |TAMS 0x0000000083100000| PB 0x0000000083100000| Complete 
|  50|0x0000000083200000, 0x0000000083300000, 0x0000000083300000|100%|HC|  |TAMS 0x0000000083200000| PB 0x0000000083200000| Complete 
|  51|0x0000000083300000, 0x0000000083400000, 0x0000000083400000|100%|HC|  |TAMS 0x0000000083300000| PB 0x0000000083300000| Complete 
|  52|0x0000000083400000, 0x0000000083500000, 0x0000000083500000|100%| O|  |TAMS 0x0000000083400000| PB 0x0000000083400000| Untracked 
|  53|0x0000000083500000, 0x0000000083600000, 0x0000000083600000|100%| O|  |TAMS 0x0000000083500000| PB 0x0000000083500000| Untracked 
|  54|0x0000000083600000, 0x0000000083700000, 0x0000000083700000|100%| O|  |TAMS 0x0000000083600000| PB 0x0000000083600000| Untracked 
|  55|0x0000000083700000, 0x0000000083800000, 0x0000000083800000|100%|HS|  |TAMS 0x0000000083700000| PB 0x0000000083700000| Complete 
|  56|0x0000000083800000, 0x0000000083900000, 0x0000000083900000|100%|HC|  |TAMS 0x0000000083800000| PB 0x0000000083800000| Complete 
|  57|0x0000000083900000, 0x0000000083a00000, 0x0000000083a00000|100%| O|  |TAMS 0x0000000083900000| PB 0x0000000083900000| Untracked 
|  58|0x0000000083a00000, 0x0000000083b00000, 0x0000000083b00000|100%|HS|  |TAMS 0x0000000083a00000| PB 0x0000000083a00000| Complete 
|  59|0x0000000083b00000, 0x0000000083c00000, 0x0000000083c00000|100%|HC|  |TAMS 0x0000000083b00000| PB 0x0000000083b00000| Complete 
|  60|0x0000000083c00000, 0x0000000083d00000, 0x0000000083d00000|100%| O|  |TAMS 0x0000000083c00000| PB 0x0000000083c00000| Untracked 
|  61|0x0000000083d00000, 0x0000000083e00000, 0x0000000083e00000|100%| O|  |TAMS 0x0000000083d00000| PB 0x0000000083d00000| Untracked 
|  62|0x0000000083e00000, 0x0000000083f00000, 0x0000000083f00000|100%| O|  |TAMS 0x0000000083e00000| PB 0x0000000083e00000| Untracked 
|  63|0x0000000083f00000, 0x0000000084000000, 0x0000000084000000|100%| O|  |TAMS 0x0000000083f00000| PB 0x0000000083f00000| Untracked 
|  64|0x0000000084000000, 0x0000000084100000, 0x0000000084100000|100%| O|  |TAMS 0x0000000084000000| PB 0x0000000084000000| Untracked 
|  65|0x0000000084100000, 0x0000000084200000, 0x0000000084200000|100%| O|  |TAMS 0x0000000084100000| PB 0x0000000084100000| Untracked 
|  66|0x0000000084200000, 0x0000000084300000, 0x0000000084300000|100%| O|  |TAMS 0x0000000084200000| PB 0x0000000084200000| Untracked 
|  67|0x0000000084300000, 0x0000000084400000, 0x0000000084400000|100%|HS|  |TAMS 0x0000000084300000| PB 0x0000000084300000| Complete 
|  68|0x0000000084400000, 0x0000000084500000, 0x0000000084500000|100%|HS|  |TAMS 0x0000000084400000| PB 0x0000000084400000| Complete 
|  69|0x0000000084500000, 0x0000000084600000, 0x0000000084600000|100%| O|  |TAMS 0x0000000084500000| PB 0x0000000084500000| Untracked 
|  70|0x0000000084600000, 0x0000000084700000, 0x0000000084700000|100%| O|  |TAMS 0x0000000084600000| PB 0x0000000084600000| Untracked 
|  71|0x0000000084700000, 0x0000000084800000, 0x0000000084800000|100%| O|  |TAMS 0x0000000084700000| PB 0x0000000084700000| Untracked 
|  72|0x0000000084800000, 0x0000000084900000, 0x0000000084900000|100%| O|  |TAMS 0x0000000084800000| PB 0x0000000084800000| Untracked 
|  73|0x0000000084900000, 0x0000000084a00000, 0x0000000084a00000|100%| O|Cm|TAMS 0x0000000084900000| PB 0x0000000084900000| Complete 
|  74|0x0000000084a00000, 0x0000000084b00000, 0x0000000084b00000|100%| O|  |TAMS 0x0000000084a00000| PB 0x0000000084a00000| Untracked 
|  75|0x0000000084b00000, 0x0000000084c00000, 0x0000000084c00000|100%| O|  |TAMS 0x0000000084b00000| PB 0x0000000084b00000| Untracked 
|  76|0x0000000084c00000, 0x0000000084d00000, 0x0000000084d00000|100%| O|  |TAMS 0x0000000084c00000| PB 0x0000000084c00000| Untracked 
|  77|0x0000000084d00000, 0x0000000084e00000, 0x0000000084e00000|100%| O|  |TAMS 0x0000000084d00000| PB 0x0000000084d00000| Untracked 
|  78|0x0000000084e00000, 0x0000000084f00000, 0x0000000084f00000|100%|HS|  |TAMS 0x0000000084e00000| PB 0x0000000084e00000| Complete 
|  79|0x0000000084f00000, 0x0000000085000000, 0x0000000085000000|100%|HC|  |TAMS 0x0000000084f00000| PB 0x0000000084f00000| Complete 
|  80|0x0000000085000000, 0x0000000085100000, 0x0000000085100000|100%|HC|  |TAMS 0x0000000085000000| PB 0x0000000085000000| Complete 
|  81|0x0000000085100000, 0x0000000085200000, 0x0000000085200000|100%|HC|  |TAMS 0x0000000085100000| PB 0x0000000085100000| Complete 
|  82|0x0000000085200000, 0x0000000085300000, 0x0000000085300000|100%|HC|  |TAMS 0x0000000085200000| PB 0x0000000085200000| Complete 
|  83|0x0000000085300000, 0x0000000085400000, 0x0000000085400000|100%|HC|  |TAMS 0x0000000085300000| PB 0x0000000085300000| Complete 
|  84|0x0000000085400000, 0x0000000085500000, 0x0000000085500000|100%|HS|  |TAMS 0x0000000085400000| PB 0x0000000085400000| Complete 
|  85|0x0000000085500000, 0x0000000085600000, 0x0000000085600000|100%|HC|  |TAMS 0x0000000085500000| PB 0x0000000085500000| Complete 
|  86|0x0000000085600000, 0x0000000085700000, 0x0000000085700000|100%|HC|  |TAMS 0x0000000085600000| PB 0x0000000085600000| Complete 
|  87|0x0000000085700000, 0x0000000085800000, 0x0000000085800000|100%|HC|  |TAMS 0x0000000085700000| PB 0x0000000085700000| Complete 
|  88|0x0000000085800000, 0x0000000085900000, 0x0000000085900000|100%|HC|  |TAMS 0x0000000085800000| PB 0x0000000085800000| Complete 
|  89|0x0000000085900000, 0x0000000085a00000, 0x0000000085a00000|100%|HC|  |TAMS 0x0000000085900000| PB 0x0000000085900000| Complete 
|  90|0x0000000085a00000, 0x0000000085b00000, 0x0000000085b00000|100%| O|Cm|TAMS 0x0000000085a00000| PB 0x0000000085a00000| Complete 
|  91|0x0000000085b00000, 0x0000000085c00000, 0x0000000085c00000|100%| O|  |TAMS 0x0000000085b00000| PB 0x0000000085b00000| Untracked 
|  92|0x0000000085c00000, 0x0000000085d00000, 0x0000000085d00000|100%| O|  |TAMS 0x0000000085c00000| PB 0x0000000085c00000| Untracked 
|  93|0x0000000085d00000, 0x0000000085e00000, 0x0000000085e00000|100%| O|  |TAMS 0x0000000085d00000| PB 0x0000000085d00000| Untracked 
|  94|0x0000000085e00000, 0x0000000085e9a980, 0x0000000085f00000| 60%| O|  |TAMS 0x0000000085e00000| PB 0x0000000085e00000| Untracked 
|  95|0x0000000085f00000, 0x0000000085f00000, 0x0000000086000000|  0%| F|  |TAMS 0x0000000085f00000| PB 0x0000000085f00000| Untracked 
|  96|0x0000000086000000, 0x0000000086000000, 0x0000000086100000|  0%| F|  |TAMS 0x0000000086000000| PB 0x0000000086000000| Untracked 
|  97|0x0000000086100000, 0x0000000086100000, 0x0000000086200000|  0%| F|  |TAMS 0x0000000086100000| PB 0x0000000086100000| Untracked 
|  98|0x0000000086200000, 0x0000000086200000, 0x0000000086300000|  0%| F|  |TAMS 0x0000000086200000| PB 0x0000000086200000| Untracked 
|  99|0x0000000086300000, 0x0000000086300000, 0x0000000086400000|  0%| F|  |TAMS 0x0000000086300000| PB 0x0000000086300000| Untracked 
| 100|0x0000000086400000, 0x0000000086400000, 0x0000000086500000|  0%| F|  |TAMS 0x0000000086400000| PB 0x0000000086400000| Untracked 
| 101|0x0000000086500000, 0x0000000086500000, 0x0000000086600000|  0%| F|  |TAMS 0x0000000086500000| PB 0x0000000086500000| Untracked 
| 102|0x0000000086600000, 0x0000000086600000, 0x0000000086700000|  0%| F|  |TAMS 0x0000000086600000| PB 0x0000000086600000| Untracked 
| 103|0x0000000086700000, 0x0000000086700000, 0x0000000086800000|  0%| F|  |TAMS 0x0000000086700000| PB 0x0000000086700000| Untracked 
| 104|0x0000000086800000, 0x0000000086800000, 0x0000000086900000|  0%| F|  |TAMS 0x0000000086800000| PB 0x0000000086800000| Untracked 
| 105|0x0000000086900000, 0x0000000086900000, 0x0000000086a00000|  0%| F|  |TAMS 0x0000000086900000| PB 0x0000000086900000| Untracked 
| 106|0x0000000086a00000, 0x0000000086a00000, 0x0000000086b00000|  0%| F|  |TAMS 0x0000000086a00000| PB 0x0000000086a00000| Untracked 
| 107|0x0000000086b00000, 0x0000000086b00000, 0x0000000086c00000|  0%| F|  |TAMS 0x0000000086b00000| PB 0x0000000086b00000| Untracked 
| 108|0x0000000086c00000, 0x0000000086c00000, 0x0000000086d00000|  0%| F|  |TAMS 0x0000000086c00000| PB 0x0000000086c00000| Untracked 
| 109|0x0000000086d00000, 0x0000000086d00000, 0x0000000086e00000|  0%| F|  |TAMS 0x0000000086d00000| PB 0x0000000086d00000| Untracked 
| 110|0x0000000086e00000, 0x0000000086e00000, 0x0000000086f00000|  0%| F|  |TAMS 0x0000000086e00000| PB 0x0000000086e00000| Untracked 
| 111|0x0000000086f00000, 0x0000000086f00000, 0x0000000087000000|  0%| F|  |TAMS 0x0000000086f00000| PB 0x0000000086f00000| Untracked 
| 112|0x0000000087000000, 0x0000000087000000, 0x0000000087100000|  0%| F|  |TAMS 0x0000000087000000| PB 0x0000000087000000| Untracked 
| 113|0x0000000087100000, 0x0000000087100000, 0x0000000087200000|  0%| F|  |TAMS 0x0000000087100000| PB 0x0000000087100000| Untracked 
| 114|0x0000000087200000, 0x0000000087200000, 0x0000000087300000|  0%| F|  |TAMS 0x0000000087200000| PB 0x0000000087200000| Untracked 
| 115|0x0000000087300000, 0x0000000087300000, 0x0000000087400000|  0%| F|  |TAMS 0x0000000087300000| PB 0x0000000087300000| Untracked 
| 116|0x0000000087400000, 0x0000000087400000, 0x0000000087500000|  0%| F|  |TAMS 0x0000000087400000| PB 0x0000000087400000| Untracked 
| 117|0x0000000087500000, 0x0000000087500000, 0x0000000087600000|  0%| F|  |TAMS 0x0000000087500000| PB 0x0000000087500000| Untracked 
| 118|0x0000000087600000, 0x0000000087600000, 0x0000000087700000|  0%| F|  |TAMS 0x0000000087600000| PB 0x0000000087600000| Untracked 
| 119|0x0000000087700000, 0x0000000087700000, 0x0000000087800000|  0%| F|  |TAMS 0x0000000087700000| PB 0x0000000087700000| Untracked 
| 120|0x0000000087800000, 0x0000000087800000, 0x0000000087900000|  0%| F|  |TAMS 0x0000000087800000| PB 0x0000000087800000| Untracked 
| 121|0x0000000087900000, 0x0000000087900000, 0x0000000087a00000|  0%| F|  |TAMS 0x0000000087900000| PB 0x0000000087900000| Untracked 
| 122|0x0000000087a00000, 0x0000000087a00000, 0x0000000087b00000|  0%| F|  |TAMS 0x0000000087a00000| PB 0x0000000087a00000| Untracked 
| 123|0x0000000087b00000, 0x0000000087b00000, 0x0000000087c00000|  0%| F|  |TAMS 0x0000000087b00000| PB 0x0000000087b00000| Untracked 
| 124|0x0000000087c00000, 0x0000000087c00000, 0x0000000087d00000|  0%| F|  |TAMS 0x0000000087c00000| PB 0x0000000087c00000| Untracked 
| 125|0x0000000087d00000, 0x0000000087d00000, 0x0000000087e00000|  0%| F|  |TAMS 0x0000000087d00000| PB 0x0000000087d00000| Untracked 
| 126|0x0000000087e00000, 0x0000000087e00000, 0x0000000087f00000|  0%| F|  |TAMS 0x0000000087e00000| PB 0x0000000087e00000| Untracked 
| 127|0x0000000087f00000, 0x0000000087fe2f08, 0x0000000088000000| 88%| S|CS|TAMS 0x0000000087f00000| PB 0x0000000087f00000| Complete 
| 128|0x0000000088000000, 0x0000000088100000, 0x0000000088100000|100%| S|CS|TAMS 0x0000000088000000| PB 0x0000000088000000| Complete 
| 129|0x0000000088100000, 0x0000000088100000, 0x0000000088200000|  0%| F|  |TAMS 0x0000000088100000| PB 0x0000000088100000| Untracked 
| 130|0x0000000088200000, 0x0000000088200000, 0x0000000088300000|  0%| F|  |TAMS 0x0000000088200000| PB 0x0000000088200000| Untracked 
| 131|0x0000000088300000, 0x0000000088300000, 0x0000000088400000|  0%| F|  |TAMS 0x0000000088300000| PB 0x0000000088300000| Untracked 
| 132|0x0000000088400000, 0x0000000088400000, 0x0000000088500000|  0%| F|  |TAMS 0x0000000088400000| PB 0x0000000088400000| Untracked 
| 133|0x0000000088500000, 0x0000000088500000, 0x0000000088600000|  0%| F|  |TAMS 0x0000000088500000| PB 0x0000000088500000| Untracked 
| 134|0x0000000088600000, 0x0000000088600000, 0x0000000088700000|  0%| F|  |TAMS 0x0000000088600000| PB 0x0000000088600000| Untracked 
| 135|0x0000000088700000, 0x0000000088700000, 0x0000000088800000|  0%| F|  |TAMS 0x0000000088700000| PB 0x0000000088700000| Untracked 
| 136|0x0000000088800000, 0x0000000088800000, 0x0000000088900000|  0%| F|  |TAMS 0x0000000088800000| PB 0x0000000088800000| Untracked 
| 137|0x0000000088900000, 0x0000000088900000, 0x0000000088a00000|  0%| F|  |TAMS 0x0000000088900000| PB 0x0000000088900000| Untracked 
| 138|0x0000000088a00000, 0x0000000088a00000, 0x0000000088b00000|  0%| F|  |TAMS 0x0000000088a00000| PB 0x0000000088a00000| Untracked 
| 139|0x0000000088b00000, 0x0000000088b00000, 0x0000000088c00000|  0%| F|  |TAMS 0x0000000088b00000| PB 0x0000000088b00000| Untracked 
| 140|0x0000000088c00000, 0x0000000088c80000, 0x0000000088d00000| 50%| E|  |TAMS 0x0000000088c00000| PB 0x0000000088c00000| Complete 
| 141|0x0000000088d00000, 0x0000000088e00000, 0x0000000088e00000|100%| E|CS|TAMS 0x0000000088d00000| PB 0x0000000088d00000| Complete 
| 142|0x0000000088e00000, 0x0000000088f00000, 0x0000000088f00000|100%| E|CS|TAMS 0x0000000088e00000| PB 0x0000000088e00000| Complete 
| 143|0x0000000088f00000, 0x0000000089000000, 0x0000000089000000|100%| E|CS|TAMS 0x0000000088f00000| PB 0x0000000088f00000| Complete 
| 144|0x0000000089000000, 0x0000000089100000, 0x0000000089100000|100%| E|CS|TAMS 0x0000000089000000| PB 0x0000000089000000| Complete 
| 145|0x0000000089100000, 0x0000000089200000, 0x0000000089200000|100%| E|CS|TAMS 0x0000000089100000| PB 0x0000000089100000| Complete 
| 146|0x0000000089200000, 0x0000000089300000, 0x0000000089300000|100%| E|CS|TAMS 0x0000000089200000| PB 0x0000000089200000| Complete 
| 147|0x0000000089300000, 0x0000000089400000, 0x0000000089400000|100%| E|CS|TAMS 0x0000000089300000| PB 0x0000000089300000| Complete 
| 148|0x0000000089400000, 0x0000000089500000, 0x0000000089500000|100%| E|CS|TAMS 0x0000000089400000| PB 0x0000000089400000| Complete 
| 149|0x0000000089500000, 0x0000000089600000, 0x0000000089600000|100%| E|CS|TAMS 0x0000000089500000| PB 0x0000000089500000| Complete 
| 150|0x0000000089600000, 0x0000000089700000, 0x0000000089700000|100%| E|CS|TAMS 0x0000000089600000| PB 0x0000000089600000| Complete 
| 151|0x0000000089700000, 0x0000000089800000, 0x0000000089800000|100%| E|CS|TAMS 0x0000000089700000| PB 0x0000000089700000| Complete 
| 152|0x0000000089800000, 0x0000000089900000, 0x0000000089900000|100%| E|CS|TAMS 0x0000000089800000| PB 0x0000000089800000| Complete 
| 153|0x0000000089900000, 0x0000000089a00000, 0x0000000089a00000|100%| E|CS|TAMS 0x0000000089900000| PB 0x0000000089900000| Complete 
| 154|0x0000000089a00000, 0x0000000089b00000, 0x0000000089b00000|100%| E|CS|TAMS 0x0000000089a00000| PB 0x0000000089a00000| Complete 
| 155|0x0000000089b00000, 0x0000000089c00000, 0x0000000089c00000|100%| E|CS|TAMS 0x0000000089b00000| PB 0x0000000089b00000| Complete 
| 156|0x0000000089c00000, 0x0000000089d00000, 0x0000000089d00000|100%| E|CS|TAMS 0x0000000089c00000| PB 0x0000000089c00000| Complete 
| 157|0x0000000089d00000, 0x0000000089e00000, 0x0000000089e00000|100%| E|CS|TAMS 0x0000000089d00000| PB 0x0000000089d00000| Complete 
| 158|0x0000000089e00000, 0x0000000089f00000, 0x0000000089f00000|100%| E|CS|TAMS 0x0000000089e00000| PB 0x0000000089e00000| Complete 
| 159|0x0000000089f00000, 0x000000008a000000, 0x000000008a000000|100%| E|CS|TAMS 0x0000000089f00000| PB 0x0000000089f00000| Complete 
| 160|0x000000008a000000, 0x000000008a100000, 0x000000008a100000|100%| E|CS|TAMS 0x000000008a000000| PB 0x000000008a000000| Complete 
|2045|0x00000000ffd00000, 0x00000000ffe00000, 0x00000000ffe00000|100%| O|  |TAMS 0x00000000ffd00000| PB 0x00000000ffd00000| Untracked 
|2046|0x00000000ffe00000, 0x00000000fff00000, 0x00000000fff00000|100%| O|  |TAMS 0x00000000ffe00000| PB 0x00000000ffe00000| Untracked 
|2047|0x00000000fff00000, 0x0000000100000000, 0x0000000100000000|100%| O|  |TAMS 0x00000000fff00000| PB 0x00000000fff00000| Untracked 

Card table byte_map: [0x000001db1c480000,0x000001db1c880000] _byte_map_base: 0x000001db1c080000

Marking Bits: (CMBitMap*) 0x000001db09a33a20
 Bits: [0x000001db1c880000, 0x000001db1e880000)

Polling page: 0x000001db077d0000

Metaspace:

Usage:
  Non-class:     61.97 MB used.
      Class:     10.02 MB used.
       Both:     71.99 MB used.

Virtual space:
  Non-class space:       64.00 MB reserved,      62.88 MB ( 98%) committed,  1 nodes.
      Class space:        1.00 GB reserved,      10.94 MB (  1%) committed,  1 nodes.
             Both:        1.06 GB reserved,      73.81 MB (  7%) committed. 

Chunk freelists:
   Non-Class:  1.02 MB
       Class:  5.11 MB
        Both:  6.12 MB

MaxMetaspaceSize: unlimited
CompressedClassSpaceSize: 1.00 GB
Initial GC threshold: 21.00 MB
Current GC threshold: 114.69 MB
CDS: off
 - commit_granule_bytes: 65536.
 - commit_granule_words: 8192.
 - virtual_space_node_default_size: 8388608.
 - enlarge_chunks_in_place: 1.
 - use_allocation_guard: 0.


Internal statistics:

num_allocs_failed_limit: 6.
num_arena_births: 3388.
num_arena_deaths: 0.
num_vsnodes_births: 2.
num_vsnodes_deaths: 0.
num_space_committed: 1181.
num_space_uncommitted: 0.
num_chunks_returned_to_freelist: 6.
num_chunks_taken_from_freelist: 6505.
num_chunk_merges: 6.
num_chunk_splits: 4194.
num_chunks_enlarged: 2540.
num_inconsistent_stats: 0.

CodeHeap 'non-profiled nmethods': size=120000Kb used=3473Kb max_used=3473Kb free=116526Kb
 bounds [0x000001db14600000, 0x000001db14970000, 0x000001db1bb30000]
CodeHeap 'profiled nmethods': size=120000Kb used=11738Kb max_used=11738Kb free=108261Kb
 bounds [0x000001db0cb30000, 0x000001db0d6b0000, 0x000001db14060000]
CodeHeap 'non-nmethods': size=5760Kb used=2761Kb max_used=2813Kb free=2999Kb
 bounds [0x000001db14060000, 0x000001db14330000, 0x000001db14600000]
 total_blobs=7193 nmethods=6291 adapters=805
 compilation: enabled
              stopped_count=0, restarted_count=0
 full_count=0

Compilation events (20 events):
Event: 27.234 Thread 0x000001db21723a10 7191       2       org.gradle.internal.component.external.model.AbstractConfigurationMetadata::getArtifactVariants (35 bytes)
Event: 27.235 Thread 0x000001db21723a10 nmethod 7191 0x000001db0d682390 code [0x000001db0d6825e0, 0x000001db0d682cc8]
Event: 27.235 Thread 0x000001db21723a10 7192       1       org.gradle.api.internal.artifacts.ivyservice.modulecache.ModuleComponentAtRepositoryKey::hashCode (5 bytes)
Event: 27.236 Thread 0x000001db21723a10 nmethod 7192 0x000001db1495d190 code [0x000001db1495d320, 0x000001db1495d3e8]
Event: 27.236 Thread 0x000001db21723a10 7189       1       org.gradle.internal.component.model.DefaultIvyArtifactName::hashCode (5 bytes)
Event: 27.236 Thread 0x000001db21723a10 nmethod 7189 0x000001db1495d490 code [0x000001db1495d620, 0x000001db1495d6e8]
Event: 27.236 Thread 0x000001db21723a10 7193       2       javax.management.ObjectName::addProperty (80 bytes)
Event: 27.237 Thread 0x000001db21723a10 nmethod 7193 0x000001db0d683110 code [0x000001db0d683320, 0x000001db0d683818]
Event: 27.242 Thread 0x000001db21723a10 7194       2       org.gradle.internal.component.model.DefaultExternalModuleComponentGraphResolveState$$Lambda/0x0000000100acdaf0::apply (8 bytes)
Event: 27.242 Thread 0x000001db21723a10 nmethod 7194 0x000001db0d683a90 code [0x000001db0d683c40, 0x000001db0d683df0]
Event: 27.243 Thread 0x000001db21723a10 7195       2       org.gradle.internal.component.model.DefaultExternalModuleComponentGraphResolveState::lambda$new$2 (12 bytes)
Event: 27.243 Thread 0x000001db21723a10 nmethod 7195 0x000001db0d683f10 code [0x000001db0d6840c0, 0x000001db0d684200]
Event: 27.243 Thread 0x000001db21723a10 7196       2       org.gradle.internal.component.external.model.VariantMetadataRules$$Lambda/0x0000000100acdfb8::apply (12 bytes)
Event: 27.243 Thread 0x000001db21723a10 nmethod 7196 0x000001db0d684310 code [0x000001db0d6844c0, 0x000001db0d684638]
Event: 27.243 Thread 0x000001db21723a10 7197       2       org.gradle.internal.component.external.model.VariantMetadataRules::lambda$getAttributes$0 (14 bytes)
Event: 27.243 Thread 0x000001db21723a10 nmethod 7197 0x000001db0d684710 code [0x000001db0d6848c0, 0x000001db0d684a00]
Event: 27.243 Thread 0x000001db21723a10 7198       2       org.gradle.api.internal.artifacts.repositories.metadata.DefaultMavenAttributesFactory::join (12 bytes)
Event: 27.243 Thread 0x000001db21723a10 nmethod 7198 0x000001db0d684a90 code [0x000001db0d684c40, 0x000001db0d684d78]
Event: 27.243 Thread 0x000001db21723a10 7199       2       org.gradle.api.internal.attributes.DefaultAttributesFactory::join (7 bytes)
Event: 27.243 Thread 0x000001db21723a10 nmethod 7199 0x000001db0d684e10 code [0x000001db0d684fc0, 0x000001db0d6850e8]

GC Heap History (20 events):
Event: 19.869 GC heap before
{Heap before GC invocations=13 (full 0):
 garbage-first heap   total 104448K, used 70125K [0x0000000080000000, 0x0000000100000000)
  region size 1024K, 10 young (10240K), 1 survivors (1024K)
 Metaspace       used 40362K, committed 41280K, reserved 1114112K
  class space    used 5614K, committed 6080K, reserved 1048576K
}
Event: 19.872 GC heap after
{Heap after GC invocations=14 (full 0):
 garbage-first heap   total 130048K, used 61677K [0x0000000080000000, 0x0000000100000000)
  region size 1024K, 2 young (2048K), 2 survivors (2048K)
 Metaspace       used 40362K, committed 41280K, reserved 1114112K
  class space    used 5614K, committed 6080K, reserved 1048576K
}
Event: 20.878 GC heap before
{Heap before GC invocations=14 (full 0):
 garbage-first heap   total 130048K, used 112877K [0x0000000080000000, 0x0000000100000000)
  region size 1024K, 53 young (54272K), 2 survivors (2048K)
 Metaspace       used 46937K, committed 47936K, reserved 1114112K
  class space    used 6343K, committed 6848K, reserved 1048576K
}
Event: 20.884 GC heap after
{Heap after GC invocations=15 (full 0):
 garbage-first heap   total 130048K, used 66772K [0x0000000080000000, 0x0000000100000000)
  region size 1024K, 7 young (7168K), 7 survivors (7168K)
 Metaspace       used 46937K, committed 47936K, reserved 1114112K
  class space    used 6343K, committed 6848K, reserved 1048576K
}
Event: 20.966 GC heap before
{Heap before GC invocations=15 (full 0):
 garbage-first heap   total 130048K, used 72916K [0x0000000080000000, 0x0000000100000000)
  region size 1024K, 12 young (12288K), 7 survivors (7168K)
 Metaspace       used 47268K, committed 48320K, reserved 1114112K
  class space    used 6377K, committed 6912K, reserved 1048576K
}
Event: 20.971 GC heap after
{Heap after GC invocations=16 (full 0):
 garbage-first heap   total 130048K, used 69258K [0x0000000080000000, 0x0000000100000000)
  region size 1024K, 1 young (1024K), 1 survivors (1024K)
 Metaspace       used 47268K, committed 48320K, reserved 1114112K
  class space    used 6377K, committed 6912K, reserved 1048576K
}
Event: 22.044 GC heap before
{Heap before GC invocations=17 (full 0):
 garbage-first heap   total 130048K, used 117386K [0x0000000080000000, 0x0000000100000000)
  region size 1024K, 46 young (47104K), 1 survivors (1024K)
 Metaspace       used 53317K, committed 54720K, reserved 1114112K
  class space    used 7252K, committed 7936K, reserved 1048576K
}
Event: 22.048 GC heap after
{Heap after GC invocations=18 (full 0):
 garbage-first heap   total 130048K, used 69925K [0x0000000080000000, 0x0000000100000000)
  region size 1024K, 4 young (4096K), 4 survivors (4096K)
 Metaspace       used 53317K, committed 54720K, reserved 1114112K
  class space    used 7252K, committed 7936K, reserved 1048576K
}
Event: 23.168 GC heap before
{Heap before GC invocations=18 (full 0):
 garbage-first heap   total 130048K, used 118053K [0x0000000080000000, 0x0000000100000000)
  region size 1024K, 49 young (50176K), 4 survivors (4096K)
 Metaspace       used 57630K, committed 59200K, reserved 1114112K
  class space    used 7964K, committed 8768K, reserved 1048576K
}
Event: 23.174 GC heap after
{Heap after GC invocations=19 (full 0):
 garbage-first heap   total 130048K, used 76904K [0x0000000080000000, 0x0000000100000000)
  region size 1024K, 7 young (7168K), 7 survivors (7168K)
 Metaspace       used 57630K, committed 59200K, reserved 1114112K
  class space    used 7964K, committed 8768K, reserved 1048576K
}
Event: 23.363 GC heap before
{Heap before GC invocations=19 (full 0):
 garbage-first heap   total 130048K, used 85096K [0x0000000080000000, 0x0000000100000000)
  region size 1024K, 17 young (17408K), 7 survivors (7168K)
 Metaspace       used 57763K, committed 59392K, reserved 1114112K
  class space    used 7965K, committed 8768K, reserved 1048576K
}
Event: 23.369 GC heap after
{Heap after GC invocations=20 (full 0):
 garbage-first heap   total 130048K, used 79931K [0x0000000080000000, 0x0000000100000000)
  region size 1024K, 4 young (4096K), 4 survivors (4096K)
 Metaspace       used 57763K, committed 59392K, reserved 1114112K
  class space    used 7965K, committed 8768K, reserved 1048576K
}
Event: 24.089 GC heap before
{Heap before GC invocations=21 (full 0):
 garbage-first heap   total 147456K, used 131131K [0x0000000080000000, 0x0000000100000000)
  region size 1024K, 39 young (39936K), 4 survivors (4096K)
 Metaspace       used 60297K, committed 61952K, reserved 1114112K
  class space    used 8214K, committed 9024K, reserved 1048576K
}
Event: 24.092 GC heap after
{Heap after GC invocations=22 (full 0):
 garbage-first heap   total 147456K, used 96187K [0x0000000080000000, 0x0000000100000000)
  region size 1024K, 3 young (3072K), 3 survivors (3072K)
 Metaspace       used 60297K, committed 61952K, reserved 1114112K
  class space    used 8214K, committed 9024K, reserved 1048576K
}
Event: 24.807 GC heap before
{Heap before GC invocations=22 (full 0):
 garbage-first heap   total 147456K, used 134075K [0x0000000080000000, 0x0000000100000000)
  region size 1024K, 40 young (40960K), 3 survivors (3072K)
 Metaspace       used 63927K, committed 65600K, reserved 1114112K
  class space    used 8741K, committed 9600K, reserved 1048576K
}
Event: 24.810 GC heap after
{Heap after GC invocations=23 (full 0):
 garbage-first heap   total 147456K, used 96961K [0x0000000080000000, 0x0000000100000000)
  region size 1024K, 4 young (4096K), 4 survivors (4096K)
 Metaspace       used 63927K, committed 65600K, reserved 1114112K
  class space    used 8741K, committed 9600K, reserved 1048576K
}
Event: 25.885 GC heap before
{Heap before GC invocations=23 (full 0):
 garbage-first heap   total 147456K, used 134849K [0x0000000080000000, 0x0000000100000000)
  region size 1024K, 41 young (41984K), 4 survivors (4096K)
 Metaspace       used 68693K, committed 70400K, reserved 1114112K
  class space    used 9477K, committed 10304K, reserved 1048576K
}
Event: 25.892 GC heap after
{Heap after GC invocations=24 (full 0):
 garbage-first heap   total 147456K, used 100069K [0x0000000080000000, 0x0000000100000000)
  region size 1024K, 5 young (5120K), 5 survivors (5120K)
 Metaspace       used 68693K, committed 70400K, reserved 1114112K
  class space    used 9477K, committed 10304K, reserved 1048576K
}
Event: 26.694 GC heap before
{Heap before GC invocations=25 (full 0):
 garbage-first heap   total 167936K, used 132837K [0x0000000080000000, 0x0000000100000000)
  region size 1024K, 37 young (37888K), 5 survivors (5120K)
 Metaspace       used 72075K, committed 73856K, reserved 1114112K
  class space    used 10043K, committed 10944K, reserved 1048576K
}
Event: 26.698 GC heap after
{Heap after GC invocations=26 (full 0):
 garbage-first heap   total 167936K, used 101878K [0x0000000080000000, 0x0000000100000000)
  region size 1024K, 2 young (2048K), 2 survivors (2048K)
 Metaspace       used 72075K, committed 73856K, reserved 1114112K
  class space    used 10043K, committed 10944K, reserved 1048576K
}

Dll operation events (3 events):
Event: 0.107 Loaded shared library C:\Program Files\Android\Android Studio\jbr\bin\java.dll
Event: 0.209 Loaded shared library C:\Program Files\Android\Android Studio\jbr\bin\zip.dll
Event: 2.617 Loaded shared library C:\Program Files\Android\Android Studio\jbr\bin\verify.dll

Deoptimization events (20 events):
Event: 26.879 Thread 0x000001db27040ca0 DEOPT PACKING pc=0x000001db14685ddc sp=0x000000369adf7d90
Event: 26.879 Thread 0x000001db27040ca0 DEOPT UNPACKING pc=0x000001db140b46a2 sp=0x000000369adf7d38 mode 2
Event: 27.098 Thread 0x000001db27040ca0 DEOPT PACKING pc=0x000001db0d575d78 sp=0x000000369adf6070
Event: 27.098 Thread 0x000001db27040ca0 DEOPT UNPACKING pc=0x000001db140b4e42 sp=0x000000369adf5558 mode 0
Event: 27.099 Thread 0x000001db27040ca0 Uncommon trap: trap_request=0xffffffc6 fr.pc=0x000001db149034fc relative=0x0000000000000d9c
Event: 27.099 Thread 0x000001db27040ca0 Uncommon trap: reason=bimorphic_or_optimized_type_check action=maybe_recompile pc=0x000001db149034fc method=java.util.HashMap.computeIfAbsent(Ljava/lang/Object;Ljava/util/function/Function;)Ljava/lang/Object; @ 142 c2
Event: 27.099 Thread 0x000001db27040ca0 DEOPT PACKING pc=0x000001db149034fc sp=0x000000369adf6170
Event: 27.099 Thread 0x000001db27040ca0 DEOPT UNPACKING pc=0x000001db140b46a2 sp=0x000000369adf6138 mode 2
Event: 27.106 Thread 0x000001db27040ca0 Uncommon trap: trap_request=0xffffffc6 fr.pc=0x000001db149034fc relative=0x0000000000000d9c
Event: 27.106 Thread 0x000001db27040ca0 Uncommon trap: reason=bimorphic_or_optimized_type_check action=maybe_recompile pc=0x000001db149034fc method=java.util.HashMap.computeIfAbsent(Ljava/lang/Object;Ljava/util/function/Function;)Ljava/lang/Object; @ 142 c2
Event: 27.106 Thread 0x000001db27040ca0 DEOPT PACKING pc=0x000001db149034fc sp=0x000000369adf6170
Event: 27.106 Thread 0x000001db27040ca0 DEOPT UNPACKING pc=0x000001db140b46a2 sp=0x000000369adf6138 mode 2
Event: 27.119 Thread 0x000001db27040ca0 Uncommon trap: trap_request=0xffffffc6 fr.pc=0x000001db149034fc relative=0x0000000000000d9c
Event: 27.119 Thread 0x000001db27040ca0 Uncommon trap: reason=bimorphic_or_optimized_type_check action=maybe_recompile pc=0x000001db149034fc method=java.util.HashMap.computeIfAbsent(Ljava/lang/Object;Ljava/util/function/Function;)Ljava/lang/Object; @ 142 c2
Event: 27.119 Thread 0x000001db27040ca0 DEOPT PACKING pc=0x000001db149034fc sp=0x000000369adf6170
Event: 27.119 Thread 0x000001db27040ca0 DEOPT UNPACKING pc=0x000001db140b46a2 sp=0x000000369adf6138 mode 2
Event: 27.135 Thread 0x000001db27040ca0 Uncommon trap: trap_request=0xffffffc6 fr.pc=0x000001db149034fc relative=0x0000000000000d9c
Event: 27.135 Thread 0x000001db27040ca0 Uncommon trap: reason=bimorphic_or_optimized_type_check action=maybe_recompile pc=0x000001db149034fc method=java.util.HashMap.computeIfAbsent(Ljava/lang/Object;Ljava/util/function/Function;)Ljava/lang/Object; @ 142 c2
Event: 27.135 Thread 0x000001db27040ca0 DEOPT PACKING pc=0x000001db149034fc sp=0x000000369adf6170
Event: 27.135 Thread 0x000001db27040ca0 DEOPT UNPACKING pc=0x000001db140b46a2 sp=0x000000369adf6138 mode 2

Classes loaded (20 events):
Event: 26.212 Loading class java/util/IdentityHashMap$EntrySet
Event: 26.213 Loading class java/util/IdentityHashMap$EntrySet done
Event: 26.214 Loading class java/util/IdentityHashMap$EntryIterator
Event: 26.214 Loading class java/util/IdentityHashMap$IdentityHashMapIterator
Event: 26.214 Loading class java/util/IdentityHashMap$IdentityHashMapIterator done
Event: 26.214 Loading class java/util/IdentityHashMap$EntryIterator done
Event: 26.214 Loading class java/util/IdentityHashMap$EntryIterator$Entry
Event: 26.214 Loading class java/util/IdentityHashMap$EntryIterator$Entry done
Event: 26.321 Loading class java/lang/invoke/SerializedLambda$1
Event: 26.321 Loading class java/lang/invoke/SerializedLambda$1 done
Event: 26.356 Loading class org/xml/sax/Locator
Event: 26.357 Loading class org/xml/sax/Locator done
Event: 26.358 Loading class org/xml/sax/SAXParseException
Event: 26.358 Loading class org/xml/sax/SAXParseException done
Event: 26.359 Loading class org/xml/sax/Attributes
Event: 26.360 Loading class org/xml/sax/Attributes done
Event: 26.464 Loading class java/util/DualPivotQuicksort
Event: 26.465 Loading class java/util/DualPivotQuicksort done
Event: 26.575 Loading class java/util/function/LongUnaryOperator
Event: 26.575 Loading class java/util/function/LongUnaryOperator done

Classes unloaded (0 events):
No events

Classes redefined (0 events):
No events

Internal exceptions (20 events):
Event: 26.315 Thread 0x000001db27040ca0 Exception <a 'java/lang/ClassNotFoundException'{0x0000000089307768}: org/gradle/api/invocation/GradleCustomizer> (0x0000000089307768) 
thrown [s\src\hotspot\share\classfile\systemDictionary.cpp, line 312]
Event: 26.319 Thread 0x000001db27040ca0 Exception <a 'java/lang/NoSuchMethodError'{0x00000000893298a0}: 'void java.lang.invoke.Invokers$Holder.invokeExact_MT(java.lang.Object, java.lang.Object, int, java.lang.Object)'> (0x00000000893298a0) 
thrown [s\src\hotspot\share\interpreter\linkResolver.cpp, line 784]
Event: 26.324 Thread 0x000001db27040ca0 Exception <a 'java/lang/NoSuchMethodError'{0x000000008934c448}: 'void java.lang.invoke.Invokers$Holder.invokeExact_MT(java.lang.Object, java.lang.Object, long, java.lang.Object)'> (0x000000008934c448) 
thrown [s\src\hotspot\share\interpreter\linkResolver.cpp, line 784]
Event: 26.344 Thread 0x000001db27040ca0 Exception <a 'java/lang/ClassNotFoundException'{0x0000000089288aa0}: org/gradle/api/internal/project/DefaultProject_DecoratedBeanInfo> (0x0000000089288aa0) 
thrown [s\src\hotspot\share\classfile\systemDictionary.cpp, line 312]
Event: 26.344 Thread 0x000001db27040ca0 Exception <a 'java/lang/ClassNotFoundException'{0x0000000089294cc0}: org/gradle/api/internal/project/DefaultProjectBeanInfo> (0x0000000089294cc0) 
thrown [s\src\hotspot\share\classfile\systemDictionary.cpp, line 312]
Event: 26.345 Thread 0x000001db27040ca0 Exception <a 'java/lang/ClassNotFoundException'{0x00000000892a0f98}: org/gradle/api/internal/project/DefaultProjectCustomizer> (0x00000000892a0f98) 
thrown [s\src\hotspot\share\classfile\systemDictionary.cpp, line 312]
Event: 26.353 Thread 0x000001db27040ca0 Exception <a 'java/lang/ClassNotFoundException'{0x000000008915f790}: org/gradle/api/internal/project/DefaultProject_DecoratedCustomizer> (0x000000008915f790) 
thrown [s\src\hotspot\share\classfile\systemDictionary.cpp, line 312]
Event: 26.576 Thread 0x000001db27040ca0 Exception <a 'java/lang/NoSuchMethodError'{0x00000000887cbd48}: 'long java.lang.invoke.DirectMethodHandle$Holder.invokeStatic(java.lang.Object, long)'> (0x00000000887cbd48) 
thrown [s\src\hotspot\share\interpreter\linkResolver.cpp, line 784]
Event: 26.663 Thread 0x000001db27040ca0 Exception <a 'java/lang/NoSuchMethodError'{0x0000000088257280}: 'java.lang.Object java.lang.invoke.DirectMethodHandle$Holder.invokeVirtual(java.lang.Object, java.lang.Object, java.lang.Object, java.lang.Object, java.lang.Object, java.lang.Object, java.lang.Object, java.lang.Object, java.lang.Object, java.lang.Object, java.lang.Object, java.lang.Object, java.lang.Object, java.lang.Object, java.lang.Object, java.lang.Object, java.lang.Object)'> (0x0000000088257280) 
thrown [s\src\hotspot\share\interpreter\li
Event: 26.663 Thread 0x000001db27040ca0 Exception <a 'java/lang/NoSuchMethodError'{0x000000008825d460}: 'java.lang.Object java.lang.invoke.DirectMethodHandle$Holder.invokeSpecial(java.lang.Object, java.lang.Object, java.lang.Object, java.lang.Object, java.lang.Object, java.lang.Object, java.lang.Object, java.lang.Object, java.lang.Object, java.lang.Object, java.lang.Object, java.lang.Object, java.lang.Object, java.lang.Object, java.lang.Object, java.lang.Object, java.lang.Object, java.lang.Object)'> (0x000000008825d460) 
thrown [s\src\hotspot\sh
Event: 26.664 Thread 0x000001db27040ca0 Exception <a 'java/lang/NoSuchMethodError'{0x0000000088262cd8}: 'java.lang.Object java.lang.invoke.DelegatingMethodHandle$Holder.reinvoke_L(java.lang.Object, java.lang.Object, java.lang.Object, java.lang.Object, java.lang.Object, java.lang.Object, java.lang.Object, java.lang.Object, java.lang.Object, java.lang.Object, java.lang.Object, java.lang.Object, java.lang.Object, java.lang.Object, java.lang.Object, java.lang.Object, java.lang.Object)'> (0x0000000088262cd8) 
thrown [s\src\hotspot\share\interpreter\l
Event: 26.841 Thread 0x000001db27040ca0 Exception <a 'java/lang/NoSuchMethodError'{0x0000000089ded8a0}: static Lorg/gradle/api/internal/catalog/DefaultVersionCatalog;.<clinit>()V> (0x0000000089ded8a0) 
thrown [s\src\hotspot\share\prims\jni.cpp, line 1144]
Event: 26.845 Thread 0x000001db27040ca0 Exception <a 'java/lang/NoSuchMethodError'{0x0000000089c2b358}: static [Ljava/lang/Object;.<clinit>()V> (0x0000000089c2b358) 
thrown [s\src\hotspot\share\prims\jni.cpp, line 1144]
Event: 26.847 Thread 0x000001db27040ca0 Exception <a 'java/lang/NoSuchMethodError'{0x0000000089c56348}: static Lorg/gradle/api/internal/catalog/DependencyModel;.<clinit>()V> (0x0000000089c56348) 
thrown [s\src\hotspot\share\prims\jni.cpp, line 1144]
Event: 26.848 Thread 0x000001db27040ca0 Exception <a 'java/lang/NoSuchMethodError'{0x0000000089c5a6c0}: static Lorg/gradle/api/internal/catalog/AbstractContextAwareModel;.<clinit>()V> (0x0000000089c5a6c0) 
thrown [s\src\hotspot\share\prims\jni.cpp, line 1144]
Event: 26.849 Thread 0x000001db27040ca0 Exception <a 'java/lang/NoSuchMethodError'{0x0000000089c76438}: static Lorg/gradle/api/internal/artifacts/dependencies/AbstractVersionConstraint;.<clinit>()V> (0x0000000089c76438) 
thrown [s\src\hotspot\share\prims\jni.cpp, line 1144]
Event: 26.854 Thread 0x000001db27040ca0 Exception <a 'java/lang/NoSuchMethodError'{0x0000000089ccde40}: static Lorg/gradle/api/internal/catalog/PluginModel;.<clinit>()V> (0x0000000089ccde40) 
thrown [s\src\hotspot\share\prims\jni.cpp, line 1144]
Event: 26.855 Thread 0x000001db27040ca0 Exception <a 'java/lang/NoSuchMethodError'{0x0000000089ce7490}: static Lorg/gradle/api/internal/catalog/VersionModel;.<clinit>()V> (0x0000000089ce7490) 
thrown [s\src\hotspot\share\prims\jni.cpp, line 1144]
Event: 26.961 Thread 0x000001db27040ca0 Exception <a 'java/lang/NoSuchMethodError'{0x00000000898a34d8}: 'int java.lang.invoke.DirectMethodHandle$Holder.invokeSpecialIFC(java.lang.Object, java.lang.Object, java.lang.Object)'> (0x00000000898a34d8) 
thrown [s\src\hotspot\share\interpreter\linkResolver.cpp, line 784]
Event: 27.042 Thread 0x000001db27040ca0 Exception <a 'java/lang/NoSuchMethodError'{0x0000000089437d58}: 'void java.lang.invoke.DirectMethodHandle$Holder.invokeStatic(java.lang.Object, java.lang.Object, java.lang.Object, int, java.lang.Object)'> (0x0000000089437d58) 
thrown [s\src\hotspot\share\interpreter\linkResolver.cpp, line 784]

ZGC Phase Switch (0 events):
No events

VM Operations (20 events):
Event: 25.746 Executing VM operation: HandshakeAllThreads (Deoptimize)
Event: 25.746 Executing VM operation: HandshakeAllThreads (Deoptimize) done
Event: 25.771 Executing VM operation: ICBufferFull
Event: 25.772 Executing VM operation: ICBufferFull done
Event: 25.885 Executing VM operation: G1CollectForAllocation (G1 Evacuation Pause)
Event: 25.892 Executing VM operation: G1CollectForAllocation (G1 Evacuation Pause) done
Event: 25.922 Executing VM operation: G1PauseRemark
Event: 25.928 Executing VM operation: G1PauseRemark done
Event: 25.938 Executing VM operation: G1PauseCleanup
Event: 25.939 Executing VM operation: G1PauseCleanup done
Event: 26.051 Executing VM operation: HandshakeAllThreads (Deoptimize)
Event: 26.051 Executing VM operation: HandshakeAllThreads (Deoptimize) done
Event: 26.260 Executing VM operation: HandshakeAllThreads (Deoptimize)
Event: 26.260 Executing VM operation: HandshakeAllThreads (Deoptimize) done
Event: 26.694 Executing VM operation: G1CollectForAllocation (G1 Evacuation Pause)
Event: 26.698 Executing VM operation: G1CollectForAllocation (G1 Evacuation Pause) done
Event: 27.059 Executing VM operation: HandshakeAllThreads (Deoptimize)
Event: 27.059 Executing VM operation: HandshakeAllThreads (Deoptimize) done
Event: 28.070 Executing VM operation: Cleanup
Event: 28.071 Executing VM operation: Cleanup done

Memory protections (0 events):
No events

Nmethod flushes (20 events):
Event: 25.926 Thread 0x000001db212f7a00 flushing  nmethod 0x000001db0ce36d90
Event: 25.926 Thread 0x000001db212f7a00 flushing  nmethod 0x000001db0cec5790
Event: 25.926 Thread 0x000001db212f7a00 flushing  nmethod 0x000001db0cf83890
Event: 25.926 Thread 0x000001db212f7a00 flushing  nmethod 0x000001db0cfee510
Event: 25.926 Thread 0x000001db212f7a00 flushing  nmethod 0x000001db0cff2610
Event: 25.926 Thread 0x000001db212f7a00 flushing  nmethod 0x000001db0d033a90
Event: 25.926 Thread 0x000001db212f7a00 flushing  nmethod 0x000001db0d0d3290
Event: 25.926 Thread 0x000001db212f7a00 flushing  nmethod 0x000001db0d0d3690
Event: 25.926 Thread 0x000001db212f7a00 flushing  nmethod 0x000001db0d14ec90
Event: 25.926 Thread 0x000001db212f7a00 flushing  nmethod 0x000001db0d152110
Event: 25.926 Thread 0x000001db212f7a00 flushing  nmethod 0x000001db0d152910
Event: 25.926 Thread 0x000001db212f7a00 flushing  nmethod 0x000001db0d198610
Event: 25.926 Thread 0x000001db212f7a00 flushing  nmethod 0x000001db0d241e90
Event: 25.926 Thread 0x000001db212f7a00 flushing  nmethod 0x000001db0d28ad90
Event: 25.926 Thread 0x000001db212f7a00 flushing  nmethod 0x000001db0d3cf010
Event: 25.926 Thread 0x000001db212f7a00 flushing  nmethod 0x000001db0d191d10
Event: 25.926 Thread 0x000001db212f7a00 flushing  nmethod 0x000001db0d1ede10
Event: 25.926 Thread 0x000001db212f7a00 flushing  nmethod 0x000001db0d29eb90
Event: 25.926 Thread 0x000001db212f7a00 flushing  nmethod 0x000001db0d2a9610
Event: 25.926 Thread 0x000001db212f7a00 flushing  nmethod 0x000001db0d2b6610

Events (20 events):
Event: 22.745 Thread 0x000001db27040ca0 Thread added: 0x000001db28463ad0
Event: 22.748 Thread 0x000001db27040ca0 Thread added: 0x000001db28464160
Event: 23.082 Thread 0x000001db27040ca0 Thread added: 0x000001db28466230
Event: 23.084 Thread 0x000001db27040ca0 Thread added: 0x000001db28465ba0
Event: 23.085 Thread 0x000001db27040ca0 Thread added: 0x000001db28464e80
Event: 23.086 Thread 0x000001db27040ca0 Thread added: 0x000001db28463440
Event: 23.087 Thread 0x000001db27040ca0 Thread added: 0x000001db28466f50
Event: 23.088 Thread 0x000001db27040ca0 Thread added: 0x000001db284647f0
Event: 23.097 Thread 0x000001db27040ca0 Thread added: 0x000001db284675e0
Event: 23.103 Thread 0x000001db27040ca0 Thread added: 0x000001db28468300
Event: 23.133 Thread 0x000001db27040ca0 Thread added: 0x000001db28468990
Event: 23.134 Thread 0x000001db27040ca0 Thread added: 0x000001db28467c70
Event: 23.135 Thread 0x000001db27040ca0 Thread added: 0x000001db28465510
Event: 23.137 Thread 0x000001db27040ca0 Thread added: 0x000001db284696b0
Event: 23.137 Thread 0x000001db27040ca0 Thread added: 0x000001db28469020
Event: 23.138 Thread 0x000001db27040ca0 Thread added: 0x000001db2af9d700
Event: 23.139 Thread 0x000001db27040ca0 Thread added: 0x000001db2af9f140
Event: 23.140 Thread 0x000001db27040ca0 Thread added: 0x000001db2af9dd90
Event: 23.141 Thread 0x000001db27040ca0 Thread added: 0x000001db2af9f7d0
Event: 23.753 Thread 0x000001db295f2280 Thread exited: 0x000001db295f2280


Dynamic libraries:
0x00007ff74d320000 - 0x00007ff74d32a000 	C:\Program Files\Android\Android Studio\jbr\bin\java.exe
0x00007ff9b9660000 - 0x00007ff9b98c7000 	C:\WINDOWS\SYSTEM32\ntdll.dll
0x00007ff9b8040000 - 0x00007ff9b8109000 	C:\WINDOWS\System32\KERNEL32.DLL
0x00007ff9b67e0000 - 0x00007ff9b6bcf000 	C:\WINDOWS\System32\KERNELBASE.dll
0x00007ff9b7200000 - 0x00007ff9b734b000 	C:\WINDOWS\System32\ucrtbase.dll
0x00007ff9aed10000 - 0x00007ff9aed2b000 	C:\Program Files\Android\Android Studio\jbr\bin\VCRUNTIME140.dll
0x00007ff9b1690000 - 0x00007ff9b16a8000 	C:\Program Files\Android\Android Studio\jbr\bin\jli.dll
0x00007ff9b78b0000 - 0x00007ff9b7a75000 	C:\WINDOWS\System32\USER32.dll
0x00007ff9b67b0000 - 0x00007ff9b67d7000 	C:\WINDOWS\System32\win32u.dll
0x00007ff9b8650000 - 0x00007ff9b867b000 	C:\WINDOWS\System32\GDI32.dll
0x00007ff9b6ea0000 - 0x00007ff9b6fcc000 	C:\WINDOWS\System32\gdi32full.dll
0x00007ff9b6d60000 - 0x00007ff9b6e03000 	C:\WINDOWS\System32\msvcp_win.dll
0x00007ff99d280000 - 0x00007ff99d513000 	C:\WINDOWS\WinSxS\amd64_microsoft.windows.common-controls_6595b64144ccf1df_6.0.26100.7309_none_3e05feeae336a044\COMCTL32.dll
0x00007ff9b8110000 - 0x00007ff9b81b9000 	C:\WINDOWS\System32\msvcrt.dll
0x00007ff9b7400000 - 0x00007ff9b7431000 	C:\WINDOWS\System32\IMM32.DLL
0x00007ff9b16b0000 - 0x00007ff9b16bc000 	C:\Program Files\Android\Android Studio\jbr\bin\vcruntime140_1.dll
0x00007ff9ac4e0000 - 0x00007ff9ac56d000 	C:\Program Files\Android\Android Studio\jbr\bin\msvcp140.dll
0x00007ff8abfa0000 - 0x00007ff8acc2e000 	C:\Program Files\Android\Android Studio\jbr\bin\server\jvm.dll
0x00007ff9b7c30000 - 0x00007ff9b7ce4000 	C:\WINDOWS\System32\ADVAPI32.dll
0x00007ff9b7f90000 - 0x00007ff9b8036000 	C:\WINDOWS\System32\sechost.dll
0x00007ff9b9230000 - 0x00007ff9b9348000 	C:\WINDOWS\System32\RPCRT4.dll
0x00007ff9b8ed0000 - 0x00007ff9b8f44000 	C:\WINDOWS\System32\WS2_32.dll
0x00007ff9b6610000 - 0x00007ff9b666e000 	C:\WINDOWS\SYSTEM32\POWRPROF.dll
0x00007ff9ac270000 - 0x00007ff9ac27b000 	C:\WINDOWS\SYSTEM32\VERSION.dll
0x00007ff9a6b70000 - 0x00007ff9a6ba5000 	C:\WINDOWS\SYSTEM32\WINMM.dll
0x00007ff9b65f0000 - 0x00007ff9b6604000 	C:\WINDOWS\SYSTEM32\UMPDC.dll
0x00007ff9b5560000 - 0x00007ff9b557b000 	C:\WINDOWS\SYSTEM32\kernel.appcore.dll
0x00007ff9ae7d0000 - 0x00007ff9ae7da000 	C:\Program Files\Android\Android Studio\jbr\bin\jimage.dll
0x00007ff9ab410000 - 0x00007ff9ab652000 	C:\WINDOWS\SYSTEM32\DBGHELP.DLL
0x00007ff9b7520000 - 0x00007ff9b78a6000 	C:\WINDOWS\System32\combase.dll
0x00007ff9b7440000 - 0x00007ff9b7516000 	C:\WINDOWS\System32\OLEAUT32.dll
0x00007ff97c7b0000 - 0x00007ff97c7ec000 	C:\WINDOWS\SYSTEM32\dbgcore.DLL
0x00007ff9b7350000 - 0x00007ff9b73f5000 	C:\WINDOWS\System32\bcryptPrimitives.dll
0x00007ff9aedf0000 - 0x00007ff9aedfe000 	C:\Program Files\Android\Android Studio\jbr\bin\instrument.dll
0x00007ff983ab0000 - 0x00007ff983ad0000 	C:\Program Files\Android\Android Studio\jbr\bin\java.dll
0x00007ff97fd50000 - 0x00007ff97fd68000 	C:\Program Files\Android\Android Studio\jbr\bin\zip.dll
0x00007ff9b86b0000 - 0x00007ff9b8e03000 	C:\WINDOWS\System32\SHELL32.dll
0x00007ff9b6fd0000 - 0x00007ff9b713a000 	C:\WINDOWS\System32\wintypes.dll
0x00007ff9b4380000 - 0x00007ff9b4bde000 	C:\WINDOWS\SYSTEM32\windows.storage.dll
0x00007ff9b7ab0000 - 0x00007ff9b7ba5000 	C:\WINDOWS\System32\SHCORE.dll
0x00007ff9b7bb0000 - 0x00007ff9b7c16000 	C:\WINDOWS\System32\shlwapi.dll
0x00007ff9b66d0000 - 0x00007ff9b66f9000 	C:\WINDOWS\SYSTEM32\profapi.dll
0x00007ff9ae7c0000 - 0x00007ff9ae7d0000 	C:\Program Files\Android\Android Studio\jbr\bin\net.dll
0x00007ff9af670000 - 0x00007ff9af798000 	C:\WINDOWS\SYSTEM32\WINHTTP.dll
0x00007ff9b5ad0000 - 0x00007ff9b5b3b000 	C:\WINDOWS\system32\mswsock.dll
0x00007ff97fb80000 - 0x00007ff97fb96000 	C:\Program Files\Android\Android Studio\jbr\bin\nio.dll
0x00007ff99fca0000 - 0x00007ff99fcb0000 	C:\Program Files\Android\Android Studio\jbr\bin\verify.dll
0x00007ff965f00000 - 0x00007ff965f27000 	C:\Users\NAVNIT KUMAR\.gradle\native\1def1411415f61bf3af743bc5b6707747c0891f09f0c88961ee8f79bc544acac\windows-amd64\native-platform.dll
0x00007ff9ac460000 - 0x00007ff9ac4d8000 	C:\Users\NAVNIT KUMAR\.gradle\native\0.2.7\x86_64-windows-gnu\gradle-fileevents.dll
0x00007ff9a0c20000 - 0x00007ff9a0c29000 	C:\Program Files\Android\Android Studio\jbr\bin\management.dll
0x00007ff9a0450000 - 0x00007ff9a045b000 	C:\Program Files\Android\Android Studio\jbr\bin\management_ext.dll
0x00007ff9b7c20000 - 0x00007ff9b7c28000 	C:\WINDOWS\System32\PSAPI.DLL
0x00007ff9b4fe0000 - 0x00007ff9b5014000 	C:\WINDOWS\SYSTEM32\IPHLPAPI.DLL
0x00007ff9b7d50000 - 0x00007ff9b7d5a000 	C:\WINDOWS\System32\NSI.dll
0x00007ff9a32f0000 - 0x00007ff9a32f9000 	C:\Program Files\Android\Android Studio\jbr\bin\extnet.dll
0x00007ff9b5d90000 - 0x00007ff9b5dab000 	C:\WINDOWS\SYSTEM32\CRYPTSP.dll
0x00007ff9b54c0000 - 0x00007ff9b54fa000 	C:\WINDOWS\system32\rsaenh.dll
0x00007ff9b5b80000 - 0x00007ff9b5bab000 	C:\WINDOWS\SYSTEM32\USERENV.dll
0x00007ff9b66a0000 - 0x00007ff9b66ca000 	C:\WINDOWS\SYSTEM32\bcrypt.dll
0x00007ff9b5db0000 - 0x00007ff9b5dbc000 	C:\WINDOWS\SYSTEM32\CRYPTBASE.dll
0x00007ff9aedd0000 - 0x00007ff9aedd8000 	C:\WINDOWS\system32\wshunix.dll

dbghelp: loaded successfully - version: 4.0.5 - missing functions: none
symbol engine: initialized successfully - sym options: 0x614 - pdb path: .;C:\Program Files\Android\Android Studio\jbr\bin;C:\WINDOWS\SYSTEM32;C:\WINDOWS\WinSxS\amd64_microsoft.windows.common-controls_6595b64144ccf1df_6.0.26100.7309_none_3e05feeae336a044;C:\Program Files\Android\Android Studio\jbr\bin\server;C:\Users\NAVNIT KUMAR\.gradle\native\1def1411415f61bf3af743bc5b6707747c0891f09f0c88961ee8f79bc544acac\windows-amd64;C:\Users\NAVNIT KUMAR\.gradle\native\0.2.7\x86_64-windows-gnu

VM Arguments:
jvm_args: --add-opens=java.base/java.lang=ALL-UNNAMED --add-opens=java.base/java.lang.invoke=ALL-UNNAMED --add-opens=java.base/java.util=ALL-UNNAMED --add-opens=java.prefs/java.util.prefs=ALL-UNNAMED --add-exports=jdk.compiler/com.sun.tools.javac.api=ALL-UNNAMED --add-exports=jdk.compiler/com.sun.tools.javac.util=ALL-UNNAMED --add-opens=java.base/java.util=ALL-UNNAMED --add-opens=java.prefs/java.util.prefs=ALL-UNNAMED --add-opens=java.base/java.nio.charset=ALL-UNNAMED --add-opens=java.base/java.net=ALL-UNNAMED --add-opens=java.base/java.util.concurrent.atomic=ALL-UNNAMED --add-opens=java.xml/javax.xml.namespace=ALL-UNNAMED -Xmx2048m -Dfile.encoding=UTF-8 -Duser.country=IN -Duser.language=en -Duser.variant -javaagent:C:\Users\NAVNIT KUMAR\.gradle\wrapper\dists\gradle-8.13-bin\5xuhj0ry160q40clulazy9h7d\gradle-8.13\lib\agents\gradle-instrumentation-agent-8.13.jar 
java_command: org.gradle.launcher.daemon.bootstrap.GradleDaemon 8.13
java_class_path (initial): C:\Users\NAVNIT KUMAR\.gradle\wrapper\dists\gradle-8.13-bin\5xuhj0ry160q40clulazy9h7d\gradle-8.13\lib\gradle-daemon-main-8.13.jar
Launcher Type: SUN_STANDARD

[Global flags]
     intx CICompilerCount                          = 4                                         {product} {ergonomic}
     uint ConcGCThreads                            = 3                                         {product} {ergonomic}
     uint G1ConcRefinementThreads                  = 10                                        {product} {ergonomic}
   size_t G1HeapRegionSize                         = 1048576                                   {product} {ergonomic}
    uintx GCDrainStackTargetSize                   = 64                                        {product} {ergonomic}
   size_t InitialHeapSize                          = 123731968                                 {product} {ergonomic}
   size_t MarkStackSize                            = 4194304                                   {product} {ergonomic}
   size_t MaxHeapSize                              = 2147483648                                {product} {command line}
   size_t MaxNewSize                               = 1287651328                                {product} {ergonomic}
   size_t MinHeapDeltaBytes                        = 1048576                                   {product} {ergonomic}
   size_t MinHeapSize                              = 8388608                                   {product} {ergonomic}
    uintx NonNMethodCodeHeapSize                   = 5839372                                {pd product} {ergonomic}
    uintx NonProfiledCodeHeapSize                  = 122909434                              {pd product} {ergonomic}
    uintx ProfiledCodeHeapSize                     = 122909434                              {pd product} {ergonomic}
    uintx ReservedCodeCacheSize                    = 251658240                              {pd product} {ergonomic}
     bool SegmentedCodeCache                       = true                                      {product} {ergonomic}
   size_t SoftMaxHeapSize                          = 2147483648                             {manageable} {ergonomic}
     bool UseCompressedOops                        = true                           {product lp64_product} {ergonomic}
     bool UseG1GC                                  = true                                      {product} {ergonomic}
     bool UseLargePagesIndividualAllocation        = false                                  {pd product} {ergonomic}

Logging:
Log output configuration:
 #0: stdout all=warning uptime,level,tags foldmultilines=false
 #1: stderr all=off uptime,level,tags foldmultilines=false

Environment Variables:
PATH=C:\Program Files\Common Files\Oracle\Java\javapath;C:\Program Files (x86)\Common Files\Oracle\Java\java8path;C:\Program Files (x86)\Common Files\Oracle\Java\javapath;C:\Windows\system32;C:\Windows;C:\Windows\System32\Wbem;C:\Windows\System32\WindowsPowerShell\v1.0\;C:\Windows\System32\OpenSSH\;C:\Program Files (x86)\NVIDIA Corporation\PhysX\Common;C:\WINDOWS\system32;C:\WINDOWS;C:\WINDOWS\System32\Wbem;C:\WINDOWS\System32\WindowsPowerShell\v1.0\;C:\WINDOWS\System32\OpenSSH\;C:\Program Files\NVIDIA Corporation\NVIDIA App\NvDLISR;C:\Program Files\Git\cmd;C:\Program Files\nodejs\;C:\Users\NAVNIT KUMAR\AppData\Local\Microsoft\WindowsApps;C:\Users\NAVNIT KUMAR\AppData\Local\Programs\Microsoft VS Code\bin;C:\MinGW\bin;C:\Users\NAVNIT KUMAR\AppData\Roaming\npm;C:\Users\NAVNIT KUMAR\AppData\Local\Programs\cursor\resources\app\bin;C:\Users\NAVNIT KUMAR\AppData\Local\Programs\Antigravity\bin
USERNAME=NAVNIT KUMAR
OS=Windows_NT
PROCESSOR_IDENTIFIER=AMD64 Family 25 Model 68 Stepping 1, AuthenticAMD
TMP=C:\Users\NAVNIT~1\AppData\Local\Temp
TEMP=C:\Users\NAVNIT~1\AppData\Local\Temp




Periodic native trim disabled

JNI global refs:
JNI global refs: 26, weak refs: 11

JNI global refs memory usage: 835, weak refs: 833

Process memory usage:
Resident Set Size: 314208K (4% of 7664432K total physical memory with 353488K free physical memory)

OOME stack traces (most recent first):
Classloader memory used:
Loader org.gradle.internal.classloader.VisitableURLClassLoader                         : 36866K
Loader bootstrap                                                                       : 23492K
Loader org.gradle.initialization.MixInLegacyTypesClassLoader                           : 10488K
Loader org.gradle.internal.classloader.VisitableURLClassLoader                         : 995K
Loader org.gradle.internal.classloader.VisitableURLClassLoader$InstrumentingVisitableURLClassLoader: 736K
Loader jdk.internal.loader.ClassLoaders$PlatformClassLoader                            : 519K
Loader jdk.internal.reflect.DelegatingClassLoader                                      : 259K
Loader jdk.internal.loader.ClassLoaders$AppClassLoader                                 : 235K
Loader org.gradle.groovy.scripts.internal.DefaultScriptCompilationHandler$ScriptClassLoader: 90920B
Loader org.codehaus.groovy.runtime.callsite.CallSiteClassLoader                        : 48856B

Classes loaded by more than one classloader:
Class org.gradle.api.GradleException                                                  : loaded 3 times (x 80B)
Class Program                                                                         : loaded 3 times (x 70B)
Class org.gradle.internal.classloader.ClassLoaderHierarchy                            : loaded 2 times (x 68B)
Class org.gradle.api.internal.classpath.ManifestUtil                                  : loaded 2 times (x 69B)
Class org.jetbrains.plugins.gradle.model.GradleExtensions                             : loaded 2 times (x 68B)
Class org.jetbrains.plugins.gradle.model.AnnotationProcessingModel                    : loaded 2 times (x 68B)
Class org.gradle.internal.operations.MultipleBuildOperationFailures                   : loaded 2 times (x 93B)
Class org.gradle.internal.classloader.DefaultClassLoaderFactory                       : loaded 2 times (x 80B)
Class kotlin.collections.AbstractList$Companion                                       : loaded 2 times (x 69B)
Class org.gradle.internal.classloader.ClassLoaderVisitor                              : loaded 2 times (x 74B)
Class org.gradle.api.internal.classpath.EffectiveClassPath                            : loaded 2 times (x 88B)
Class org.gradle.tooling.internal.gradle.DefaultProjectIdentifier                     : loaded 2 times (x 84B)
Class org.gradle.api.internal.DefaultClassPathProvider                                : loaded 2 times (x 74B)
Class [Lorg.gradle.api.internal.ClassPathProvider;                                    : loaded 2 times (x 67B)
Class org.gradle.api.internal.ClassPathProvider                                       : loaded 2 times (x 68B)
Class org.gradle.internal.service.UnknownServiceException                             : loaded 2 times (x 81B)
Class org.jetbrains.kotlin.idea.gradleTooling.KotlinDslScriptAdditionalTask           : loaded 2 times (x 68B)
Class org.gradle.internal.classpath.TransformedClassPath                              : loaded 2 times (x 94B)
Class org.gradle.internal.classloader.InstrumentingClassLoader                        : loaded 2 times (x 68B)
Class kotlin.enums.EnumEntriesList                                                    : loaded 2 times (x 221B)
Class org.gradle.internal.classloader.FilteringClassLoader                            : loaded 2 times (x 103B)
Class org.jetbrains.plugins.gradle.model.IntelliJSettings                             : loaded 2 times (x 68B)
Class org.gradle.internal.service.ServiceLocator                                      : loaded 2 times (x 68B)
Class org.gradle.tooling.model.UnsupportedMethodException                             : loaded 2 times (x 80B)
Class com.intellij.compose.ide.plugin.gradleTooling.rt.ComposeResourcesModel          : loaded 2 times (x 68B)
Class org.gradle.internal.InternalTransformer                                         : loaded 2 times (x 68B)
Class org.gradle.internal.time.DefaultTimer                                           : loaded 2 times (x 78B)
Class org.gradle.internal.classloader.ClasspathUtil$1                                 : loaded 2 times (x 74B)
Class org.gradle.api.internal.classpath.DefaultModuleRegistry$DefaultModule           : loaded 2 times (x 84B)
Class org.gradle.internal.time.DefaultCountdownTimer                                  : loaded 2 times (x 86B)
Class org.gradle.tooling.internal.gradle.DefaultBuildIdentifier                       : loaded 2 times (x 77B)
Class kotlin.Function                                                                 : loaded 2 times (x 68B)
Class org.gradle.api.internal.classpath.Module                                        : loaded 2 times (x 68B)
Class org.gradle.api.internal.classpath.UnknownModuleException                        : loaded 2 times (x 80B)
Class com.intellij.openapi.externalSystem.model.project.dependencies.ProjectDependencies: loaded 2 times (x 68B)
Class org.gradle.tooling.internal.gradle.GradleProjectIdentity                        : loaded 2 times (x 68B)
Class org.gradle.api.internal.DefaultClassPathRegistry                                : loaded 2 times (x 74B)
Class org.gradle.api.internal.ClassPathRegistry                                       : loaded 2 times (x 68B)
Class org.gradle.internal.classpath.DefaultClassPath$ImmutableUniqueList              : loaded 2 times (x 197B)
Class org.jetbrains.kotlin.idea.gradleTooling.KotlinSourceSetContainer                : loaded 2 times (x 68B)
Class Settings_gradle$1                                                               : loaded 2 times (x 72B)
Class org.gradle.internal.classpath.ClassPath                                         : loaded 2 times (x 68B)
Class org.gradle.api.UncheckedIOException                                             : loaded 2 times (x 80B)
Class org.jetbrains.kotlin.idea.gradleTooling.KotlinGradleModel                       : loaded 2 times (x 68B)
Class org.gradle.tooling.model.Model                                                  : loaded 2 times (x 68B)
Class kotlin.UninitializedPropertyAccessException                                     : loaded 2 times (x 80B)
Class org.jetbrains.plugins.gradle.model.IntelliJProjectSettings                      : loaded 2 times (x 68B)
Class org.gradle.internal.installation.GradleInstallation$1                           : loaded 2 times (x 73B)
Class org.gradle.api.internal.classpath.ModuleRegistry                                : loaded 2 times (x 68B)
Class org.jetbrains.plugins.gradle.model.VersionCatalogsModel                         : loaded 2 times (x 68B)
Class ijInit4_9slmw9vl5xuaij2koj83g19zm                                               : loaded 2 times (x 177B)
Class org.gradle.api.internal.classpath.DefaultModuleRegistry                         : loaded 2 times (x 84B)
Class org.gradle.internal.time.MonotonicClock                                         : loaded 2 times (x 75B)
Class org.gradle.internal.service.ServiceLookupException                              : loaded 2 times (x 80B)
Class org.gradle.internal.classloader.ClassLoaderFactory                              : loaded 2 times (x 68B)
Class org.gradle.internal.service.CachingServiceLocator                               : loaded 2 times (x 80B)
Class org.jetbrains.plugins.gradle.model.RepositoryModels                             : loaded 2 times (x 68B)
Class org.gradle.internal.time.TimeSource                                             : loaded 2 times (x 68B)
Class sync_studio_tooling3_2gjiubhtcbzp0qrczlz80ojdh                                  : loaded 2 times (x 177B)
Class org.gradle.tooling.internal.gradle.GradleBuildIdentity                          : loaded 2 times (x 68B)
Class kotlin.enums.EnumEntries                                                        : loaded 2 times (x 68B)
Class org.gradle.internal.exceptions.ResolutionProvider                               : loaded 2 times (x 68B)
Class org.gradle.tooling.model.ProjectIdentifier                                      : loaded 2 times (x 68B)
Class org.gradle.internal.classloader.ClasspathUtil                                   : loaded 2 times (x 69B)
Class org.gradle.internal.time.TimeSource$1                                           : loaded 2 times (x 75B)
Class kotlin.jvm.internal.DefaultConstructorMarker                                    : loaded 2 times (x 69B)
Class org.gradle.api.specs.Spec                                                       : loaded 2 times (x 68B)
Class org.gradle.internal.time.Clock                                                  : loaded 2 times (x 68B)
Class kotlin.collections.AbstractList                                                 : loaded 2 times (x 195B)
Class kotlin.collections.AbstractCollection                                           : loaded 2 times (x 115B)
Class org.gradle.internal.classloader.VisitableURLClassLoader$InstrumentingVisitableURLClassLoader: loaded 2 times (x 121B)
Class org.gradle.internal.classloader.VisitableURLClassLoader$Spec                    : loaded 2 times (x 72B)
Class org.gradle.internal.classpath.DefaultClassPath                                  : loaded 2 times (x 88B)
Class org.gradle.internal.classloader.ClassLoaderSpec                                 : loaded 2 times (x 69B)
Class Settings_gradle$1$1                                                             : loaded 2 times (x 72B)
Class kotlin.Unit                                                                     : loaded 2 times (x 69B)
Class org.gradle.internal.classloader.VisitableURLClassLoader                         : loaded 2 times (x 115B)
Class Settings_gradle                                                                 : loaded 2 times (x 126B)
Class org.gradle.internal.Cast                                                        : loaded 2 times (x 69B)
Class org.gradle.api.Action                                                           : loaded 2 times (x 68B)
Class kotlin.jvm.functions.Function1                                                  : loaded 2 times (x 68B)
Class org.gradle.internal.classpath.DefaultClassPath$ImmutableUniqueList$Builder      : loaded 2 times (x 73B)
Class kotlin.NotImplementedError                                                      : loaded 2 times (x 80B)
Class org.gradle.internal.exceptions.NonGradleCauseExceptionsHolder                   : loaded 2 times (x 68B)
Class org.jetbrains.plugins.gradle.tooling.ModelBuilderService$Parameter              : loaded 2 times (x 68B)
Class kotlin.enums.EnumEntriesKt                                                      : loaded 2 times (x 69B)
Class org.gradle.internal.IoActions                                                   : loaded 2 times (x 69B)
Class org.gradle.internal.classloader.SystemClassLoaderSpec                           : loaded 2 times (x 69B)
Class org.gradle.internal.exceptions.MultiCauseException                              : loaded 2 times (x 68B)
Class org.gradle.internal.time.CountdownTimer                                         : loaded 2 times (x 68B)
Class kotlin.jvm.internal.Intrinsics                                                  : loaded 2 times (x 69B)
Class org.gradle.tooling.model.ProjectModel                                           : loaded 2 times (x 68B)
Class kotlin.KotlinNullPointerException                                               : loaded 2 times (x 81B)
Class org.jetbrains.plugins.gradle.model.tests.ExternalTestsModel                     : loaded 2 times (x 68B)
Class org.gradle.internal.exceptions.DefaultMultiCauseException                       : loaded 2 times (x 93B)
Class org.gradle.internal.time.Time                                                   : loaded 2 times (x 69B)
Class org.jetbrains.plugins.gradle.model.DependencyAccessorsModel                     : loaded 2 times (x 68B)
Class org.gradle.api.internal.classpath.GlobalCacheRootsProvider                      : loaded 2 times (x 68B)
Class org.jetbrains.kotlin.idea.gradleTooling.KotlinMPPGradleModel                    : loaded 2 times (x 68B)
Class org.gradle.tooling.model.BuildIdentifier                                        : loaded 2 times (x 68B)
Class org.jetbrains.kotlin.idea.gradleTooling.PrepareKotlinIdeImportTaskModel         : loaded 2 times (x 68B)
Class org.gradle.internal.time.Timer                                                  : loaded 2 times (x 68B)
Class kotlin.jvm.internal.markers.KMappedMarker                                       : loaded 2 times (x 68B)
Class org.gradle.internal.installation.CurrentGradleInstallationLocator               : loaded 2 times (x 69B)
Class org.gradle.internal.service.DefaultServiceLocator                               : loaded 2 times (x 81B)
Class org.gradle.util.GradleVersion                                                   : loaded 2 times (x 77B)
Class org.gradle.internal.installation.CurrentGradleInstallation                      : loaded 2 times (x 71B)
Class org.jetbrains.plugins.gradle.javaModel.JavaGradleManifestModel                  : loaded 2 times (x 68B)
Class org.gradle.util.internal.GUtil                                                  : loaded 2 times (x 69B)
Class org.gradle.internal.installation.GradleInstallation                             : loaded 2 times (x 73B)

---------------  S Y S T E M  ---------------

OS:
 Windows 11 , 64 bit Build 26100 (10.0.26100.7623)
OS uptime: 0 days 22:08 hours
Hyper-V role detected

CPU: total 12 (initial active 12) (12 cores per cpu, 2 threads per core) family 25 model 68 stepping 1 microcode 0xa40410a, cx8, cmov, fxsr, ht, mmx, 3dnowpref, sse, sse2, sse3, ssse3, sse4a, sse4.1, sse4.2, popcnt, lzcnt, tsc, tscinvbit, avx, avx2, aes, erms, clmul, bmi1, bmi2, adx, sha, fma, vzeroupper, clflush, clflushopt, hv, rdtscp, rdpid, fsrm, f16c, cet_ss
Processor Information for the first 12 processors :
  Max Mhz: 3301, Current Mhz: 3301, Mhz Limit: 3301

Memory: 4k page, system-wide physical 7484M (341M free)
TotalPageFile size 30012M (AvailPageFile size 5M)
current process WorkingSet (physical memory assigned to process): 307M, peak: 308M
current process commit charge ("private bytes"): 414M, peak: 417M

vm_info: OpenJDK 64-Bit Server VM (21.0.7+-13880790-b1038.58) for windows-amd64 JRE (21.0.7+-13880790-b1038.58), built on 2025-08-04T20:56:21Z by "builder" with MS VC++ 16.10 / 16.11 (VS2019)

END.
