#
# There is insufficient memory for the Java Runtime Environment to continue.
# Native memory allocation (malloc) failed to allocate 1448496 bytes. Error detail: Chunk::new
# Possible reasons:
#   The system is out of physical RAM or swap space
#   This process is running with CompressedOops enabled, and the Java Heap may be blocking the growth of the native heap
# Possible solutions:
#   Reduce memory load on the system
#   Increase physical memory or swap space
#   Check if swap backing store is full
#   Decrease Java heap size (-Xmx/-Xms)
#   Decrease number of Java threads
#   Decrease Java thread stack sizes (-Xss)
#   Set larger code cache with -XX:ReservedCodeCacheSize=
#   JVM is running with Unscaled Compressed Oops mode in which the Java heap is
#     placed in the first 4GB address space. The Java Heap base address is the
#     maximum limit for the native heap growth. Please use -XX:HeapBaseMinAddress
#     to set the Java Heap base and to place the Java Heap above 4GB virtual address.
# This output file may be truncated or incomplete.
#
#  Out of Memory Error (arena.cpp:168), pid=59460, tid=52996
#
# JRE version: OpenJDK Runtime Environment (21.0.7) (build 21.0.7+-13880790-b1038.58)
# Java VM: OpenJDK 64-Bit Server VM (21.0.7+-13880790-b1038.58, mixed mode, tiered, compressed oops, compressed class ptrs, g1 gc, windows-amd64)
# No core dump will be written. Minidumps are not enabled by default on client versions of Windows
#

---------------  S U M M A R Y ------------

Command Line: org.jetbrains.kotlin.cli.jvm.K2JVMCompiler @D:\team rocket\android App\PassengerApp\app\build\20260121_5397122317068367020.compiler.options

Host: AMD Ryzen 5 7535HS with Radeon Graphics        , 12 cores, 7G,  Windows 11 , 64 bit Build 26100 (10.0.26100.7623)
Time: Wed Jan 21 23:29:36 2026 India Standard Time elapsed time: 34.874871 seconds (0d 0h 0m 34s)

---------------  T H R E A D  ---------------

Current thread (0x00000167040b7100):  JavaThread "C2 CompilerThread0" daemon [_thread_in_native, id=52996, stack(0x0000000e00d00000,0x0000000e00e00000) (1024K)]


Current CompileTask:
C2:34875 10128       4       org.jetbrains.kotlin.fir.deserialization.FirTypeDeserializer::simpleType (535 bytes)

Stack: [0x0000000e00d00000,0x0000000e00e00000]
Native frames: (J=compiled Java code, j=interpreted, Vv=VM code, C=native code)
V  [jvm.dll+0x6d25c9]
V  [jvm.dll+0x860923]
V  [jvm.dll+0x862e7e]
V  [jvm.dll+0x863563]
V  [jvm.dll+0x27f156]
V  [jvm.dll+0xc002d]
V  [jvm.dll+0xc0563]
V  [jvm.dll+0x3b6d01]
V  [jvm.dll+0x1de922]
V  [jvm.dll+0x247fc4]
V  [jvm.dll+0x247441]
V  [jvm.dll+0x1c5fb4]
V  [jvm.dll+0x256bac]
V  [jvm.dll+0x2550f6]
V  [jvm.dll+0x3f1d16]
V  [jvm.dll+0x808d08]
V  [jvm.dll+0x6d0e1d]
C  [ucrtbase.dll+0x37b0]
C  [KERNEL32.DLL+0x2e8d7]
C  [ntdll.dll+0x8c53c]


---------------  P R O C E S S  ---------------

Threads class SMR info:
_java_thread_list=0x0000016704226f00, length=11, elements={
0x00000167642d98d0, 0x0000016704054980, 0x0000016704057510, 0x000001670406c1f0,
0x000001670406f030, 0x0000016704078ab0, 0x000001670407abf0, 0x000001670407b780,
0x00000167040b7100, 0x00000167040ba330, 0x00000167042519a0
}

Java Threads: ( => current thread )
  0x00000167642d98d0 JavaThread "main"                              [_thread_in_Java, id=56368, stack(0x0000000e7fe00000,0x0000000e7ff00000) (1024K)]
  0x0000016704054980 JavaThread "Common-Cleaner"             daemon [_thread_blocked, id=51272, stack(0x0000000e00600000,0x0000000e00700000) (1024K)]
  0x0000016704057510 JavaThread "Reference Handler"          daemon [_thread_blocked, id=58340, stack(0x0000000e00700000,0x0000000e00800000) (1024K)]
  0x000001670406c1f0 JavaThread "Finalizer"                  daemon [_thread_blocked, id=55928, stack(0x0000000e00800000,0x0000000e00900000) (1024K)]
  0x000001670406f030 JavaThread "Signal Dispatcher"          daemon [_thread_blocked, id=56652, stack(0x0000000e00900000,0x0000000e00a00000) (1024K)]
  0x0000016704078ab0 JavaThread "Attach Listener"            daemon [_thread_blocked, id=40672, stack(0x0000000e00a00000,0x0000000e00b00000) (1024K)]
  0x000001670407abf0 JavaThread "Service Thread"             daemon [_thread_blocked, id=57788, stack(0x0000000e00b00000,0x0000000e00c00000) (1024K)]
  0x000001670407b780 JavaThread "Monitor Deflation Thread"   daemon [_thread_blocked, id=50740, stack(0x0000000e00c00000,0x0000000e00d00000) (1024K)]
=>0x00000167040b7100 JavaThread "C2 CompilerThread0"         daemon [_thread_in_native, id=52996, stack(0x0000000e00d00000,0x0000000e00e00000) (1024K)]
  0x00000167040ba330 JavaThread "C1 CompilerThread0"         daemon [_thread_in_vm, id=49316, stack(0x0000000e00e00000,0x0000000e00f00000) (1024K)]
  0x00000167042519a0 JavaThread "Notification Thread"        daemon [_thread_blocked, id=54496, stack(0x0000000e00f00000,0x0000000e01000000) (1024K)]
Total: 11

Other Threads:
  0x000001677babe400 VMThread "VM Thread"                           [id=55992, stack(0x0000000e00500000,0x0000000e00600000) (1024K)]
  0x000001677ba363e0 WatcherThread "VM Periodic Task Thread"        [id=52980, stack(0x0000000e00400000,0x0000000e00500000) (1024K)]
  0x0000016764328fe0 WorkerThread "GC Thread#0"                     [id=30600, stack(0x0000000e7ff00000,0x0000000e80000000) (1024K)]
  0x00000167049e4250 WorkerThread "GC Thread#1"                     [id=56232, stack(0x0000000e01000000,0x0000000e01100000) (1024K)]
  0x00000167049b75d0 WorkerThread "GC Thread#2"                     [id=54944, stack(0x0000000e01100000,0x0000000e01200000) (1024K)]
  0x00000167049b7970 WorkerThread "GC Thread#3"                     [id=54112, stack(0x0000000e01200000,0x0000000e01300000) (1024K)]
  0x00000167049b7d10 WorkerThread "GC Thread#4"                     [id=61076, stack(0x0000000e01300000,0x0000000e01400000) (1024K)]
  0x0000016704a08870 WorkerThread "GC Thread#5"                     [id=61324, stack(0x0000000e01400000,0x0000000e01500000) (1024K)]
  0x0000016704aa3c30 WorkerThread "GC Thread#6"                     [id=43116, stack(0x0000000e01500000,0x0000000e01600000) (1024K)]
  0x0000016704aa3150 WorkerThread "GC Thread#7"                     [id=58432, stack(0x0000000e01600000,0x0000000e01700000) (1024K)]
  0x00000167052a4060 WorkerThread "GC Thread#8"                     [id=60532, stack(0x0000000e01900000,0x0000000e01a00000) (1024K)]
  0x00000167052a7320 WorkerThread "GC Thread#9"                     [id=56400, stack(0x0000000e01a00000,0x0000000e01b00000) (1024K)]
  0x0000016764339fa0 ConcurrentGCThread "G1 Main Marker"            [id=37736, stack(0x0000000e00000000,0x0000000e00100000) (1024K)]
  0x000001676433aaa0 WorkerThread "G1 Conc#0"                       [id=52596, stack(0x0000000e00100000,0x0000000e00200000) (1024K)]
  0x0000016704aa3890 WorkerThread "G1 Conc#1"                       [id=53088, stack(0x0000000e01700000,0x0000000e01800000) (1024K)]
  0x0000016704aa34f0 WorkerThread "G1 Conc#2"                       [id=59036, stack(0x0000000e01800000,0x0000000e01900000) (1024K)]
  0x000001677b902170 ConcurrentGCThread "G1 Refine#0"               [id=1832, stack(0x0000000e00200000,0x0000000e00300000) (1024K)]
  0x000001677b904800 ConcurrentGCThread "G1 Service"                [id=47676, stack(0x0000000e00300000,0x0000000e00400000) (1024K)]
Total: 18

Threads with active compile tasks:
C2 CompilerThread0  34945 10128       4       org.jetbrains.kotlin.fir.deserialization.FirTypeDeserializer::simpleType (535 bytes)
C1 CompilerThread0  34945 10552       2       org.jetbrains.kotlin.fir.analysis.checkers.expression.FirNamedVarargChecker::check (445 bytes)
Total: 2

VM state: not at safepoint (normal execution)

VM Mutex/Monitor currently owned by a thread: None

Heap address: 0x000000008b000000, size: 1872 MB, Compressed Oops mode: 32-bit

CDS archive(s) not mapped
Compressed class space mapped at: 0x0000000100000000-0x0000000140000000, reserved size: 1073741824
Narrow klass base: 0x0000000000000000, Narrow klass shift: 3, Narrow klass range: 0x140000000

GC Precious Log:
 CardTable entry size: 512
 Card Set container configuration: InlinePtr #cards 5 size 8 Array Of Cards #cards 12 size 40 Howl #buckets 4 coarsen threshold 1843 Howl Bitmap #cards 512 size 80 coarsen threshold 460 Card regions per heap region 1 cards per card region 2048
 CPUs: 12 total, 12 available
 Memory: 7484M
 Large Page Support: Disabled
 NUMA Support: Disabled
 Compressed Oops: Enabled (32-bit)
 Heap Region Size: 1M
 Heap Min Capacity: 8M
 Heap Initial Capacity: 118M
 Heap Max Capacity: 1872M
 Pre-touch: Disabled
 Parallel Workers: 10
 Concurrent Workers: 3
 Concurrent Refinement Workers: 10
 Periodic GC: Disabled

Heap:
 garbage-first heap   total 265216K, used 174670K [0x000000008b000000, 0x0000000100000000)
  region size 1024K, 20 young (20480K), 7 survivors (7168K)
 Metaspace       used 66306K, committed 66624K, reserved 1114112K
  class space    used 7329K, committed 7488K, reserved 1048576K

Heap Regions: E=young(eden), S=young(survivor), O=old, HS=humongous(starts), HC=humongous(continues), CS=collection set, F=free, TAMS=top-at-mark-start, PB=parsable bottom
|   0|0x000000008b000000, 0x000000008b100000, 0x000000008b100000|100%|HS|  |TAMS 0x000000008b000000| PB 0x000000008b000000| Complete 
|   1|0x000000008b100000, 0x000000008b200000, 0x000000008b200000|100%|HC|  |TAMS 0x000000008b100000| PB 0x000000008b100000| Complete 
|   2|0x000000008b200000, 0x000000008b300000, 0x000000008b300000|100%|HC|  |TAMS 0x000000008b200000| PB 0x000000008b200000| Complete 
|   3|0x000000008b300000, 0x000000008b400000, 0x000000008b400000|100%| O|  |TAMS 0x000000008b300000| PB 0x000000008b300000| Untracked 
|   4|0x000000008b400000, 0x000000008b500000, 0x000000008b500000|100%| O|  |TAMS 0x000000008b400000| PB 0x000000008b400000| Untracked 
|   5|0x000000008b500000, 0x000000008b600000, 0x000000008b600000|100%| O|  |TAMS 0x000000008b500000| PB 0x000000008b500000| Untracked 
|   6|0x000000008b600000, 0x000000008b700000, 0x000000008b700000|100%| O|  |TAMS 0x000000008b600000| PB 0x000000008b600000| Untracked 
|   7|0x000000008b700000, 0x000000008b800000, 0x000000008b800000|100%| O|  |TAMS 0x000000008b700000| PB 0x000000008b700000| Untracked 
|   8|0x000000008b800000, 0x000000008b900000, 0x000000008b900000|100%| O|  |TAMS 0x000000008b800000| PB 0x000000008b800000| Untracked 
|   9|0x000000008b900000, 0x000000008ba00000, 0x000000008ba00000|100%| O|  |TAMS 0x000000008b900000| PB 0x000000008b900000| Untracked 
|  10|0x000000008ba00000, 0x000000008bb00000, 0x000000008bb00000|100%| O|  |TAMS 0x000000008ba00000| PB 0x000000008ba00000| Untracked 
|  11|0x000000008bb00000, 0x000000008bc00000, 0x000000008bc00000|100%| O|  |TAMS 0x000000008bb00000| PB 0x000000008bb00000| Untracked 
|  12|0x000000008bc00000, 0x000000008bd00000, 0x000000008bd00000|100%| O|  |TAMS 0x000000008bc00000| PB 0x000000008bc00000| Untracked 
|  13|0x000000008bd00000, 0x000000008be00000, 0x000000008be00000|100%| O|  |TAMS 0x000000008bd00000| PB 0x000000008bd00000| Untracked 
|  14|0x000000008be00000, 0x000000008bf00000, 0x000000008bf00000|100%| O|  |TAMS 0x000000008be00000| PB 0x000000008be00000| Untracked 
|  15|0x000000008bf00000, 0x000000008c000000, 0x000000008c000000|100%| O|  |TAMS 0x000000008bf00000| PB 0x000000008bf00000| Untracked 
|  16|0x000000008c000000, 0x000000008c100000, 0x000000008c100000|100%| O|  |TAMS 0x000000008c000000| PB 0x000000008c000000| Untracked 
|  17|0x000000008c100000, 0x000000008c200000, 0x000000008c200000|100%| O|  |TAMS 0x000000008c100000| PB 0x000000008c100000| Untracked 
|  18|0x000000008c200000, 0x000000008c300000, 0x000000008c300000|100%| O|  |TAMS 0x000000008c200000| PB 0x000000008c200000| Untracked 
|  19|0x000000008c300000, 0x000000008c400000, 0x000000008c400000|100%| O|  |TAMS 0x000000008c300000| PB 0x000000008c300000| Untracked 
|  20|0x000000008c400000, 0x000000008c500000, 0x000000008c500000|100%| O|  |TAMS 0x000000008c400000| PB 0x000000008c400000| Untracked 
|  21|0x000000008c500000, 0x000000008c600000, 0x000000008c600000|100%| O|  |TAMS 0x000000008c500000| PB 0x000000008c500000| Untracked 
|  22|0x000000008c600000, 0x000000008c700000, 0x000000008c700000|100%| O|  |TAMS 0x000000008c600000| PB 0x000000008c600000| Untracked 
|  23|0x000000008c700000, 0x000000008c800000, 0x000000008c800000|100%| O|  |TAMS 0x000000008c700000| PB 0x000000008c700000| Untracked 
|  24|0x000000008c800000, 0x000000008c900000, 0x000000008c900000|100%| O|  |TAMS 0x000000008c800000| PB 0x000000008c800000| Untracked 
|  25|0x000000008c900000, 0x000000008ca00000, 0x000000008ca00000|100%| O|  |TAMS 0x000000008c900000| PB 0x000000008c900000| Untracked 
|  26|0x000000008ca00000, 0x000000008cb00000, 0x000000008cb00000|100%| O|  |TAMS 0x000000008ca00000| PB 0x000000008ca00000| Untracked 
|  27|0x000000008cb00000, 0x000000008cc00000, 0x000000008cc00000|100%| O|  |TAMS 0x000000008cb00000| PB 0x000000008cb00000| Untracked 
|  28|0x000000008cc00000, 0x000000008cd00000, 0x000000008cd00000|100%| O|  |TAMS 0x000000008cc00000| PB 0x000000008cc00000| Untracked 
|  29|0x000000008cd00000, 0x000000008ce00000, 0x000000008ce00000|100%| O|  |TAMS 0x000000008cd00000| PB 0x000000008cd00000| Untracked 
|  30|0x000000008ce00000, 0x000000008cf00000, 0x000000008cf00000|100%| O|  |TAMS 0x000000008ce00000| PB 0x000000008ce00000| Untracked 
|  31|0x000000008cf00000, 0x000000008d000000, 0x000000008d000000|100%| O|  |TAMS 0x000000008cf00000| PB 0x000000008cf00000| Untracked 
|  32|0x000000008d000000, 0x000000008d100000, 0x000000008d100000|100%| O|  |TAMS 0x000000008d000000| PB 0x000000008d000000| Untracked 
|  33|0x000000008d100000, 0x000000008d200000, 0x000000008d200000|100%| O|  |TAMS 0x000000008d100000| PB 0x000000008d100000| Untracked 
|  34|0x000000008d200000, 0x000000008d200000, 0x000000008d300000|  0%| F|  |TAMS 0x000000008d200000| PB 0x000000008d200000| Untracked 
|  35|0x000000008d300000, 0x000000008d400000, 0x000000008d400000|100%| O|  |TAMS 0x000000008d300000| PB 0x000000008d300000| Untracked 
|  36|0x000000008d400000, 0x000000008d500000, 0x000000008d500000|100%| O|  |TAMS 0x000000008d400000| PB 0x000000008d400000| Untracked 
|  37|0x000000008d500000, 0x000000008d600000, 0x000000008d600000|100%| O|  |TAMS 0x000000008d500000| PB 0x000000008d500000| Untracked 
|  38|0x000000008d600000, 0x000000008d700000, 0x000000008d700000|100%| O|  |TAMS 0x000000008d600000| PB 0x000000008d600000| Untracked 
|  39|0x000000008d700000, 0x000000008d800000, 0x000000008d800000|100%| O|  |TAMS 0x000000008d700000| PB 0x000000008d700000| Untracked 
|  40|0x000000008d800000, 0x000000008d900000, 0x000000008d900000|100%| O|  |TAMS 0x000000008d800000| PB 0x000000008d800000| Untracked 
|  41|0x000000008d900000, 0x000000008da00000, 0x000000008da00000|100%| O|  |TAMS 0x000000008d900000| PB 0x000000008d900000| Untracked 
|  42|0x000000008da00000, 0x000000008db00000, 0x000000008db00000|100%| O|  |TAMS 0x000000008da00000| PB 0x000000008da00000| Untracked 
|  43|0x000000008db00000, 0x000000008dc00000, 0x000000008dc00000|100%| O|  |TAMS 0x000000008db00000| PB 0x000000008db00000| Untracked 
|  44|0x000000008dc00000, 0x000000008dd00000, 0x000000008dd00000|100%| O|  |TAMS 0x000000008dc00000| PB 0x000000008dc00000| Untracked 
|  45|0x000000008dd00000, 0x000000008de00000, 0x000000008de00000|100%| O|  |TAMS 0x000000008dd00000| PB 0x000000008dd00000| Untracked 
|  46|0x000000008de00000, 0x000000008df00000, 0x000000008df00000|100%| O|  |TAMS 0x000000008de00000| PB 0x000000008de00000| Untracked 
|  47|0x000000008df00000, 0x000000008e000000, 0x000000008e000000|100%| O|  |TAMS 0x000000008df00000| PB 0x000000008df00000| Untracked 
|  48|0x000000008e000000, 0x000000008e100000, 0x000000008e100000|100%| O|  |TAMS 0x000000008e000000| PB 0x000000008e000000| Untracked 
|  49|0x000000008e100000, 0x000000008e200000, 0x000000008e200000|100%| O|  |TAMS 0x000000008e100000| PB 0x000000008e100000| Untracked 
|  50|0x000000008e200000, 0x000000008e300000, 0x000000008e300000|100%| O|  |TAMS 0x000000008e200000| PB 0x000000008e200000| Untracked 
|  51|0x000000008e300000, 0x000000008e400000, 0x000000008e400000|100%| O|  |TAMS 0x000000008e300000| PB 0x000000008e300000| Untracked 
|  52|0x000000008e400000, 0x000000008e500000, 0x000000008e500000|100%| O|  |TAMS 0x000000008e400000| PB 0x000000008e400000| Untracked 
|  53|0x000000008e500000, 0x000000008e600000, 0x000000008e600000|100%| O|  |TAMS 0x000000008e500000| PB 0x000000008e500000| Untracked 
|  54|0x000000008e600000, 0x000000008e700000, 0x000000008e700000|100%| O|  |TAMS 0x000000008e600000| PB 0x000000008e600000| Untracked 
|  55|0x000000008e700000, 0x000000008e800000, 0x000000008e800000|100%| O|  |TAMS 0x000000008e700000| PB 0x000000008e700000| Untracked 
|  56|0x000000008e800000, 0x000000008e900000, 0x000000008e900000|100%| O|  |TAMS 0x000000008e800000| PB 0x000000008e800000| Untracked 
|  57|0x000000008e900000, 0x000000008ea00000, 0x000000008ea00000|100%| O|  |TAMS 0x000000008e900000| PB 0x000000008e900000| Untracked 
|  58|0x000000008ea00000, 0x000000008eb00000, 0x000000008eb00000|100%| O|  |TAMS 0x000000008ea00000| PB 0x000000008ea00000| Untracked 
|  59|0x000000008eb00000, 0x000000008ec00000, 0x000000008ec00000|100%| O|  |TAMS 0x000000008eb00000| PB 0x000000008eb00000| Untracked 
|  60|0x000000008ec00000, 0x000000008ed00000, 0x000000008ed00000|100%| O|  |TAMS 0x000000008ec00000| PB 0x000000008ec00000| Untracked 
|  61|0x000000008ed00000, 0x000000008ee00000, 0x000000008ee00000|100%| O|  |TAMS 0x000000008ed00000| PB 0x000000008ed00000| Untracked 
|  62|0x000000008ee00000, 0x000000008ef00000, 0x000000008ef00000|100%| O|  |TAMS 0x000000008ee00000| PB 0x000000008ee00000| Untracked 
|  63|0x000000008ef00000, 0x000000008f000000, 0x000000008f000000|100%| O|  |TAMS 0x000000008ef00000| PB 0x000000008ef00000| Untracked 
|  64|0x000000008f000000, 0x000000008f100000, 0x000000008f100000|100%| O|  |TAMS 0x000000008f000000| PB 0x000000008f000000| Untracked 
|  65|0x000000008f100000, 0x000000008f200000, 0x000000008f200000|100%| O|  |TAMS 0x000000008f100000| PB 0x000000008f100000| Untracked 
|  66|0x000000008f200000, 0x000000008f300000, 0x000000008f300000|100%| O|  |TAMS 0x000000008f200000| PB 0x000000008f200000| Untracked 
|  67|0x000000008f300000, 0x000000008f400000, 0x000000008f400000|100%| O|  |TAMS 0x000000008f300000| PB 0x000000008f300000| Untracked 
|  68|0x000000008f400000, 0x000000008f500000, 0x000000008f500000|100%| O|  |TAMS 0x000000008f400000| PB 0x000000008f400000| Untracked 
|  69|0x000000008f500000, 0x000000008f600000, 0x000000008f600000|100%| O|  |TAMS 0x000000008f500000| PB 0x000000008f500000| Untracked 
|  70|0x000000008f600000, 0x000000008f700000, 0x000000008f700000|100%| O|Cm|TAMS 0x000000008f600000| PB 0x000000008f600000| Complete 
|  71|0x000000008f700000, 0x000000008f800000, 0x000000008f800000|100%| O|  |TAMS 0x000000008f700000| PB 0x000000008f700000| Untracked 
|  72|0x000000008f800000, 0x000000008f900000, 0x000000008f900000|100%| O|  |TAMS 0x000000008f800000| PB 0x000000008f800000| Untracked 
|  73|0x000000008f900000, 0x000000008fa00000, 0x000000008fa00000|100%| O|  |TAMS 0x000000008f900000| PB 0x000000008f900000| Untracked 
|  74|0x000000008fa00000, 0x000000008fb00000, 0x000000008fb00000|100%| O|  |TAMS 0x000000008fa00000| PB 0x000000008fa00000| Untracked 
|  75|0x000000008fb00000, 0x000000008fc00000, 0x000000008fc00000|100%| O|  |TAMS 0x000000008fb00000| PB 0x000000008fb00000| Untracked 
|  76|0x000000008fc00000, 0x000000008fd00000, 0x000000008fd00000|100%| O|  |TAMS 0x000000008fc00000| PB 0x000000008fc00000| Untracked 
|  77|0x000000008fd00000, 0x000000008fe00000, 0x000000008fe00000|100%| O|  |TAMS 0x000000008fd00000| PB 0x000000008fd00000| Untracked 
|  78|0x000000008fe00000, 0x000000008ff00000, 0x000000008ff00000|100%| O|  |TAMS 0x000000008fe00000| PB 0x000000008fe00000| Untracked 
|  79|0x000000008ff00000, 0x0000000090000000, 0x0000000090000000|100%| O|  |TAMS 0x000000008ff00000| PB 0x000000008ff00000| Untracked 
|  80|0x0000000090000000, 0x0000000090100000, 0x0000000090100000|100%| O|  |TAMS 0x0000000090000000| PB 0x0000000090000000| Untracked 
|  81|0x0000000090100000, 0x0000000090200000, 0x0000000090200000|100%| O|  |TAMS 0x0000000090100000| PB 0x0000000090100000| Untracked 
|  82|0x0000000090200000, 0x0000000090300000, 0x0000000090300000|100%| O|  |TAMS 0x0000000090200000| PB 0x0000000090200000| Untracked 
|  83|0x0000000090300000, 0x0000000090400000, 0x0000000090400000|100%| O|  |TAMS 0x0000000090300000| PB 0x0000000090300000| Untracked 
|  84|0x0000000090400000, 0x0000000090500000, 0x0000000090500000|100%| O|  |TAMS 0x0000000090400000| PB 0x0000000090400000| Untracked 
|  85|0x0000000090500000, 0x0000000090600000, 0x0000000090600000|100%| O|  |TAMS 0x0000000090500000| PB 0x0000000090500000| Untracked 
|  86|0x0000000090600000, 0x0000000090700000, 0x0000000090700000|100%| O|  |TAMS 0x0000000090600000| PB 0x0000000090600000| Untracked 
|  87|0x0000000090700000, 0x0000000090800000, 0x0000000090800000|100%| O|  |TAMS 0x0000000090700000| PB 0x0000000090700000| Untracked 
|  88|0x0000000090800000, 0x0000000090900000, 0x0000000090900000|100%| O|  |TAMS 0x0000000090800000| PB 0x0000000090800000| Untracked 
|  89|0x0000000090900000, 0x0000000090a00000, 0x0000000090a00000|100%| O|  |TAMS 0x0000000090900000| PB 0x0000000090900000| Untracked 
|  90|0x0000000090a00000, 0x0000000090b00000, 0x0000000090b00000|100%| O|  |TAMS 0x0000000090a00000| PB 0x0000000090a00000| Untracked 
|  91|0x0000000090b00000, 0x0000000090c00000, 0x0000000090c00000|100%| O|  |TAMS 0x0000000090b00000| PB 0x0000000090b00000| Untracked 
|  92|0x0000000090c00000, 0x0000000090d00000, 0x0000000090d00000|100%| O|  |TAMS 0x0000000090c00000| PB 0x0000000090c00000| Untracked 
|  93|0x0000000090d00000, 0x0000000090e00000, 0x0000000090e00000|100%| O|  |TAMS 0x0000000090d00000| PB 0x0000000090d00000| Untracked 
|  94|0x0000000090e00000, 0x0000000090f00000, 0x0000000090f00000|100%| O|  |TAMS 0x0000000090e00000| PB 0x0000000090e00000| Untracked 
|  95|0x0000000090f00000, 0x0000000091000000, 0x0000000091000000|100%| O|  |TAMS 0x0000000090f00000| PB 0x0000000090f00000| Untracked 
|  96|0x0000000091000000, 0x0000000091100000, 0x0000000091100000|100%| O|  |TAMS 0x0000000091000000| PB 0x0000000091000000| Untracked 
|  97|0x0000000091100000, 0x0000000091200000, 0x0000000091200000|100%| O|  |TAMS 0x0000000091100000| PB 0x0000000091100000| Untracked 
|  98|0x0000000091200000, 0x0000000091300000, 0x0000000091300000|100%| O|  |TAMS 0x0000000091200000| PB 0x0000000091200000| Untracked 
|  99|0x0000000091300000, 0x0000000091400000, 0x0000000091400000|100%| O|  |TAMS 0x0000000091300000| PB 0x0000000091300000| Untracked 
| 100|0x0000000091400000, 0x0000000091500000, 0x0000000091500000|100%| O|  |TAMS 0x0000000091400000| PB 0x0000000091400000| Untracked 
| 101|0x0000000091500000, 0x0000000091600000, 0x0000000091600000|100%| O|  |TAMS 0x0000000091500000| PB 0x0000000091500000| Untracked 
| 102|0x0000000091600000, 0x0000000091700000, 0x0000000091700000|100%| O|  |TAMS 0x0000000091600000| PB 0x0000000091600000| Untracked 
| 103|0x0000000091700000, 0x0000000091800000, 0x0000000091800000|100%| O|  |TAMS 0x0000000091700000| PB 0x0000000091700000| Untracked 
| 104|0x0000000091800000, 0x0000000091900000, 0x0000000091900000|100%| O|  |TAMS 0x0000000091800000| PB 0x0000000091800000| Untracked 
| 105|0x0000000091900000, 0x0000000091a00000, 0x0000000091a00000|100%| O|  |TAMS 0x0000000091900000| PB 0x0000000091900000| Untracked 
| 106|0x0000000091a00000, 0x0000000091b00000, 0x0000000091b00000|100%| O|  |TAMS 0x0000000091a00000| PB 0x0000000091a00000| Untracked 
| 107|0x0000000091b00000, 0x0000000091c00000, 0x0000000091c00000|100%| O|  |TAMS 0x0000000091b00000| PB 0x0000000091b00000| Untracked 
| 108|0x0000000091c00000, 0x0000000091d00000, 0x0000000091d00000|100%| O|  |TAMS 0x0000000091c00000| PB 0x0000000091c00000| Untracked 
| 109|0x0000000091d00000, 0x0000000091e00000, 0x0000000091e00000|100%| O|  |TAMS 0x0000000091d00000| PB 0x0000000091d00000| Untracked 
| 110|0x0000000091e00000, 0x0000000091f00000, 0x0000000091f00000|100%| O|  |TAMS 0x0000000091e00000| PB 0x0000000091e00000| Untracked 
| 111|0x0000000091f00000, 0x0000000092000000, 0x0000000092000000|100%| O|  |TAMS 0x0000000091f00000| PB 0x0000000091f00000| Untracked 
| 112|0x0000000092000000, 0x0000000092100000, 0x0000000092100000|100%| O|  |TAMS 0x0000000092000000| PB 0x0000000092000000| Untracked 
| 113|0x0000000092100000, 0x0000000092200000, 0x0000000092200000|100%| O|  |TAMS 0x0000000092100000| PB 0x0000000092100000| Untracked 
| 114|0x0000000092200000, 0x0000000092300000, 0x0000000092300000|100%| O|  |TAMS 0x0000000092200000| PB 0x0000000092200000| Untracked 
| 115|0x0000000092300000, 0x0000000092400000, 0x0000000092400000|100%| O|  |TAMS 0x0000000092300000| PB 0x0000000092300000| Untracked 
| 116|0x0000000092400000, 0x0000000092500000, 0x0000000092500000|100%| O|  |TAMS 0x0000000092400000| PB 0x0000000092400000| Untracked 
| 117|0x0000000092500000, 0x0000000092600000, 0x0000000092600000|100%| O|  |TAMS 0x0000000092500000| PB 0x0000000092500000| Untracked 
| 118|0x0000000092600000, 0x0000000092700000, 0x0000000092700000|100%| O|  |TAMS 0x0000000092600000| PB 0x0000000092600000| Untracked 
| 119|0x0000000092700000, 0x0000000092800000, 0x0000000092800000|100%| O|  |TAMS 0x0000000092700000| PB 0x0000000092700000| Untracked 
| 120|0x0000000092800000, 0x0000000092900000, 0x0000000092900000|100%| O|  |TAMS 0x0000000092800000| PB 0x0000000092800000| Untracked 
| 121|0x0000000092900000, 0x0000000092a00000, 0x0000000092a00000|100%| O|  |TAMS 0x0000000092900000| PB 0x0000000092900000| Untracked 
| 122|0x0000000092a00000, 0x0000000092b00000, 0x0000000092b00000|100%| O|  |TAMS 0x0000000092a00000| PB 0x0000000092a00000| Untracked 
| 123|0x0000000092b00000, 0x0000000092c00000, 0x0000000092c00000|100%| O|  |TAMS 0x0000000092b00000| PB 0x0000000092b00000| Untracked 
| 124|0x0000000092c00000, 0x0000000092d00000, 0x0000000092d00000|100%| O|  |TAMS 0x0000000092c00000| PB 0x0000000092c00000| Untracked 
| 125|0x0000000092d00000, 0x0000000092e00000, 0x0000000092e00000|100%| O|  |TAMS 0x0000000092d00000| PB 0x0000000092d00000| Untracked 
| 126|0x0000000092e00000, 0x0000000092f00000, 0x0000000092f00000|100%| O|  |TAMS 0x0000000092e00000| PB 0x0000000092e00000| Untracked 
| 127|0x0000000092f00000, 0x0000000093000000, 0x0000000093000000|100%| O|  |TAMS 0x0000000092f00000| PB 0x0000000092f00000| Untracked 
| 128|0x0000000093000000, 0x0000000093100000, 0x0000000093100000|100%| O|  |TAMS 0x0000000093000000| PB 0x0000000093000000| Untracked 
| 129|0x0000000093100000, 0x0000000093200000, 0x0000000093200000|100%| O|  |TAMS 0x0000000093100000| PB 0x0000000093100000| Untracked 
| 130|0x0000000093200000, 0x0000000093300000, 0x0000000093300000|100%| O|  |TAMS 0x0000000093200000| PB 0x0000000093200000| Untracked 
| 131|0x0000000093300000, 0x0000000093400000, 0x0000000093400000|100%| O|Cm|TAMS 0x0000000093300000| PB 0x0000000093300000| Complete 
| 132|0x0000000093400000, 0x0000000093500000, 0x0000000093500000|100%| O|Cm|TAMS 0x0000000093400000| PB 0x0000000093400000| Complete 
| 133|0x0000000093500000, 0x0000000093600000, 0x0000000093600000|100%| O|  |TAMS 0x0000000093500000| PB 0x0000000093500000| Untracked 
| 134|0x0000000093600000, 0x0000000093700000, 0x0000000093700000|100%| O|  |TAMS 0x0000000093600000| PB 0x0000000093600000| Untracked 
| 135|0x0000000093700000, 0x0000000093800000, 0x0000000093800000|100%| O|  |TAMS 0x0000000093700000| PB 0x0000000093700000| Untracked 
| 136|0x0000000093800000, 0x0000000093900000, 0x0000000093900000|100%| O|  |TAMS 0x0000000093800000| PB 0x0000000093800000| Untracked 
| 137|0x0000000093900000, 0x0000000093a00000, 0x0000000093a00000|100%| O|  |TAMS 0x0000000093900000| PB 0x0000000093900000| Untracked 
| 138|0x0000000093a00000, 0x0000000093b00000, 0x0000000093b00000|100%| O|  |TAMS 0x0000000093a00000| PB 0x0000000093a00000| Untracked 
| 139|0x0000000093b00000, 0x0000000093c00000, 0x0000000093c00000|100%| O|  |TAMS 0x0000000093b00000| PB 0x0000000093b00000| Untracked 
| 140|0x0000000093c00000, 0x0000000093d00000, 0x0000000093d00000|100%| O|  |TAMS 0x0000000093c00000| PB 0x0000000093c00000| Untracked 
| 141|0x0000000093d00000, 0x0000000093e00000, 0x0000000093e00000|100%| O|  |TAMS 0x0000000093d00000| PB 0x0000000093d00000| Untracked 
| 142|0x0000000093e00000, 0x0000000093f00000, 0x0000000093f00000|100%| O|  |TAMS 0x0000000093e00000| PB 0x0000000093e00000| Untracked 
| 143|0x0000000093f00000, 0x0000000094000000, 0x0000000094000000|100%| O|  |TAMS 0x0000000093f00000| PB 0x0000000093f00000| Untracked 
| 144|0x0000000094000000, 0x0000000094100000, 0x0000000094100000|100%| O|  |TAMS 0x0000000094000000| PB 0x0000000094000000| Untracked 
| 145|0x0000000094100000, 0x0000000094200000, 0x0000000094200000|100%| O|  |TAMS 0x0000000094100000| PB 0x0000000094100000| Untracked 
| 146|0x0000000094200000, 0x0000000094300000, 0x0000000094300000|100%| O|  |TAMS 0x0000000094200000| PB 0x0000000094200000| Untracked 
| 147|0x0000000094300000, 0x0000000094400000, 0x0000000094400000|100%| O|  |TAMS 0x0000000094300000| PB 0x0000000094300000| Untracked 
| 148|0x0000000094400000, 0x0000000094500000, 0x0000000094500000|100%| O|  |TAMS 0x0000000094400000| PB 0x0000000094400000| Untracked 
| 149|0x0000000094500000, 0x0000000094600000, 0x0000000094600000|100%| O|  |TAMS 0x0000000094500000| PB 0x0000000094500000| Untracked 
| 150|0x0000000094600000, 0x0000000094693a90, 0x0000000094700000| 57%| O|  |TAMS 0x0000000094600000| PB 0x0000000094600000| Untracked 
| 151|0x0000000094700000, 0x0000000094700000, 0x0000000094800000|  0%| F|  |TAMS 0x0000000094700000| PB 0x0000000094700000| Untracked 
| 152|0x0000000094800000, 0x0000000094800000, 0x0000000094900000|  0%| F|  |TAMS 0x0000000094800000| PB 0x0000000094800000| Untracked 
| 153|0x0000000094900000, 0x0000000094900000, 0x0000000094a00000|  0%| F|  |TAMS 0x0000000094900000| PB 0x0000000094900000| Untracked 
| 154|0x0000000094a00000, 0x0000000094a00000, 0x0000000094b00000|  0%| F|  |TAMS 0x0000000094a00000| PB 0x0000000094a00000| Untracked 
| 155|0x0000000094b00000, 0x0000000094b00000, 0x0000000094c00000|  0%| F|  |TAMS 0x0000000094b00000| PB 0x0000000094b00000| Untracked 
| 156|0x0000000094c00000, 0x0000000094c00000, 0x0000000094d00000|  0%| F|  |TAMS 0x0000000094c00000| PB 0x0000000094c00000| Untracked 
| 157|0x0000000094d00000, 0x0000000094d00000, 0x0000000094e00000|  0%| F|  |TAMS 0x0000000094d00000| PB 0x0000000094d00000| Untracked 
| 158|0x0000000094e00000, 0x0000000094e00000, 0x0000000094f00000|  0%| F|  |TAMS 0x0000000094e00000| PB 0x0000000094e00000| Untracked 
| 159|0x0000000094f00000, 0x0000000094f00000, 0x0000000095000000|  0%| F|  |TAMS 0x0000000094f00000| PB 0x0000000094f00000| Untracked 
| 160|0x0000000095000000, 0x0000000095000000, 0x0000000095100000|  0%| F|  |TAMS 0x0000000095000000| PB 0x0000000095000000| Untracked 
| 161|0x0000000095100000, 0x0000000095100000, 0x0000000095200000|  0%| F|  |TAMS 0x0000000095100000| PB 0x0000000095100000| Untracked 
| 162|0x0000000095200000, 0x0000000095200000, 0x0000000095300000|  0%| F|  |TAMS 0x0000000095200000| PB 0x0000000095200000| Untracked 
| 163|0x0000000095300000, 0x0000000095300000, 0x0000000095400000|  0%| F|  |TAMS 0x0000000095300000| PB 0x0000000095300000| Untracked 
| 164|0x0000000095400000, 0x0000000095400000, 0x0000000095500000|  0%| F|  |TAMS 0x0000000095400000| PB 0x0000000095400000| Untracked 
| 165|0x0000000095500000, 0x0000000095500000, 0x0000000095600000|  0%| F|  |TAMS 0x0000000095500000| PB 0x0000000095500000| Untracked 
| 166|0x0000000095600000, 0x0000000095600000, 0x0000000095700000|  0%| F|  |TAMS 0x0000000095600000| PB 0x0000000095600000| Untracked 
| 167|0x0000000095700000, 0x0000000095700000, 0x0000000095800000|  0%| F|  |TAMS 0x0000000095700000| PB 0x0000000095700000| Untracked 
| 168|0x0000000095800000, 0x0000000095800000, 0x0000000095900000|  0%| F|  |TAMS 0x0000000095800000| PB 0x0000000095800000| Untracked 
| 169|0x0000000095900000, 0x0000000095900000, 0x0000000095a00000|  0%| F|  |TAMS 0x0000000095900000| PB 0x0000000095900000| Untracked 
| 170|0x0000000095a00000, 0x0000000095a00000, 0x0000000095b00000|  0%| F|  |TAMS 0x0000000095a00000| PB 0x0000000095a00000| Untracked 
| 171|0x0000000095b00000, 0x0000000095b00000, 0x0000000095c00000|  0%| F|  |TAMS 0x0000000095b00000| PB 0x0000000095b00000| Untracked 
| 172|0x0000000095c00000, 0x0000000095c00000, 0x0000000095d00000|  0%| F|  |TAMS 0x0000000095c00000| PB 0x0000000095c00000| Untracked 
| 173|0x0000000095d00000, 0x0000000095d00000, 0x0000000095e00000|  0%| F|  |TAMS 0x0000000095d00000| PB 0x0000000095d00000| Untracked 
| 174|0x0000000095e00000, 0x0000000095e00000, 0x0000000095f00000|  0%| F|  |TAMS 0x0000000095e00000| PB 0x0000000095e00000| Untracked 
| 175|0x0000000095f00000, 0x0000000095f00000, 0x0000000096000000|  0%| F|  |TAMS 0x0000000095f00000| PB 0x0000000095f00000| Untracked 
| 176|0x0000000096000000, 0x0000000096000000, 0x0000000096100000|  0%| F|  |TAMS 0x0000000096000000| PB 0x0000000096000000| Untracked 
| 177|0x0000000096100000, 0x0000000096100000, 0x0000000096200000|  0%| F|  |TAMS 0x0000000096100000| PB 0x0000000096100000| Untracked 
| 178|0x0000000096200000, 0x0000000096200000, 0x0000000096300000|  0%| F|  |TAMS 0x0000000096200000| PB 0x0000000096200000| Untracked 
| 179|0x0000000096300000, 0x0000000096300000, 0x0000000096400000|  0%| F|  |TAMS 0x0000000096300000| PB 0x0000000096300000| Untracked 
| 180|0x0000000096400000, 0x0000000096400000, 0x0000000096500000|  0%| F|  |TAMS 0x0000000096400000| PB 0x0000000096400000| Untracked 
| 181|0x0000000096500000, 0x0000000096500000, 0x0000000096600000|  0%| F|  |TAMS 0x0000000096500000| PB 0x0000000096500000| Untracked 
| 182|0x0000000096600000, 0x0000000096600000, 0x0000000096700000|  0%| F|  |TAMS 0x0000000096600000| PB 0x0000000096600000| Untracked 
| 183|0x0000000096700000, 0x0000000096700000, 0x0000000096800000|  0%| F|  |TAMS 0x0000000096700000| PB 0x0000000096700000| Untracked 
| 184|0x0000000096800000, 0x0000000096800000, 0x0000000096900000|  0%| F|  |TAMS 0x0000000096800000| PB 0x0000000096800000| Untracked 
| 185|0x0000000096900000, 0x0000000096900000, 0x0000000096a00000|  0%| F|  |TAMS 0x0000000096900000| PB 0x0000000096900000| Untracked 
| 186|0x0000000096a00000, 0x0000000096a00000, 0x0000000096b00000|  0%| F|  |TAMS 0x0000000096a00000| PB 0x0000000096a00000| Untracked 
| 187|0x0000000096b00000, 0x0000000096b00000, 0x0000000096c00000|  0%| F|  |TAMS 0x0000000096b00000| PB 0x0000000096b00000| Untracked 
| 188|0x0000000096c00000, 0x0000000096c00000, 0x0000000096d00000|  0%| F|  |TAMS 0x0000000096c00000| PB 0x0000000096c00000| Untracked 
| 189|0x0000000096d00000, 0x0000000096d00000, 0x0000000096e00000|  0%| F|  |TAMS 0x0000000096d00000| PB 0x0000000096d00000| Untracked 
| 190|0x0000000096e00000, 0x0000000096e00000, 0x0000000096f00000|  0%| F|  |TAMS 0x0000000096e00000| PB 0x0000000096e00000| Untracked 
| 191|0x0000000096f00000, 0x0000000096f00000, 0x0000000097000000|  0%| F|  |TAMS 0x0000000096f00000| PB 0x0000000096f00000| Untracked 
| 192|0x0000000097000000, 0x0000000097000000, 0x0000000097100000|  0%| F|  |TAMS 0x0000000097000000| PB 0x0000000097000000| Untracked 
| 193|0x0000000097100000, 0x0000000097100000, 0x0000000097200000|  0%| F|  |TAMS 0x0000000097100000| PB 0x0000000097100000| Untracked 
| 194|0x0000000097200000, 0x0000000097200000, 0x0000000097300000|  0%| F|  |TAMS 0x0000000097200000| PB 0x0000000097200000| Untracked 
| 195|0x0000000097300000, 0x0000000097300000, 0x0000000097400000|  0%| F|  |TAMS 0x0000000097300000| PB 0x0000000097300000| Untracked 
| 196|0x0000000097400000, 0x0000000097400000, 0x0000000097500000|  0%| F|  |TAMS 0x0000000097400000| PB 0x0000000097400000| Untracked 
| 197|0x0000000097500000, 0x0000000097500000, 0x0000000097600000|  0%| F|  |TAMS 0x0000000097500000| PB 0x0000000097500000| Untracked 
| 198|0x0000000097600000, 0x0000000097600000, 0x0000000097700000|  0%| F|  |TAMS 0x0000000097600000| PB 0x0000000097600000| Untracked 
| 199|0x0000000097700000, 0x0000000097700000, 0x0000000097800000|  0%| F|  |TAMS 0x0000000097700000| PB 0x0000000097700000| Untracked 
| 200|0x0000000097800000, 0x0000000097800000, 0x0000000097900000|  0%| F|  |TAMS 0x0000000097800000| PB 0x0000000097800000| Untracked 
| 201|0x0000000097900000, 0x0000000097a00000, 0x0000000097a00000|100%| S|CS|TAMS 0x0000000097900000| PB 0x0000000097900000| Complete 
| 202|0x0000000097a00000, 0x0000000097b00000, 0x0000000097b00000|100%| S|CS|TAMS 0x0000000097a00000| PB 0x0000000097a00000| Complete 
| 203|0x0000000097b00000, 0x0000000097c00000, 0x0000000097c00000|100%| S|CS|TAMS 0x0000000097b00000| PB 0x0000000097b00000| Complete 
| 204|0x0000000097c00000, 0x0000000097d00000, 0x0000000097d00000|100%| S|CS|TAMS 0x0000000097c00000| PB 0x0000000097c00000| Complete 
| 205|0x0000000097d00000, 0x0000000097e00000, 0x0000000097e00000|100%| S|CS|TAMS 0x0000000097d00000| PB 0x0000000097d00000| Complete 
| 206|0x0000000097e00000, 0x0000000097f00000, 0x0000000097f00000|100%| S|CS|TAMS 0x0000000097e00000| PB 0x0000000097e00000| Complete 
| 207|0x0000000097f00000, 0x0000000098000000, 0x0000000098000000|100%| S|CS|TAMS 0x0000000097f00000| PB 0x0000000097f00000| Complete 
| 208|0x0000000098000000, 0x0000000098000000, 0x0000000098100000|  0%| F|  |TAMS 0x0000000098000000| PB 0x0000000098000000| Untracked 
| 209|0x0000000098100000, 0x0000000098100000, 0x0000000098200000|  0%| F|  |TAMS 0x0000000098100000| PB 0x0000000098100000| Untracked 
| 210|0x0000000098200000, 0x0000000098200000, 0x0000000098300000|  0%| F|  |TAMS 0x0000000098200000| PB 0x0000000098200000| Untracked 
| 211|0x0000000098300000, 0x0000000098300000, 0x0000000098400000|  0%| F|  |TAMS 0x0000000098300000| PB 0x0000000098300000| Untracked 
| 212|0x0000000098400000, 0x0000000098400000, 0x0000000098500000|  0%| F|  |TAMS 0x0000000098400000| PB 0x0000000098400000| Untracked 
| 213|0x0000000098500000, 0x0000000098500000, 0x0000000098600000|  0%| F|  |TAMS 0x0000000098500000| PB 0x0000000098500000| Untracked 
| 214|0x0000000098600000, 0x0000000098600000, 0x0000000098700000|  0%| F|  |TAMS 0x0000000098600000| PB 0x0000000098600000| Untracked 
| 215|0x0000000098700000, 0x0000000098700000, 0x0000000098800000|  0%| F|  |TAMS 0x0000000098700000| PB 0x0000000098700000| Untracked 
| 216|0x0000000098800000, 0x0000000098800000, 0x0000000098900000|  0%| F|  |TAMS 0x0000000098800000| PB 0x0000000098800000| Untracked 
| 217|0x0000000098900000, 0x0000000098900000, 0x0000000098a00000|  0%| F|  |TAMS 0x0000000098900000| PB 0x0000000098900000| Untracked 
| 218|0x0000000098a00000, 0x0000000098a00000, 0x0000000098b00000|  0%| F|  |TAMS 0x0000000098a00000| PB 0x0000000098a00000| Untracked 
| 219|0x0000000098b00000, 0x0000000098b00000, 0x0000000098c00000|  0%| F|  |TAMS 0x0000000098b00000| PB 0x0000000098b00000| Untracked 
| 220|0x0000000098c00000, 0x0000000098c00000, 0x0000000098d00000|  0%| F|  |TAMS 0x0000000098c00000| PB 0x0000000098c00000| Untracked 
| 221|0x0000000098d00000, 0x0000000098d00000, 0x0000000098e00000|  0%| F|  |TAMS 0x0000000098d00000| PB 0x0000000098d00000| Untracked 
| 222|0x0000000098e00000, 0x0000000098e00000, 0x0000000098f00000|  0%| F|  |TAMS 0x0000000098e00000| PB 0x0000000098e00000| Untracked 
| 223|0x0000000098f00000, 0x0000000098f00000, 0x0000000099000000|  0%| F|  |TAMS 0x0000000098f00000| PB 0x0000000098f00000| Untracked 
| 224|0x0000000099000000, 0x0000000099000000, 0x0000000099100000|  0%| F|  |TAMS 0x0000000099000000| PB 0x0000000099000000| Untracked 
| 225|0x0000000099100000, 0x0000000099100000, 0x0000000099200000|  0%| F|  |TAMS 0x0000000099100000| PB 0x0000000099100000| Untracked 
| 226|0x0000000099200000, 0x0000000099200000, 0x0000000099300000|  0%| F|  |TAMS 0x0000000099200000| PB 0x0000000099200000| Untracked 
| 227|0x0000000099300000, 0x0000000099300000, 0x0000000099400000|  0%| F|  |TAMS 0x0000000099300000| PB 0x0000000099300000| Untracked 
| 228|0x0000000099400000, 0x0000000099400000, 0x0000000099500000|  0%| F|  |TAMS 0x0000000099400000| PB 0x0000000099400000| Untracked 
| 229|0x0000000099500000, 0x0000000099500000, 0x0000000099600000|  0%| F|  |TAMS 0x0000000099500000| PB 0x0000000099500000| Untracked 
| 230|0x0000000099600000, 0x0000000099600000, 0x0000000099700000|  0%| F|  |TAMS 0x0000000099600000| PB 0x0000000099600000| Untracked 
| 231|0x0000000099700000, 0x0000000099700000, 0x0000000099800000|  0%| F|  |TAMS 0x0000000099700000| PB 0x0000000099700000| Untracked 
| 232|0x0000000099800000, 0x0000000099800000, 0x0000000099900000|  0%| F|  |TAMS 0x0000000099800000| PB 0x0000000099800000| Untracked 
| 233|0x0000000099900000, 0x0000000099900000, 0x0000000099a00000|  0%| F|  |TAMS 0x0000000099900000| PB 0x0000000099900000| Untracked 
| 234|0x0000000099a00000, 0x0000000099a00000, 0x0000000099b00000|  0%| F|  |TAMS 0x0000000099a00000| PB 0x0000000099a00000| Untracked 
| 235|0x0000000099b00000, 0x0000000099b00000, 0x0000000099c00000|  0%| F|  |TAMS 0x0000000099b00000| PB 0x0000000099b00000| Untracked 
| 236|0x0000000099c00000, 0x0000000099c00000, 0x0000000099d00000|  0%| F|  |TAMS 0x0000000099c00000| PB 0x0000000099c00000| Untracked 
| 237|0x0000000099d00000, 0x0000000099d00000, 0x0000000099e00000|  0%| F|  |TAMS 0x0000000099d00000| PB 0x0000000099d00000| Untracked 
| 238|0x0000000099e00000, 0x0000000099e00000, 0x0000000099f00000|  0%| F|  |TAMS 0x0000000099e00000| PB 0x0000000099e00000| Untracked 
| 239|0x0000000099f00000, 0x0000000099f00000, 0x000000009a000000|  0%| F|  |TAMS 0x0000000099f00000| PB 0x0000000099f00000| Untracked 
| 240|0x000000009a000000, 0x000000009a000000, 0x000000009a100000|  0%| F|  |TAMS 0x000000009a000000| PB 0x000000009a000000| Untracked 
| 241|0x000000009a100000, 0x000000009a100000, 0x000000009a200000|  0%| F|  |TAMS 0x000000009a100000| PB 0x000000009a100000| Untracked 
| 242|0x000000009a200000, 0x000000009a200000, 0x000000009a300000|  0%| F|  |TAMS 0x000000009a200000| PB 0x000000009a200000| Untracked 
| 243|0x000000009a300000, 0x000000009a380000, 0x000000009a400000| 50%| E|  |TAMS 0x000000009a300000| PB 0x000000009a300000| Complete 
| 244|0x000000009a400000, 0x000000009a500000, 0x000000009a500000|100%| E|CS|TAMS 0x000000009a400000| PB 0x000000009a400000| Complete 
| 245|0x000000009a500000, 0x000000009a600000, 0x000000009a600000|100%| E|CS|TAMS 0x000000009a500000| PB 0x000000009a500000| Complete 
| 246|0x000000009a600000, 0x000000009a700000, 0x000000009a700000|100%| E|CS|TAMS 0x000000009a600000| PB 0x000000009a600000| Complete 
| 247|0x000000009a700000, 0x000000009a800000, 0x000000009a800000|100%| E|CS|TAMS 0x000000009a700000| PB 0x000000009a700000| Complete 
| 248|0x000000009a800000, 0x000000009a900000, 0x000000009a900000|100%| E|CS|TAMS 0x000000009a800000| PB 0x000000009a800000| Complete 
| 249|0x000000009a900000, 0x000000009aa00000, 0x000000009aa00000|100%| E|CS|TAMS 0x000000009a900000| PB 0x000000009a900000| Complete 
| 250|0x000000009aa00000, 0x000000009ab00000, 0x000000009ab00000|100%| E|CS|TAMS 0x000000009aa00000| PB 0x000000009aa00000| Complete 
| 251|0x000000009ab00000, 0x000000009ac00000, 0x000000009ac00000|100%| E|CS|TAMS 0x000000009ab00000| PB 0x000000009ab00000| Complete 
| 252|0x000000009ac00000, 0x000000009ad00000, 0x000000009ad00000|100%| E|CS|TAMS 0x000000009ac00000| PB 0x000000009ac00000| Complete 
| 253|0x000000009ad00000, 0x000000009ae00000, 0x000000009ae00000|100%| E|CS|TAMS 0x000000009ad00000| PB 0x000000009ad00000| Complete 
| 254|0x000000009ae00000, 0x000000009af00000, 0x000000009af00000|100%| E|CS|TAMS 0x000000009ae00000| PB 0x000000009ae00000| Complete 
|1868|0x00000000ffc00000, 0x00000000ffd00000, 0x00000000ffd00000|100%| E|CS|TAMS 0x00000000ffc00000| PB 0x00000000ffc00000| Complete 
|1869|0x00000000ffd00000, 0x00000000ffe00000, 0x00000000ffe00000|100%| E|CS|TAMS 0x00000000ffd00000| PB 0x00000000ffd00000| Complete 
|1870|0x00000000ffe00000, 0x00000000fff00000, 0x00000000fff00000|100%| O|  |TAMS 0x00000000ffe00000| PB 0x00000000ffe00000| Untracked 
|1871|0x00000000fff00000, 0x0000000100000000, 0x0000000100000000|100%| O|  |TAMS 0x00000000fff00000| PB 0x00000000fff00000| Untracked 

Card table byte_map: [0x0000016776d30000,0x00000167770e0000] _byte_map_base: 0x00000167768d8000

Marking Bits: (CMBitMap*) 0x00000167643296e0
 Bits: [0x00000167770e0000, 0x0000016778e20000)

Polling page: 0x0000016761f60000

Metaspace:

Usage:
  Non-class:     57.60 MB used.
      Class:      7.16 MB used.
       Both:     64.75 MB used.

Virtual space:
  Non-class space:       64.00 MB reserved,      57.75 MB ( 90%) committed,  1 nodes.
      Class space:        1.00 GB reserved,       7.31 MB ( <1%) committed,  1 nodes.
             Both:        1.06 GB reserved,      65.06 MB (  6%) committed. 

Chunk freelists:
   Non-Class:  6.14 MB
       Class:  8.72 MB
        Both:  14.86 MB

MaxMetaspaceSize: unlimited
CompressedClassSpaceSize: 1.00 GB
Initial GC threshold: 21.00 MB
Current GC threshold: 102.94 MB
CDS: off
 - commit_granule_bytes: 65536.
 - commit_granule_words: 8192.
 - virtual_space_node_default_size: 8388608.
 - enlarge_chunks_in_place: 1.
 - use_allocation_guard: 0.


Internal statistics:

num_allocs_failed_limit: 3.
num_arena_births: 298.
num_arena_deaths: 0.
num_vsnodes_births: 2.
num_vsnodes_deaths: 0.
num_space_committed: 1039.
num_space_uncommitted: 0.
num_chunks_returned_to_freelist: 3.
num_chunks_taken_from_freelist: 2290.
num_chunk_merges: 3.
num_chunk_splits: 1914.
num_chunks_enlarged: 1756.
num_inconsistent_stats: 0.

CodeHeap 'non-profiled nmethods': size=120000Kb used=5167Kb max_used=5167Kb free=114833Kb
 bounds [0x000001676ef00000, 0x000001676f410000, 0x0000016776430000]
CodeHeap 'profiled nmethods': size=120000Kb used=30352Kb max_used=30352Kb free=89647Kb
 bounds [0x0000016767430000, 0x00000167691e0000, 0x000001676e960000]
CodeHeap 'non-nmethods': size=5760Kb used=1653Kb max_used=1701Kb free=4107Kb
 bounds [0x000001676e960000, 0x000001676ebd0000, 0x000001676ef00000]
 total_blobs=10034 nmethods=9340 adapters=594
 compilation: enabled
              stopped_count=0, restarted_count=0
 full_count=0

Compilation events (20 events):
Event: 33.769 Thread 0x00000167040ba330 10489       2       org.jetbrains.kotlin.fir.analysis.checkers.declaration.FirImplicitNothingReturnTypeChecker::check (324 bytes)
Event: 33.771 Thread 0x00000167040ba330 nmethod 10489 0x0000016769190290 code [0x0000016769190940, 0x0000016769192670]
Event: 33.771 Thread 0x00000167040ba330 10490       2       org.jetbrains.kotlin.fir.analysis.checkers.declaration.FirDynamicReceiverChecker::check (11 bytes)
Event: 33.772 Thread 0x00000167040ba330 nmethod 10490 0x0000016769193a10 code [0x0000016769193bc0, 0x0000016769193d10]
Event: 33.772 Thread 0x00000167040ba330 10491       2       org.jetbrains.kotlin.fir.analysis.checkers.declaration.FirDynamicReceiverChecker::check (112 bytes)
Event: 33.772 Thread 0x00000167040ba330 nmethod 10491 0x0000016769193e10 code [0x0000016769194180, 0x0000016769194c38]
Event: 33.800 Thread 0x00000167040ba330 10492       2       org.jetbrains.kotlin.name.FqName::fromSegments (22 bytes)
Event: 33.801 Thread 0x00000167040ba330 nmethod 10492 0x0000016769195410 code [0x00000167691955e0, 0x00000167691957b0]
Event: 33.801 Thread 0x00000167040ba330 10493       2       org.jetbrains.kotlin.utils.StringsKt::join (29 bytes)
Event: 33.802 Thread 0x00000167040ba330 nmethod 10493 0x0000016769195890 code [0x0000016769195ac0, 0x0000016769195f10]
Event: 33.826 Thread 0x00000167040ba330 10494       2       org.jetbrains.kotlin.fir.declarations.builder.FirPrimaryConstructorBuilder::setReturnTypeRef (12 bytes)
Event: 33.827 Thread 0x00000167040ba330 nmethod 10494 0x0000016769196210 code [0x0000016769196400, 0x0000016769196720]
Event: 33.827 Thread 0x00000167040ba330 10495       2       org.jetbrains.kotlin.fir.declarations.builder.FirPrimaryConstructorBuilder::setStatus (12 bytes)
Event: 33.827 Thread 0x00000167040ba330 nmethod 10495 0x0000016769196910 code [0x0000016769196b00, 0x0000016769196e20]
Event: 33.827 Thread 0x00000167040ba330 10496       2       org.jetbrains.kotlin.fir.declarations.builder.FirPrimaryConstructorBuilder::setSymbol (12 bytes)
Event: 33.828 Thread 0x00000167040ba330 nmethod 10496 0x0000016769197010 code [0x0000016769197200, 0x0000016769197520]
Event: 33.828 Thread 0x00000167040ba330 10497       2       org.jetbrains.kotlin.fir.declarations.impl.FirPrimaryConstructor::<init> (40 bytes)
Event: 33.828 Thread 0x00000167040ba330 nmethod 10497 0x0000016769197710 code [0x00000167691978c0, 0x0000016769197ab0]
Event: 33.828 Thread 0x00000167040ba330 10498       2       org.jetbrains.kotlin.fir.declarations.impl.FirPrimaryConstructor::<init> (203 bytes)
Event: 34.823 Thread 0x00000167040ba330 nmethod 10498 0x0000016769197b90 code [0x00000167691980e0, 0x0000016769199cf8]

GC Heap History (20 events):
Event: 19.537 GC heap before
{Heap before GC invocations=33 (full 0):
 garbage-first heap   total 159744K, used 137611K [0x000000008b000000, 0x0000000100000000)
  region size 1024K, 44 young (45056K), 6 survivors (6144K)
 Metaspace       used 60182K, committed 60416K, reserved 1114112K
  class space    used 6879K, committed 6976K, reserved 1048576K
}
Event: 19.556 GC heap after
{Heap after GC invocations=34 (full 0):
 garbage-first heap   total 159744K, used 105356K [0x000000008b000000, 0x0000000100000000)
  region size 1024K, 6 young (6144K), 6 survivors (6144K)
 Metaspace       used 60182K, committed 60416K, reserved 1114112K
  class space    used 6879K, committed 6976K, reserved 1048576K
}
Event: 20.331 GC heap before
{Heap before GC invocations=34 (full 0):
 garbage-first heap   total 159744K, used 141196K [0x000000008b000000, 0x0000000100000000)
  region size 1024K, 41 young (41984K), 6 survivors (6144K)
 Metaspace       used 60961K, committed 61248K, reserved 1114112K
  class space    used 6964K, committed 7104K, reserved 1048576K
}
Event: 20.345 GC heap after
{Heap after GC invocations=35 (full 0):
 garbage-first heap   total 159744K, used 112640K [0x000000008b000000, 0x0000000100000000)
  region size 1024K, 6 young (6144K), 6 survivors (6144K)
 Metaspace       used 60961K, committed 61248K, reserved 1114112K
  class space    used 6964K, committed 7104K, reserved 1048576K
}
Event: 20.730 GC heap before
{Heap before GC invocations=36 (full 0):
 garbage-first heap   total 188416K, used 143360K [0x000000008b000000, 0x0000000100000000)
  region size 1024K, 36 young (36864K), 6 survivors (6144K)
 Metaspace       used 60961K, committed 61248K, reserved 1114112K
  class space    used 6964K, committed 7104K, reserved 1048576K
}
Event: 20.738 GC heap after
{Heap after GC invocations=37 (full 0):
 garbage-first heap   total 188416K, used 119610K [0x000000008b000000, 0x0000000100000000)
  region size 1024K, 5 young (5120K), 5 survivors (5120K)
 Metaspace       used 60961K, committed 61248K, reserved 1114112K
  class space    used 6964K, committed 7104K, reserved 1048576K
}
Event: 21.073 GC heap before
{Heap before GC invocations=37 (full 0):
 garbage-first heap   total 188416K, used 165690K [0x000000008b000000, 0x0000000100000000)
  region size 1024K, 50 young (51200K), 5 survivors (5120K)
 Metaspace       used 60961K, committed 61248K, reserved 1114112K
  class space    used 6964K, committed 7104K, reserved 1048576K
}
Event: 21.080 GC heap after
{Heap after GC invocations=38 (full 0):
 garbage-first heap   total 188416K, used 128000K [0x000000008b000000, 0x0000000100000000)
  region size 1024K, 7 young (7168K), 7 survivors (7168K)
 Metaspace       used 60961K, committed 61248K, reserved 1114112K
  class space    used 6964K, committed 7104K, reserved 1048576K
}
Event: 21.881 GC heap before
{Heap before GC invocations=38 (full 0):
 garbage-first heap   total 188416K, used 167936K [0x000000008b000000, 0x0000000100000000)
  region size 1024K, 46 young (47104K), 7 survivors (7168K)
 Metaspace       used 61051K, committed 61376K, reserved 1114112K
  class space    used 6964K, committed 7104K, reserved 1048576K
}
Event: 21.890 GC heap after
{Heap after GC invocations=39 (full 0):
 garbage-first heap   total 188416K, used 137105K [0x000000008b000000, 0x0000000100000000)
  region size 1024K, 6 young (6144K), 6 survivors (6144K)
 Metaspace       used 61051K, committed 61376K, reserved 1114112K
  class space    used 6964K, committed 7104K, reserved 1048576K
}
Event: 24.963 GC heap before
{Heap before GC invocations=40 (full 0):
 garbage-first heap   total 229376K, used 169873K [0x000000008b000000, 0x0000000100000000)
  region size 1024K, 38 young (38912K), 6 survivors (6144K)
 Metaspace       used 61610K, committed 61888K, reserved 1114112K
  class space    used 6968K, committed 7104K, reserved 1048576K
}
Event: 24.971 GC heap after
{Heap after GC invocations=41 (full 0):
 garbage-first heap   total 229376K, used 141761K [0x000000008b000000, 0x0000000100000000)
  region size 1024K, 4 young (4096K), 4 survivors (4096K)
 Metaspace       used 61610K, committed 61888K, reserved 1114112K
  class space    used 6968K, committed 7104K, reserved 1048576K
}
Event: 27.825 GC heap before
{Heap before GC invocations=41 (full 0):
 garbage-first heap   total 229376K, used 201153K [0x000000008b000000, 0x0000000100000000)
  region size 1024K, 62 young (63488K), 4 survivors (4096K)
 Metaspace       used 62139K, committed 62464K, reserved 1114112K
  class space    used 7007K, committed 7168K, reserved 1048576K
}
Event: 27.837 GC heap after
{Heap after GC invocations=42 (full 0):
 garbage-first heap   total 229376K, used 148274K [0x000000008b000000, 0x0000000100000000)
  region size 1024K, 8 young (8192K), 8 survivors (8192K)
 Metaspace       used 62139K, committed 62464K, reserved 1114112K
  class space    used 7007K, committed 7168K, reserved 1048576K
}
Event: 29.357 GC heap before
{Heap before GC invocations=42 (full 0):
 garbage-first heap   total 229376K, used 200498K [0x000000008b000000, 0x0000000100000000)
  region size 1024K, 59 young (60416K), 8 survivors (8192K)
 Metaspace       used 62593K, committed 62912K, reserved 1114112K
  class space    used 7023K, committed 7168K, reserved 1048576K
}
Event: 29.369 GC heap after
{Heap after GC invocations=43 (full 0):
 garbage-first heap   total 229376K, used 156574K [0x000000008b000000, 0x0000000100000000)
  region size 1024K, 8 young (8192K), 8 survivors (8192K)
 Metaspace       used 62593K, committed 62912K, reserved 1114112K
  class space    used 7023K, committed 7168K, reserved 1048576K
}
Event: 30.742 GC heap before
{Heap before GC invocations=43 (full 0):
 garbage-first heap   total 229376K, used 205726K [0x000000008b000000, 0x0000000100000000)
  region size 1024K, 56 young (57344K), 8 survivors (8192K)
 Metaspace       used 62933K, committed 63232K, reserved 1114112K
  class space    used 7030K, committed 7168K, reserved 1048576K
}
Event: 30.751 GC heap after
{Heap after GC invocations=44 (full 0):
 garbage-first heap   total 229376K, used 159087K [0x000000008b000000, 0x0000000100000000)
  region size 1024K, 3 young (3072K), 3 survivors (3072K)
 Metaspace       used 62933K, committed 63232K, reserved 1114112K
  class space    used 7030K, committed 7168K, reserved 1048576K
}
Event: 33.160 GC heap before
{Heap before GC invocations=45 (full 0):
 garbage-first heap   total 265216K, used 208239K [0x000000008b000000, 0x0000000100000000)
  region size 1024K, 52 young (53248K), 3 survivors (3072K)
 Metaspace       used 65521K, committed 65792K, reserved 1114112K
  class space    used 7290K, committed 7424K, reserved 1048576K
}
Event: 33.168 GC heap after
{Heap after GC invocations=46 (full 0):
 garbage-first heap   total 265216K, used 162382K [0x000000008b000000, 0x0000000100000000)
  region size 1024K, 7 young (7168K), 7 survivors (7168K)
 Metaspace       used 65521K, committed 65792K, reserved 1114112K
  class space    used 7290K, committed 7424K, reserved 1048576K
}

Dll operation events (3 events):
Event: 0.086 Loaded shared library C:\Program Files\Android\Android Studio\jbr\bin\java.dll
Event: 0.126 Loaded shared library C:\Program Files\Android\Android Studio\jbr\bin\zip.dll
Event: 4.858 Loaded shared library C:\Program Files\Android\Android Studio\jbr\bin\verify.dll

Deoptimization events (20 events):
Event: 32.718 Thread 0x00000167642d98d0 DEOPT PACKING pc=0x000001676f07dd10 sp=0x0000000e7fefbe40
Event: 32.718 Thread 0x00000167642d98d0 DEOPT UNPACKING pc=0x000001676e9b46a2 sp=0x0000000e7fefbde0 mode 2
Event: 33.042 Thread 0x00000167642d98d0 Uncommon trap: trap_request=0xfffffff4 fr.pc=0x000001676eff8768 relative=0x00000000000001c8
Event: 33.042 Thread 0x00000167642d98d0 Uncommon trap: reason=null_check action=make_not_entrant pc=0x000001676eff8768 method=org.jetbrains.kotlin.name.FqName.equals(Ljava/lang/Object;)Z @ 8 c2
Event: 33.042 Thread 0x00000167642d98d0 DEOPT PACKING pc=0x000001676eff8768 sp=0x0000000e7fefa670
Event: 33.042 Thread 0x00000167642d98d0 DEOPT UNPACKING pc=0x000001676e9b46a2 sp=0x0000000e7fefa5f8 mode 2
Event: 33.180 Thread 0x00000167642d98d0 Uncommon trap: trap_request=0xffffff45 fr.pc=0x000001676f2ad694 relative=0x0000000000001b54
Event: 33.180 Thread 0x00000167642d98d0 Uncommon trap: reason=unstable_if action=reinterpret pc=0x000001676f2ad694 method=org.jetbrains.kotlin.metadata.ProtoBuf$Type.hasFlexibleTypeCapabilitiesId()Z @ 7 c2
Event: 33.180 Thread 0x00000167642d98d0 DEOPT PACKING pc=0x000001676f2ad694 sp=0x0000000e7fef8b10
Event: 33.180 Thread 0x00000167642d98d0 DEOPT UNPACKING pc=0x000001676e9b46a2 sp=0x0000000e7fef8a18 mode 2
Event: 33.180 Thread 0x00000167642d98d0 Uncommon trap: trap_request=0xffffff45 fr.pc=0x000001676f2787a8 relative=0x0000000000000088
Event: 33.180 Thread 0x00000167642d98d0 Uncommon trap: reason=unstable_if action=reinterpret pc=0x000001676f2787a8 method=org.jetbrains.kotlin.metadata.ProtoBuf$Type.hasFlexibleTypeCapabilitiesId()Z @ 7 c2
Event: 33.180 Thread 0x00000167642d98d0 DEOPT PACKING pc=0x000001676f2787a8 sp=0x0000000e7fef8ae0
Event: 33.180 Thread 0x00000167642d98d0 DEOPT UNPACKING pc=0x000001676e9b46a2 sp=0x0000000e7fef8a10 mode 2
Event: 33.639 Thread 0x00000167642d98d0 Uncommon trap: trap_request=0xffffffde fr.pc=0x000001676f31b378 relative=0x0000000000001618
Event: 33.639 Thread 0x00000167642d98d0 Uncommon trap: reason=class_check action=maybe_recompile pc=0x000001676f31b378 method=org.jetbrains.kotlin.fir.types.FunctionalTypeUtilsKt.functionTypeKind(Lorg/jetbrains/kotlin/fir/symbols/ConeClassLikeLookupTag;Lorg/jetbrains/kotlin/fir/FirSession;)Lorg
Event: 33.639 Thread 0x00000167642d98d0 DEOPT PACKING pc=0x000001676f31b378 sp=0x0000000e7feface0
Event: 33.639 Thread 0x00000167642d98d0 DEOPT UNPACKING pc=0x000001676e9b46a2 sp=0x0000000e7fefac80 mode 2
Event: 33.692 Thread 0x00000167642d98d0 DEOPT PACKING pc=0x00000167679c2756 sp=0x0000000e7fefb200
Event: 33.692 Thread 0x00000167642d98d0 DEOPT UNPACKING pc=0x000001676e9b4e42 sp=0x0000000e7fefa6c8 mode 0

Classes loaded (20 events):
Event: 19.608 Loading class java/util/EnumMap$EntryIterator
Event: 19.608 Loading class java/util/EnumMap$EnumMapIterator
Event: 19.609 Loading class java/util/EnumMap$EnumMapIterator done
Event: 19.609 Loading class java/util/EnumMap$EntryIterator done
Event: 19.609 Loading class java/util/EnumMap$EntryIterator$Entry
Event: 19.609 Loading class java/util/EnumMap$EntryIterator$Entry done
Event: 22.860 Loading class java/lang/Byte$ByteCache
Event: 22.861 Loading class java/lang/Byte$ByteCache done
Event: 32.413 Loading class java/text/MessageFormat
Event: 32.418 Loading class java/text/Format
Event: 32.419 Loading class java/text/Format done
Event: 32.419 Loading class java/text/MessageFormat done
Event: 32.419 Loading class java/util/Locale$Category
Event: 32.421 Loading class java/util/Locale$Category done
Event: 32.490 Loading class java/text/ChoiceFormat
Event: 32.492 Loading class java/text/NumberFormat
Event: 32.492 Loading class java/text/NumberFormat done
Event: 32.492 Loading class java/text/ChoiceFormat done
Event: 32.550 Loading class java/util/RegularEnumSet$EnumSetIterator
Event: 32.553 Loading class java/util/RegularEnumSet$EnumSetIterator done

Classes unloaded (0 events):
No events

Classes redefined (0 events):
No events

Internal exceptions (20 events):
Event: 15.969 Thread 0x00000167642d98d0 Exception <a 'java/lang/NoSuchMethodError'{0x00000000942a83f0}: 'java.lang.Object java.lang.invoke.Invokers$Holder.linkToTargetMethod(java.lang.Object, java.lang.Object, java.lang.Object, int, java.lang.Object)'> (0x00000000942a83f0) 
thrown [s\src\hotspot\share\interpreter\linkResolver.cpp, line 784]
Event: 15.984 Thread 0x00000167642d98d0 Exception <a 'java/lang/NoSuchMethodError'{0x00000000942e81d0}: 'java.lang.Object java.lang.invoke.DirectMethodHandle$Holder.newInvokeSpecial(java.lang.Object, java.lang.Object, java.lang.Object, java.lang.Object, int, java.lang.Object, java.lang.Object)'> (0x00000000942e81d0) 
thrown [s\src\hotspot\share\interpreter\linkResolver.cpp, line 784]
Event: 15.988 Thread 0x00000167642d98d0 Exception <a 'java/lang/NoSuchMethodError'{0x00000000942f0100}: 'java.lang.Object java.lang.invoke.Invokers$Holder.linkToTargetMethod(java.lang.Object, java.lang.Object, java.lang.Object, int, java.lang.Object, java.lang.Object, java.lang.Object)'> (0x00000000942f0100) 
thrown [s\src\hotspot\share\interpreter\linkResolver.cpp, line 784]
Event: 16.442 Thread 0x00000167642d98d0 Exception <a 'java/lang/NoSuchMethodError'{0x0000000093903c58}: 'java.lang.Object java.lang.invoke.DirectMethodHandle$Holder.newInvokeSpecial(java.lang.Object, java.lang.Object, java.lang.Object, int)'> (0x0000000093903c58) 
thrown [s\src\hotspot\share\interpreter\linkResolver.cpp, line 784]
Event: 16.442 Thread 0x00000167642d98d0 Exception <a 'java/lang/NoSuchMethodError'{0x0000000093907ad8}: 'java.lang.Object java.lang.invoke.DirectMethodHandle$Holder.invokeSpecial(java.lang.Object, java.lang.Object, java.lang.Object, java.lang.Object, int)'> (0x0000000093907ad8) 
thrown [s\src\hotspot\share\interpreter\linkResolver.cpp, line 784]
Event: 16.443 Thread 0x00000167642d98d0 Exception <a 'java/lang/NoSuchMethodError'{0x000000009390b230}: 'java.lang.Object java.lang.invoke.Invokers$Holder.linkToTargetMethod(java.lang.Object, java.lang.Object, int, java.lang.Object)'> (0x000000009390b230) 
thrown [s\src\hotspot\share\interpreter\linkResolver.cpp, line 784]
Event: 16.452 Thread 0x00000167642d98d0 Exception <a 'java/lang/NoSuchMethodError'{0x000000009392c720}: 'java.lang.Object java.lang.invoke.DirectMethodHandle$Holder.newInvokeSpecial(java.lang.Object, int, java.lang.Object)'> (0x000000009392c720) 
thrown [s\src\hotspot\share\interpreter\linkResolver.cpp, line 784]
Event: 16.504 Thread 0x00000167642d98d0 Exception <a 'java/lang/NoSuchMethodError'{0x0000000093816c80}: 'java.lang.Object java.lang.invoke.DirectMethodHandle$Holder.invokeSpecial(java.lang.Object, java.lang.Object, int, java.lang.Object, java.lang.Object)'> (0x0000000093816c80) 
thrown [s\src\hotspot\share\interpreter\linkResolver.cpp, line 784]
Event: 17.269 Thread 0x00000167642d98d0 Exception <a 'java/lang/NoSuchMethodError'{0x00000000ffd13e08}: 'java.lang.Object java.lang.invoke.DirectMethodHandle$Holder.newInvokeSpecial(java.lang.Object, java.lang.Object, java.lang.Object, java.lang.Object, java.lang.Object, java.lang.Object, java.lang.Object, java.lang.Object, java.lang.Object)'> (0x00000000ffd13e08) 
thrown [s\src\hotspot\share\interpreter\linkResolver.cpp, line 784]
Event: 17.310 Thread 0x00000167642d98d0 Exception <a 'java/lang/NoSuchMethodError'{0x00000000ffd76588}: 'java.lang.Object java.lang.invoke.DirectMethodHandle$Holder.invokeStatic(java.lang.Object, int, java.lang.Object, java.lang.Object)'> (0x00000000ffd76588) 
thrown [s\src\hotspot\share\interpreter\linkResolver.cpp, line 784]
Event: 17.412 Thread 0x00000167642d98d0 Exception <a 'java/lang/NoSuchMethodError'{0x00000000946144d8}: 'java.lang.Object java.lang.invoke.DirectMethodHandle$Holder.invokeStatic(java.lang.Object, java.lang.Object, java.lang.Object, int, java.lang.Object, java.lang.Object)'> (0x00000000946144d8) 
thrown [s\src\hotspot\share\interpreter\linkResolver.cpp, line 784]
Event: 18.034 Thread 0x00000167642d98d0 Exception <a 'java/lang/NoSuchMethodError'{0x0000000093c41510}: 'java.lang.Object java.lang.invoke.DirectMethodHandle$Holder.newInvokeSpecial(java.lang.Object, java.lang.Object, java.lang.Object, java.lang.Object, java.lang.Object, int)'> (0x0000000093c41510) 
thrown [s\src\hotspot\share\interpreter\linkResolver.cpp, line 784]
Event: 18.035 Thread 0x00000167642d98d0 Exception <a 'java/lang/NoSuchMethodError'{0x0000000093c45fe8}: 'java.lang.Object java.lang.invoke.DirectMethodHandle$Holder.invokeSpecial(java.lang.Object, java.lang.Object, java.lang.Object, java.lang.Object, java.lang.Object, java.lang.Object, int)'> (0x0000000093c45fe8) 
thrown [s\src\hotspot\share\interpreter\linkResolver.cpp, line 784]
Event: 18.037 Thread 0x00000167642d98d0 Exception <a 'java/lang/NoSuchMethodError'{0x0000000093c4a390}: 'java.lang.Object java.lang.invoke.Invokers$Holder.linkToTargetMethod(java.lang.Object, java.lang.Object, java.lang.Object, java.lang.Object, int, java.lang.Object)'> (0x0000000093c4a390) 
thrown [s\src\hotspot\share\interpreter\linkResolver.cpp, line 784]
Event: 19.488 Thread 0x00000167642d98d0 Exception <a 'java/lang/NoSuchMethodError'{0x0000000092458768}: 'java.lang.Object java.lang.invoke.Invokers$Holder.invokeExact_MT(java.lang.Object, java.lang.Object, long, java.lang.Object)'> (0x0000000092458768) 
thrown [s\src\hotspot\share\interpreter\linkResolver.cpp, line 784]
Event: 19.905 Thread 0x00000167642d98d0 Exception <a 'java/lang/NoSuchMethodError'{0x0000000094117078}: 'java.lang.Object java.lang.invoke.DirectMethodHandle$Holder.invokeStatic(java.lang.Object, int, java.lang.Object, java.lang.Object, java.lang.Object, java.lang.Object, java.lang.Object)'> (0x0000000094117078) 
thrown [s\src\hotspot\share\interpreter\linkResolver.cpp, line 784]
Event: 19.908 Thread 0x00000167642d98d0 Exception <a 'java/lang/NoSuchMethodError'{0x0000000094120e48}: 'java.lang.Object java.lang.invoke.DirectMethodHandle$Holder.newInvokeSpecial(java.lang.Object, int, java.lang.Object, java.lang.Object, java.lang.Object)'> (0x0000000094120e48) 
thrown [s\src\hotspot\share\interpreter\linkResolver.cpp, line 784]
Event: 19.909 Thread 0x00000167642d98d0 Exception <a 'java/lang/NoSuchMethodError'{0x0000000094129068}: 'java.lang.Object java.lang.invoke.Invokers$Holder.linkToTargetMethod(int, java.lang.Object, java.lang.Object, java.lang.Object, java.lang.Object)'> (0x0000000094129068) 
thrown [s\src\hotspot\share\interpreter\linkResolver.cpp, line 784]
Event: 28.422 Thread 0x00000167642d98d0 Implicit null exception at 0x000001676f303138 to 0x000001676f304388
Event: 33.042 Thread 0x00000167642d98d0 Implicit null exception at 0x000001676eff85e3 to 0x000001676eff8758

ZGC Phase Switch (0 events):
No events

VM Operations (20 events):
Event: 30.857 Executing VM operation: G1PauseRemark done
Event: 30.895 Executing VM operation: G1PauseCleanup
Event: 30.895 Executing VM operation: G1PauseCleanup done
Event: 31.906 Executing VM operation: Cleanup
Event: 31.906 Executing VM operation: Cleanup done
Event: 32.142 Executing VM operation: HandshakeAllThreads (Deoptimize)
Event: 32.142 Executing VM operation: HandshakeAllThreads (Deoptimize) done
Event: 32.953 Executing VM operation: ICBufferFull
Event: 32.953 Executing VM operation: ICBufferFull done
Event: 33.160 Executing VM operation: G1CollectForAllocation (G1 Evacuation Pause)
Event: 33.168 Executing VM operation: G1CollectForAllocation (G1 Evacuation Pause) done
Event: 33.382 Executing VM operation: HandshakeAllThreads (Deoptimize)
Event: 33.382 Executing VM operation: HandshakeAllThreads (Deoptimize) done
Event: 33.384 Executing VM operation: HandshakeAllThreads (Deoptimize)
Event: 33.385 Executing VM operation: HandshakeAllThreads (Deoptimize) done
Event: 33.522 Executing VM operation: HandshakeAllThreads (Deoptimize)
Event: 33.522 Executing VM operation: HandshakeAllThreads (Deoptimize) done
Event: 33.595 Executing VM operation: ICBufferFull
Event: 33.595 Executing VM operation: ICBufferFull done
Event: 34.607 Executing VM operation: Cleanup

Memory protections (0 events):
No events

Nmethod flushes (20 events):
Event: 30.854 Thread 0x000001677babe400 flushing  nmethod 0x0000016767dd3890
Event: 30.854 Thread 0x000001677babe400 flushing  nmethod 0x00000167678fd490
Event: 30.854 Thread 0x000001677babe400 flushing  nmethod 0x0000016767a99690
Event: 30.854 Thread 0x000001677babe400 flushing  nmethod 0x0000016767b33890
Event: 30.854 Thread 0x000001677babe400 flushing  nmethod 0x0000016767b68510
Event: 30.854 Thread 0x000001677babe400 flushing  nmethod 0x0000016767c50e90
Event: 30.854 Thread 0x000001677babe400 flushing  nmethod 0x00000167684c3610
Event: 30.854 Thread 0x000001677babe400 flushing  nmethod 0x00000167676eb590
Event: 30.854 Thread 0x000001677babe400 flushing  nmethod 0x00000167678b6b90
Event: 30.854 Thread 0x000001677babe400 flushing  nmethod 0x0000016767a1fc90
Event: 30.854 Thread 0x000001677babe400 flushing  nmethod 0x0000016767b51710
Event: 30.854 Thread 0x000001677babe400 flushing  nmethod 0x0000016767d85690
Event: 30.854 Thread 0x000001677babe400 flushing  nmethod 0x0000016767dcca10
Event: 30.854 Thread 0x000001677babe400 flushing  nmethod 0x0000016767dccf90
Event: 30.854 Thread 0x000001677babe400 flushing  nmethod 0x0000016767ffe790
Event: 30.854 Thread 0x000001677babe400 flushing  nmethod 0x00000167674df110
Event: 30.854 Thread 0x000001677babe400 flushing  nmethod 0x0000016767907610
Event: 30.854 Thread 0x000001677babe400 flushing  nmethod 0x0000016767cc9790
Event: 30.854 Thread 0x000001677babe400 flushing  nmethod 0x0000016767cc9e90
Event: 30.854 Thread 0x000001677babe400 flushing  nmethod 0x0000016767dc1910

Events (15 events):
Event: 0.116 Thread 0x00000167642d98d0 Thread added: 0x00000167642d98d0
Event: 0.577 Thread 0x00000167642d98d0 Thread added: 0x0000016704054980
Event: 0.587 Thread 0x00000167642d98d0 Thread added: 0x0000016704057510
Event: 0.587 Thread 0x00000167642d98d0 Thread added: 0x000001670406c1f0
Event: 0.590 Thread 0x00000167642d98d0 Thread added: 0x000001670406f030
Event: 0.590 Thread 0x00000167642d98d0 Thread added: 0x0000016704078ab0
Event: 0.590 Thread 0x00000167642d98d0 Thread added: 0x000001670407abf0
Event: 0.590 Thread 0x00000167642d98d0 Thread added: 0x000001670407b780
Event: 0.591 Thread 0x00000167642d98d0 Thread added: 0x00000167040b7100
Event: 0.591 Thread 0x00000167642d98d0 Thread added: 0x00000167040ba330
Event: 0.800 Thread 0x00000167642d98d0 Thread added: 0x00000167042519a0
Event: 0.841 Loaded shared library C:\Program Files\Android\Android Studio\jbr\bin\net.dll
Event: 0.853 Loaded shared library C:\Program Files\Android\Android Studio\jbr\bin\nio.dll
Event: 1.172 Loaded shared library C:\Program Files\Android\Android Studio\jbr\bin\zip.dll
Event: 1.270 Loaded shared library C:\Program Files\Android\Android Studio\jbr\bin\jimage.dll


Dynamic libraries:
0x00007ff6a9fe0000 - 0x00007ff6a9fea000 	C:\Program Files\Android\Android Studio\jbr\bin\java.exe
0x00007ffe32540000 - 0x00007ffe327a7000 	C:\WINDOWS\SYSTEM32\ntdll.dll
0x00007ffe314e0000 - 0x00007ffe315a9000 	C:\WINDOWS\System32\KERNEL32.DLL
0x00007ffe2f6c0000 - 0x00007ffe2faaf000 	C:\WINDOWS\System32\KERNELBASE.dll
0x00007ffe2fc00000 - 0x00007ffe2fd4b000 	C:\WINDOWS\System32\ucrtbase.dll
0x00007ffe2a660000 - 0x00007ffe2a67b000 	C:\Program Files\Android\Android Studio\jbr\bin\VCRUNTIME140.dll
0x00007ffe27220000 - 0x00007ffe27238000 	C:\Program Files\Android\Android Studio\jbr\bin\jli.dll
0x00007ffe30df0000 - 0x00007ffe30fb5000 	C:\WINDOWS\System32\USER32.dll
0x00007ffe2f690000 - 0x00007ffe2f6b7000 	C:\WINDOWS\System32\win32u.dll
0x00007ffe32030000 - 0x00007ffe3205b000 	C:\WINDOWS\System32\GDI32.dll
0x00007ffe301b0000 - 0x00007ffe302dc000 	C:\WINDOWS\System32\gdi32full.dll
0x00007ffe19080000 - 0x00007ffe19313000 	C:\WINDOWS\WinSxS\amd64_microsoft.windows.common-controls_6595b64144ccf1df_6.0.26100.7309_none_3e05feeae336a044\COMCTL32.dll
0x00007ffe30100000 - 0x00007ffe301a3000 	C:\WINDOWS\System32\msvcp_win.dll
0x00007ffe30bb0000 - 0x00007ffe30c59000 	C:\WINDOWS\System32\msvcrt.dll
0x00007ffe31fd0000 - 0x00007ffe32001000 	C:\WINDOWS\System32\IMM32.DLL
0x00007ffe2c650000 - 0x00007ffe2c65c000 	C:\Program Files\Android\Android Studio\jbr\bin\vcruntime140_1.dll
0x00007ffdf94e0000 - 0x00007ffdf956d000 	C:\Program Files\Android\Android Studio\jbr\bin\msvcp140.dll
0x00007ffd115f0000 - 0x00007ffd1227e000 	C:\Program Files\Android\Android Studio\jbr\bin\server\jvm.dll
0x00007ffe302e0000 - 0x00007ffe30394000 	C:\WINDOWS\System32\ADVAPI32.dll
0x00007ffe303a0000 - 0x00007ffe30446000 	C:\WINDOWS\System32\sechost.dll
0x00007ffe308b0000 - 0x00007ffe309c8000 	C:\WINDOWS\System32\RPCRT4.dll
0x00007ffe32400000 - 0x00007ffe32474000 	C:\WINDOWS\System32\WS2_32.dll
0x00007ffe1f880000 - 0x00007ffe1f8b5000 	C:\WINDOWS\SYSTEM32\WINMM.dll
0x00007ffe25a30000 - 0x00007ffe25a3b000 	C:\WINDOWS\SYSTEM32\VERSION.dll
0x00007ffe2f510000 - 0x00007ffe2f56e000 	C:\WINDOWS\SYSTEM32\POWRPROF.dll
0x00007ffe2f4f0000 - 0x00007ffe2f504000 	C:\WINDOWS\SYSTEM32\UMPDC.dll
0x00007ffe2e440000 - 0x00007ffe2e45b000 	C:\WINDOWS\SYSTEM32\kernel.appcore.dll
0x00007ffe2a650000 - 0x00007ffe2a65a000 	C:\Program Files\Android\Android Studio\jbr\bin\jimage.dll
0x00007ffe23c10000 - 0x00007ffe23e52000 	C:\WINDOWS\SYSTEM32\DBGHELP.DLL
0x00007ffe30450000 - 0x00007ffe307d6000 	C:\WINDOWS\System32\combase.dll
0x00007ffe31e80000 - 0x00007ffe31f56000 	C:\WINDOWS\System32\OLEAUT32.dll
0x00007ffdf93f0000 - 0x00007ffdf942c000 	C:\WINDOWS\SYSTEM32\dbgcore.DLL
0x00007ffe2fb50000 - 0x00007ffe2fbf5000 	C:\WINDOWS\System32\bcryptPrimitives.dll
0x00007ffe2a600000 - 0x00007ffe2a620000 	C:\Program Files\Android\Android Studio\jbr\bin\java.dll
0x00007ffe28520000 - 0x00007ffe28538000 	C:\Program Files\Android\Android Studio\jbr\bin\zip.dll
0x00007ffe315b0000 - 0x00007ffe31d03000 	C:\WINDOWS\System32\SHELL32.dll
0x00007ffe2fed0000 - 0x00007ffe3003a000 	C:\WINDOWS\System32\wintypes.dll
0x00007ffe2d260000 - 0x00007ffe2dabe000 	C:\WINDOWS\SYSTEM32\windows.storage.dll
0x00007ffe32300000 - 0x00007ffe323f5000 	C:\WINDOWS\System32\SHCORE.dll
0x00007ffe31f60000 - 0x00007ffe31fc6000 	C:\WINDOWS\System32\shlwapi.dll
0x00007ffe2f5b0000 - 0x00007ffe2f5d9000 	C:\WINDOWS\SYSTEM32\profapi.dll
0x00007ffe2a630000 - 0x00007ffe2a640000 	C:\Program Files\Android\Android Studio\jbr\bin\net.dll
0x00007ffe290e0000 - 0x00007ffe29208000 	C:\WINDOWS\SYSTEM32\WINHTTP.dll
0x00007ffe2e9b0000 - 0x00007ffe2ea1b000 	C:\WINDOWS\system32\mswsock.dll
0x00007ffe25900000 - 0x00007ffe25916000 	C:\Program Files\Android\Android Studio\jbr\bin\nio.dll
0x00007ffe258f0000 - 0x00007ffe25900000 	C:\Program Files\Android\Android Studio\jbr\bin\verify.dll

dbghelp: loaded successfully - version: 4.0.5 - missing functions: none
symbol engine: initialized successfully - sym options: 0x614 - pdb path: .;C:\Program Files\Android\Android Studio\jbr\bin;C:\WINDOWS\SYSTEM32;C:\WINDOWS\WinSxS\amd64_microsoft.windows.common-controls_6595b64144ccf1df_6.0.26100.7309_none_3e05feeae336a044;C:\Program Files\Android\Android Studio\jbr\bin\server

VM Arguments:
java_command: org.jetbrains.kotlin.cli.jvm.K2JVMCompiler @D:\team rocket\android App\PassengerApp\app\build\20260121_5397122317068367020.compiler.options
java_class_path (initial): C:\Users\NAVNIT KUMAR\.gradle\caches\modules-2\files-2.1\org.jetbrains.kotlin\kotlin-compiler-embeddable\2.0.21\79346ed53db48b18312a472602eb5c057070c54d\kotlin-compiler-embeddable-2.0.21.jar;C:\Users\NAVNIT KUMAR\.gradle\caches\modules-2\files-2.1\org.jetbrains.kotlin\kotlin-stdlib\2.0.21\618b539767b4899b4660a83006e052b63f1db551\kotlin-stdlib-2.0.21.jar;C:\Users\NAVNIT KUMAR\.gradle\caches\modules-2\files-2.1\org.jetbrains.kotlin\kotlin-script-runtime\2.0.21\c9b044380ad41f89aa89aa896c2d32a8c0b2129d\kotlin-script-runtime-2.0.21.jar;C:\Users\NAVNIT KUMAR\.gradle\caches\modules-2\files-2.1\org.jetbrains.kotlin\kotlin-reflect\1.6.10\1cbe9c92c12a94eea200d23c2bbaedaf3daf5132\kotlin-reflect-1.6.10.jar;C:\Users\NAVNIT KUMAR\.gradle\caches\modules-2\files-2.1\org.jetbrains.kotlin\kotlin-daemon-embeddable\2.0.21\c9e933b23287de9b5a17e2116b4657bb91aea72c\kotlin-daemon-embeddable-2.0.21.jar;C:\Users\NAVNIT KUMAR\.gradle\caches\modules-2\files-2.1\org.jetbrains.intellij.deps\trove4j\1.0.20200330\3afb14d5f9ceb459d724e907a21145e8ff394f02\trove4j-1.0.20200330.jar;C:\Users\NAVNIT KUMAR\.gradle\caches\modules-2\files-2.1\org.jetbrains.kotlinx\kotlinx-coroutines-core-jvm\1.6.4\2c997cd1c0ef33f3e751d3831929aeff1390cb30\kotlinx-coroutines-core-jvm-1.6.4.jar;C:\Users\NAVNIT KUMAR\.gradle\caches\modules-2\files-2.1\org.jetbrains\annotations\13.0\919f0dfe192fb4e063e7dacadee7f8bb9a2672a9\annotations-13.0.jar
Launcher Type: SUN_STANDARD

[Global flags]
     intx CICompilerCount                          = 4                                         {product} {ergonomic}
     uint ConcGCThreads                            = 3                                         {product} {ergonomic}
     uint G1ConcRefinementThreads                  = 10                                        {product} {ergonomic}
   size_t G1HeapRegionSize                         = 1048576                                   {product} {ergonomic}
    uintx GCDrainStackTargetSize                   = 64                                        {product} {ergonomic}
   size_t InitialHeapSize                          = 123731968                                 {product} {ergonomic}
   size_t MarkStackSize                            = 4194304                                   {product} {ergonomic}
   size_t MaxHeapSize                              = 1962934272                                {product} {ergonomic}
   size_t MaxNewSize                               = 1177550848                                {product} {ergonomic}
   size_t MinHeapDeltaBytes                        = 1048576                                   {product} {ergonomic}
   size_t MinHeapSize                              = 8388608                                   {product} {ergonomic}
    uintx NonNMethodCodeHeapSize                   = 5839372                                {pd product} {ergonomic}
    uintx NonProfiledCodeHeapSize                  = 122909434                              {pd product} {ergonomic}
    uintx ProfiledCodeHeapSize                     = 122909434                              {pd product} {ergonomic}
    uintx ReservedCodeCacheSize                    = 251658240                              {pd product} {ergonomic}
     bool SegmentedCodeCache                       = true                                      {product} {ergonomic}
   size_t SoftMaxHeapSize                          = 1962934272                             {manageable} {ergonomic}
     bool UseCompressedOops                        = true                           {product lp64_product} {ergonomic}
     bool UseG1GC                                  = true                                      {product} {ergonomic}
     bool UseLargePagesIndividualAllocation        = false                                  {pd product} {ergonomic}

Logging:
Log output configuration:
 #0: stdout all=warning uptime,level,tags foldmultilines=false
 #1: stderr all=off uptime,level,tags foldmultilines=false

Environment Variables:
PATH=C:\Program Files\Common Files\Oracle\Java\javapath;C:\Program Files (x86)\Common Files\Oracle\Java\java8path;C:\Program Files (x86)\Common Files\Oracle\Java\javapath;C:\Windows\system32;C:\Windows;C:\Windows\System32\Wbem;C:\Windows\System32\WindowsPowerShell\v1.0\;C:\Windows\System32\OpenSSH\;C:\Program Files (x86)\NVIDIA Corporation\PhysX\Common;C:\WINDOWS\system32;C:\WINDOWS;C:\WINDOWS\System32\Wbem;C:\WINDOWS\System32\WindowsPowerShell\v1.0\;C:\WINDOWS\System32\OpenSSH\;C:\Program Files\NVIDIA Corporation\NVIDIA App\NvDLISR;C:\Program Files\Git\cmd;C:\Program Files\nodejs\;C:\Users\NAVNIT KUMAR\AppData\Local\Microsoft\WindowsApps;C:\Users\NAVNIT KUMAR\AppData\Local\Programs\Microsoft VS Code\bin;C:\MinGW\bin;C:\Users\NAVNIT KUMAR\AppData\Roaming\npm;C:\Users\NAVNIT KUMAR\AppData\Local\Programs\cursor\resources\app\bin;C:\Users\NAVNIT KUMAR\AppData\Local\Programs\Antigravity\bin
USERNAME=NAVNIT KUMAR
OS=Windows_NT
PROCESSOR_IDENTIFIER=AMD64 Family 25 Model 68 Stepping 1, AuthenticAMD
TMP=C:\Users\NAVNIT~1\AppData\Local\Temp
TEMP=C:\Users\NAVNIT~1\AppData\Local\Temp




Periodic native trim disabled

JNI global refs:
JNI global refs: 11, weak refs: 18

JNI global refs memory usage: 835, weak refs: 833

Process memory usage:
Resident Set Size: 410676K (5% of 7664432K total physical memory with 107108K free physical memory)

OOME stack traces (most recent first):
Classloader memory used:
Loader jdk.internal.loader.ClassLoaders$AppClassLoader                                 : 54843K
Loader bootstrap                                                                       : 11172K
Loader java.net.URLClassLoader                                                         : 297K

---------------  S Y S T E M  ---------------

OS:
 Windows 11 , 64 bit Build 26100 (10.0.26100.7623)
OS uptime: 0 days 6:12 hours
Hyper-V role detected

CPU: total 12 (initial active 12) (12 cores per cpu, 2 threads per core) family 25 model 68 stepping 1 microcode 0xa40410a, cx8, cmov, fxsr, ht, mmx, 3dnowpref, sse, sse2, sse3, ssse3, sse4a, sse4.1, sse4.2, popcnt, lzcnt, tsc, tscinvbit, avx, avx2, aes, erms, clmul, bmi1, bmi2, adx, sha, fma, vzeroupper, clflush, clflushopt, hv, rdtscp, rdpid, fsrm, f16c, cet_ss
Processor Information for the first 12 processors :
  Max Mhz: 3301, Current Mhz: 3301, Mhz Limit: 3301

Memory: 4k page, system-wide physical 7484M (101M free)
TotalPageFile size 30012M (AvailPageFile size 14M)
current process WorkingSet (physical memory assigned to process): 401M, peak: 401M
current process commit charge ("private bytes"): 506M, peak: 510M

vm_info: OpenJDK 64-Bit Server VM (21.0.7+-13880790-b1038.58) for windows-amd64 JRE (21.0.7+-13880790-b1038.58), built on 2025-08-04T20:56:21Z by "builder" with MS VC++ 16.10 / 16.11 (VS2019)

END.
