#
# There is insufficient memory for the Java Runtime Environment to continue.
# Native memory allocation (mmap) failed to map 396361728 bytes. Error detail: G1 virtual space
# Possible reasons:
#   The system is out of physical RAM or swap space
#   This process is running with CompressedOops enabled, and the Java Heap may be blocking the growth of the native heap
# Possible solutions:
#   Reduce memory load on the system
#   Increase physical memory or swap space
#   Check if swap backing store is full
#   Decrease Java heap size (-Xmx/-Xms)
#   Decrease number of Java threads
#   Decrease Java thread stack sizes (-Xss)
#   Set larger code cache with -XX:ReservedCodeCacheSize=
#   JVM is running with Unscaled Compressed Oops mode in which the Java heap is
#     placed in the first 4GB address space. The Java Heap base address is the
#     maximum limit for the native heap growth. Please use -XX:HeapBaseMinAddress
#     to set the Java Heap base and to place the Java Heap above 4GB virtual address.
# This output file may be truncated or incomplete.
#
#  Out of Memory Error (os_windows.cpp:3713), pid=57288, tid=55496
#
# JRE version: OpenJDK Runtime Environment Temurin-21.0.9+10 (21.0.9+10) (build 21.0.9+10-LTS)
# Java VM: OpenJDK 64-Bit Server VM Temurin-21.0.9+10 (21.0.9+10-LTS, mixed mode, sharing, tiered, compressed oops, compressed class ptrs, g1 gc, windows-amd64)
# No core dump will be written. Minidumps are not enabled by default on client versions of Windows
#

---------------  S U M M A R Y ------------

Command Line: --add-opens=java.base/java.lang=ALL-UNNAMED --add-opens=java.base/java.lang.invoke=ALL-UNNAMED --add-opens=java.base/java.util=ALL-UNNAMED --add-opens=java.prefs/java.util.prefs=ALL-UNNAMED --add-exports=jdk.compiler/com.sun.tools.javac.api=ALL-UNNAMED --add-exports=jdk.compiler/com.sun.tools.javac.util=ALL-UNNAMED --add-opens=java.base/java.util=ALL-UNNAMED --add-opens=java.prefs/java.util.prefs=ALL-UNNAMED --add-opens=java.base/java.nio.charset=ALL-UNNAMED --add-opens=java.base/java.net=ALL-UNNAMED --add-opens=java.base/java.util.concurrent.atomic=ALL-UNNAMED --add-opens=java.xml/javax.xml.namespace=ALL-UNNAMED -Xmx2048m -Dfile.encoding=UTF-8 -Duser.country=IN -Duser.language=en -Duser.variant -javaagent:C:\Users\NAVNIT KUMAR\.gradle\wrapper\dists\gradle-8.13-bin\5xuhj0ry160q40clulazy9h7d\gradle-8.13\lib\agents\gradle-instrumentation-agent-8.13.jar org.gradle.launcher.daemon.bootstrap.GradleDaemon 8.13

Host: AMD Ryzen 5 7535HS with Radeon Graphics        , 12 cores, 7G,  Windows 11 , 64 bit Build 26100 (10.0.26100.7623)
Time: Wed Jan 21 15:42:19 2026 India Standard Time elapsed time: 85.104388 seconds (0d 0h 1m 25s)

---------------  T H R E A D  ---------------

Current thread (0x000001e6d2831690):  VMThread "VM Thread"          [id=55496, stack(0x000000c756500000,0x000000c756600000) (1024K)]

Stack: [0x000000c756500000,0x000000c756600000]
Native frames: (J=compiled Java code, j=interpreted, Vv=VM code, C=native code)
V  [jvm.dll+0x6d6e29]
V  [jvm.dll+0x8b4b76]
V  [jvm.dll+0x8b712e]
V  [jvm.dll+0x8b7813]
V  [jvm.dll+0x283d86]
V  [jvm.dll+0x6d3745]
V  [jvm.dll+0x6c747a]
V  [jvm.dll+0x35e7e8]
V  [jvm.dll+0x366426]
V  [jvm.dll+0x3b73fe]
V  [jvm.dll+0x3b76a8]
V  [jvm.dll+0x3329ec]
V  [jvm.dll+0x332a77]
V  [jvm.dll+0x37684c]
V  [jvm.dll+0x374fee]
V  [jvm.dll+0x332131]
V  [jvm.dll+0x37465a]
V  [jvm.dll+0x8bd500]
V  [jvm.dll+0x8be8a4]
V  [jvm.dll+0x8bede0]
V  [jvm.dll+0x8bf083]
V  [jvm.dll+0x85e9ad]
V  [jvm.dll+0x6d565d]
C  [ucrtbase.dll+0x37b0]
C  [KERNEL32.DLL+0x2e8d7]
C  [ntdll.dll+0x8c53c]

VM_Operation (0x000000c757bf31d0): G1CollectForAllocation, mode: safepoint, requested by thread 0x000001e718b8a490


---------------  P R O C E S S  ---------------

Threads class SMR info:
_java_thread_list=0x000001e719ce1b10, length=69, elements={
0x000001e6b8828210, 0x000001e6d284ad70, 0x000001e6d284c330, 0x000001e6d28545f0,
0x000001e6d2855040, 0x000001e6d2857910, 0x000001e6d285c260, 0x000001e6d2866fd0,
0x000001e6d286aac0, 0x000001e6d2a4fe80, 0x000001e6d2ac8f60, 0x000001e718b8d280,
0x000001e718b89e00, 0x000001e718b8ab20, 0x000001e718b8cbf0, 0x000001e718b8b1b0,
0x000001e718b8bed0, 0x000001e718b8a490, 0x000001e718b8c560, 0x000001e718b8b840,
0x000001e7195a5960, 0x000001e7195a3f20, 0x000001e7195a4c40, 0x000001e7195a5ff0,
0x000001e7195a3890, 0x000001e7195a6680, 0x000001e7195a52d0, 0x000001e7195a3200,
0x000001e7195aa190, 0x000001e7195a7a30, 0x000001e7195a9470, 0x000001e7195a6d10,
0x000001e7195a9b00, 0x000001e7195a8de0, 0x000001e7195a80c0, 0x000001e7196fd950,
0x000001e7196fdfe0, 0x000001e7197000b0, 0x000001e7196fe670, 0x000001e7196fd2c0,
0x000001e719702180, 0x000001e719701af0, 0x000001e7196fed00, 0x000001e719702810,
0x000001e7196ff390, 0x000001e719702ea0, 0x000001e7196ffa20, 0x000001e719703530,
0x000001e719703bc0, 0x000001e719704250, 0x000001e719700dd0, 0x000001e7197048e0,
0x000001e719701460, 0x000001e718c3a980, 0x000001e718c3a2f0, 0x000001e718c3bd30,
0x000001e718c38f40, 0x000001e718c39c60, 0x000001e718c3b010, 0x000001e718c3b6a0,
0x000001e718c395d0, 0x000001e718c388b0, 0x000001e718c3f840, 0x000001e718c3d0e0,
0x000001e718c3c3c0, 0x000001e718c3ca50, 0x000001e718c3eb20, 0x000001e718c3e490,
0x000001e719d22380
}

Java Threads: ( => current thread )
  0x000001e6b8828210 JavaThread "main"                              [_thread_blocked, id=55788, stack(0x000000c755e00000,0x000000c755f00000) (1024K)]
  0x000001e6d284ad70 JavaThread "Reference Handler"          daemon [_thread_blocked, id=56848, stack(0x000000c756600000,0x000000c756700000) (1024K)]
  0x000001e6d284c330 JavaThread "Finalizer"                  daemon [_thread_blocked, id=50836, stack(0x000000c756700000,0x000000c756800000) (1024K)]
  0x000001e6d28545f0 JavaThread "Signal Dispatcher"          daemon [_thread_blocked, id=56640, stack(0x000000c756800000,0x000000c756900000) (1024K)]
  0x000001e6d2855040 JavaThread "Attach Listener"            daemon [_thread_blocked, id=54848, stack(0x000000c756900000,0x000000c756a00000) (1024K)]
  0x000001e6d2857910 JavaThread "Service Thread"             daemon [_thread_blocked, id=55536, stack(0x000000c756a00000,0x000000c756b00000) (1024K)]
  0x000001e6d285c260 JavaThread "Monitor Deflation Thread"   daemon [_thread_blocked, id=46792, stack(0x000000c756b00000,0x000000c756c00000) (1024K)]
  0x000001e6d2866fd0 JavaThread "C2 CompilerThread0"         daemon [_thread_blocked, id=56112, stack(0x000000c756c00000,0x000000c756d00000) (1024K)]
  0x000001e6d286aac0 JavaThread "C1 CompilerThread0"         daemon [_thread_blocked, id=53360, stack(0x000000c756d00000,0x000000c756e00000) (1024K)]
  0x000001e6d2a4fe80 JavaThread "Common-Cleaner"             daemon [_thread_blocked, id=57280, stack(0x000000c756e00000,0x000000c756f00000) (1024K)]
  0x000001e6d2ac8f60 JavaThread "Notification Thread"        daemon [_thread_blocked, id=46448, stack(0x000000c756f00000,0x000000c757000000) (1024K)]
  0x000001e718b8d280 JavaThread "Daemon health stats"               [_thread_blocked, id=46352, stack(0x000000c757500000,0x000000c757600000) (1024K)]
  0x000001e718b89e00 JavaThread "Incoming local TCP Connector on port 62447"        [_thread_in_native, id=55620, stack(0x000000c757600000,0x000000c757700000) (1024K)]
  0x000001e718b8ab20 JavaThread "Daemon periodic checks"            [_thread_blocked, id=42244, stack(0x000000c757700000,0x000000c757800000) (1024K)]
  0x000001e718b8cbf0 JavaThread "Daemon"                            [_thread_blocked, id=53892, stack(0x000000c757800000,0x000000c757900000) (1024K)]
  0x000001e718b8b1b0 JavaThread "Handler for socket connection from /127.0.0.1:62447 to /127.0.0.1:62449"        [_thread_in_native, id=56784, stack(0x000000c757900000,0x000000c757a00000) (1024K)]
  0x000001e718b8bed0 JavaThread "Cancel handler"                    [_thread_blocked, id=56396, stack(0x000000c757a00000,0x000000c757b00000) (1024K)]
  0x000001e718b8a490 JavaThread "Daemon worker"                     [_thread_blocked, id=55952, stack(0x000000c757b00000,0x000000c757c00000) (1024K)]
  0x000001e718b8c560 JavaThread "Asynchronous log dispatcher for DefaultDaemonConnection: socket connection from /127.0.0.1:62447 to /127.0.0.1:62449"        [_thread_blocked, id=45136, stack(0x000000c757c00000,0x000000c757d00000) (1024K)]
  0x000001e718b8b840 JavaThread "Stdin handler"                     [_thread_blocked, id=51352, stack(0x000000c757d00000,0x000000c757e00000) (1024K)]
  0x000001e7195a5960 JavaThread "Daemon client event forwarder"        [_thread_blocked, id=57084, stack(0x000000c757e00000,0x000000c757f00000) (1024K)]
  0x000001e7195a3f20 JavaThread "Cache worker for journal cache (C:\Users\NAVNIT KUMAR\.gradle\caches\journal-1)"        [_thread_blocked, id=57412, stack(0x000000c757f00000,0x000000c758000000) (1024K)]
  0x000001e7195a4c40 JavaThread "File lock request listener"        [_thread_in_native, id=57424, stack(0x000000c758000000,0x000000c758100000) (1024K)]
  0x000001e7195a5ff0 JavaThread "File lock release action executor"        [_thread_blocked, id=57440, stack(0x000000c758100000,0x000000c758200000) (1024K)]
  0x000001e7195a3890 JavaThread "Cache worker for file hash cache (C:\Users\NAVNIT KUMAR\.gradle\caches\8.13\fileHashes)"        [_thread_blocked, id=57668, stack(0x000000c758200000,0x000000c758300000) (1024K)]
  0x000001e7195a6680 JavaThread "Cache worker for file hash cache (D:\team rocket\android App\PassengerApp\.gradle\8.13\fileHashes)"        [_thread_blocked, id=57796, stack(0x000000c758900000,0x000000c758a00000) (1024K)]
  0x000001e7195a52d0 JavaThread "Cache worker for Build Output Cleanup Cache (D:\team rocket\android App\PassengerApp\.gradle\buildOutputCleanup)"        [_thread_blocked, id=57808, stack(0x000000c758a00000,0x000000c758b00000) (1024K)]
  0x000001e7195a3200 JavaThread "File watcher server"        daemon [_thread_in_native, id=57812, stack(0x000000c758b00000,0x000000c758c00000) (1024K)]
  0x000001e7195aa190 JavaThread "File watcher consumer"      daemon [_thread_blocked, id=57832, stack(0x000000c758c00000,0x000000c758d00000) (1024K)]
  0x000001e7195a7a30 JavaThread "jar transforms"                    [_thread_blocked, id=57972, stack(0x000000c758d00000,0x000000c758e00000) (1024K)]
  0x000001e7195a9470 JavaThread "jar transforms Thread 2"           [_thread_blocked, id=57984, stack(0x000000c758e00000,0x000000c758f00000) (1024K)]
  0x000001e7195a6d10 JavaThread "Cache worker for checksums cache (D:\team rocket\android App\PassengerApp\.gradle\8.13\checksums)"        [_thread_blocked, id=58024, stack(0x000000c758f00000,0x000000c759000000) (1024K)]
  0x000001e7195a9b00 JavaThread "Cache worker for file content cache (C:\Users\NAVNIT KUMAR\.gradle\caches\8.13\fileContent)"        [_thread_blocked, id=58028, stack(0x000000c759000000,0x000000c759100000) (1024K)]
  0x000001e7195a8de0 JavaThread "Cache worker for cache directory md-supplier (C:\Users\NAVNIT KUMAR\.gradle\caches\8.13\md-supplier)"        [_thread_blocked, id=58072, stack(0x000000c759100000,0x000000c759200000) (1024K)]
  0x000001e7195a80c0 JavaThread "Cache worker for cache directory md-rule (C:\Users\NAVNIT KUMAR\.gradle\caches\8.13\md-rule)"        [_thread_blocked, id=58080, stack(0x000000c759200000,0x000000c759300000) (1024K)]
  0x000001e7196fd950 JavaThread "Unconstrained build operations"        [_thread_blocked, id=52556, stack(0x000000c759300000,0x000000c759400000) (1024K)]
  0x000001e7196fdfe0 JavaThread "Unconstrained build operations Thread 2"        [_thread_blocked, id=57360, stack(0x000000c759400000,0x000000c759500000) (1024K)]
  0x000001e7197000b0 JavaThread "Unconstrained build operations Thread 3"        [_thread_blocked, id=57372, stack(0x000000c759500000,0x000000c759600000) (1024K)]
  0x000001e7196fe670 JavaThread "Unconstrained build operations Thread 4"        [_thread_blocked, id=57380, stack(0x000000c759600000,0x000000c759700000) (1024K)]
  0x000001e7196fd2c0 JavaThread "Unconstrained build operations Thread 5"        [_thread_blocked, id=57388, stack(0x000000c759700000,0x000000c759800000) (1024K)]
  0x000001e719702180 JavaThread "Unconstrained build operations Thread 6"        [_thread_blocked, id=57404, stack(0x000000c759800000,0x000000c759900000) (1024K)]
  0x000001e719701af0 JavaThread "Unconstrained build operations Thread 7"        [_thread_blocked, id=55124, stack(0x000000c759900000,0x000000c759a00000) (1024K)]
  0x000001e7196fed00 JavaThread "Unconstrained build operations Thread 8"        [_thread_blocked, id=55976, stack(0x000000c759a00000,0x000000c759b00000) (1024K)]
  0x000001e719702810 JavaThread "Unconstrained build operations Thread 9"        [_thread_blocked, id=57352, stack(0x000000c759b00000,0x000000c759c00000) (1024K)]
  0x000001e7196ff390 JavaThread "Unconstrained build operations Thread 10"        [_thread_blocked, id=54080, stack(0x000000c759c00000,0x000000c759d00000) (1024K)]
  0x000001e719702ea0 JavaThread "Unconstrained build operations Thread 11"        [_thread_blocked, id=22992, stack(0x000000c759d00000,0x000000c759e00000) (1024K)]
  0x000001e7196ffa20 JavaThread "Unconstrained build operations Thread 12"        [_thread_blocked, id=57908, stack(0x000000c759e00000,0x000000c759f00000) (1024K)]
  0x000001e719703530 JavaThread "Unconstrained build operations Thread 13"        [_thread_blocked, id=57936, stack(0x000000c759f00000,0x000000c75a000000) (1024K)]
  0x000001e719703bc0 JavaThread "Unconstrained build operations Thread 14"        [_thread_blocked, id=55140, stack(0x000000c75a000000,0x000000c75a100000) (1024K)]
  0x000001e719704250 JavaThread "Unconstrained build operations Thread 15"        [_thread_blocked, id=57892, stack(0x000000c75a100000,0x000000c75a200000) (1024K)]
  0x000001e719700dd0 JavaThread "Unconstrained build operations Thread 16"        [_thread_blocked, id=57888, stack(0x000000c75a200000,0x000000c75a300000) (1024K)]
  0x000001e7197048e0 JavaThread "Unconstrained build operations Thread 17"        [_thread_blocked, id=57884, stack(0x000000c75a300000,0x000000c75a400000) (1024K)]
  0x000001e719701460 JavaThread "Unconstrained build operations Thread 18"        [_thread_blocked, id=56664, stack(0x000000c75a400000,0x000000c75a500000) (1024K)]
  0x000001e718c3a980 JavaThread "Unconstrained build operations Thread 19"        [_thread_blocked, id=48748, stack(0x000000c75a500000,0x000000c75a600000) (1024K)]
  0x000001e718c3a2f0 JavaThread "Unconstrained build operations Thread 20"        [_thread_blocked, id=56684, stack(0x000000c75a600000,0x000000c75a700000) (1024K)]
  0x000001e718c3bd30 JavaThread "Unconstrained build operations Thread 21"        [_thread_blocked, id=58048, stack(0x000000c75a700000,0x000000c75a800000) (1024K)]
  0x000001e718c38f40 JavaThread "Unconstrained build operations Thread 22"        [_thread_blocked, id=55348, stack(0x000000c75a800000,0x000000c75a900000) (1024K)]
  0x000001e718c39c60 JavaThread "Unconstrained build operations Thread 23"        [_thread_blocked, id=58136, stack(0x000000c75ab00000,0x000000c75ac00000) (1024K)]
  0x000001e718c3b010 JavaThread "Unconstrained build operations Thread 24"        [_thread_blocked, id=58140, stack(0x000000c75ac00000,0x000000c75ad00000) (1024K)]
  0x000001e718c3b6a0 JavaThread "Unconstrained build operations Thread 25"        [_thread_blocked, id=58124, stack(0x000000c75ad00000,0x000000c75ae00000) (1024K)]
  0x000001e718c395d0 JavaThread "Unconstrained build operations Thread 26"        [_thread_blocked, id=31100, stack(0x000000c75ae00000,0x000000c75af00000) (1024K)]
  0x000001e718c388b0 JavaThread "Unconstrained build operations Thread 27"        [_thread_blocked, id=58184, stack(0x000000c75af00000,0x000000c75b000000) (1024K)]
  0x000001e718c3f840 JavaThread "Unconstrained build operations Thread 28"        [_thread_blocked, id=58180, stack(0x000000c75b000000,0x000000c75b100000) (1024K)]
  0x000001e718c3d0e0 JavaThread "Unconstrained build operations Thread 29"        [_thread_blocked, id=58176, stack(0x000000c75b100000,0x000000c75b200000) (1024K)]
  0x000001e718c3c3c0 JavaThread "Unconstrained build operations Thread 30"        [_thread_blocked, id=58160, stack(0x000000c75b200000,0x000000c75b300000) (1024K)]
  0x000001e718c3ca50 JavaThread "Unconstrained build operations Thread 31"        [_thread_blocked, id=58156, stack(0x000000c75b300000,0x000000c75b400000) (1024K)]
  0x000001e718c3eb20 JavaThread "Unconstrained build operations Thread 32"        [_thread_blocked, id=58152, stack(0x000000c75b400000,0x000000c75b500000) (1024K)]
  0x000001e718c3e490 JavaThread "Unconstrained build operations Thread 33"        [_thread_blocked, id=58132, stack(0x000000c75b500000,0x000000c75b600000) (1024K)]
  0x000001e719d22380 JavaThread "C2 CompilerThread1"         daemon [_thread_blocked, id=52080, stack(0x000000c75a900000,0x000000c75aa00000) (1024K)]
Total: 69

Other Threads:
=>0x000001e6d2831690 VMThread "VM Thread"                           [id=55496, stack(0x000000c756500000,0x000000c756600000) (1024K)]
  0x000001e6d2821090 WatcherThread "VM Periodic Task Thread"        [id=53728, stack(0x000000c756400000,0x000000c756500000) (1024K)]
  0x000001e6bacc6c00 WorkerThread "GC Thread#0"                     [id=56768, stack(0x000000c755f00000,0x000000c756000000) (1024K)]
  0x000001e71839a3b0 WorkerThread "GC Thread#1"                     [id=32992, stack(0x000000c757000000,0x000000c757100000) (1024K)]
  0x000001e6d2c66530 WorkerThread "GC Thread#2"                     [id=40084, stack(0x000000c757100000,0x000000c757200000) (1024K)]
  0x000001e6d2c668d0 WorkerThread "GC Thread#3"                     [id=56448, stack(0x000000c757200000,0x000000c757300000) (1024K)]
  0x000001e71858fd30 WorkerThread "GC Thread#4"                     [id=25312, stack(0x000000c757300000,0x000000c757400000) (1024K)]
  0x000001e7194644a0 WorkerThread "GC Thread#5"                     [id=56516, stack(0x000000c757400000,0x000000c757500000) (1024K)]
  0x000001e719c87720 WorkerThread "GC Thread#6"                     [id=57740, stack(0x000000c758300000,0x000000c758400000) (1024K)]
  0x000001e719e62d00 WorkerThread "GC Thread#7"                     [id=57744, stack(0x000000c758400000,0x000000c758500000) (1024K)]
  0x000001e719e625c0 WorkerThread "GC Thread#8"                     [id=57748, stack(0x000000c758500000,0x000000c758600000) (1024K)]
  0x000001e719e62960 WorkerThread "GC Thread#9"                     [id=57752, stack(0x000000c758600000,0x000000c758700000) (1024K)]
  0x000001e6bacd9110 ConcurrentGCThread "G1 Main Marker"            [id=56856, stack(0x000000c756000000,0x000000c756100000) (1024K)]
  0x000001e6bacd9b20 WorkerThread "G1 Conc#0"                       [id=52296, stack(0x000000c756100000,0x000000c756200000) (1024K)]
  0x000001e719e637e0 WorkerThread "G1 Conc#1"                       [id=57780, stack(0x000000c758700000,0x000000c758800000) (1024K)]
  0x000001e719e61e80 WorkerThread "G1 Conc#2"                       [id=57784, stack(0x000000c758800000,0x000000c758900000) (1024K)]
  0x000001e6d26ed4c0 ConcurrentGCThread "G1 Refine#0"               [id=38780, stack(0x000000c756200000,0x000000c756300000) (1024K)]
  0x000001e6d26f0d00 ConcurrentGCThread "G1 Service"                [id=29900, stack(0x000000c756300000,0x000000c756400000) (1024K)]
Total: 18

Threads with active compile tasks:
Total: 0

VM state: at safepoint (normal execution)

VM Mutex/Monitor currently owned by a thread:  ([mutex/lock_event])
[0x00007ff8a3fdd570] Threads_lock - owner thread: 0x000001e6d2831690
[0x00007ff8a3fdd670] Heap_lock - owner thread: 0x000001e718b8a490

Heap address: 0x0000000080000000, size: 2048 MB, Compressed Oops mode: 32-bit

CDS archive(s) mapped at: [0x000001e6d3000000-0x000001e6d3ba0000-0x000001e6d3ba0000), size 12189696, SharedBaseAddress: 0x000001e6d3000000, ArchiveRelocationMode: 1.
Compressed class space mapped at: 0x000001e6d4000000-0x000001e714000000, reserved size: 1073741824
Narrow klass base: 0x000001e6d3000000, Narrow klass shift: 0, Narrow klass range: 0x100000000

GC Precious Log:
 CardTable entry size: 512
 Card Set container configuration: InlinePtr #cards 5 size 8 Array Of Cards #cards 12 size 40 Howl #buckets 4 coarsen threshold 1843 Howl Bitmap #cards 512 size 80 coarsen threshold 460 Card regions per heap region 1 cards per card region 2048
 CPUs: 12 total, 12 available
 Memory: 7484M
 Large Page Support: Disabled
 NUMA Support: Disabled
 Compressed Oops: Enabled (32-bit)
 Heap Region Size: 1M
 Heap Min Capacity: 8M
 Heap Initial Capacity: 118M
 Heap Max Capacity: 2G
 Pre-touch: Disabled
 Parallel Workers: 10
 Concurrent Workers: 3
 Concurrent Refinement Workers: 10
 Periodic GC: Disabled

Heap:
 garbage-first heap   total 193536K, used 123631K [0x0000000080000000, 0x0000000100000000)
  region size 1024K, 8 young (8192K), 8 survivors (8192K)
 Metaspace       used 105630K, committed 107968K, reserved 1179648K
  class space    used 14469K, committed 15616K, reserved 1048576K

Heap Regions: E=young(eden), S=young(survivor), O=old, HS=humongous(starts), HC=humongous(continues), CS=collection set, F=free, TAMS=top-at-mark-start, PB=parsable bottom
|   0|0x0000000080000000, 0x0000000080100000, 0x0000000080100000|100%|HS|  |TAMS 0x0000000080100000| PB 0x0000000080000000| Complete 
|   1|0x0000000080100000, 0x0000000080200000, 0x0000000080200000|100%|HC|  |TAMS 0x0000000080200000| PB 0x0000000080100000| Complete 
|   2|0x0000000080200000, 0x0000000080300000, 0x0000000080300000|100%|HC|  |TAMS 0x0000000080300000| PB 0x0000000080200000| Complete 
|   3|0x0000000080300000, 0x0000000080400000, 0x0000000080400000|100%| O|  |TAMS 0x0000000080400000| PB 0x0000000080300000| Untracked 
|   4|0x0000000080400000, 0x0000000080500000, 0x0000000080500000|100%| O|  |TAMS 0x0000000080500000| PB 0x0000000080400000| Untracked 
|   5|0x0000000080500000, 0x0000000080600000, 0x0000000080600000|100%| O|  |TAMS 0x0000000080600000| PB 0x0000000080500000| Untracked 
|   6|0x0000000080600000, 0x0000000080700000, 0x0000000080700000|100%| O|  |TAMS 0x0000000080700000| PB 0x0000000080600000| Untracked 
|   7|0x0000000080700000, 0x0000000080800000, 0x0000000080800000|100%|HS|  |TAMS 0x0000000080800000| PB 0x0000000080700000| Complete 
|   8|0x0000000080800000, 0x0000000080900000, 0x0000000080900000|100%| O|  |TAMS 0x0000000080900000| PB 0x0000000080800000| Untracked 
|   9|0x0000000080900000, 0x0000000080a00000, 0x0000000080a00000|100%| O|  |TAMS 0x0000000080a00000| PB 0x0000000080900000| Untracked 
|  10|0x0000000080a00000, 0x0000000080b00000, 0x0000000080b00000|100%| O|  |TAMS 0x0000000080b00000| PB 0x0000000080a00000| Untracked 
|  11|0x0000000080b00000, 0x0000000080c00000, 0x0000000080c00000|100%| O|  |TAMS 0x0000000080c00000| PB 0x0000000080b00000| Untracked 
|  12|0x0000000080c00000, 0x0000000080d00000, 0x0000000080d00000|100%| O|  |TAMS 0x0000000080d00000| PB 0x0000000080c00000| Untracked 
|  13|0x0000000080d00000, 0x0000000080e00000, 0x0000000080e00000|100%| O|  |TAMS 0x0000000080e00000| PB 0x0000000080d00000| Untracked 
|  14|0x0000000080e00000, 0x0000000080f00000, 0x0000000080f00000|100%| O|  |TAMS 0x0000000080f00000| PB 0x0000000080e00000| Untracked 
|  15|0x0000000080f00000, 0x0000000081000000, 0x0000000081000000|100%| O|  |TAMS 0x0000000081000000| PB 0x0000000080f00000| Untracked 
|  16|0x0000000081000000, 0x0000000081100000, 0x0000000081100000|100%| O|  |TAMS 0x0000000081100000| PB 0x0000000081000000| Untracked 
|  17|0x0000000081100000, 0x0000000081200000, 0x0000000081200000|100%| O|  |TAMS 0x0000000081200000| PB 0x0000000081100000| Untracked 
|  18|0x0000000081200000, 0x0000000081300000, 0x0000000081300000|100%| O|  |TAMS 0x0000000081300000| PB 0x0000000081200000| Untracked 
|  19|0x0000000081300000, 0x0000000081400000, 0x0000000081400000|100%| O|  |TAMS 0x0000000081400000| PB 0x0000000081300000| Untracked 
|  20|0x0000000081400000, 0x0000000081500000, 0x0000000081500000|100%| O|  |TAMS 0x0000000081500000| PB 0x0000000081400000| Untracked 
|  21|0x0000000081500000, 0x0000000081600000, 0x0000000081600000|100%| O|  |TAMS 0x0000000081600000| PB 0x0000000081500000| Untracked 
|  22|0x0000000081600000, 0x0000000081700000, 0x0000000081700000|100%| O|  |TAMS 0x0000000081700000| PB 0x0000000081600000| Untracked 
|  23|0x0000000081700000, 0x0000000081800000, 0x0000000081800000|100%| O|  |TAMS 0x0000000081800000| PB 0x0000000081700000| Untracked 
|  24|0x0000000081800000, 0x0000000081900000, 0x0000000081900000|100%| O|  |TAMS 0x0000000081900000| PB 0x0000000081800000| Untracked 
|  25|0x0000000081900000, 0x0000000081a00000, 0x0000000081a00000|100%| O|  |TAMS 0x0000000081a00000| PB 0x0000000081900000| Untracked 
|  26|0x0000000081a00000, 0x0000000081b00000, 0x0000000081b00000|100%| O|  |TAMS 0x0000000081b00000| PB 0x0000000081a00000| Untracked 
|  27|0x0000000081b00000, 0x0000000081c00000, 0x0000000081c00000|100%| O|  |TAMS 0x0000000081c00000| PB 0x0000000081b00000| Untracked 
|  28|0x0000000081c00000, 0x0000000081d00000, 0x0000000081d00000|100%| O|  |TAMS 0x0000000081d00000| PB 0x0000000081c00000| Untracked 
|  29|0x0000000081d00000, 0x0000000081e00000, 0x0000000081e00000|100%| O|  |TAMS 0x0000000081e00000| PB 0x0000000081d00000| Untracked 
|  30|0x0000000081e00000, 0x0000000081f00000, 0x0000000081f00000|100%| O|  |TAMS 0x0000000081f00000| PB 0x0000000081e00000| Untracked 
|  31|0x0000000081f00000, 0x0000000082000000, 0x0000000082000000|100%| O|  |TAMS 0x0000000082000000| PB 0x0000000081f00000| Untracked 
|  32|0x0000000082000000, 0x0000000082100000, 0x0000000082100000|100%| O|  |TAMS 0x0000000082100000| PB 0x0000000082000000| Untracked 
|  33|0x0000000082100000, 0x0000000082200000, 0x0000000082200000|100%| O|  |TAMS 0x0000000082200000| PB 0x0000000082100000| Untracked 
|  34|0x0000000082200000, 0x0000000082300000, 0x0000000082300000|100%| O|  |TAMS 0x0000000082300000| PB 0x0000000082200000| Untracked 
|  35|0x0000000082300000, 0x0000000082400000, 0x0000000082400000|100%| O|  |TAMS 0x0000000082400000| PB 0x0000000082300000| Untracked 
|  36|0x0000000082400000, 0x0000000082500000, 0x0000000082500000|100%| O|  |TAMS 0x0000000082500000| PB 0x0000000082400000| Untracked 
|  37|0x0000000082500000, 0x0000000082600000, 0x0000000082600000|100%| O|  |TAMS 0x0000000082600000| PB 0x0000000082500000| Untracked 
|  38|0x0000000082600000, 0x0000000082700000, 0x0000000082700000|100%| O|  |TAMS 0x0000000082700000| PB 0x0000000082600000| Untracked 
|  39|0x0000000082700000, 0x0000000082800000, 0x0000000082800000|100%| O|  |TAMS 0x0000000082800000| PB 0x0000000082700000| Untracked 
|  40|0x0000000082800000, 0x0000000082900000, 0x0000000082900000|100%| O|  |TAMS 0x0000000082900000| PB 0x0000000082800000| Untracked 
|  41|0x0000000082900000, 0x0000000082a00000, 0x0000000082a00000|100%| O|  |TAMS 0x0000000082a00000| PB 0x0000000082900000| Untracked 
|  42|0x0000000082a00000, 0x0000000082b00000, 0x0000000082b00000|100%| O|  |TAMS 0x0000000082b00000| PB 0x0000000082a00000| Untracked 
|  43|0x0000000082b00000, 0x0000000082c00000, 0x0000000082c00000|100%| O|  |TAMS 0x0000000082c00000| PB 0x0000000082b00000| Untracked 
|  44|0x0000000082c00000, 0x0000000082d00000, 0x0000000082d00000|100%| O|  |TAMS 0x0000000082d00000| PB 0x0000000082c00000| Untracked 
|  45|0x0000000082d00000, 0x0000000082e00000, 0x0000000082e00000|100%| O|  |TAMS 0x0000000082e00000| PB 0x0000000082d00000| Untracked 
|  46|0x0000000082e00000, 0x0000000082f00000, 0x0000000082f00000|100%| O|  |TAMS 0x0000000082f00000| PB 0x0000000082e00000| Untracked 
|  47|0x0000000082f00000, 0x0000000083000000, 0x0000000083000000|100%| O|  |TAMS 0x0000000083000000| PB 0x0000000082f00000| Untracked 
|  48|0x0000000083000000, 0x0000000083100000, 0x0000000083100000|100%| O|  |TAMS 0x0000000083100000| PB 0x0000000083000000| Untracked 
|  49|0x0000000083100000, 0x0000000083200000, 0x0000000083200000|100%| O|  |TAMS 0x0000000083200000| PB 0x0000000083100000| Untracked 
|  50|0x0000000083200000, 0x0000000083300000, 0x0000000083300000|100%| O|  |TAMS 0x0000000083300000| PB 0x0000000083200000| Untracked 
|  51|0x0000000083300000, 0x0000000083400000, 0x0000000083400000|100%|HS|  |TAMS 0x0000000083400000| PB 0x0000000083300000| Complete 
|  52|0x0000000083400000, 0x0000000083500000, 0x0000000083500000|100%| O|  |TAMS 0x0000000083500000| PB 0x0000000083400000| Untracked 
|  53|0x0000000083500000, 0x0000000083600000, 0x0000000083600000|100%| O|  |TAMS 0x0000000083600000| PB 0x0000000083500000| Untracked 
|  54|0x0000000083600000, 0x0000000083700000, 0x0000000083700000|100%| O|  |TAMS 0x0000000083700000| PB 0x0000000083600000| Untracked 
|  55|0x0000000083700000, 0x0000000083800000, 0x0000000083800000|100%| O|  |TAMS 0x0000000083800000| PB 0x0000000083700000| Untracked 
|  56|0x0000000083800000, 0x0000000083900000, 0x0000000083900000|100%| O|  |TAMS 0x0000000083900000| PB 0x0000000083800000| Untracked 
|  57|0x0000000083900000, 0x0000000083a00000, 0x0000000083a00000|100%| O|  |TAMS 0x0000000083a00000| PB 0x0000000083900000| Untracked 
|  58|0x0000000083a00000, 0x0000000083b00000, 0x0000000083b00000|100%| O|  |TAMS 0x0000000083b00000| PB 0x0000000083a00000| Untracked 
|  59|0x0000000083b00000, 0x0000000083c00000, 0x0000000083c00000|100%| O|  |TAMS 0x0000000083c00000| PB 0x0000000083b00000| Untracked 
|  60|0x0000000083c00000, 0x0000000083d00000, 0x0000000083d00000|100%| O|  |TAMS 0x0000000083d00000| PB 0x0000000083c00000| Untracked 
|  61|0x0000000083d00000, 0x0000000083e00000, 0x0000000083e00000|100%| O|  |TAMS 0x0000000083e00000| PB 0x0000000083d00000| Untracked 
|  62|0x0000000083e00000, 0x0000000083f00000, 0x0000000083f00000|100%| O|  |TAMS 0x0000000083f00000| PB 0x0000000083e00000| Untracked 
|  63|0x0000000083f00000, 0x0000000084000000, 0x0000000084000000|100%| O|  |TAMS 0x0000000084000000| PB 0x0000000083f00000| Untracked 
|  64|0x0000000084000000, 0x0000000084100000, 0x0000000084100000|100%| O|  |TAMS 0x0000000084100000| PB 0x0000000084000000| Untracked 
|  65|0x0000000084100000, 0x0000000084200000, 0x0000000084200000|100%| O|  |TAMS 0x0000000084200000| PB 0x0000000084100000| Untracked 
|  66|0x0000000084200000, 0x0000000084300000, 0x0000000084300000|100%| O|  |TAMS 0x0000000084300000| PB 0x0000000084200000| Untracked 
|  67|0x0000000084300000, 0x0000000084400000, 0x0000000084400000|100%| O|  |TAMS 0x0000000084400000| PB 0x0000000084300000| Untracked 
|  68|0x0000000084400000, 0x0000000084500000, 0x0000000084500000|100%|HS|  |TAMS 0x0000000084500000| PB 0x0000000084400000| Complete 
|  69|0x0000000084500000, 0x0000000084600000, 0x0000000084600000|100%|HC|  |TAMS 0x0000000084600000| PB 0x0000000084500000| Complete 
|  70|0x0000000084600000, 0x0000000084700000, 0x0000000084700000|100%|HC|  |TAMS 0x0000000084700000| PB 0x0000000084600000| Complete 
|  71|0x0000000084700000, 0x0000000084800000, 0x0000000084800000|100%|HC|  |TAMS 0x0000000084800000| PB 0x0000000084700000| Complete 
|  72|0x0000000084800000, 0x0000000084900000, 0x0000000084900000|100%|HC|  |TAMS 0x0000000084900000| PB 0x0000000084800000| Complete 
|  73|0x0000000084900000, 0x0000000084a00000, 0x0000000084a00000|100%|HC|  |TAMS 0x0000000084a00000| PB 0x0000000084900000| Complete 
|  74|0x0000000084a00000, 0x0000000084b00000, 0x0000000084b00000|100%|HS|  |TAMS 0x0000000084b00000| PB 0x0000000084a00000| Complete 
|  75|0x0000000084b00000, 0x0000000084c00000, 0x0000000084c00000|100%|HS|  |TAMS 0x0000000084c00000| PB 0x0000000084b00000| Complete 
|  76|0x0000000084c00000, 0x0000000084d00000, 0x0000000084d00000|100%| O|  |TAMS 0x0000000084d00000| PB 0x0000000084c00000| Untracked 
|  77|0x0000000084d00000, 0x0000000084e00000, 0x0000000084e00000|100%| O|  |TAMS 0x0000000084e00000| PB 0x0000000084d00000| Untracked 
|  78|0x0000000084e00000, 0x0000000084f00000, 0x0000000084f00000|100%| O|  |TAMS 0x0000000084e00000| PB 0x0000000084e00000| Untracked 
|  79|0x0000000084f00000, 0x0000000085000000, 0x0000000085000000|100%|HS|  |TAMS 0x0000000085000000| PB 0x0000000084f00000| Complete 
|  80|0x0000000085000000, 0x0000000085100000, 0x0000000085100000|100%|HC|  |TAMS 0x0000000085100000| PB 0x0000000085000000| Complete 
|  81|0x0000000085100000, 0x0000000085200000, 0x0000000085200000|100%|HS|  |TAMS 0x0000000085200000| PB 0x0000000085100000| Complete 
|  82|0x0000000085200000, 0x0000000085300000, 0x0000000085300000|100%|HC|  |TAMS 0x0000000085300000| PB 0x0000000085200000| Complete 
|  83|0x0000000085300000, 0x0000000085400000, 0x0000000085400000|100%|HC|  |TAMS 0x0000000085400000| PB 0x0000000085300000| Complete 
|  84|0x0000000085400000, 0x0000000085500000, 0x0000000085500000|100%|HS|  |TAMS 0x0000000085500000| PB 0x0000000085400000| Complete 
|  85|0x0000000085500000, 0x0000000085600000, 0x0000000085600000|100%| O|  |TAMS 0x0000000085500000| PB 0x0000000085500000| Untracked 
|  86|0x0000000085600000, 0x0000000085700000, 0x0000000085700000|100%| O|  |TAMS 0x0000000085700000| PB 0x0000000085600000| Untracked 
|  87|0x0000000085700000, 0x0000000085800000, 0x0000000085800000|100%| O|  |TAMS 0x0000000085800000| PB 0x0000000085700000| Untracked 
|  88|0x0000000085800000, 0x0000000085900000, 0x0000000085900000|100%| O|  |TAMS 0x0000000085900000| PB 0x0000000085800000| Untracked 
|  89|0x0000000085900000, 0x0000000085a00000, 0x0000000085a00000|100%| O|  |TAMS 0x0000000085a00000| PB 0x0000000085900000| Untracked 
|  90|0x0000000085a00000, 0x0000000085b00000, 0x0000000085b00000|100%| O|  |TAMS 0x0000000085b00000| PB 0x0000000085a00000| Untracked 
|  91|0x0000000085b00000, 0x0000000085c00000, 0x0000000085c00000|100%| O|  |TAMS 0x0000000085c00000| PB 0x0000000085b00000| Untracked 
|  92|0x0000000085c00000, 0x0000000085d00000, 0x0000000085d00000|100%| O|  |TAMS 0x0000000085d00000| PB 0x0000000085c00000| Untracked 
|  93|0x0000000085d00000, 0x0000000085e00000, 0x0000000085e00000|100%| O|  |TAMS 0x0000000085e00000| PB 0x0000000085d00000| Untracked 
|  94|0x0000000085e00000, 0x0000000085f00000, 0x0000000085f00000|100%| O|  |TAMS 0x0000000085f00000| PB 0x0000000085e00000| Untracked 
|  95|0x0000000085f00000, 0x0000000086000000, 0x0000000086000000|100%| O|  |TAMS 0x0000000086000000| PB 0x0000000085f00000| Untracked 
|  96|0x0000000086000000, 0x0000000086100000, 0x0000000086100000|100%| O|  |TAMS 0x0000000086100000| PB 0x0000000086000000| Untracked 
|  97|0x0000000086100000, 0x0000000086200000, 0x0000000086200000|100%| O|  |TAMS 0x0000000086200000| PB 0x0000000086100000| Untracked 
|  98|0x0000000086200000, 0x0000000086300000, 0x0000000086300000|100%| O|  |TAMS 0x00000000862b2520| PB 0x0000000086200000| Untracked 
|  99|0x0000000086300000, 0x00000000863889e0, 0x0000000086400000| 53%| O|  |TAMS 0x0000000086300000| PB 0x0000000086300000| Untracked 
| 100|0x0000000086400000, 0x0000000086400000, 0x0000000086500000|  0%| F|  |TAMS 0x0000000086400000| PB 0x0000000086400000| Untracked 
| 101|0x0000000086500000, 0x0000000086500000, 0x0000000086600000|  0%| F|  |TAMS 0x0000000086500000| PB 0x0000000086500000| Untracked 
| 102|0x0000000086600000, 0x0000000086600000, 0x0000000086700000|  0%| F|  |TAMS 0x0000000086600000| PB 0x0000000086600000| Untracked 
| 103|0x0000000086700000, 0x0000000086700000, 0x0000000086800000|  0%| F|  |TAMS 0x0000000086700000| PB 0x0000000086700000| Untracked 
| 104|0x0000000086800000, 0x0000000086833270, 0x0000000086900000| 19%| S|CS|TAMS 0x0000000086800000| PB 0x0000000086800000| Complete 
| 105|0x0000000086900000, 0x0000000086a00000, 0x0000000086a00000|100%| S|CS|TAMS 0x0000000086900000| PB 0x0000000086900000| Complete 
| 106|0x0000000086a00000, 0x0000000086b00000, 0x0000000086b00000|100%| S|CS|TAMS 0x0000000086a00000| PB 0x0000000086a00000| Complete 
| 107|0x0000000086b00000, 0x0000000086b00000, 0x0000000086c00000|  0%| F|  |TAMS 0x0000000086b00000| PB 0x0000000086b00000| Untracked 
| 108|0x0000000086c00000, 0x0000000086c00000, 0x0000000086d00000|  0%| F|  |TAMS 0x0000000086c00000| PB 0x0000000086c00000| Untracked 
| 109|0x0000000086d00000, 0x0000000086d00000, 0x0000000086e00000|  0%| F|  |TAMS 0x0000000086d00000| PB 0x0000000086d00000| Untracked 
| 110|0x0000000086e00000, 0x0000000086e00000, 0x0000000086f00000|  0%| F|  |TAMS 0x0000000086e00000| PB 0x0000000086e00000| Untracked 
| 111|0x0000000086f00000, 0x0000000086f00000, 0x0000000087000000|  0%| F|  |TAMS 0x0000000086f00000| PB 0x0000000086f00000| Untracked 
| 112|0x0000000087000000, 0x0000000087000000, 0x0000000087100000|  0%| F|  |TAMS 0x0000000087000000| PB 0x0000000087000000| Untracked 
| 113|0x0000000087100000, 0x0000000087200000, 0x0000000087200000|100%| S|CS|TAMS 0x0000000087100000| PB 0x0000000087100000| Complete 
| 114|0x0000000087200000, 0x0000000087300000, 0x0000000087300000|100%| S|CS|TAMS 0x0000000087200000| PB 0x0000000087200000| Complete 
| 115|0x0000000087300000, 0x0000000087400000, 0x0000000087400000|100%| S|CS|TAMS 0x0000000087300000| PB 0x0000000087300000| Complete 
| 116|0x0000000087400000, 0x0000000087500000, 0x0000000087500000|100%| S|CS|TAMS 0x0000000087400000| PB 0x0000000087400000| Complete 
| 117|0x0000000087500000, 0x0000000087600000, 0x0000000087600000|100%| S|CS|TAMS 0x0000000087500000| PB 0x0000000087500000| Complete 
| 118|0x0000000087600000, 0x0000000087600000, 0x0000000087700000|  0%| F|  |TAMS 0x0000000087600000| PB 0x0000000087600000| Untracked 
| 119|0x0000000087700000, 0x0000000087700000, 0x0000000087800000|  0%| F|  |TAMS 0x0000000087700000| PB 0x0000000087700000| Untracked 
| 120|0x0000000087800000, 0x0000000087800000, 0x0000000087900000|  0%| F|  |TAMS 0x0000000087800000| PB 0x0000000087800000| Untracked 
| 121|0x0000000087900000, 0x0000000087900000, 0x0000000087a00000|  0%| F|  |TAMS 0x0000000087900000| PB 0x0000000087900000| Untracked 
| 122|0x0000000087a00000, 0x0000000087a00000, 0x0000000087b00000|  0%| F|  |TAMS 0x0000000087a00000| PB 0x0000000087a00000| Untracked 
| 123|0x0000000087b00000, 0x0000000087b00000, 0x0000000087c00000|  0%| F|  |TAMS 0x0000000087b00000| PB 0x0000000087b00000| Untracked 
| 124|0x0000000087c00000, 0x0000000087c00000, 0x0000000087d00000|  0%| F|  |TAMS 0x0000000087c00000| PB 0x0000000087c00000| Untracked 
| 125|0x0000000087d00000, 0x0000000087d00000, 0x0000000087e00000|  0%| F|  |TAMS 0x0000000087d00000| PB 0x0000000087d00000| Untracked 
| 126|0x0000000087e00000, 0x0000000087e00000, 0x0000000087f00000|  0%| F|  |TAMS 0x0000000087e00000| PB 0x0000000087e00000| Untracked 
| 127|0x0000000087f00000, 0x0000000087f00000, 0x0000000088000000|  0%| F|  |TAMS 0x0000000087f00000| PB 0x0000000087f00000| Untracked 
| 128|0x0000000088000000, 0x0000000088000000, 0x0000000088100000|  0%| F|  |TAMS 0x0000000088000000| PB 0x0000000088000000| Untracked 
| 129|0x0000000088100000, 0x0000000088100000, 0x0000000088200000|  0%| F|  |TAMS 0x0000000088100000| PB 0x0000000088100000| Untracked 
| 130|0x0000000088200000, 0x0000000088200000, 0x0000000088300000|  0%| F|  |TAMS 0x0000000088200000| PB 0x0000000088200000| Untracked 
| 131|0x0000000088300000, 0x0000000088300000, 0x0000000088400000|  0%| F|  |TAMS 0x0000000088300000| PB 0x0000000088300000| Untracked 
| 132|0x0000000088400000, 0x0000000088400000, 0x0000000088500000|  0%| F|  |TAMS 0x0000000088400000| PB 0x0000000088400000| Untracked 
| 133|0x0000000088500000, 0x0000000088500000, 0x0000000088600000|  0%| F|  |TAMS 0x0000000088500000| PB 0x0000000088500000| Untracked 
| 134|0x0000000088600000, 0x0000000088600000, 0x0000000088700000|  0%| F|  |TAMS 0x0000000088600000| PB 0x0000000088600000| Untracked 
| 135|0x0000000088700000, 0x0000000088700000, 0x0000000088800000|  0%| F|  |TAMS 0x0000000088700000| PB 0x0000000088700000| Untracked 
| 136|0x0000000088800000, 0x0000000088800000, 0x0000000088900000|  0%| F|  |TAMS 0x0000000088800000| PB 0x0000000088800000| Untracked 
| 137|0x0000000088900000, 0x0000000088900000, 0x0000000088a00000|  0%| F|  |TAMS 0x0000000088900000| PB 0x0000000088900000| Untracked 
| 138|0x0000000088a00000, 0x0000000088a00000, 0x0000000088b00000|  0%| F|  |TAMS 0x0000000088a00000| PB 0x0000000088a00000| Untracked 
| 139|0x0000000088b00000, 0x0000000088b00000, 0x0000000088c00000|  0%| F|  |TAMS 0x0000000088b00000| PB 0x0000000088b00000| Untracked 
| 140|0x0000000088c00000, 0x0000000088c00000, 0x0000000088d00000|  0%| F|  |TAMS 0x0000000088c00000| PB 0x0000000088c00000| Untracked 
| 141|0x0000000088d00000, 0x0000000088d00000, 0x0000000088e00000|  0%| F|  |TAMS 0x0000000088d00000| PB 0x0000000088d00000| Untracked 
| 142|0x0000000088e00000, 0x0000000088e00000, 0x0000000088f00000|  0%| F|  |TAMS 0x0000000088e00000| PB 0x0000000088e00000| Untracked 
| 143|0x0000000088f00000, 0x0000000088f00000, 0x0000000089000000|  0%| F|  |TAMS 0x0000000088f00000| PB 0x0000000088f00000| Untracked 
| 144|0x0000000089000000, 0x0000000089000000, 0x0000000089100000|  0%| F|  |TAMS 0x0000000089000000| PB 0x0000000089000000| Untracked 
| 145|0x0000000089100000, 0x0000000089100000, 0x0000000089200000|  0%| F|  |TAMS 0x0000000089100000| PB 0x0000000089100000| Untracked 
| 146|0x0000000089200000, 0x0000000089200000, 0x0000000089300000|  0%| F|  |TAMS 0x0000000089200000| PB 0x0000000089200000| Untracked 
| 147|0x0000000089300000, 0x0000000089300000, 0x0000000089400000|  0%| F|  |TAMS 0x0000000089300000| PB 0x0000000089300000| Untracked 
| 148|0x0000000089400000, 0x0000000089400000, 0x0000000089500000|  0%| F|  |TAMS 0x0000000089400000| PB 0x0000000089400000| Untracked 
| 149|0x0000000089500000, 0x0000000089500000, 0x0000000089600000|  0%| F|  |TAMS 0x0000000089500000| PB 0x0000000089500000| Untracked 
| 150|0x0000000089600000, 0x0000000089600000, 0x0000000089700000|  0%| F|  |TAMS 0x0000000089600000| PB 0x0000000089600000| Untracked 
| 151|0x0000000089700000, 0x0000000089700000, 0x0000000089800000|  0%| F|  |TAMS 0x0000000089700000| PB 0x0000000089700000| Untracked 
| 152|0x0000000089800000, 0x0000000089800000, 0x0000000089900000|  0%| F|  |TAMS 0x0000000089800000| PB 0x0000000089800000| Untracked 
| 153|0x0000000089900000, 0x0000000089900000, 0x0000000089a00000|  0%| F|  |TAMS 0x0000000089900000| PB 0x0000000089900000| Untracked 
| 154|0x0000000089a00000, 0x0000000089a00000, 0x0000000089b00000|  0%| F|  |TAMS 0x0000000089a00000| PB 0x0000000089a00000| Untracked 
| 155|0x0000000089b00000, 0x0000000089b00000, 0x0000000089c00000|  0%| F|  |TAMS 0x0000000089b00000| PB 0x0000000089b00000| Untracked 
| 156|0x0000000089c00000, 0x0000000089c00000, 0x0000000089d00000|  0%| F|  |TAMS 0x0000000089c00000| PB 0x0000000089c00000| Untracked 
| 157|0x0000000089d00000, 0x0000000089d00000, 0x0000000089e00000|  0%| F|  |TAMS 0x0000000089d00000| PB 0x0000000089d00000| Untracked 
| 158|0x0000000089e00000, 0x0000000089e00000, 0x0000000089f00000|  0%| F|  |TAMS 0x0000000089e00000| PB 0x0000000089e00000| Untracked 
| 159|0x0000000089f00000, 0x0000000089f00000, 0x000000008a000000|  0%| F|  |TAMS 0x0000000089f00000| PB 0x0000000089f00000| Untracked 
| 160|0x000000008a000000, 0x000000008a000000, 0x000000008a100000|  0%| F|  |TAMS 0x000000008a000000| PB 0x000000008a000000| Untracked 
| 161|0x000000008a100000, 0x000000008a100000, 0x000000008a200000|  0%| F|  |TAMS 0x000000008a100000| PB 0x000000008a100000| Untracked 
| 162|0x000000008a200000, 0x000000008a200000, 0x000000008a300000|  0%| F|  |TAMS 0x000000008a200000| PB 0x000000008a200000| Untracked 
| 163|0x000000008a300000, 0x000000008a300000, 0x000000008a400000|  0%| F|  |TAMS 0x000000008a300000| PB 0x000000008a300000| Untracked 
| 164|0x000000008a400000, 0x000000008a400000, 0x000000008a500000|  0%| F|  |TAMS 0x000000008a400000| PB 0x000000008a400000| Untracked 
| 165|0x000000008a500000, 0x000000008a500000, 0x000000008a600000|  0%| F|  |TAMS 0x000000008a500000| PB 0x000000008a500000| Untracked 
| 166|0x000000008a600000, 0x000000008a600000, 0x000000008a700000|  0%| F|  |TAMS 0x000000008a600000| PB 0x000000008a600000| Untracked 
| 167|0x000000008a700000, 0x000000008a700000, 0x000000008a800000|  0%| F|  |TAMS 0x000000008a700000| PB 0x000000008a700000| Untracked 
| 168|0x000000008a800000, 0x000000008a800000, 0x000000008a900000|  0%| F|  |TAMS 0x000000008a800000| PB 0x000000008a800000| Untracked 
| 169|0x000000008a900000, 0x000000008a900000, 0x000000008aa00000|  0%| F|  |TAMS 0x000000008a900000| PB 0x000000008a900000| Untracked 
| 170|0x000000008aa00000, 0x000000008aa00000, 0x000000008ab00000|  0%| F|  |TAMS 0x000000008aa00000| PB 0x000000008aa00000| Untracked 
| 171|0x000000008ab00000, 0x000000008ab00000, 0x000000008ac00000|  0%| F|  |TAMS 0x000000008ab00000| PB 0x000000008ab00000| Untracked 
|2031|0x00000000fef00000, 0x00000000fef00000, 0x00000000ff000000|  0%| F|  |TAMS 0x00000000fef00000| PB 0x00000000fef00000| Untracked 
|2032|0x00000000ff000000, 0x00000000ff000000, 0x00000000ff100000|  0%| F|  |TAMS 0x00000000ff000000| PB 0x00000000ff000000| Untracked 
|2033|0x00000000ff100000, 0x00000000ff200000, 0x00000000ff200000|100%| O|  |TAMS 0x00000000ff200000| PB 0x00000000ff100000| Untracked 
|2034|0x00000000ff200000, 0x00000000ff300000, 0x00000000ff300000|100%| O|  |TAMS 0x00000000ff300000| PB 0x00000000ff200000| Untracked 
|2035|0x00000000ff300000, 0x00000000ff400000, 0x00000000ff400000|100%| O|  |TAMS 0x00000000ff400000| PB 0x00000000ff300000| Untracked 
|2036|0x00000000ff400000, 0x00000000ff500000, 0x00000000ff500000|100%| O|  |TAMS 0x00000000ff500000| PB 0x00000000ff400000| Untracked 
|2037|0x00000000ff500000, 0x00000000ff600000, 0x00000000ff600000|100%| O|  |TAMS 0x00000000ff600000| PB 0x00000000ff500000| Untracked 
|2038|0x00000000ff600000, 0x00000000ff700000, 0x00000000ff700000|100%| O|  |TAMS 0x00000000ff700000| PB 0x00000000ff600000| Untracked 
|2039|0x00000000ff700000, 0x00000000ff800000, 0x00000000ff800000|100%| O|  |TAMS 0x00000000ff800000| PB 0x00000000ff700000| Untracked 
|2040|0x00000000ff800000, 0x00000000ff900000, 0x00000000ff900000|100%| O|  |TAMS 0x00000000ff900000| PB 0x00000000ff800000| Untracked 
|2041|0x00000000ff900000, 0x00000000ff900000, 0x00000000ffa00000|  0%| F|  |TAMS 0x00000000ff900000| PB 0x00000000ff900000| Untracked 
|2042|0x00000000ffa00000, 0x00000000ffb00000, 0x00000000ffb00000|100%| O|  |TAMS 0x00000000ffb00000| PB 0x00000000ffa00000| Untracked 
|2043|0x00000000ffb00000, 0x00000000ffc00000, 0x00000000ffc00000|100%| O|  |TAMS 0x00000000ffc00000| PB 0x00000000ffb00000| Untracked 
|2044|0x00000000ffc00000, 0x00000000ffd00000, 0x00000000ffd00000|100%| O|  |TAMS 0x00000000ffd00000| PB 0x00000000ffc00000| Untracked 
|2045|0x00000000ffd00000, 0x00000000ffe00000, 0x00000000ffe00000|100%| O|  |TAMS 0x00000000ffe00000| PB 0x00000000ffd00000| Untracked 
|2046|0x00000000ffe00000, 0x00000000fff00000, 0x00000000fff00000|100%| O|  |TAMS 0x00000000fff00000| PB 0x00000000ffe00000| Untracked 
|2047|0x00000000fff00000, 0x0000000100000000, 0x0000000100000000|100%| O|  |TAMS 0x0000000100000000| PB 0x00000000fff00000| Untracked 

Card table byte_map: [0x000001e6cd7d0000,0x000001e6cdbd0000] _byte_map_base: 0x000001e6cd3d0000

Marking Bits: (CMBitMap*) 0x000001e6bacc7210
 Bits: [0x000001e6cdbd0000, 0x000001e6cfbd0000)

Polling page: 0x000001e6b8af0000

Metaspace:

Usage:
  Non-class:     89.02 MB used.
      Class:     14.13 MB used.
       Both:    103.15 MB used.

Virtual space:
  Non-class space:      128.00 MB reserved,      90.19 MB ( 70%) committed,  2 nodes.
      Class space:        1.00 GB reserved,      15.25 MB (  1%) committed,  1 nodes.
             Both:        1.12 GB reserved,     105.44 MB (  9%) committed. 

Chunk freelists:
   Non-Class:  5.38 MB
       Class:  738.00 KB
        Both:  6.10 MB

MaxMetaspaceSize: unlimited
CompressedClassSpaceSize: 1.00 GB
Initial GC threshold: 21.00 MB
Current GC threshold: 154.00 MB
CDS: on
 - commit_granule_bytes: 65536.
 - commit_granule_words: 8192.
 - virtual_space_node_default_size: 8388608.
 - enlarge_chunks_in_place: 1.
 - use_allocation_guard: 0.


Internal statistics:

num_allocs_failed_limit: 6.
num_arena_births: 4250.
num_arena_deaths: 0.
num_vsnodes_births: 3.
num_vsnodes_deaths: 0.
num_space_committed: 1685.
num_space_uncommitted: 0.
num_chunks_returned_to_freelist: 6.
num_chunks_taken_from_freelist: 8862.
num_chunk_merges: 6.
num_chunk_splits: 6088.
num_chunks_enlarged: 4090.
num_inconsistent_stats: 0.

CodeHeap 'non-profiled nmethods': size=120000Kb used=5506Kb max_used=5506Kb free=114493Kb
 bounds [0x000001e6c5940000, 0x000001e6c5eb0000, 0x000001e6cce70000]
CodeHeap 'profiled nmethods': size=120000Kb used=19181Kb max_used=19181Kb free=100818Kb
 bounds [0x000001e6bde70000, 0x000001e6bf130000, 0x000001e6c53a0000]
CodeHeap 'non-nmethods': size=5760Kb used=2845Kb max_used=2918Kb free=2914Kb
 bounds [0x000001e6c53a0000, 0x000001e6c5680000, 0x000001e6c5940000]
CodeCache: size=245760Kb, used=27532Kb, max_used=27605Kb, free=218225Kb
 total_blobs=11239, nmethods=10145, adapters=998, full_count=0
Compilation: enabled, stopped_count=0, restarted_count=0

Compilation events (20 events):
Event: 83.992 Thread 0x000001e719d22380 nmethod 11442 0x000001e6c5e7fa90 code [0x000001e6c5e80420, 0x000001e6c5e89b50]
Event: 83.994 Thread 0x000001e719d22380 11780   !   4       java.net.URLClassLoader::defineClass (224 bytes)
Event: 84.016 Thread 0x000001e6d286aac0 11800       3       sun.reflect.generics.parser.SignatureParser::parseClassTypeSignature (118 bytes)
Event: 84.017 Thread 0x000001e6d286aac0 nmethod 11800 0x000001e6bf126110 code [0x000001e6bf1264a0, 0x000001e6bf1278c8]
Event: 84.021 Thread 0x000001e6d2866fd0 nmethod 11777 0x000001e6c5e93890 code [0x000001e6c5e93d20, 0x000001e6c5e957d0]
Event: 84.021 Thread 0x000001e6d2866fd0 11609       4       org.jetbrains.kotlin.metadata.ProtoBuf$Type::hasOuterType (20 bytes)
Event: 84.021 Thread 0x000001e6d2866fd0 nmethod 11609 0x000001e6c5e96c10 code [0x000001e6c5e96da0, 0x000001e6c5e96e50]
Event: 84.021 Thread 0x000001e6d2866fd0 11610       4       org.jetbrains.kotlin.metadata.ProtoBuf$Type::hasAbbreviatedType (20 bytes)
Event: 84.022 Thread 0x000001e6d2866fd0 nmethod 11610 0x000001e6c5e96f10 code [0x000001e6c5e970a0, 0x000001e6c5e97138]
Event: 84.022 Thread 0x000001e6d2866fd0 11801       4       jdk.internal.org.objectweb.asm.FieldWriter::<init> (69 bytes)
Event: 84.023 Thread 0x000001e6d2866fd0 nmethod 11801 0x000001e6c5e97210 code [0x000001e6c5e973c0, 0x000001e6c5e97680]
Event: 84.023 Thread 0x000001e6d2866fd0 11802       4       jdk.internal.org.objectweb.asm.FieldVisitor::<init> (78 bytes)
Event: 84.024 Thread 0x000001e6d2866fd0 nmethod 11802 0x000001e6c5e97810 code [0x000001e6c5e979a0, 0x000001e6c5e97b30]
Event: 84.024 Thread 0x000001e6d286aac0 11803   !   3       java.lang.invoke.DirectMethodHandle::makePreparedLambdaForm (756 bytes)
Event: 84.026 Thread 0x000001e6d286aac0 nmethod 11803 0x000001e6bf128090 code [0x000001e6bf1285c0, 0x000001e6bf12b440]
Event: 84.029 Thread 0x000001e6d286aac0 11805       1       sun.reflect.generics.tree.ClassSignature::getSuperInterfaces (5 bytes)
Event: 84.029 Thread 0x000001e6d286aac0 nmethod 11805 0x000001e6c5e97f10 code [0x000001e6c5e980a0, 0x000001e6c5e98168]
Event: 84.041 Thread 0x000001e6d2866fd0 11806       4       sun.reflect.generics.parser.SignatureParser::parseFieldTypeSignature (73 bytes)
Event: 84.056 Thread 0x000001e6d2866fd0 nmethod 11806 0x000001e6c5e98210 code [0x000001e6c5e98540, 0x000001e6c5e99588]
Event: 84.061 Thread 0x000001e719d22380 nmethod 11780 0x000001e6c5e9a110 code [0x000001e6c5e9a740, 0x000001e6c5e9e0d8]

GC Heap History (20 events):
Event: 69.081 GC heap after
{Heap after GC invocations=24 (full 0):
 garbage-first heap   total 129024K, used 55562K [0x0000000080000000, 0x0000000100000000)
  region size 1024K, 7 young (7168K), 7 survivors (7168K)
 Metaspace       used 66313K, committed 68160K, reserved 1114112K
  class space    used 9847K, committed 10752K, reserved 1048576K
}
Event: 70.465 GC heap before
{Heap before GC invocations=24 (full 0):
 garbage-first heap   total 129024K, used 113930K [0x0000000080000000, 0x0000000100000000)
  region size 1024K, 66 young (67584K), 7 survivors (7168K)
 Metaspace       used 74586K, committed 76544K, reserved 1114112K
  class space    used 10893K, committed 11840K, reserved 1048576K
}
Event: 70.472 GC heap after
{Heap after GC invocations=25 (full 0):
 garbage-first heap   total 129024K, used 57246K [0x0000000080000000, 0x0000000100000000)
  region size 1024K, 6 young (6144K), 6 survivors (6144K)
 Metaspace       used 74586K, committed 76544K, reserved 1114112K
  class space    used 10893K, committed 11840K, reserved 1048576K
}
Event: 72.209 GC heap before
{Heap before GC invocations=26 (full 0):
 garbage-first heap   total 132096K, used 129950K [0x0000000080000000, 0x0000000100000000)
  region size 1024K, 63 young (64512K), 6 survivors (6144K)
 Metaspace       used 74931K, committed 76928K, reserved 1179648K
  class space    used 10904K, committed 11840K, reserved 1048576K
}
Event: 72.226 GC heap after
{Heap after GC invocations=27 (full 0):
 garbage-first heap   total 155648K, used 81920K [0x0000000080000000, 0x0000000100000000)
  region size 1024K, 8 young (8192K), 8 survivors (8192K)
 Metaspace       used 74931K, committed 76928K, reserved 1179648K
  class space    used 10904K, committed 11840K, reserved 1048576K
}
Event: 79.652 GC heap before
{Heap before GC invocations=27 (full 0):
 garbage-first heap   total 155648K, used 134144K [0x0000000080000000, 0x0000000100000000)
  region size 1024K, 57 young (58368K), 8 survivors (8192K)
 Metaspace       used 75364K, committed 77312K, reserved 1179648K
  class space    used 10985K, committed 11904K, reserved 1048576K
}
Event: 79.663 GC heap after
{Heap after GC invocations=28 (full 0):
 garbage-first heap   total 156672K, used 88964K [0x0000000080000000, 0x0000000100000000)
  region size 1024K, 8 young (8192K), 8 survivors (8192K)
 Metaspace       used 75364K, committed 77312K, reserved 1179648K
  class space    used 10985K, committed 11904K, reserved 1048576K
}
Event: 79.924 GC heap before
{Heap before GC invocations=28 (full 0):
 garbage-first heap   total 156672K, used 113540K [0x0000000080000000, 0x0000000100000000)
  region size 1024K, 33 young (33792K), 8 survivors (8192K)
 Metaspace       used 78716K, committed 80640K, reserved 1179648K
  class space    used 11364K, committed 12288K, reserved 1048576K
}
Event: 79.929 GC heap after
{Heap after GC invocations=29 (full 0):
 garbage-first heap   total 156672K, used 92393K [0x0000000080000000, 0x0000000100000000)
  region size 1024K, 3 young (3072K), 3 survivors (3072K)
 Metaspace       used 78716K, committed 80640K, reserved 1179648K
  class space    used 11364K, committed 12288K, reserved 1048576K
}
Event: 80.437 GC heap before
{Heap before GC invocations=30 (full 0):
 garbage-first heap   total 167936K, used 149737K [0x0000000080000000, 0x0000000100000000)
  region size 1024K, 45 young (46080K), 3 survivors (3072K)
 Metaspace       used 82386K, committed 84352K, reserved 1179648K
  class space    used 11723K, committed 12672K, reserved 1048576K
}
Event: 80.440 GC heap after
{Heap after GC invocations=31 (full 0):
 garbage-first heap   total 167936K, used 112331K [0x0000000080000000, 0x0000000100000000)
  region size 1024K, 6 young (6144K), 6 survivors (6144K)
 Metaspace       used 82386K, committed 84352K, reserved 1179648K
  class space    used 11723K, committed 12672K, reserved 1048576K
}
Event: 80.740 GC heap before
{Heap before GC invocations=31 (full 0):
 garbage-first heap   total 167936K, used 150219K [0x0000000080000000, 0x0000000100000000)
  region size 1024K, 43 young (44032K), 6 survivors (6144K)
 Metaspace       used 86825K, committed 89152K, reserved 1179648K
  class space    used 12230K, committed 13376K, reserved 1048576K
}
Event: 80.744 GC heap after
{Heap after GC invocations=32 (full 0):
 garbage-first heap   total 167936K, used 112936K [0x0000000080000000, 0x0000000100000000)
  region size 1024K, 3 young (3072K), 3 survivors (3072K)
 Metaspace       used 86825K, committed 89152K, reserved 1179648K
  class space    used 12230K, committed 13376K, reserved 1048576K
}
Event: 81.184 GC heap before
{Heap before GC invocations=32 (full 0):
 garbage-first heap   total 167936K, used 151848K [0x0000000080000000, 0x0000000100000000)
  region size 1024K, 41 young (41984K), 3 survivors (3072K)
 Metaspace       used 91869K, committed 94144K, reserved 1179648K
  class space    used 12854K, committed 13952K, reserved 1048576K
}
Event: 81.188 GC heap after
{Heap after GC invocations=33 (full 0):
 garbage-first heap   total 167936K, used 114793K [0x0000000080000000, 0x0000000100000000)
  region size 1024K, 5 young (5120K), 5 survivors (5120K)
 Metaspace       used 91869K, committed 94144K, reserved 1179648K
  class space    used 12854K, committed 13952K, reserved 1048576K
}
Event: 82.918 GC heap before
{Heap before GC invocations=34 (full 0):
 garbage-first heap   total 193536K, used 154729K [0x0000000080000000, 0x0000000100000000)
  region size 1024K, 43 young (44032K), 5 survivors (5120K)
 Metaspace       used 96052K, committed 98368K, reserved 1179648K
  class space    used 13393K, committed 14528K, reserved 1048576K
}
Event: 82.922 GC heap after
{Heap after GC invocations=35 (full 0):
 garbage-first heap   total 193536K, used 118426K [0x0000000080000000, 0x0000000100000000)
  region size 1024K, 6 young (6144K), 6 survivors (6144K)
 Metaspace       used 96052K, committed 98368K, reserved 1179648K
  class space    used 13393K, committed 14528K, reserved 1048576K
}
Event: 83.400 GC heap before
{Heap before GC invocations=35 (full 0):
 garbage-first heap   total 193536K, used 174746K [0x0000000080000000, 0x0000000100000000)
  region size 1024K, 61 young (62464K), 6 survivors (6144K)
 Metaspace       used 98736K, committed 101056K, reserved 1179648K
  class space    used 13672K, committed 14784K, reserved 1048576K
}
Event: 83.404 GC heap after
{Heap after GC invocations=36 (full 0):
 garbage-first heap   total 193536K, used 119203K [0x0000000080000000, 0x0000000100000000)
  region size 1024K, 6 young (6144K), 6 survivors (6144K)
 Metaspace       used 98736K, committed 101056K, reserved 1179648K
  class space    used 13672K, committed 14784K, reserved 1048576K
}
Event: 84.072 GC heap before
{Heap before GC invocations=36 (full 0):
 garbage-first heap   total 193536K, used 176547K [0x0000000080000000, 0x0000000100000000)
  region size 1024K, 63 young (64512K), 6 survivors (6144K)
 Metaspace       used 105630K, committed 107968K, reserved 1179648K
  class space    used 14469K, committed 15616K, reserved 1048576K
}

Dll operation events (14 events):
Event: 0.127 Loaded shared library C:\Users\NAVNIT KUMAR\.antigravity\extensions\redhat.java-1.51.0-win32-x64\jre\21.0.9-win32-x86_64\bin\java.dll
Event: 0.197 Loaded shared library C:\Users\NAVNIT KUMAR\.antigravity\extensions\redhat.java-1.51.0-win32-x64\jre\21.0.9-win32-x86_64\bin\zip.dll
Event: 0.223 Loaded shared library C:\Users\NAVNIT KUMAR\.antigravity\extensions\redhat.java-1.51.0-win32-x64\jre\21.0.9-win32-x86_64\bin\instrument.dll
Event: 0.361 Loaded shared library C:\Users\NAVNIT KUMAR\.antigravity\extensions\redhat.java-1.51.0-win32-x64\jre\21.0.9-win32-x86_64\bin\net.dll
Event: 0.495 Loaded shared library C:\Users\NAVNIT KUMAR\.antigravity\extensions\redhat.java-1.51.0-win32-x64\jre\21.0.9-win32-x86_64\bin\nio.dll
Event: 0.555 Loaded shared library C:\Users\NAVNIT KUMAR\.antigravity\extensions\redhat.java-1.51.0-win32-x64\jre\21.0.9-win32-x86_64\bin\zip.dll
Event: 10.581 Loaded shared library C:\Users\NAVNIT KUMAR\.antigravity\extensions\redhat.java-1.51.0-win32-x64\jre\21.0.9-win32-x86_64\bin\jimage.dll
Event: 17.986 Loaded shared library C:\Users\NAVNIT KUMAR\.antigravity\extensions\redhat.java-1.51.0-win32-x64\jre\21.0.9-win32-x86_64\bin\verify.dll
Event: 18.569 Loaded shared library C:\Users\NAVNIT KUMAR\.gradle\native\1def1411415f61bf3af743bc5b6707747c0891f09f0c88961ee8f79bc544acac\windows-amd64\native-platform.dll
Event: 18.716 Loaded shared library C:\Users\NAVNIT KUMAR\.gradle\native\0.2.7\x86_64-windows-gnu\gradle-fileevents.dll
Event: 39.130 Loaded shared library C:\Users\NAVNIT KUMAR\.antigravity\extensions\redhat.java-1.51.0-win32-x64\jre\21.0.9-win32-x86_64\bin\management.dll
Event: 39.233 Loaded shared library C:\Users\NAVNIT KUMAR\.antigravity\extensions\redhat.java-1.51.0-win32-x64\jre\21.0.9-win32-x86_64\bin\management_ext.dll
Event: 39.733 Loaded shared library C:\Users\NAVNIT KUMAR\.antigravity\extensions\redhat.java-1.51.0-win32-x64\jre\21.0.9-win32-x86_64\bin\extnet.dll
Event: 40.859 Loaded shared library C:\Users\NAVNIT KUMAR\.antigravity\extensions\redhat.java-1.51.0-win32-x64\jre\21.0.9-win32-x86_64\bin\sunmscapi.dll

Deoptimization events (20 events):
Event: 83.658 Thread 0x000001e718b8a490 DEOPT PACKING pc=0x000001e6c5e449a8 sp=0x000000c757bf31a0
Event: 83.658 Thread 0x000001e718b8a490 DEOPT UNPACKING pc=0x000001e6c53f4422 sp=0x000000c757bf3158 mode 2
Event: 83.658 Thread 0x000001e718b8a490 Uncommon trap: trap_request=0xffffffbe fr.pc=0x000001e6c5e449a8 relative=0x0000000000000b28
Event: 83.658 Thread 0x000001e718b8a490 Uncommon trap: reason=profile_predicate action=maybe_recompile pc=0x000001e6c5e449a8 method=org.jetbrains.kotlin.it.unimi.dsi.fastutil.objects.ObjectOpenHashSet.add(Ljava/lang/Object;)Z @ 74 c2
Event: 83.658 Thread 0x000001e718b8a490 DEOPT PACKING pc=0x000001e6c5e449a8 sp=0x000000c757bf31a0
Event: 83.658 Thread 0x000001e718b8a490 DEOPT UNPACKING pc=0x000001e6c53f4422 sp=0x000000c757bf3158 mode 2
Event: 83.658 Thread 0x000001e718b8a490 Uncommon trap: trap_request=0xffffffbe fr.pc=0x000001e6c5e449a8 relative=0x0000000000000b28
Event: 83.658 Thread 0x000001e718b8a490 Uncommon trap: reason=profile_predicate action=maybe_recompile pc=0x000001e6c5e449a8 method=org.jetbrains.kotlin.it.unimi.dsi.fastutil.objects.ObjectOpenHashSet.add(Ljava/lang/Object;)Z @ 74 c2
Event: 83.658 Thread 0x000001e718b8a490 DEOPT PACKING pc=0x000001e6c5e449a8 sp=0x000000c757bf31a0
Event: 83.658 Thread 0x000001e718b8a490 DEOPT UNPACKING pc=0x000001e6c53f4422 sp=0x000000c757bf3158 mode 2
Event: 83.658 Thread 0x000001e718b8a490 Uncommon trap: trap_request=0xffffffbe fr.pc=0x000001e6c5e449a8 relative=0x0000000000000b28
Event: 83.658 Thread 0x000001e718b8a490 Uncommon trap: reason=profile_predicate action=maybe_recompile pc=0x000001e6c5e449a8 method=org.jetbrains.kotlin.it.unimi.dsi.fastutil.objects.ObjectOpenHashSet.add(Ljava/lang/Object;)Z @ 74 c2
Event: 83.658 Thread 0x000001e718b8a490 DEOPT PACKING pc=0x000001e6c5e449a8 sp=0x000000c757bf31a0
Event: 83.658 Thread 0x000001e718b8a490 DEOPT UNPACKING pc=0x000001e6c53f4422 sp=0x000000c757bf3158 mode 2
Event: 83.747 Thread 0x000001e718b8a490 Uncommon trap: trap_request=0xffffff45 fr.pc=0x000001e6c5e604dc relative=0x0000000000001bbc
Event: 83.747 Thread 0x000001e718b8a490 Uncommon trap: reason=unstable_if action=reinterpret pc=0x000001e6c5e604dc method=org.jetbrains.kotlin.serialization.deserialization.descriptors.DeserializedPackageMemberScope.hasClass(Lorg/jetbrains/kotlin/name/Name;)Z @ 107 c2
Event: 83.747 Thread 0x000001e718b8a490 DEOPT PACKING pc=0x000001e6c5e604dc sp=0x000000c757bf3df0
Event: 83.747 Thread 0x000001e718b8a490 DEOPT UNPACKING pc=0x000001e6c53f4422 sp=0x000000c757bf3d40 mode 2
Event: 83.759 Thread 0x000001e718b8a490 DEOPT PACKING pc=0x000001e6bef26c72 sp=0x000000c757bf4550
Event: 83.759 Thread 0x000001e718b8a490 DEOPT UNPACKING pc=0x000001e6c53f4bc2 sp=0x000000c757bf3a28 mode 0

Classes loaded (20 events):
Event: 79.593 Loading class java/util/regex/Pattern$LookBehindEndNode
Event: 79.593 Loading class java/util/regex/Pattern$LookBehindEndNode done
Event: 79.593 Loading class java/util/regex/Pattern$NotBehind
Event: 79.594 Loading class java/util/regex/Pattern$NotBehind done
Event: 80.919 Loading class java/text/StringCharacterIterator
Event: 80.920 Loading class java/text/CharacterIterator
Event: 80.920 Loading class java/text/CharacterIterator done
Event: 80.920 Loading class java/text/StringCharacterIterator done
Event: 80.950 Loading class java/io/NotSerializableException
Event: 80.950 Loading class java/io/NotSerializableException done
Event: 81.101 Loading class java/util/function/IntUnaryOperator
Event: 81.102 Loading class java/util/function/IntUnaryOperator done
Event: 82.842 Loading class java/util/EnumMap$EntrySet
Event: 82.842 Loading class java/util/EnumMap$EntrySet done
Event: 82.842 Loading class java/util/EnumMap$EntryIterator
Event: 82.843 Loading class java/util/EnumMap$EnumMapIterator
Event: 82.843 Loading class java/util/EnumMap$EnumMapIterator done
Event: 82.843 Loading class java/util/EnumMap$EntryIterator done
Event: 82.843 Loading class java/util/EnumMap$EntryIterator$Entry
Event: 82.843 Loading class java/util/EnumMap$EntryIterator$Entry done

Classes unloaded (0 events):
No events

Classes redefined (0 events):
No events

Internal exceptions (20 events):
Event: 82.562 Thread 0x000001e718b8a490 Exception <a 'java/lang/NoSuchMethodError'{0x000000008ab6a280}: 'java.lang.Object java.lang.invoke.DirectMethodHandle$Holder.newInvokeSpecial(java.lang.Object, int, java.lang.Object, java.lang.Object, java.lang.Object, java.lang.Object, java.lang.Object)'> (0x000000008ab6a280) 
thrown [s\src\hotspot\share\interpreter\linkResolver.cpp, line 773]
Event: 82.562 Thread 0x000001e718b8a490 Exception <a 'java/lang/NoSuchMethodError'{0x000000008ab6fe08}: 'java.lang.Object java.lang.invoke.DirectMethodHandle$Holder.invokeSpecial(java.lang.Object, java.lang.Object, int, java.lang.Object, java.lang.Object, java.lang.Object, java.lang.Object, java.lang.Object)'> (0x000000008ab6fe08) 
thrown [s\src\hotspot\share\interpreter\linkResolver.cpp, line 773]
Event: 83.106 Thread 0x000001e718b8a490 Exception <a 'java/lang/NoSuchMethodError'{0x0000000088149f18}: 'java.lang.Object java.lang.invoke.DirectMethodHandle$Holder.invokeStatic(java.lang.Object, int, java.lang.Object)'> (0x0000000088149f18) 
thrown [s\src\hotspot\share\interpreter\linkResolver.cpp, line 773]
Event: 83.413 Thread 0x000001e718b8a490 Exception <a 'java/lang/NoSuchMethodError'{0x00000000ff9e5f60}: 'java.lang.Object java.lang.invoke.DirectMethodHandle$Holder.newInvokeSpecial(java.lang.Object, java.lang.Object, java.lang.Object, java.lang.Object, java.lang.Object, java.lang.Object, java.lang.Object, int)'> (0x00000000ff9e5f60) 
thrown [s\src\hotspot\share\interpreter\linkResolver.cpp, line 773]
Event: 83.413 Thread 0x000001e718b8a490 Exception <a 'java/lang/NoSuchMethodError'{0x00000000ff9ebfb0}: 'java.lang.Object java.lang.invoke.DirectMethodHandle$Holder.invokeSpecial(java.lang.Object, java.lang.Object, java.lang.Object, java.lang.Object, java.lang.Object, java.lang.Object, java.lang.Object, java.lang.Object, int)'> (0x00000000ff9ebfb0) 
thrown [s\src\hotspot\share\interpreter\linkResolver.cpp, line 773]
Event: 83.417 Thread 0x000001e718b8a490 Implicit null exception at 0x000001e6c5e2cf92 to 0x000001e6c5e2d468
Event: 83.417 Thread 0x000001e718b8a490 Implicit null exception at 0x000001e6c59dd13d to 0x000001e6c59dd178
Event: 83.573 Thread 0x000001e718b8a490 Exception <a 'java/lang/NoSuchMethodError'{0x0000000089da5968}: 'java.lang.Object java.lang.invoke.DirectMethodHandle$Holder.invokeStatic(java.lang.Object, java.lang.Object, java.lang.Object, java.lang.Object, int, java.lang.Object, java.lang.Object)'> (0x0000000089da5968) 
thrown [s\src\hotspot\share\interpreter\linkResolver.cpp, line 773]
Event: 83.633 Thread 0x000001e718b8a490 Exception <a 'java/lang/NoSuchMethodError'{0x0000000089679d10}: 'java.lang.Object java.lang.invoke.DirectMethodHandle$Holder.newInvokeSpecial(java.lang.Object, java.lang.Object, java.lang.Object, java.lang.Object, java.lang.Object, int, java.lang.Object)'> (0x0000000089679d10) 
thrown [s\src\hotspot\share\interpreter\linkResolver.cpp, line 773]
Event: 83.634 Thread 0x000001e718b8a490 Exception <a 'java/lang/NoSuchMethodError'{0x000000008967f6a0}: 'java.lang.Object java.lang.invoke.DirectMethodHandle$Holder.invokeSpecial(java.lang.Object, java.lang.Object, java.lang.Object, java.lang.Object, java.lang.Object, java.lang.Object, int, java.lang.Object)'> (0x000000008967f6a0) 
thrown [s\src\hotspot\share\interpreter\linkResolver.cpp, line 773]
Event: 83.634 Thread 0x000001e718b8a490 Exception <a 'java/lang/NoSuchMethodError'{0x0000000089684c88}: 'java.lang.Object java.lang.invoke.Invokers$Holder.linkToTargetMethod(java.lang.Object, java.lang.Object, java.lang.Object, java.lang.Object, int, java.lang.Object, java.lang.Object)'> (0x0000000089684c88) 
thrown [s\src\hotspot\share\interpreter\linkResolver.cpp, line 773]
Event: 83.815 Thread 0x000001e718b8a490 Exception <a 'java/lang/NoSuchMethodError'{0x000000008888db98}: 'java.lang.Object java.lang.invoke.DirectMethodHandle$Holder.invokeStatic(java.lang.Object, java.lang.Object, int, int, java.lang.Object, java.lang.Object)'> (0x000000008888db98) 
thrown [s\src\hotspot\share\interpreter\linkResolver.cpp, line 773]
Event: 83.815 Thread 0x000001e718b8a490 Exception <a 'java/lang/NoSuchMethodError'{0x000000008889d220}: 'java.lang.Object java.lang.invoke.Invokers$Holder.linkToTargetMethod(java.lang.Object, int, int, java.lang.Object, java.lang.Object)'> (0x000000008889d220) 
thrown [s\src\hotspot\share\interpreter\linkResolver.cpp, line 773]
Event: 83.861 Thread 0x000001e718b8a490 Exception <a 'java/lang/NoSuchMethodError'{0x0000000088520158}: 'java.lang.Object java.lang.invoke.DirectMethodHandle$Holder.invokeStatic(java.lang.Object, java.lang.Object, java.lang.Object, int, int, java.lang.Object, java.lang.Object)'> (0x0000000088520158) 
thrown [s\src\hotspot\share\interpreter\linkResolver.cpp, line 773]
Event: 83.862 Thread 0x000001e718b8a490 Exception <a 'java/lang/NoSuchMethodError'{0x00000000885299a8}: 'java.lang.Object java.lang.invoke.DirectMethodHandle$Holder.newInvokeSpecial(java.lang.Object, java.lang.Object, java.lang.Object, int, int, java.lang.Object)'> (0x00000000885299a8) 
thrown [s\src\hotspot\share\interpreter\linkResolver.cpp, line 773]
Event: 83.862 Thread 0x000001e718b8a490 Exception <a 'java/lang/NoSuchMethodError'{0x0000000088532618}: 'java.lang.Object java.lang.invoke.Invokers$Holder.linkToTargetMethod(java.lang.Object, java.lang.Object, int, int, java.lang.Object, java.lang.Object)'> (0x0000000088532618) 
thrown [s\src\hotspot\share\interpreter\linkResolver.cpp, line 773]
Event: 83.864 Thread 0x000001e718b8a490 Exception <a 'java/lang/NoSuchMethodError'{0x000000008853f190}: 'java.lang.Object java.lang.invoke.DirectMethodHandle$Holder.invokeStatic(java.lang.Object, java.lang.Object, int, int, java.lang.Object)'> (0x000000008853f190) 
thrown [s\src\hotspot\share\interpreter\linkResolver.cpp, line 773]
Event: 83.900 Thread 0x000001e718b8a490 Exception <a 'java/lang/NoSuchMethodError'{0x0000000088326048}: 'java.lang.Object java.lang.invoke.DirectMethodHandle$Holder.newInvokeSpecial(java.lang.Object, java.lang.Object, java.lang.Object, int, int, java.lang.Object, java.lang.Object)'> (0x0000000088326048) 
thrown [s\src\hotspot\share\interpreter\linkResolver.cpp, line 773]
Event: 83.900 Thread 0x000001e718b8a490 Exception <a 'java/lang/NoSuchMethodError'{0x000000008832f1b0}: 'java.lang.Object java.lang.invoke.Invokers$Holder.linkToTargetMethod(java.lang.Object, java.lang.Object, int, int, java.lang.Object, java.lang.Object, java.lang.Object)'> (0x000000008832f1b0) 
thrown [s\src\hotspot\share\interpreter\linkResolver.cpp, line 773]
Event: 84.024 Thread 0x000001e718b8a490 Exception <a 'java/lang/NoSuchMethodError'{0x0000000087b98e78}: 'java.lang.Object java.lang.invoke.DirectMethodHandle$Holder.invokeStaticInit(java.lang.Object, int, java.lang.Object, java.lang.Object, java.lang.Object)'> (0x0000000087b98e78) 
thrown [s\src\hotspot\share\interpreter\linkResolver.cpp, line 773]

ZGC Phase Switch (0 events):
No events

VM Operations (20 events):
Event: 82.568 Executing VM operation: G1PauseCleanup done
Event: 82.727 Executing VM operation: HandshakeAllThreads (Deoptimize)
Event: 82.728 Executing VM operation: HandshakeAllThreads (Deoptimize) done
Event: 82.916 Executing VM operation: ICBufferFull
Event: 82.917 Executing VM operation: ICBufferFull done
Event: 82.918 Executing VM operation: G1CollectForAllocation (G1 Evacuation Pause)
Event: 82.922 Executing VM operation: G1CollectForAllocation (G1 Evacuation Pause) done
Event: 83.344 Executing VM operation: ICBufferFull
Event: 83.344 Executing VM operation: ICBufferFull done
Event: 83.400 Executing VM operation: G1CollectForAllocation (G1 Evacuation Pause)
Event: 83.404 Executing VM operation: G1CollectForAllocation (G1 Evacuation Pause) done
Event: 83.447 Executing VM operation: HandshakeAllThreads (Deoptimize)
Event: 83.447 Executing VM operation: HandshakeAllThreads (Deoptimize) done
Event: 83.467 Executing VM operation: HandshakeAllThreads (Deoptimize)
Event: 83.467 Executing VM operation: HandshakeAllThreads (Deoptimize) done
Event: 83.539 Executing VM operation: HandshakeAllThreads (Deoptimize)
Event: 83.540 Executing VM operation: HandshakeAllThreads (Deoptimize) done
Event: 83.691 Executing VM operation: ICBufferFull
Event: 83.691 Executing VM operation: ICBufferFull done
Event: 84.072 Executing VM operation: G1CollectForAllocation (G1 Evacuation Pause)

Memory protections (0 events):
No events

Nmethod flushes (20 events):
Event: 81.230 Thread 0x000001e6d2831690 flushing  nmethod 0x000001e6be10a390
Event: 81.230 Thread 0x000001e6d2831690 flushing  nmethod 0x000001e6be196b10
Event: 81.230 Thread 0x000001e6d2831690 flushing  nmethod 0x000001e6be384e10
Event: 81.230 Thread 0x000001e6d2831690 flushing  nmethod 0x000001e6be3e7990
Event: 81.230 Thread 0x000001e6d2831690 flushing  nmethod 0x000001e6be3e8910
Event: 81.230 Thread 0x000001e6d2831690 flushing osr nmethod 0x000001e6be40f990
Event: 81.230 Thread 0x000001e6d2831690 flushing  nmethod 0x000001e6be7f5210
Event: 81.230 Thread 0x000001e6d2831690 flushing osr nmethod 0x000001e6bed55490
Event: 81.230 Thread 0x000001e6d2831690 flushing  nmethod 0x000001e6c5ccc890
Event: 81.230 Thread 0x000001e6d2831690 flushing  nmethod 0x000001e6bdf83590
Event: 81.230 Thread 0x000001e6d2831690 flushing  nmethod 0x000001e6be10fd10
Event: 81.230 Thread 0x000001e6d2831690 flushing  nmethod 0x000001e6be33bb90
Event: 81.230 Thread 0x000001e6d2831690 flushing  nmethod 0x000001e6be33c010
Event: 81.230 Thread 0x000001e6d2831690 flushing  nmethod 0x000001e6be3cee10
Event: 81.230 Thread 0x000001e6d2831690 flushing  nmethod 0x000001e6be497190
Event: 81.230 Thread 0x000001e6d2831690 flushing  nmethod 0x000001e6be4f1d10
Event: 81.230 Thread 0x000001e6d2831690 flushing  nmethod 0x000001e6be4f7f90
Event: 81.230 Thread 0x000001e6d2831690 flushing  nmethod 0x000001e6be555510
Event: 81.230 Thread 0x000001e6d2831690 flushing  nmethod 0x000001e6be78a610
Event: 81.230 Thread 0x000001e6d2831690 flushing  nmethod 0x000001e6bea56710

Events (20 events):
Event: 66.172 Thread 0x000001e718b8a490 Thread added: 0x000001e718c3a980
Event: 66.174 Thread 0x000001e718b8a490 Thread added: 0x000001e718c3a2f0
Event: 66.175 Thread 0x000001e718b8a490 Thread added: 0x000001e718c3bd30
Event: 66.176 Thread 0x000001e718b8a490 Thread added: 0x000001e718c38f40
Event: 66.183 Thread 0x000001e6d286aac0 Thread added: 0x000001e719d20f10
Event: 66.190 Thread 0x000001e719d20f10 Thread added: 0x000001e719d21cb0
Event: 66.504 Thread 0x000001e718b8a490 Thread added: 0x000001e718c39c60
Event: 66.505 Thread 0x000001e718b8a490 Thread added: 0x000001e718c3b010
Event: 66.506 Thread 0x000001e718b8a490 Thread added: 0x000001e718c3b6a0
Event: 66.507 Thread 0x000001e718b8a490 Thread added: 0x000001e718c395d0
Event: 66.507 Thread 0x000001e718b8a490 Thread added: 0x000001e718c388b0
Event: 66.508 Thread 0x000001e718b8a490 Thread added: 0x000001e718c3f840
Event: 66.509 Thread 0x000001e718b8a490 Thread added: 0x000001e718c3d0e0
Event: 66.509 Thread 0x000001e718b8a490 Thread added: 0x000001e718c3c3c0
Event: 66.510 Thread 0x000001e718b8a490 Thread added: 0x000001e718c3ca50
Event: 66.511 Thread 0x000001e718b8a490 Thread added: 0x000001e718c3eb20
Event: 66.512 Thread 0x000001e718b8a490 Thread added: 0x000001e718c3e490
Event: 68.455 Thread 0x000001e719d21cb0 Thread exited: 0x000001e719d21cb0
Event: 68.490 Thread 0x000001e719d20f10 Thread exited: 0x000001e719d20f10
Event: 82.782 Thread 0x000001e6d286aac0 Thread added: 0x000001e719d22380


Dynamic libraries:
0x00007ff7ccfa0000 - 0x00007ff7ccfae000 	C:\Users\NAVNIT KUMAR\.antigravity\extensions\redhat.java-1.51.0-win32-x64\jre\21.0.9-win32-x86_64\bin\java.exe
0x00007ff9b9660000 - 0x00007ff9b98c7000 	C:\WINDOWS\SYSTEM32\ntdll.dll
0x00007ff9b8040000 - 0x00007ff9b8109000 	C:\WINDOWS\System32\KERNEL32.DLL
0x00007ff9b67e0000 - 0x00007ff9b6bcf000 	C:\WINDOWS\System32\KERNELBASE.dll
0x00007ff9b7200000 - 0x00007ff9b734b000 	C:\WINDOWS\System32\ucrtbase.dll
0x00007ff97cb80000 - 0x00007ff97cb9e000 	C:\Users\NAVNIT KUMAR\.antigravity\extensions\redhat.java-1.51.0-win32-x64\jre\21.0.9-win32-x86_64\bin\VCRUNTIME140.dll
0x00007ff978a10000 - 0x00007ff978a28000 	C:\Users\NAVNIT KUMAR\.antigravity\extensions\redhat.java-1.51.0-win32-x64\jre\21.0.9-win32-x86_64\bin\jli.dll
0x00007ff9b78b0000 - 0x00007ff9b7a75000 	C:\WINDOWS\System32\USER32.dll
0x00007ff99d280000 - 0x00007ff99d513000 	C:\WINDOWS\WinSxS\amd64_microsoft.windows.common-controls_6595b64144ccf1df_6.0.26100.7309_none_3e05feeae336a044\COMCTL32.dll
0x00007ff9b67b0000 - 0x00007ff9b67d7000 	C:\WINDOWS\System32\win32u.dll
0x00007ff9b8110000 - 0x00007ff9b81b9000 	C:\WINDOWS\System32\msvcrt.dll
0x00007ff9b8650000 - 0x00007ff9b867b000 	C:\WINDOWS\System32\GDI32.dll
0x00007ff9b6ea0000 - 0x00007ff9b6fcc000 	C:\WINDOWS\System32\gdi32full.dll
0x00007ff9b6d60000 - 0x00007ff9b6e03000 	C:\WINDOWS\System32\msvcp_win.dll
0x00007ff9b7400000 - 0x00007ff9b7431000 	C:\WINDOWS\System32\IMM32.DLL
0x00007ff99d0a0000 - 0x00007ff99d0ac000 	C:\Users\NAVNIT KUMAR\.antigravity\extensions\redhat.java-1.51.0-win32-x64\jre\21.0.9-win32-x86_64\bin\vcruntime140_1.dll
0x00007ff953090000 - 0x00007ff95311d000 	C:\Users\NAVNIT KUMAR\.antigravity\extensions\redhat.java-1.51.0-win32-x64\jre\21.0.9-win32-x86_64\bin\msvcp140.dll
0x00007ff8a3320000 - 0x00007ff8a40c0000 	C:\Users\NAVNIT KUMAR\.antigravity\extensions\redhat.java-1.51.0-win32-x64\jre\21.0.9-win32-x86_64\bin\server\jvm.dll
0x00007ff9b7c30000 - 0x00007ff9b7ce4000 	C:\WINDOWS\System32\ADVAPI32.dll
0x00007ff9b7f90000 - 0x00007ff9b8036000 	C:\WINDOWS\System32\sechost.dll
0x00007ff9b9230000 - 0x00007ff9b9348000 	C:\WINDOWS\System32\RPCRT4.dll
0x00007ff9b8ed0000 - 0x00007ff9b8f44000 	C:\WINDOWS\System32\WS2_32.dll
0x00007ff9b6610000 - 0x00007ff9b666e000 	C:\WINDOWS\SYSTEM32\POWRPROF.dll
0x00007ff9a6b70000 - 0x00007ff9a6ba5000 	C:\WINDOWS\SYSTEM32\WINMM.dll
0x00007ff9ac270000 - 0x00007ff9ac27b000 	C:\WINDOWS\SYSTEM32\VERSION.dll
0x00007ff9b65f0000 - 0x00007ff9b6604000 	C:\WINDOWS\SYSTEM32\UMPDC.dll
0x00007ff9b5560000 - 0x00007ff9b557b000 	C:\WINDOWS\SYSTEM32\kernel.appcore.dll
0x00007ff99cf90000 - 0x00007ff99cf9a000 	C:\Users\NAVNIT KUMAR\.antigravity\extensions\redhat.java-1.51.0-win32-x64\jre\21.0.9-win32-x86_64\bin\jimage.dll
0x00007ff9ab410000 - 0x00007ff9ab652000 	C:\WINDOWS\SYSTEM32\DBGHELP.DLL
0x00007ff9b7520000 - 0x00007ff9b78a6000 	C:\WINDOWS\System32\combase.dll
0x00007ff9b7440000 - 0x00007ff9b7516000 	C:\WINDOWS\System32\OLEAUT32.dll
0x00007ff97c7b0000 - 0x00007ff97c7ec000 	C:\WINDOWS\SYSTEM32\dbgcore.DLL
0x00007ff9b7350000 - 0x00007ff9b73f5000 	C:\WINDOWS\System32\bcryptPrimitives.dll
0x00007ff99a470000 - 0x00007ff99a47f000 	C:\Users\NAVNIT KUMAR\.antigravity\extensions\redhat.java-1.51.0-win32-x64\jre\21.0.9-win32-x86_64\bin\instrument.dll
0x00007ff975d30000 - 0x00007ff975d50000 	C:\Users\NAVNIT KUMAR\.antigravity\extensions\redhat.java-1.51.0-win32-x64\jre\21.0.9-win32-x86_64\bin\java.dll
0x00007ff9b86b0000 - 0x00007ff9b8e03000 	C:\WINDOWS\System32\SHELL32.dll
0x00007ff9b6fd0000 - 0x00007ff9b713a000 	C:\WINDOWS\System32\wintypes.dll
0x00007ff9b4380000 - 0x00007ff9b4bde000 	C:\WINDOWS\SYSTEM32\windows.storage.dll
0x00007ff9b7ab0000 - 0x00007ff9b7ba5000 	C:\WINDOWS\System32\SHCORE.dll
0x00007ff9b7bb0000 - 0x00007ff9b7c16000 	C:\WINDOWS\System32\shlwapi.dll
0x00007ff9b66d0000 - 0x00007ff9b66f9000 	C:\WINDOWS\SYSTEM32\profapi.dll
0x00007ff9738d0000 - 0x00007ff9738e8000 	C:\Users\NAVNIT KUMAR\.antigravity\extensions\redhat.java-1.51.0-win32-x64\jre\21.0.9-win32-x86_64\bin\zip.dll
0x00007ff997dd0000 - 0x00007ff997de0000 	C:\Users\NAVNIT KUMAR\.antigravity\extensions\redhat.java-1.51.0-win32-x64\jre\21.0.9-win32-x86_64\bin\net.dll
0x00007ff9af670000 - 0x00007ff9af798000 	C:\WINDOWS\SYSTEM32\WINHTTP.dll
0x00007ff9b5ad0000 - 0x00007ff9b5b3b000 	C:\WINDOWS\system32\mswsock.dll
0x00007ff973860000 - 0x00007ff973876000 	C:\Users\NAVNIT KUMAR\.antigravity\extensions\redhat.java-1.51.0-win32-x64\jre\21.0.9-win32-x86_64\bin\nio.dll
0x00007ff990560000 - 0x00007ff990570000 	C:\Users\NAVNIT KUMAR\.antigravity\extensions\redhat.java-1.51.0-win32-x64\jre\21.0.9-win32-x86_64\bin\verify.dll
0x00007ff965f00000 - 0x00007ff965f27000 	C:\Users\NAVNIT KUMAR\.gradle\native\1def1411415f61bf3af743bc5b6707747c0891f09f0c88961ee8f79bc544acac\windows-amd64\native-platform.dll
0x00007ff94c180000 - 0x00007ff94c1f8000 	C:\Users\NAVNIT KUMAR\.gradle\native\0.2.7\x86_64-windows-gnu\gradle-fileevents.dll
0x00007ff98b3e0000 - 0x00007ff98b3ea000 	C:\Users\NAVNIT KUMAR\.antigravity\extensions\redhat.java-1.51.0-win32-x64\jre\21.0.9-win32-x86_64\bin\management.dll
0x00007ff983aa0000 - 0x00007ff983aac000 	C:\Users\NAVNIT KUMAR\.antigravity\extensions\redhat.java-1.51.0-win32-x64\jre\21.0.9-win32-x86_64\bin\management_ext.dll
0x00007ff9b7c20000 - 0x00007ff9b7c28000 	C:\WINDOWS\System32\PSAPI.DLL
0x00007ff9b4fe0000 - 0x00007ff9b5014000 	C:\WINDOWS\SYSTEM32\IPHLPAPI.DLL
0x00007ff9b7d50000 - 0x00007ff9b7d5a000 	C:\WINDOWS\System32\NSI.dll
0x00007ff980570000 - 0x00007ff980579000 	C:\Users\NAVNIT KUMAR\.antigravity\extensions\redhat.java-1.51.0-win32-x64\jre\21.0.9-win32-x86_64\bin\extnet.dll
0x00007ff9b5d90000 - 0x00007ff9b5dab000 	C:\WINDOWS\SYSTEM32\CRYPTSP.dll
0x00007ff9b54c0000 - 0x00007ff9b54fa000 	C:\WINDOWS\system32\rsaenh.dll
0x00007ff9b5b80000 - 0x00007ff9b5bab000 	C:\WINDOWS\SYSTEM32\USERENV.dll
0x00007ff9b66a0000 - 0x00007ff9b66ca000 	C:\WINDOWS\SYSTEM32\bcrypt.dll
0x00007ff9b5db0000 - 0x00007ff9b5dbc000 	C:\WINDOWS\SYSTEM32\CRYPTBASE.dll
0x00007ff980b10000 - 0x00007ff980b1e000 	C:\Users\NAVNIT KUMAR\.antigravity\extensions\redhat.java-1.51.0-win32-x64\jre\21.0.9-win32-x86_64\bin\sunmscapi.dll
0x00007ff9b6be0000 - 0x00007ff9b6d57000 	C:\WINDOWS\System32\CRYPT32.dll
0x00007ff9b5fb0000 - 0x00007ff9b5fe0000 	C:\WINDOWS\SYSTEM32\ncrypt.dll
0x00007ff9b5f60000 - 0x00007ff9b5f9f000 	C:\WINDOWS\SYSTEM32\NTASN1.dll
0x00007ff9aedd0000 - 0x00007ff9aedd8000 	C:\WINDOWS\system32\wshunix.dll

JVMTI agents:
C:\Users\NAVNIT KUMAR\.gradle\wrapper\dists\gradle-8.13-bin\5xuhj0ry160q40clulazy9h7d\gradle-8.13\lib\agents\gradle-instrumentation-agent-8.13.jar path:C:\Users\NAVNIT KUMAR\.antigravity\extensions\redhat.java-1.51.0-win32-x64\jre\21.0.9-win32-x86_64\bin\instrument.dll, loaded, initialized, instrumentlib options:none

dbghelp: loaded successfully - version: 4.0.5 - missing functions: none
symbol engine: initialized successfully - sym options: 0x614 - pdb path: .;C:\Users\NAVNIT KUMAR\.antigravity\extensions\redhat.java-1.51.0-win32-x64\jre\21.0.9-win32-x86_64\bin;C:\WINDOWS\SYSTEM32;C:\WINDOWS\WinSxS\amd64_microsoft.windows.common-controls_6595b64144ccf1df_6.0.26100.7309_none_3e05feeae336a044;C:\Users\NAVNIT KUMAR\.antigravity\extensions\redhat.java-1.51.0-win32-x64\jre\21.0.9-win32-x86_64\bin\server;C:\Users\NAVNIT KUMAR\.gradle\native\1def1411415f61bf3af743bc5b6707747c0891f09f0c88961ee8f79bc544acac\windows-amd64;C:\Users\NAVNIT KUMAR\.gradle\native\0.2.7\x86_64-windows-gnu

VM Arguments:
jvm_args: --add-opens=java.base/java.lang=ALL-UNNAMED --add-opens=java.base/java.lang.invoke=ALL-UNNAMED --add-opens=java.base/java.util=ALL-UNNAMED --add-opens=java.prefs/java.util.prefs=ALL-UNNAMED --add-exports=jdk.compiler/com.sun.tools.javac.api=ALL-UNNAMED --add-exports=jdk.compiler/com.sun.tools.javac.util=ALL-UNNAMED --add-opens=java.base/java.util=ALL-UNNAMED --add-opens=java.prefs/java.util.prefs=ALL-UNNAMED --add-opens=java.base/java.nio.charset=ALL-UNNAMED --add-opens=java.base/java.net=ALL-UNNAMED --add-opens=java.base/java.util.concurrent.atomic=ALL-UNNAMED --add-opens=java.xml/javax.xml.namespace=ALL-UNNAMED -Xmx2048m -Dfile.encoding=UTF-8 -Duser.country=IN -Duser.language=en -Duser.variant -javaagent:C:\Users\NAVNIT KUMAR\.gradle\wrapper\dists\gradle-8.13-bin\5xuhj0ry160q40clulazy9h7d\gradle-8.13\lib\agents\gradle-instrumentation-agent-8.13.jar 
java_command: org.gradle.launcher.daemon.bootstrap.GradleDaemon 8.13
java_class_path (initial): C:\Users\NAVNIT KUMAR\.gradle\wrapper\dists\gradle-8.13-bin\5xuhj0ry160q40clulazy9h7d\gradle-8.13\lib\gradle-daemon-main-8.13.jar
Launcher Type: SUN_STANDARD

[Global flags]
     intx CICompilerCount                          = 4                                         {product} {ergonomic}
     uint ConcGCThreads                            = 3                                         {product} {ergonomic}
     uint G1ConcRefinementThreads                  = 10                                        {product} {ergonomic}
   size_t G1HeapRegionSize                         = 1048576                                   {product} {ergonomic}
    uintx GCDrainStackTargetSize                   = 64                                        {product} {ergonomic}
   size_t InitialHeapSize                          = 123731968                                 {product} {ergonomic}
   size_t MarkStackSize                            = 4194304                                   {product} {ergonomic}
   size_t MaxHeapSize                              = 2147483648                                {product} {command line}
   size_t MaxNewSize                               = 1287651328                                {product} {ergonomic}
   size_t MinHeapDeltaBytes                        = 1048576                                   {product} {ergonomic}
   size_t MinHeapSize                              = 8388608                                   {product} {ergonomic}
    uintx NonNMethodCodeHeapSize                   = 5839372                                {pd product} {ergonomic}
    uintx NonProfiledCodeHeapSize                  = 122909434                              {pd product} {ergonomic}
    uintx ProfiledCodeHeapSize                     = 122909434                              {pd product} {ergonomic}
    uintx ReservedCodeCacheSize                    = 251658240                              {pd product} {ergonomic}
     bool SegmentedCodeCache                       = true                                      {product} {ergonomic}
   size_t SoftMaxHeapSize                          = 2147483648                             {manageable} {ergonomic}
     bool UseCompressedOops                        = true                           {product lp64_product} {ergonomic}
     bool UseG1GC                                  = true                                      {product} {ergonomic}
     bool UseLargePagesIndividualAllocation        = false                                  {pd product} {ergonomic}

Logging:
Log output configuration:
 #0: stdout all=warning uptime,level,tags foldmultilines=false
 #1: stderr all=off uptime,level,tags foldmultilines=false

Release file:
JAVA_VERSION="21.0.9" 
MODULES="java.base java.compiler java.datatransfer java.xml java.prefs java.desktop java.instrument java.logging java.management java.security.sasl java.naming java.rmi java.management.rmi java.net.http java.scripting java.security.jgss java.transaction.xa java.sql java.sql.rowset java.xml.crypto java.se java.smartcardio jdk.accessibility jdk.internal.jvmstat jdk.attach jdk.charsets jdk.internal.opt jdk.zipfs jdk.compiler jdk.crypto.ec jdk.crypto.cryptoki jdk.crypto.mscapi jdk.dynalink jdk.internal.ed jdk.editpad jdk.hotspot.agent jdk.httpserver jdk.internal.le jdk.internal.vm.ci jdk.internal.vm.compiler jdk.internal.vm.compiler.management jdk.jartool jdk.javadoc jdk.jcmd jdk.management jdk.management.agent jdk.jconsole jdk.jdeps jdk.jdwp.agent jdk.jdi jdk.jfr jdk.jshell jdk.jsobject jdk.jstatd jdk.localedata jdk.management.jfr jdk.naming.dns jdk.naming.rmi jdk.net jdk.nio.mapmode jdk.random jdk.sctp jdk.security.auth jdk.security.jgss jdk.unsupported jdk.unsupported.desktop jdk.xml.dom" 

Environment Variables:
PATH=C:\Program Files\Common Files\Oracle\Java\javapath;C:\Program Files (x86)\Common Files\Oracle\Java\java8path;C:\Program Files (x86)\Common Files\Oracle\Java\javapath;C:\Windows\system32;C:\Windows;C:\Windows\System32\Wbem;C:\Windows\System32\WindowsPowerShell\v1.0\;C:\Windows\System32\OpenSSH\;C:\Program Files (x86)\NVIDIA Corporation\PhysX\Common;C:\WINDOWS\system32;C:\WINDOWS;C:\WINDOWS\System32\Wbem;C:\WINDOWS\System32\WindowsPowerShell\v1.0\;C:\WINDOWS\System32\OpenSSH\;C:\Program Files\NVIDIA Corporation\NVIDIA App\NvDLISR;C:\Program Files\Git\cmd;C:\Program Files\nodejs\;C:\Users\NAVNIT KUMAR\AppData\Local\Microsoft\WindowsApps;C:\Users\NAVNIT KUMAR\AppData\Local\Programs\Microsoft VS Code\bin;C:\MinGW\bin;C:\Users\NAVNIT KUMAR\AppData\Roaming\npm;C:\Users\NAVNIT KUMAR\AppData\Local\Programs\cursor\resources\app\bin;C:\Users\NAVNIT KUMAR\AppData\Local\Programs\Antigravity\bin
USERNAME=NAVNIT KUMAR
OS=Windows_NT
PROCESSOR_IDENTIFIER=AMD64 Family 25 Model 68 Stepping 1, AuthenticAMD
TMP=C:\Users\NAVNIT~1\AppData\Local\Temp
TEMP=C:\Users\NAVNIT~1\AppData\Local\Temp




Periodic native trim disabled

---------------  S Y S T E M  ---------------

OS:
 Windows 11 , 64 bit Build 26100 (10.0.26100.7623)
OS uptime: 0 days 20:57 hours
Hyper-V role detected

CPU: total 12 (initial active 12) (12 cores per cpu, 2 threads per core) family 25 model 68 stepping 1 microcode 0xa40410a, cx8, cmov, fxsr, ht, mmx, 3dnowpref, sse, sse2, sse3, ssse3, sse4a, sse4.1, sse4.2, popcnt, lzcnt, tsc, tscinvbit, avx, avx2, aes, erms, clmul, bmi1, bmi2, adx, sha, fma, vzeroupper, clflush, clflushopt, hv, rdtscp, rdpid, fsrm, f16c, cet_ss
Processor Information for the first 12 processors :
  Max Mhz: 3301, Current Mhz: 3301, Mhz Limit: 3301

Memory: 4k page, system-wide physical 7484M (340M free)
TotalPageFile size 30012M (AvailPageFile size 317M)
current process WorkingSet (physical memory assigned to process): 393M, peak: 398M
current process commit charge ("private bytes"): 522M, peak: 900M

vm_info: OpenJDK 64-Bit Server VM (21.0.9+10-LTS) for windows-amd64 JRE (21.0.9+10-LTS), built on 2025-10-21T00:00:00Z by "admin" with unknown MS VC++:1942

END.
