#
# There is insufficient memory for the Java Runtime Environment to continue.
# Native memory allocation (malloc) failed to allocate 698736 bytes. Error detail: Chunk::new
# Possible reasons:
#   The system is out of physical RAM or swap space
#   This process is running with CompressedOops enabled, and the Java Heap may be blocking the growth of the native heap
# Possible solutions:
#   Reduce memory load on the system
#   Increase physical memory or swap space
#   Check if swap backing store is full
#   Decrease Java heap size (-Xmx/-Xms)
#   Decrease number of Java threads
#   Decrease Java thread stack sizes (-Xss)
#   Set larger code cache with -XX:ReservedCodeCacheSize=
#   JVM is running with Unscaled Compressed Oops mode in which the Java heap is
#     placed in the first 4GB address space. The Java Heap base address is the
#     maximum limit for the native heap growth. Please use -XX:HeapBaseMinAddress
#     to set the Java Heap base and to place the Java Heap above 4GB virtual address.
# This output file may be truncated or incomplete.
#
#  Out of Memory Error (arena.cpp:168), pid=64796, tid=63848
#
# JRE version: OpenJDK Runtime Environment Temurin-21.0.9+10 (21.0.9+10) (build 21.0.9+10-LTS)
# Java VM: OpenJDK 64-Bit Server VM Temurin-21.0.9+10 (21.0.9+10-LTS, mixed mode, sharing, tiered, compressed oops, compressed class ptrs, g1 gc, windows-amd64)
# No core dump will be written. Minidumps are not enabled by default on client versions of Windows
#

---------------  S U M M A R Y ------------

Command Line: --add-opens=java.base/java.util=ALL-UNNAMED --add-opens=java.base/java.lang=ALL-UNNAMED --add-opens=java.base/java.lang.invoke=ALL-UNNAMED --add-opens=java.prefs/java.util.prefs=ALL-UNNAMED --add-exports=jdk.compiler/com.sun.tools.javac.api=ALL-UNNAMED --add-exports=jdk.compiler/com.sun.tools.javac.util=ALL-UNNAMED --add-opens=java.base/java.nio.charset=ALL-UNNAMED --add-opens=java.base/java.net=ALL-UNNAMED --add-opens=java.base/java.util.concurrent.atomic=ALL-UNNAMED -Xmx2048m -Dfile.encoding=UTF-8 -Duser.country=IN -Duser.language=en -Duser.variant -javaagent:C:\Users\NAVNIT KUMAR\.gradle\wrapper\dists\gradle-8.9-bin\90cnw93cvbtalezasaz0blq0a\gradle-8.9\lib\agents\gradle-instrumentation-agent-8.9.jar org.gradle.launcher.daemon.bootstrap.GradleDaemon 8.9

Host: AMD Ryzen 5 7535HS with Radeon Graphics        , 12 cores, 7G,  Windows 11 , 64 bit Build 26100 (10.0.26100.7623)
Time: Tue Jan 20 10:29:41 2026 India Standard Time elapsed time: 107.950676 seconds (0d 0h 1m 47s)

---------------  T H R E A D  ---------------

Current thread (0x000002a97f42cf20):  JavaThread "C2 CompilerThread0" daemon [_thread_in_native, id=63848, stack(0x000000c585200000,0x000000c585300000) (1024K)]


Current CompileTask:
C2:107950 10859       4       java.util.regex.Pattern::split (325 bytes)

Stack: [0x000000c585200000,0x000000c585300000]
Native frames: (J=compiled Java code, j=interpreted, Vv=VM code, C=native code)
V  [jvm.dll+0x6d6e29]
V  [jvm.dll+0x8b4b76]
V  [jvm.dll+0x8b712e]
V  [jvm.dll+0x8b7813]
V  [jvm.dll+0x283d86]
V  [jvm.dll+0xc66ed]
V  [jvm.dll+0xc6c31]
V  [jvm.dll+0x3be53b]
V  [jvm.dll+0x38ab92]
V  [jvm.dll+0x389fda]
V  [jvm.dll+0x24bfa0]
V  [jvm.dll+0x24b580]
V  [jvm.dll+0x1cb13e]
V  [jvm.dll+0x25b29d]
V  [jvm.dll+0x25982a]
V  [jvm.dll+0x3f7ea6]
V  [jvm.dll+0x85e9ad]
V  [jvm.dll+0x6d565d]
C  [ucrtbase.dll+0x37b0]
C  [KERNEL32.DLL+0x2e8d7]
C  [ntdll.dll+0x8c53c]


---------------  P R O C E S S  ---------------

Threads class SMR info:
_java_thread_list=0x000002a947e2d6f0, length=75, elements={
0x000002a96787e3f0, 0x000002a97f41c750, 0x000002a97f41dec0, 0x000002a97f41fdd0,
0x000002a97f420950, 0x000002a97f429620, 0x000002a97f42c1a0, 0x000002a97f42cf20,
0x000002a97f432e40, 0x000002a97f61ef50, 0x000002a97f6b6260, 0x000002a945aed020,
0x000002a9457f8760, 0x000002a945ce66e0, 0x000002a97f510050, 0x000002a9464bfe30,
0x000002a9464c0490, 0x000002a94698f530, 0x000002a9458e1eb0, 0x000002a9458e0b00,
0x000002a9458e0470, 0x000002a9458e2bd0, 0x000002a9458e1820, 0x000002a9458dfde0,
0x000002a9458e2540, 0x000002a9458df750, 0x000002a947d6e7f0, 0x000002a947d6ee80,
0x000002a947d6f510, 0x000002a947d6c090, 0x000002a947d6d440, 0x000002a947d6c720,
0x000002a947d6dad0, 0x000002a947d6cdb0, 0x000002a947d6e160, 0x000002a946ef26c0,
0x000002a946ef33e0, 0x000002a946ef2030, 0x000002a946ef2d50, 0x000002a946ef3a70,
0x000002a946ef1310, 0x000002a946ef05f0, 0x000002a946ef4790, 0x000002a946ef4e20,
0x000002a946ef19a0, 0x000002a946ef54b0, 0x000002a946ef5b40, 0x000002a946ef61d0,
0x000002a946ef6860, 0x000002a946ef6ef0, 0x000002a946ef7580, 0x000002a946ef7c10,
0x000002a948840900, 0x000002a94883f550, 0x000002a948840f90, 0x000002a94883eec0,
0x000002a948842340, 0x000002a948841620, 0x000002a9488429d0, 0x000002a948841cb0,
0x000002a948843060, 0x000002a94883fbe0, 0x000002a9488436f0, 0x000002a948840270,
0x000002a948843d80, 0x000002a948845130, 0x000002a948844410, 0x000002a948844aa0,
0x000002a9488457c0, 0x000002a948845e50, 0x000002a9488464e0, 0x000002a948acfa00,
0x000002a948acd930, 0x000002a948ad0090, 0x000002a948acdfc0
}

Java Threads: ( => current thread )
  0x000002a96787e3f0 JavaThread "main"                              [_thread_blocked, id=66656, stack(0x000000c584400000,0x000000c584500000) (1024K)]
  0x000002a97f41c750 JavaThread "Reference Handler"          daemon [_thread_blocked, id=66072, stack(0x000000c584c00000,0x000000c584d00000) (1024K)]
  0x000002a97f41dec0 JavaThread "Finalizer"                  daemon [_thread_blocked, id=66836, stack(0x000000c584d00000,0x000000c584e00000) (1024K)]
  0x000002a97f41fdd0 JavaThread "Signal Dispatcher"          daemon [_thread_blocked, id=64728, stack(0x000000c584e00000,0x000000c584f00000) (1024K)]
  0x000002a97f420950 JavaThread "Attach Listener"            daemon [_thread_blocked, id=63000, stack(0x000000c584f00000,0x000000c585000000) (1024K)]
  0x000002a97f429620 JavaThread "Service Thread"             daemon [_thread_blocked, id=63628, stack(0x000000c585000000,0x000000c585100000) (1024K)]
  0x000002a97f42c1a0 JavaThread "Monitor Deflation Thread"   daemon [_thread_blocked, id=67188, stack(0x000000c585100000,0x000000c585200000) (1024K)]
=>0x000002a97f42cf20 JavaThread "C2 CompilerThread0"         daemon [_thread_in_native, id=63848, stack(0x000000c585200000,0x000000c585300000) (1024K)]
  0x000002a97f432e40 JavaThread "C1 CompilerThread0"         daemon [_thread_in_native, id=64088, stack(0x000000c585300000,0x000000c585400000) (1024K)]
  0x000002a97f61ef50 JavaThread "Common-Cleaner"             daemon [_thread_blocked, id=62668, stack(0x000000c585400000,0x000000c585500000) (1024K)]
  0x000002a97f6b6260 JavaThread "Notification Thread"        daemon [_thread_blocked, id=65512, stack(0x000000c585500000,0x000000c585600000) (1024K)]
  0x000002a945aed020 JavaThread "Daemon health stats"               [_thread_blocked, id=34656, stack(0x000000c585c00000,0x000000c585d00000) (1024K)]
  0x000002a9457f8760 JavaThread "Incoming local TCP Connector on port 62179"        [_thread_in_native, id=66008, stack(0x000000c585a00000,0x000000c585b00000) (1024K)]
  0x000002a945ce66e0 JavaThread "Daemon periodic checks"            [_thread_blocked, id=48584, stack(0x000000c585d00000,0x000000c585e00000) (1024K)]
  0x000002a97f510050 JavaThread "Daemon"                            [_thread_blocked, id=51872, stack(0x000000c585e00000,0x000000c585f00000) (1024K)]
  0x000002a9464bfe30 JavaThread "Handler for socket connection from /127.0.0.1:62179 to /127.0.0.1:62183"        [_thread_in_native, id=61208, stack(0x000000c585f00000,0x000000c586000000) (1024K)]
  0x000002a9464c0490 JavaThread "Cancel handler"                    [_thread_blocked, id=60896, stack(0x000000c586000000,0x000000c586100000) (1024K)]
  0x000002a94698f530 JavaThread "Daemon worker"                     [_thread_in_Java, id=41468, stack(0x000000c586100000,0x000000c586200000) (1024K)]
  0x000002a9458e1eb0 JavaThread "Asynchronous log dispatcher for DefaultDaemonConnection: socket connection from /127.0.0.1:62179 to /127.0.0.1:62183"        [_thread_blocked, id=66332, stack(0x000000c586200000,0x000000c586300000) (1024K)]
  0x000002a9458e0b00 JavaThread "Stdin handler"                     [_thread_blocked, id=66580, stack(0x000000c586300000,0x000000c586400000) (1024K)]
  0x000002a9458e0470 JavaThread "Daemon client event forwarder"        [_thread_blocked, id=65544, stack(0x000000c586400000,0x000000c586500000) (1024K)]
  0x000002a9458e2bd0 JavaThread "Cache worker for journal cache (C:\Users\NAVNIT KUMAR\.gradle\caches\journal-1)"        [_thread_blocked, id=67388, stack(0x000000c586600000,0x000000c586700000) (1024K)]
  0x000002a9458e1820 JavaThread "File lock request listener"        [_thread_in_native, id=58468, stack(0x000000c586700000,0x000000c586800000) (1024K)]
  0x000002a9458dfde0 JavaThread "File lock release action executor"        [_thread_blocked, id=66624, stack(0x000000c586500000,0x000000c586600000) (1024K)]
  0x000002a9458e2540 JavaThread "Cache worker for file hash cache (C:\Users\NAVNIT KUMAR\.gradle\caches\8.9\fileHashes)"        [_thread_blocked, id=61828, stack(0x000000c586800000,0x000000c586900000) (1024K)]
  0x000002a9458df750 JavaThread "Cache worker for file hash cache (D:\team rocket\android App\PassengerApp\.gradle\8.9\fileHashes)"        [_thread_blocked, id=67072, stack(0x000000c586f00000,0x000000c587000000) (1024K)]
  0x000002a947d6e7f0 JavaThread "Cache worker for Build Output Cleanup Cache (D:\team rocket\android App\PassengerApp\.gradle\buildOutputCleanup)"        [_thread_blocked, id=59372, stack(0x000000c587000000,0x000000c587100000) (1024K)]
  0x000002a947d6ee80 JavaThread "File watcher server"        daemon [_thread_in_native, id=51468, stack(0x000000c587100000,0x000000c587200000) (1024K)]
  0x000002a947d6f510 JavaThread "File watcher consumer"      daemon [_thread_blocked, id=61176, stack(0x000000c587200000,0x000000c587300000) (1024K)]
  0x000002a947d6c090 JavaThread "jar transforms"                    [_thread_blocked, id=61860, stack(0x000000c587300000,0x000000c587400000) (1024K)]
  0x000002a947d6d440 JavaThread "jar transforms Thread 2"           [_thread_blocked, id=67480, stack(0x000000c587400000,0x000000c587500000) (1024K)]
  0x000002a947d6c720 JavaThread "jar transforms Thread 3"           [_thread_blocked, id=63216, stack(0x000000c587500000,0x000000c587600000) (1024K)]
  0x000002a947d6dad0 JavaThread "Cache worker for checksums cache (D:\team rocket\android App\PassengerApp\.gradle\8.9\checksums)"        [_thread_blocked, id=48792, stack(0x000000c587600000,0x000000c587700000) (1024K)]
  0x000002a947d6cdb0 JavaThread "Cache worker for file content cache (C:\Users\NAVNIT KUMAR\.gradle\caches\8.9\fileContent)"        [_thread_blocked, id=62680, stack(0x000000c587700000,0x000000c587800000) (1024K)]
  0x000002a947d6e160 JavaThread "Cache worker for cache directory md-rule (C:\Users\NAVNIT KUMAR\.gradle\caches\8.9\md-rule)"        [_thread_blocked, id=65124, stack(0x000000c587800000,0x000000c587900000) (1024K)]
  0x000002a946ef26c0 JavaThread "Cache worker for cache directory md-supplier (C:\Users\NAVNIT KUMAR\.gradle\caches\8.9\md-supplier)"        [_thread_blocked, id=66904, stack(0x000000c587900000,0x000000c587a00000) (1024K)]
  0x000002a946ef33e0 JavaThread "jar transforms Thread 4"           [_thread_blocked, id=61248, stack(0x000000c587a00000,0x000000c587b00000) (1024K)]
  0x000002a946ef2030 JavaThread "jar transforms Thread 5"           [_thread_blocked, id=65596, stack(0x000000c587b00000,0x000000c587c00000) (1024K)]
  0x000002a946ef2d50 JavaThread "jar transforms Thread 6"           [_thread_blocked, id=67600, stack(0x000000c587c00000,0x000000c587d00000) (1024K)]
  0x000002a946ef3a70 JavaThread "jar transforms Thread 7"           [_thread_blocked, id=67612, stack(0x000000c587d00000,0x000000c587e00000) (1024K)]
  0x000002a946ef1310 JavaThread "jar transforms Thread 8"           [_thread_blocked, id=67632, stack(0x000000c587e00000,0x000000c587f00000) (1024K)]
  0x000002a946ef05f0 JavaThread "jar transforms Thread 9"           [_thread_blocked, id=67636, stack(0x000000c587f00000,0x000000c588000000) (1024K)]
  0x000002a946ef4790 JavaThread "Unconstrained build operations"        [_thread_blocked, id=68432, stack(0x000000c588000000,0x000000c588100000) (1024K)]
  0x000002a946ef4e20 JavaThread "Unconstrained build operations Thread 2"        [_thread_blocked, id=68436, stack(0x000000c588100000,0x000000c588200000) (1024K)]
  0x000002a946ef19a0 JavaThread "Unconstrained build operations Thread 3"        [_thread_blocked, id=68440, stack(0x000000c588200000,0x000000c588300000) (1024K)]
  0x000002a946ef54b0 JavaThread "Unconstrained build operations Thread 4"        [_thread_blocked, id=68444, stack(0x000000c588300000,0x000000c588400000) (1024K)]
  0x000002a946ef5b40 JavaThread "Unconstrained build operations Thread 5"        [_thread_blocked, id=68448, stack(0x000000c588400000,0x000000c588500000) (1024K)]
  0x000002a946ef61d0 JavaThread "Unconstrained build operations Thread 6"        [_thread_blocked, id=68452, stack(0x000000c588500000,0x000000c588600000) (1024K)]
  0x000002a946ef6860 JavaThread "Unconstrained build operations Thread 7"        [_thread_blocked, id=68456, stack(0x000000c588600000,0x000000c588700000) (1024K)]
  0x000002a946ef6ef0 JavaThread "Unconstrained build operations Thread 8"        [_thread_blocked, id=68460, stack(0x000000c588700000,0x000000c588800000) (1024K)]
  0x000002a946ef7580 JavaThread "Unconstrained build operations Thread 9"        [_thread_blocked, id=68464, stack(0x000000c588800000,0x000000c588900000) (1024K)]
  0x000002a946ef7c10 JavaThread "Unconstrained build operations Thread 10"        [_thread_blocked, id=68468, stack(0x000000c588900000,0x000000c588a00000) (1024K)]
  0x000002a948840900 JavaThread "Unconstrained build operations Thread 11"        [_thread_blocked, id=68472, stack(0x000000c588a00000,0x000000c588b00000) (1024K)]
  0x000002a94883f550 JavaThread "Unconstrained build operations Thread 12"        [_thread_blocked, id=67752, stack(0x000000c588b00000,0x000000c588c00000) (1024K)]
  0x000002a948840f90 JavaThread "Unconstrained build operations Thread 13"        [_thread_blocked, id=67784, stack(0x000000c588c00000,0x000000c588d00000) (1024K)]
  0x000002a94883eec0 JavaThread "Unconstrained build operations Thread 14"        [_thread_blocked, id=67732, stack(0x000000c588d00000,0x000000c588e00000) (1024K)]
  0x000002a948842340 JavaThread "Unconstrained build operations Thread 15"        [_thread_blocked, id=67728, stack(0x000000c588e00000,0x000000c588f00000) (1024K)]
  0x000002a948841620 JavaThread "Unconstrained build operations Thread 16"        [_thread_blocked, id=67724, stack(0x000000c588f00000,0x000000c589000000) (1024K)]
  0x000002a9488429d0 JavaThread "Unconstrained build operations Thread 17"        [_thread_blocked, id=67148, stack(0x000000c589000000,0x000000c589100000) (1024K)]
  0x000002a948841cb0 JavaThread "Unconstrained build operations Thread 18"        [_thread_blocked, id=63484, stack(0x000000c589100000,0x000000c589200000) (1024K)]
  0x000002a948843060 JavaThread "Unconstrained build operations Thread 19"        [_thread_blocked, id=63532, stack(0x000000c589200000,0x000000c589300000) (1024K)]
  0x000002a94883fbe0 JavaThread "Unconstrained build operations Thread 20"        [_thread_blocked, id=27376, stack(0x000000c589300000,0x000000c589400000) (1024K)]
  0x000002a9488436f0 JavaThread "Unconstrained build operations Thread 21"        [_thread_blocked, id=60584, stack(0x000000c589400000,0x000000c589500000) (1024K)]
  0x000002a948840270 JavaThread "Unconstrained build operations Thread 22"        [_thread_blocked, id=67848, stack(0x000000c589500000,0x000000c589600000) (1024K)]
  0x000002a948843d80 JavaThread "Unconstrained build operations Thread 23"        [_thread_blocked, id=67948, stack(0x000000c589600000,0x000000c589700000) (1024K)]
  0x000002a948845130 JavaThread "Unconstrained build operations Thread 24"        [_thread_blocked, id=67952, stack(0x000000c589700000,0x000000c589800000) (1024K)]
  0x000002a948844410 JavaThread "Unconstrained build operations Thread 25"        [_thread_blocked, id=67956, stack(0x000000c589800000,0x000000c589900000) (1024K)]
  0x000002a948844aa0 JavaThread "Unconstrained build operations Thread 26"        [_thread_blocked, id=67960, stack(0x000000c589900000,0x000000c589a00000) (1024K)]
  0x000002a9488457c0 JavaThread "Unconstrained build operations Thread 27"        [_thread_blocked, id=67968, stack(0x000000c589a00000,0x000000c589b00000) (1024K)]
  0x000002a948845e50 JavaThread "Unconstrained build operations Thread 28"        [_thread_blocked, id=67972, stack(0x000000c589b00000,0x000000c589c00000) (1024K)]
  0x000002a9488464e0 JavaThread "Unconstrained build operations Thread 29"        [_thread_blocked, id=67976, stack(0x000000c589c00000,0x000000c589d00000) (1024K)]
  0x000002a948acfa00 JavaThread "Unconstrained build operations Thread 30"        [_thread_blocked, id=67984, stack(0x000000c589d00000,0x000000c589e00000) (1024K)]
  0x000002a948acd930 JavaThread "Unconstrained build operations Thread 31"        [_thread_blocked, id=67988, stack(0x000000c589e00000,0x000000c589f00000) (1024K)]
  0x000002a948ad0090 JavaThread "Unconstrained build operations Thread 32"        [_thread_blocked, id=67992, stack(0x000000c589f00000,0x000000c58a000000) (1024K)]
  0x000002a948acdfc0 JavaThread "Unconstrained build operations Thread 33"        [_thread_blocked, id=67996, stack(0x000000c58a000000,0x000000c58a100000) (1024K)]
Total: 75

Other Threads:
  0x000002a97f401eb0 VMThread "VM Thread"                           [id=66228, stack(0x000000c584b00000,0x000000c584c00000) (1024K)]
  0x000002a97f3ef240 WatcherThread "VM Periodic Task Thread"        [id=66236, stack(0x000000c584a00000,0x000000c584b00000) (1024K)]
  0x000002a9678d4d40 WorkerThread "GC Thread#0"                     [id=67504, stack(0x000000c584500000,0x000000c584600000) (1024K)]
  0x000002a945111b10 WorkerThread "GC Thread#1"                     [id=65344, stack(0x000000c585600000,0x000000c585700000) (1024K)]
  0x000002a9450349b0 WorkerThread "GC Thread#2"                     [id=65388, stack(0x000000c585700000,0x000000c585800000) (1024K)]
  0x000002a94583da60 WorkerThread "GC Thread#3"                     [id=25700, stack(0x000000c585800000,0x000000c585900000) (1024K)]
  0x000002a9458ce5e0 WorkerThread "GC Thread#4"                     [id=23916, stack(0x000000c585900000,0x000000c585a00000) (1024K)]
  0x000002a945977c90 WorkerThread "GC Thread#5"                     [id=51792, stack(0x000000c585b00000,0x000000c585c00000) (1024K)]
  0x000002a947640620 WorkerThread "GC Thread#6"                     [id=64400, stack(0x000000c586a00000,0x000000c586b00000) (1024K)]
  0x000002a947640d60 WorkerThread "GC Thread#7"                     [id=29776, stack(0x000000c586b00000,0x000000c586c00000) (1024K)]
  0x000002a947640280 WorkerThread "GC Thread#8"                     [id=64500, stack(0x000000c586c00000,0x000000c586d00000) (1024K)]
  0x000002a94763fb40 WorkerThread "GC Thread#9"                     [id=53164, stack(0x000000c586d00000,0x000000c586e00000) (1024K)]
  0x000002a9678e6ab0 ConcurrentGCThread "G1 Main Marker"            [id=67236, stack(0x000000c584600000,0x000000c584700000) (1024K)]
  0x000002a9678e7c60 WorkerThread "G1 Conc#0"                       [id=62896, stack(0x000000c584700000,0x000000c584800000) (1024K)]
  0x000002a9476414a0 WorkerThread "G1 Conc#1"                       [id=67024, stack(0x000000c586900000,0x000000c586a00000) (1024K)]
  0x000002a94763fee0 WorkerThread "G1 Conc#2"                       [id=55000, stack(0x000000c586e00000,0x000000c586f00000) (1024K)]
  0x000002a97f2bc540 ConcurrentGCThread "G1 Refine#0"               [id=66780, stack(0x000000c584800000,0x000000c584900000) (1024K)]
  0x000002a97f2c0d90 ConcurrentGCThread "G1 Service"                [id=61788, stack(0x000000c584900000,0x000000c584a00000) (1024K)]
Total: 18

Threads with active compile tasks:
C2 CompilerThread0  110981 10859       4       java.util.regex.Pattern::split (325 bytes)
C1 CompilerThread0  110982 11041       3       org.jetbrains.kotlin.metadata.jvm.JvmProtoBuf$JvmMethodSignature::newBuilderForType (4 bytes)
Total: 2

VM state: not at safepoint (normal execution)

VM Mutex/Monitor currently owned by a thread: None

Heap address: 0x0000000080000000, size: 2048 MB, Compressed Oops mode: 32-bit

CDS archive(s) mapped at: [0x000002a900000000-0x000002a900ba0000-0x000002a900ba0000), size 12189696, SharedBaseAddress: 0x000002a900000000, ArchiveRelocationMode: 1.
Compressed class space mapped at: 0x000002a901000000-0x000002a941000000, reserved size: 1073741824
Narrow klass base: 0x000002a900000000, Narrow klass shift: 0, Narrow klass range: 0x100000000

GC Precious Log:
 CardTable entry size: 512
 Card Set container configuration: InlinePtr #cards 5 size 8 Array Of Cards #cards 12 size 40 Howl #buckets 4 coarsen threshold 1843 Howl Bitmap #cards 512 size 80 coarsen threshold 460 Card regions per heap region 1 cards per card region 2048
 CPUs: 12 total, 12 available
 Memory: 7484M
 Large Page Support: Disabled
 NUMA Support: Disabled
 Compressed Oops: Enabled (32-bit)
 Heap Region Size: 1M
 Heap Min Capacity: 8M
 Heap Initial Capacity: 118M
 Heap Max Capacity: 2G
 Pre-touch: Disabled
 Parallel Workers: 10
 Concurrent Workers: 3
 Concurrent Refinement Workers: 10
 Periodic GC: Disabled

Heap:
 garbage-first heap   total 193536K, used 123562K [0x0000000080000000, 0x0000000100000000)
  region size 1024K, 17 young (17408K), 7 survivors (7168K)
 Metaspace       used 95310K, committed 97472K, reserved 1179648K
  class space    used 13203K, committed 14272K, reserved 1048576K

Heap Regions: E=young(eden), S=young(survivor), O=old, HS=humongous(starts), HC=humongous(continues), CS=collection set, F=free, TAMS=top-at-mark-start, PB=parsable bottom
|   0|0x0000000080000000, 0x0000000080100000, 0x0000000080100000|100%|HS|  |TAMS 0x0000000080000000| PB 0x0000000080000000| Complete 
|   1|0x0000000080100000, 0x0000000080200000, 0x0000000080200000|100%|HC|  |TAMS 0x0000000080100000| PB 0x0000000080100000| Complete 
|   2|0x0000000080200000, 0x0000000080300000, 0x0000000080300000|100%|HC|  |TAMS 0x0000000080200000| PB 0x0000000080200000| Complete 
|   3|0x0000000080300000, 0x0000000080400000, 0x0000000080400000|100%|HC|  |TAMS 0x0000000080300000| PB 0x0000000080300000| Complete 
|   4|0x0000000080400000, 0x0000000080500000, 0x0000000080500000|100%| O|  |TAMS 0x0000000080400000| PB 0x0000000080400000| Untracked 
|   5|0x0000000080500000, 0x0000000080600000, 0x0000000080600000|100%| O|  |TAMS 0x0000000080500000| PB 0x0000000080500000| Untracked 
|   6|0x0000000080600000, 0x0000000080700000, 0x0000000080700000|100%| O|  |TAMS 0x0000000080600000| PB 0x0000000080600000| Untracked 
|   7|0x0000000080700000, 0x0000000080800000, 0x0000000080800000|100%| O|  |TAMS 0x0000000080700000| PB 0x0000000080700000| Untracked 
|   8|0x0000000080800000, 0x0000000080900000, 0x0000000080900000|100%| O|  |TAMS 0x0000000080800000| PB 0x0000000080800000| Untracked 
|   9|0x0000000080900000, 0x0000000080a00000, 0x0000000080a00000|100%| O|  |TAMS 0x0000000080900000| PB 0x0000000080900000| Untracked 
|  10|0x0000000080a00000, 0x0000000080b00000, 0x0000000080b00000|100%|HS|  |TAMS 0x0000000080a00000| PB 0x0000000080a00000| Complete 
|  11|0x0000000080b00000, 0x0000000080c00000, 0x0000000080c00000|100%| O|  |TAMS 0x0000000080b00000| PB 0x0000000080b00000| Untracked 
|  12|0x0000000080c00000, 0x0000000080d00000, 0x0000000080d00000|100%| O|  |TAMS 0x0000000080c00000| PB 0x0000000080c00000| Untracked 
|  13|0x0000000080d00000, 0x0000000080e00000, 0x0000000080e00000|100%| O|  |TAMS 0x0000000080d00000| PB 0x0000000080d00000| Untracked 
|  14|0x0000000080e00000, 0x0000000080f00000, 0x0000000080f00000|100%| O|  |TAMS 0x0000000080e00000| PB 0x0000000080e00000| Untracked 
|  15|0x0000000080f00000, 0x0000000081000000, 0x0000000081000000|100%| O|  |TAMS 0x0000000080f00000| PB 0x0000000080f00000| Untracked 
|  16|0x0000000081000000, 0x0000000081100000, 0x0000000081100000|100%| O|  |TAMS 0x0000000081000000| PB 0x0000000081000000| Untracked 
|  17|0x0000000081100000, 0x0000000081200000, 0x0000000081200000|100%| O|  |TAMS 0x0000000081100000| PB 0x0000000081100000| Untracked 
|  18|0x0000000081200000, 0x0000000081300000, 0x0000000081300000|100%| O|  |TAMS 0x0000000081200000| PB 0x0000000081200000| Untracked 
|  19|0x0000000081300000, 0x0000000081400000, 0x0000000081400000|100%| O|  |TAMS 0x0000000081300000| PB 0x0000000081300000| Untracked 
|  20|0x0000000081400000, 0x0000000081500000, 0x0000000081500000|100%| O|  |TAMS 0x0000000081400000| PB 0x0000000081400000| Untracked 
|  21|0x0000000081500000, 0x0000000081600000, 0x0000000081600000|100%| O|  |TAMS 0x0000000081500000| PB 0x0000000081500000| Untracked 
|  22|0x0000000081600000, 0x0000000081700000, 0x0000000081700000|100%| O|  |TAMS 0x0000000081600000| PB 0x0000000081600000| Untracked 
|  23|0x0000000081700000, 0x0000000081800000, 0x0000000081800000|100%| O|  |TAMS 0x0000000081700000| PB 0x0000000081700000| Untracked 
|  24|0x0000000081800000, 0x0000000081900000, 0x0000000081900000|100%| O|  |TAMS 0x0000000081800000| PB 0x0000000081800000| Untracked 
|  25|0x0000000081900000, 0x0000000081a00000, 0x0000000081a00000|100%| O|  |TAMS 0x0000000081900000| PB 0x0000000081900000| Untracked 
|  26|0x0000000081a00000, 0x0000000081b00000, 0x0000000081b00000|100%| O|  |TAMS 0x0000000081a00000| PB 0x0000000081a00000| Untracked 
|  27|0x0000000081b00000, 0x0000000081c00000, 0x0000000081c00000|100%| O|  |TAMS 0x0000000081b00000| PB 0x0000000081b00000| Untracked 
|  28|0x0000000081c00000, 0x0000000081d00000, 0x0000000081d00000|100%| O|  |TAMS 0x0000000081c00000| PB 0x0000000081c00000| Untracked 
|  29|0x0000000081d00000, 0x0000000081e00000, 0x0000000081e00000|100%| O|  |TAMS 0x0000000081d00000| PB 0x0000000081d00000| Untracked 
|  30|0x0000000081e00000, 0x0000000081f00000, 0x0000000081f00000|100%| O|  |TAMS 0x0000000081e00000| PB 0x0000000081e00000| Untracked 
|  31|0x0000000081f00000, 0x0000000082000000, 0x0000000082000000|100%| O|  |TAMS 0x0000000081f00000| PB 0x0000000081f00000| Untracked 
|  32|0x0000000082000000, 0x0000000082100000, 0x0000000082100000|100%| O|  |TAMS 0x0000000082000000| PB 0x0000000082000000| Untracked 
|  33|0x0000000082100000, 0x0000000082200000, 0x0000000082200000|100%| O|  |TAMS 0x0000000082100000| PB 0x0000000082100000| Untracked 
|  34|0x0000000082200000, 0x0000000082300000, 0x0000000082300000|100%| O|  |TAMS 0x0000000082200000| PB 0x0000000082200000| Untracked 
|  35|0x0000000082300000, 0x0000000082400000, 0x0000000082400000|100%| O|  |TAMS 0x0000000082300000| PB 0x0000000082300000| Untracked 
|  36|0x0000000082400000, 0x0000000082500000, 0x0000000082500000|100%| O|  |TAMS 0x0000000082400000| PB 0x0000000082400000| Untracked 
|  37|0x0000000082500000, 0x0000000082600000, 0x0000000082600000|100%| O|  |TAMS 0x0000000082500000| PB 0x0000000082500000| Untracked 
|  38|0x0000000082600000, 0x0000000082700000, 0x0000000082700000|100%| O|  |TAMS 0x0000000082600000| PB 0x0000000082600000| Untracked 
|  39|0x0000000082700000, 0x0000000082800000, 0x0000000082800000|100%| O|  |TAMS 0x0000000082700000| PB 0x0000000082700000| Untracked 
|  40|0x0000000082800000, 0x0000000082900000, 0x0000000082900000|100%| O|  |TAMS 0x0000000082800000| PB 0x0000000082800000| Untracked 
|  41|0x0000000082900000, 0x0000000082a00000, 0x0000000082a00000|100%| O|  |TAMS 0x0000000082900000| PB 0x0000000082900000| Untracked 
|  42|0x0000000082a00000, 0x0000000082b00000, 0x0000000082b00000|100%| O|  |TAMS 0x0000000082a00000| PB 0x0000000082a00000| Untracked 
|  43|0x0000000082b00000, 0x0000000082c00000, 0x0000000082c00000|100%| O|  |TAMS 0x0000000082b00000| PB 0x0000000082b00000| Untracked 
|  44|0x0000000082c00000, 0x0000000082d00000, 0x0000000082d00000|100%| O|  |TAMS 0x0000000082c00000| PB 0x0000000082c00000| Untracked 
|  45|0x0000000082d00000, 0x0000000082e00000, 0x0000000082e00000|100%| O|Cm|TAMS 0x0000000082d00000| PB 0x0000000082d00000| Complete 
|  46|0x0000000082e00000, 0x0000000082f00000, 0x0000000082f00000|100%| O|  |TAMS 0x0000000082e00000| PB 0x0000000082e00000| Untracked 
|  47|0x0000000082f00000, 0x0000000083000000, 0x0000000083000000|100%| O|  |TAMS 0x0000000082f00000| PB 0x0000000082f00000| Untracked 
|  48|0x0000000083000000, 0x0000000083100000, 0x0000000083100000|100%| O|  |TAMS 0x0000000083000000| PB 0x0000000083000000| Untracked 
|  49|0x0000000083100000, 0x0000000083200000, 0x0000000083200000|100%| O|  |TAMS 0x0000000083100000| PB 0x0000000083100000| Untracked 
|  50|0x0000000083200000, 0x0000000083300000, 0x0000000083300000|100%| O|  |TAMS 0x0000000083200000| PB 0x0000000083200000| Untracked 
|  51|0x0000000083300000, 0x0000000083400000, 0x0000000083400000|100%| O|  |TAMS 0x0000000083300000| PB 0x0000000083300000| Untracked 
|  52|0x0000000083400000, 0x0000000083500000, 0x0000000083500000|100%| O|  |TAMS 0x0000000083400000| PB 0x0000000083400000| Untracked 
|  53|0x0000000083500000, 0x0000000083600000, 0x0000000083600000|100%| O|  |TAMS 0x0000000083500000| PB 0x0000000083500000| Untracked 
|  54|0x0000000083600000, 0x0000000083700000, 0x0000000083700000|100%| O|  |TAMS 0x0000000083600000| PB 0x0000000083600000| Untracked 
|  55|0x0000000083700000, 0x0000000083800000, 0x0000000083800000|100%| O|  |TAMS 0x0000000083700000| PB 0x0000000083700000| Untracked 
|  56|0x0000000083800000, 0x0000000083900000, 0x0000000083900000|100%| O|  |TAMS 0x0000000083800000| PB 0x0000000083800000| Untracked 
|  57|0x0000000083900000, 0x0000000083a00000, 0x0000000083a00000|100%| O|  |TAMS 0x0000000083900000| PB 0x0000000083900000| Untracked 
|  58|0x0000000083a00000, 0x0000000083b00000, 0x0000000083b00000|100%| O|  |TAMS 0x0000000083a00000| PB 0x0000000083a00000| Untracked 
|  59|0x0000000083b00000, 0x0000000083c00000, 0x0000000083c00000|100%| O|  |TAMS 0x0000000083b00000| PB 0x0000000083b00000| Untracked 
|  60|0x0000000083c00000, 0x0000000083d00000, 0x0000000083d00000|100%| O|  |TAMS 0x0000000083c00000| PB 0x0000000083c00000| Untracked 
|  61|0x0000000083d00000, 0x0000000083e00000, 0x0000000083e00000|100%|HS|  |TAMS 0x0000000083d00000| PB 0x0000000083d00000| Complete 
|  62|0x0000000083e00000, 0x0000000083f00000, 0x0000000083f00000|100%|HS|  |TAMS 0x0000000083e00000| PB 0x0000000083e00000| Complete 
|  63|0x0000000083f00000, 0x0000000084000000, 0x0000000084000000|100%|HS|  |TAMS 0x0000000083f00000| PB 0x0000000083f00000| Complete 
|  64|0x0000000084000000, 0x0000000084100000, 0x0000000084100000|100%| O|  |TAMS 0x0000000084000000| PB 0x0000000084000000| Untracked 
|  65|0x0000000084100000, 0x0000000084200000, 0x0000000084200000|100%| O|  |TAMS 0x0000000084100000| PB 0x0000000084100000| Untracked 
|  66|0x0000000084200000, 0x0000000084300000, 0x0000000084300000|100%| O|  |TAMS 0x0000000084200000| PB 0x0000000084200000| Untracked 
|  67|0x0000000084300000, 0x0000000084400000, 0x0000000084400000|100%| O|  |TAMS 0x0000000084300000| PB 0x0000000084300000| Untracked 
|  68|0x0000000084400000, 0x0000000084500000, 0x0000000084500000|100%| O|  |TAMS 0x0000000084400000| PB 0x0000000084400000| Untracked 
|  69|0x0000000084500000, 0x0000000084600000, 0x0000000084600000|100%| O|  |TAMS 0x0000000084500000| PB 0x0000000084500000| Untracked 
|  70|0x0000000084600000, 0x0000000084700000, 0x0000000084700000|100%|HS|  |TAMS 0x0000000084600000| PB 0x0000000084600000| Complete 
|  71|0x0000000084700000, 0x0000000084800000, 0x0000000084800000|100%|HC|  |TAMS 0x0000000084700000| PB 0x0000000084700000| Complete 
|  72|0x0000000084800000, 0x0000000084900000, 0x0000000084900000|100%| O|  |TAMS 0x0000000084800000| PB 0x0000000084800000| Untracked 
|  73|0x0000000084900000, 0x0000000084a00000, 0x0000000084a00000|100%| O|  |TAMS 0x0000000084900000| PB 0x0000000084900000| Untracked 
|  74|0x0000000084a00000, 0x0000000084b00000, 0x0000000084b00000|100%| O|Cm|TAMS 0x0000000084a00000| PB 0x0000000084a00000| Complete 
|  75|0x0000000084b00000, 0x0000000084c00000, 0x0000000084c00000|100%|HS|  |TAMS 0x0000000084b00000| PB 0x0000000084b00000| Complete 
|  76|0x0000000084c00000, 0x0000000084d00000, 0x0000000084d00000|100%|HC|  |TAMS 0x0000000084c00000| PB 0x0000000084c00000| Complete 
|  77|0x0000000084d00000, 0x0000000084e00000, 0x0000000084e00000|100%|HC|  |TAMS 0x0000000084d00000| PB 0x0000000084d00000| Complete 
|  78|0x0000000084e00000, 0x0000000084f00000, 0x0000000084f00000|100%|HC|  |TAMS 0x0000000084e00000| PB 0x0000000084e00000| Complete 
|  79|0x0000000084f00000, 0x0000000085000000, 0x0000000085000000|100%|HC|  |TAMS 0x0000000084f00000| PB 0x0000000084f00000| Complete 
|  80|0x0000000085000000, 0x0000000085100000, 0x0000000085100000|100%|HC|  |TAMS 0x0000000085000000| PB 0x0000000085000000| Complete 
|  81|0x0000000085100000, 0x0000000085200000, 0x0000000085200000|100%|HS|  |TAMS 0x0000000085100000| PB 0x0000000085100000| Complete 
|  82|0x0000000085200000, 0x0000000085300000, 0x0000000085300000|100%|HC|  |TAMS 0x0000000085200000| PB 0x0000000085200000| Complete 
|  83|0x0000000085300000, 0x0000000085400000, 0x0000000085400000|100%|HC|  |TAMS 0x0000000085300000| PB 0x0000000085300000| Complete 
|  84|0x0000000085400000, 0x0000000085500000, 0x0000000085500000|100%|HS|  |TAMS 0x0000000085400000| PB 0x0000000085400000| Complete 
|  85|0x0000000085500000, 0x0000000085600000, 0x0000000085600000|100%| O|  |TAMS 0x0000000085500000| PB 0x0000000085500000| Untracked 
|  86|0x0000000085600000, 0x0000000085700000, 0x0000000085700000|100%| O|  |TAMS 0x0000000085600000| PB 0x0000000085600000| Untracked 
|  87|0x0000000085700000, 0x0000000085800000, 0x0000000085800000|100%| O|  |TAMS 0x0000000085700000| PB 0x0000000085700000| Untracked 
|  88|0x0000000085800000, 0x0000000085900000, 0x0000000085900000|100%| O|  |TAMS 0x0000000085800000| PB 0x0000000085800000| Untracked 
|  89|0x0000000085900000, 0x0000000085a00000, 0x0000000085a00000|100%| O|  |TAMS 0x0000000085900000| PB 0x0000000085900000| Untracked 
|  90|0x0000000085a00000, 0x0000000085b00000, 0x0000000085b00000|100%| O|  |TAMS 0x0000000085a00000| PB 0x0000000085a00000| Untracked 
|  91|0x0000000085b00000, 0x0000000085c00000, 0x0000000085c00000|100%| O|  |TAMS 0x0000000085b00000| PB 0x0000000085b00000| Untracked 
|  92|0x0000000085c00000, 0x0000000085c647d0, 0x0000000085d00000| 39%| O|  |TAMS 0x0000000085c00000| PB 0x0000000085c00000| Untracked 
|  93|0x0000000085d00000, 0x0000000085e00000, 0x0000000085e00000|100%|HS|  |TAMS 0x0000000085d00000| PB 0x0000000085d00000| Complete 
|  94|0x0000000085e00000, 0x0000000085e00000, 0x0000000085f00000|  0%| F|  |TAMS 0x0000000085e00000| PB 0x0000000085e00000| Untracked 
|  95|0x0000000085f00000, 0x0000000085f00000, 0x0000000086000000|  0%| F|  |TAMS 0x0000000085f00000| PB 0x0000000085f00000| Untracked 
|  96|0x0000000086000000, 0x0000000086000000, 0x0000000086100000|  0%| F|  |TAMS 0x0000000086000000| PB 0x0000000086000000| Untracked 
|  97|0x0000000086100000, 0x0000000086100000, 0x0000000086200000|  0%| F|  |TAMS 0x0000000086100000| PB 0x0000000086100000| Untracked 
|  98|0x0000000086200000, 0x0000000086200000, 0x0000000086300000|  0%| F|  |TAMS 0x0000000086200000| PB 0x0000000086200000| Untracked 
|  99|0x0000000086300000, 0x0000000086300000, 0x0000000086400000|  0%| F|  |TAMS 0x0000000086300000| PB 0x0000000086300000| Untracked 
| 100|0x0000000086400000, 0x0000000086400000, 0x0000000086500000|  0%| F|  |TAMS 0x0000000086400000| PB 0x0000000086400000| Untracked 
| 101|0x0000000086500000, 0x0000000086500000, 0x0000000086600000|  0%| F|  |TAMS 0x0000000086500000| PB 0x0000000086500000| Untracked 
| 102|0x0000000086600000, 0x0000000086600000, 0x0000000086700000|  0%| F|  |TAMS 0x0000000086600000| PB 0x0000000086600000| Untracked 
| 103|0x0000000086700000, 0x0000000086700000, 0x0000000086800000|  0%| F|  |TAMS 0x0000000086700000| PB 0x0000000086700000| Untracked 
| 104|0x0000000086800000, 0x0000000086800000, 0x0000000086900000|  0%| F|  |TAMS 0x0000000086800000| PB 0x0000000086800000| Untracked 
| 105|0x0000000086900000, 0x0000000086900000, 0x0000000086a00000|  0%| F|  |TAMS 0x0000000086900000| PB 0x0000000086900000| Untracked 
| 106|0x0000000086a00000, 0x0000000086a00000, 0x0000000086b00000|  0%| F|  |TAMS 0x0000000086a00000| PB 0x0000000086a00000| Untracked 
| 107|0x0000000086b00000, 0x0000000086b00000, 0x0000000086c00000|  0%| F|  |TAMS 0x0000000086b00000| PB 0x0000000086b00000| Untracked 
| 108|0x0000000086c00000, 0x0000000086c00000, 0x0000000086d00000|  0%| F|  |TAMS 0x0000000086c00000| PB 0x0000000086c00000| Untracked 
| 109|0x0000000086d00000, 0x0000000086d00000, 0x0000000086e00000|  0%| F|  |TAMS 0x0000000086d00000| PB 0x0000000086d00000| Untracked 
| 110|0x0000000086e00000, 0x0000000086e00000, 0x0000000086f00000|  0%| F|  |TAMS 0x0000000086e00000| PB 0x0000000086e00000| Untracked 
| 111|0x0000000086f00000, 0x0000000086f00000, 0x0000000087000000|  0%| F|  |TAMS 0x0000000086f00000| PB 0x0000000086f00000| Untracked 
| 112|0x0000000087000000, 0x0000000087000000, 0x0000000087100000|  0%| F|  |TAMS 0x0000000087000000| PB 0x0000000087000000| Untracked 
| 113|0x0000000087100000, 0x0000000087100000, 0x0000000087200000|  0%| F|  |TAMS 0x0000000087100000| PB 0x0000000087100000| Untracked 
| 114|0x0000000087200000, 0x0000000087200000, 0x0000000087300000|  0%| F|  |TAMS 0x0000000087200000| PB 0x0000000087200000| Untracked 
| 115|0x0000000087300000, 0x0000000087300000, 0x0000000087400000|  0%| F|  |TAMS 0x0000000087300000| PB 0x0000000087300000| Untracked 
| 116|0x0000000087400000, 0x0000000087400000, 0x0000000087500000|  0%| F|  |TAMS 0x0000000087400000| PB 0x0000000087400000| Untracked 
| 117|0x0000000087500000, 0x0000000087500000, 0x0000000087600000|  0%| F|  |TAMS 0x0000000087500000| PB 0x0000000087500000| Untracked 
| 118|0x0000000087600000, 0x0000000087600000, 0x0000000087700000|  0%| F|  |TAMS 0x0000000087600000| PB 0x0000000087600000| Untracked 
| 119|0x0000000087700000, 0x0000000087700000, 0x0000000087800000|  0%| F|  |TAMS 0x0000000087700000| PB 0x0000000087700000| Untracked 
| 120|0x0000000087800000, 0x0000000087800000, 0x0000000087900000|  0%| F|  |TAMS 0x0000000087800000| PB 0x0000000087800000| Untracked 
| 121|0x0000000087900000, 0x0000000087900000, 0x0000000087a00000|  0%| F|  |TAMS 0x0000000087900000| PB 0x0000000087900000| Untracked 
| 122|0x0000000087a00000, 0x0000000087a00000, 0x0000000087b00000|  0%| F|  |TAMS 0x0000000087a00000| PB 0x0000000087a00000| Untracked 
| 123|0x0000000087b00000, 0x0000000087b00000, 0x0000000087c00000|  0%| F|  |TAMS 0x0000000087b00000| PB 0x0000000087b00000| Untracked 
| 124|0x0000000087c00000, 0x0000000087c00000, 0x0000000087d00000|  0%| F|  |TAMS 0x0000000087c00000| PB 0x0000000087c00000| Untracked 
| 125|0x0000000087d00000, 0x0000000087d00000, 0x0000000087e00000|  0%| F|  |TAMS 0x0000000087d00000| PB 0x0000000087d00000| Untracked 
| 126|0x0000000087e00000, 0x0000000087e00000, 0x0000000087f00000|  0%| F|  |TAMS 0x0000000087e00000| PB 0x0000000087e00000| Untracked 
| 127|0x0000000087f00000, 0x0000000087f00000, 0x0000000088000000|  0%| F|  |TAMS 0x0000000087f00000| PB 0x0000000087f00000| Untracked 
| 128|0x0000000088000000, 0x0000000088046158, 0x0000000088100000| 27%| S|CS|TAMS 0x0000000088000000| PB 0x0000000088000000| Complete 
| 129|0x0000000088100000, 0x0000000088200000, 0x0000000088200000|100%| S|CS|TAMS 0x0000000088100000| PB 0x0000000088100000| Complete 
| 130|0x0000000088200000, 0x0000000088300000, 0x0000000088300000|100%| S|CS|TAMS 0x0000000088200000| PB 0x0000000088200000| Complete 
| 131|0x0000000088300000, 0x0000000088400000, 0x0000000088400000|100%| S|CS|TAMS 0x0000000088300000| PB 0x0000000088300000| Complete 
| 132|0x0000000088400000, 0x0000000088500000, 0x0000000088500000|100%| S|CS|TAMS 0x0000000088400000| PB 0x0000000088400000| Complete 
| 133|0x0000000088500000, 0x0000000088600000, 0x0000000088600000|100%| S|CS|TAMS 0x0000000088500000| PB 0x0000000088500000| Complete 
| 134|0x0000000088600000, 0x0000000088700000, 0x0000000088700000|100%| S|CS|TAMS 0x0000000088600000| PB 0x0000000088600000| Complete 
| 135|0x0000000088700000, 0x0000000088700000, 0x0000000088800000|  0%| F|  |TAMS 0x0000000088700000| PB 0x0000000088700000| Untracked 
| 136|0x0000000088800000, 0x0000000088800000, 0x0000000088900000|  0%| F|  |TAMS 0x0000000088800000| PB 0x0000000088800000| Untracked 
| 137|0x0000000088900000, 0x0000000088900000, 0x0000000088a00000|  0%| F|  |TAMS 0x0000000088900000| PB 0x0000000088900000| Untracked 
| 138|0x0000000088a00000, 0x0000000088a00000, 0x0000000088b00000|  0%| F|  |TAMS 0x0000000088a00000| PB 0x0000000088a00000| Untracked 
| 139|0x0000000088b00000, 0x0000000088b00000, 0x0000000088c00000|  0%| F|  |TAMS 0x0000000088b00000| PB 0x0000000088b00000| Untracked 
| 140|0x0000000088c00000, 0x0000000088c00000, 0x0000000088d00000|  0%| F|  |TAMS 0x0000000088c00000| PB 0x0000000088c00000| Untracked 
| 141|0x0000000088d00000, 0x0000000088d00000, 0x0000000088e00000|  0%| F|  |TAMS 0x0000000088d00000| PB 0x0000000088d00000| Untracked 
| 142|0x0000000088e00000, 0x0000000088e00000, 0x0000000088f00000|  0%| F|  |TAMS 0x0000000088e00000| PB 0x0000000088e00000| Untracked 
| 143|0x0000000088f00000, 0x0000000088f00000, 0x0000000089000000|  0%| F|  |TAMS 0x0000000088f00000| PB 0x0000000088f00000| Untracked 
| 144|0x0000000089000000, 0x0000000089000000, 0x0000000089100000|  0%| F|  |TAMS 0x0000000089000000| PB 0x0000000089000000| Untracked 
| 145|0x0000000089100000, 0x0000000089100000, 0x0000000089200000|  0%| F|  |TAMS 0x0000000089100000| PB 0x0000000089100000| Untracked 
| 146|0x0000000089200000, 0x0000000089200000, 0x0000000089300000|  0%| F|  |TAMS 0x0000000089200000| PB 0x0000000089200000| Untracked 
| 147|0x0000000089300000, 0x0000000089300000, 0x0000000089400000|  0%| F|  |TAMS 0x0000000089300000| PB 0x0000000089300000| Untracked 
| 148|0x0000000089400000, 0x0000000089400000, 0x0000000089500000|  0%| F|  |TAMS 0x0000000089400000| PB 0x0000000089400000| Untracked 
| 149|0x0000000089500000, 0x0000000089500000, 0x0000000089600000|  0%| F|  |TAMS 0x0000000089500000| PB 0x0000000089500000| Untracked 
| 150|0x0000000089600000, 0x0000000089600000, 0x0000000089700000|  0%| F|  |TAMS 0x0000000089600000| PB 0x0000000089600000| Untracked 
| 151|0x0000000089700000, 0x0000000089700000, 0x0000000089800000|  0%| F|  |TAMS 0x0000000089700000| PB 0x0000000089700000| Untracked 
| 152|0x0000000089800000, 0x0000000089800000, 0x0000000089900000|  0%| F|  |TAMS 0x0000000089800000| PB 0x0000000089800000| Untracked 
| 153|0x0000000089900000, 0x0000000089900000, 0x0000000089a00000|  0%| F|  |TAMS 0x0000000089900000| PB 0x0000000089900000| Untracked 
| 154|0x0000000089a00000, 0x0000000089a00000, 0x0000000089b00000|  0%| F|  |TAMS 0x0000000089a00000| PB 0x0000000089a00000| Untracked 
| 155|0x0000000089b00000, 0x0000000089b00000, 0x0000000089c00000|  0%| F|  |TAMS 0x0000000089b00000| PB 0x0000000089b00000| Untracked 
| 156|0x0000000089c00000, 0x0000000089c00000, 0x0000000089d00000|  0%| F|  |TAMS 0x0000000089c00000| PB 0x0000000089c00000| Untracked 
| 157|0x0000000089d00000, 0x0000000089d00000, 0x0000000089e00000|  0%| F|  |TAMS 0x0000000089d00000| PB 0x0000000089d00000| Untracked 
| 158|0x0000000089e00000, 0x0000000089e00000, 0x0000000089f00000|  0%| F|  |TAMS 0x0000000089e00000| PB 0x0000000089e00000| Untracked 
| 159|0x0000000089f00000, 0x0000000089f00000, 0x000000008a000000|  0%| F|  |TAMS 0x0000000089f00000| PB 0x0000000089f00000| Untracked 
| 160|0x000000008a000000, 0x000000008a000000, 0x000000008a100000|  0%| F|  |TAMS 0x000000008a000000| PB 0x000000008a000000| Untracked 
| 161|0x000000008a100000, 0x000000008a100000, 0x000000008a200000|  0%| F|  |TAMS 0x000000008a100000| PB 0x000000008a100000| Untracked 
| 162|0x000000008a200000, 0x000000008a200000, 0x000000008a300000|  0%| F|  |TAMS 0x000000008a200000| PB 0x000000008a200000| Untracked 
| 163|0x000000008a300000, 0x000000008a300000, 0x000000008a400000|  0%| F|  |TAMS 0x000000008a300000| PB 0x000000008a300000| Untracked 
| 164|0x000000008a400000, 0x000000008a400000, 0x000000008a500000|  0%| F|  |TAMS 0x000000008a400000| PB 0x000000008a400000| Untracked 
| 165|0x000000008a500000, 0x000000008a580000, 0x000000008a600000| 50%| E|  |TAMS 0x000000008a500000| PB 0x000000008a500000| Complete 
| 166|0x000000008a600000, 0x000000008a700000, 0x000000008a700000|100%| E|CS|TAMS 0x000000008a600000| PB 0x000000008a600000| Complete 
| 167|0x000000008a700000, 0x000000008a800000, 0x000000008a800000|100%| E|CS|TAMS 0x000000008a700000| PB 0x000000008a700000| Complete 
| 168|0x000000008a800000, 0x000000008a900000, 0x000000008a900000|100%| E|CS|TAMS 0x000000008a800000| PB 0x000000008a800000| Complete 
| 169|0x000000008a900000, 0x000000008aa00000, 0x000000008aa00000|100%| E|CS|TAMS 0x000000008a900000| PB 0x000000008a900000| Complete 
| 170|0x000000008aa00000, 0x000000008ab00000, 0x000000008ab00000|100%| E|CS|TAMS 0x000000008aa00000| PB 0x000000008aa00000| Complete 
| 171|0x000000008ab00000, 0x000000008ac00000, 0x000000008ac00000|100%| E|CS|TAMS 0x000000008ab00000| PB 0x000000008ab00000| Complete 
| 172|0x000000008ac00000, 0x000000008ad00000, 0x000000008ad00000|100%| E|CS|TAMS 0x000000008ac00000| PB 0x000000008ac00000| Complete 
|2032|0x00000000ff000000, 0x00000000ff100000, 0x00000000ff100000|100%| E|CS|TAMS 0x00000000ff000000| PB 0x00000000ff000000| Complete 
|2033|0x00000000ff100000, 0x00000000ff200000, 0x00000000ff200000|100%| O|  |TAMS 0x00000000ff100000| PB 0x00000000ff100000| Untracked 
|2034|0x00000000ff200000, 0x00000000ff300000, 0x00000000ff300000|100%| O|  |TAMS 0x00000000ff200000| PB 0x00000000ff200000| Untracked 
|2035|0x00000000ff300000, 0x00000000ff400000, 0x00000000ff400000|100%| O|  |TAMS 0x00000000ff300000| PB 0x00000000ff300000| Untracked 
|2036|0x00000000ff400000, 0x00000000ff500000, 0x00000000ff500000|100%| O|  |TAMS 0x00000000ff400000| PB 0x00000000ff400000| Untracked 
|2037|0x00000000ff500000, 0x00000000ff600000, 0x00000000ff600000|100%| E|CS|TAMS 0x00000000ff500000| PB 0x00000000ff500000| Complete 
|2038|0x00000000ff600000, 0x00000000ff700000, 0x00000000ff700000|100%| E|CS|TAMS 0x00000000ff600000| PB 0x00000000ff600000| Complete 
|2039|0x00000000ff700000, 0x00000000ff800000, 0x00000000ff800000|100%| O|  |TAMS 0x00000000ff700000| PB 0x00000000ff700000| Untracked 
|2040|0x00000000ff800000, 0x00000000ff900000, 0x00000000ff900000|100%| O|  |TAMS 0x00000000ff800000| PB 0x00000000ff800000| Untracked 
|2041|0x00000000ff900000, 0x00000000ffa00000, 0x00000000ffa00000|100%| E|CS|TAMS 0x00000000ff900000| PB 0x00000000ff900000| Complete 
|2042|0x00000000ffa00000, 0x00000000ffb00000, 0x00000000ffb00000|100%| O|  |TAMS 0x00000000ffa00000| PB 0x00000000ffa00000| Untracked 
|2043|0x00000000ffb00000, 0x00000000ffc00000, 0x00000000ffc00000|100%| O|  |TAMS 0x00000000ffb00000| PB 0x00000000ffb00000| Untracked 
|2044|0x00000000ffc00000, 0x00000000ffd00000, 0x00000000ffd00000|100%| O|  |TAMS 0x00000000ffc00000| PB 0x00000000ffc00000| Untracked 
|2045|0x00000000ffd00000, 0x00000000ffe00000, 0x00000000ffe00000|100%| O|  |TAMS 0x00000000ffd00000| PB 0x00000000ffd00000| Untracked 
|2046|0x00000000ffe00000, 0x00000000fff00000, 0x00000000fff00000|100%| O|  |TAMS 0x00000000ffe00000| PB 0x00000000ffe00000| Untracked 
|2047|0x00000000fff00000, 0x0000000100000000, 0x0000000100000000|100%| O|  |TAMS 0x00000000fff00000| PB 0x00000000fff00000| Untracked 

Card table byte_map: [0x000002a97a3d0000,0x000002a97a7d0000] _byte_map_base: 0x000002a979fd0000

Marking Bits: (CMBitMap*) 0x000002a9678d5350
 Bits: [0x000002a97a7d0000, 0x000002a97c7d0000)

Polling page: 0x000002a965730000

Metaspace:

Usage:
  Non-class:     80.18 MB used.
      Class:     12.89 MB used.
       Both:     93.08 MB used.

Virtual space:
  Non-class space:      128.00 MB reserved,      81.25 MB ( 63%) committed,  2 nodes.
      Class space:        1.00 GB reserved,      13.94 MB (  1%) committed,  1 nodes.
             Both:        1.12 GB reserved,      95.19 MB (  8%) committed. 

Chunk freelists:
   Non-Class:  14.03 MB
       Class:  1.94 MB
        Both:  15.97 MB

MaxMetaspaceSize: unlimited
CompressedClassSpaceSize: 1.00 GB
Initial GC threshold: 21.00 MB
Current GC threshold: 158.69 MB
CDS: on
 - commit_granule_bytes: 65536.
 - commit_granule_words: 8192.
 - virtual_space_node_default_size: 8388608.
 - enlarge_chunks_in_place: 1.
 - use_allocation_guard: 0.


Internal statistics:

num_allocs_failed_limit: 9.
num_arena_births: 3974.
num_arena_deaths: 0.
num_vsnodes_births: 3.
num_vsnodes_deaths: 0.
num_space_committed: 1521.
num_space_uncommitted: 0.
num_chunks_returned_to_freelist: 9.
num_chunks_taken_from_freelist: 8140.
num_chunk_merges: 3.
num_chunk_splits: 5562.
num_chunks_enlarged: 3701.
num_inconsistent_stats: 0.

CodeHeap 'non-profiled nmethods': size=120000Kb used=4934Kb max_used=5055Kb free=115065Kb
 bounds [0x000002a972550000, 0x000002a972a40000, 0x000002a979a80000]
CodeHeap 'profiled nmethods': size=120000Kb used=17467Kb max_used=17467Kb free=102533Kb
 bounds [0x000002a96aa80000, 0x000002a96bbb0000, 0x000002a971fb0000]
CodeHeap 'non-nmethods': size=5760Kb used=2723Kb max_used=2747Kb free=3036Kb
 bounds [0x000002a971fb0000, 0x000002a972270000, 0x000002a972550000]
CodeCache: size=245760Kb, used=25124Kb, max_used=25269Kb, free=220634Kb
 total_blobs=10218, nmethods=9233, adapters=889, full_count=0
Compilation: enabled, stopped_count=0, restarted_count=0

Compilation events (20 events):
Event: 102.800 Thread 0x000002a97f432e40 10964       3       org.jetbrains.kotlin.descriptors.impl.CompositePackageFragmentProvider::isEmpty (91 bytes)
Event: 102.801 Thread 0x000002a97f432e40 nmethod 10964 0x000002a96bb86290 code [0x000002a96bb86540, 0x000002a96bb87410]
Event: 102.802 Thread 0x000002a97f432e40 10966       3       org.jetbrains.kotlin.name.FqName::shortNameOrSpecial (17 bytes)
Event: 102.803 Thread 0x000002a97f432e40 nmethod 10966 0x000002a96bb87810 code [0x000002a96bb87a00, 0x000002a96bb87df0]
Event: 102.803 Thread 0x000002a97f432e40 10967       3       org.jetbrains.kotlin.name.FqNameUnsafe::shortNameOrSpecial (34 bytes)
Event: 102.804 Thread 0x000002a97f432e40 nmethod 10967 0x000002a96bb87f90 code [0x000002a96bb88180, 0x000002a96bb884c0]
Event: 102.804 Thread 0x000002a97f432e40 10968       3       org.jetbrains.kotlin.resolve.jvm.KotlinJavaPsiFacade::finders (30 bytes)
Event: 102.804 Thread 0x000002a97f432e40 nmethod 10968 0x000002a96bb88610 code [0x000002a96bb887e0, 0x000002a96bb88a30]
Event: 102.805 Thread 0x000002a97f432e40 10969       3       org.jetbrains.kotlin.com.intellij.psi.impl.PsiElementBase::<init> (5 bytes)
Event: 102.805 Thread 0x000002a97f432e40 nmethod 10969 0x000002a96bb88b10 code [0x000002a96bb88ce0, 0x000002a96bb88fe0]
Event: 102.805 Thread 0x000002a97f432e40 10970       3       org.jetbrains.kotlin.com.intellij.util.pico.CachingConstructorInjectionComponentAdapter::getComponentInstance (34 bytes)
Event: 102.806 Thread 0x000002a97f432e40 nmethod 10970 0x000002a96bb89110 code [0x000002a96bb892e0, 0x000002a96bb89540]
Event: 102.808 Thread 0x000002a97f432e40 10971       3       org.jetbrains.kotlin.cli.jvm.index.JavaRoot$RootTypes::getSourceAndBinary (4 bytes)
Event: 102.808 Thread 0x000002a97f432e40 nmethod 10971 0x000002a96bb89610 code [0x000002a96bb897c0, 0x000002a96bb89930]
Event: 102.808 Thread 0x000002a97f432e40 10972       3       org.jetbrains.kotlin.cli.jvm.index.JavaRoot::access$getSourceAndBinary$cp (4 bytes)
Event: 102.809 Thread 0x000002a97f432e40 nmethod 10972 0x000002a96b655790 code [0x000002a96b655920, 0x000002a96b655a18]
Event: 103.264 Thread 0x000002a97f432e40 10974       3       java.lang.StringConcatHelper::newString (67 bytes)
Event: 103.265 Thread 0x000002a97f432e40 nmethod 10974 0x000002a96bb89a10 code [0x000002a96bb89c80, 0x000002a96bb8a628]
Event: 103.265 Thread 0x000002a97f432e40 10975       2       java.util.stream.Collectors$$Lambda/0x000002a901073de0::accept (14 bytes)
Event: 103.265 Thread 0x000002a97f432e40 nmethod 10975 0x000002a96bb8a990 code [0x000002a96bb8ab40, 0x000002a96bb8acb0]

GC Heap History (20 events):
Event: 71.155 GC heap before
{Heap before GC invocations=23 (full 0):
 garbage-first heap   total 96256K, used 94766K [0x0000000080000000, 0x0000000100000000)
  region size 1024K, 37 young (37888K), 4 survivors (4096K)
 Metaspace       used 73883K, committed 75840K, reserved 1114112K
  class space    used 10744K, committed 11648K, reserved 1048576K
}
Event: 71.182 GC heap after
{Heap after GC invocations=24 (full 0):
 garbage-first heap   total 104448K, used 63729K [0x0000000080000000, 0x0000000100000000)
  region size 1024K, 5 young (5120K), 5 survivors (5120K)
 Metaspace       used 73883K, committed 75840K, reserved 1114112K
  class space    used 10744K, committed 11648K, reserved 1048576K
}
Event: 72.642 GC heap before
{Heap before GC invocations=24 (full 0):
 garbage-first heap   total 104448K, used 93425K [0x0000000080000000, 0x0000000100000000)
  region size 1024K, 35 young (35840K), 5 survivors (5120K)
 Metaspace       used 74026K, committed 75968K, reserved 1114112K
  class space    used 10748K, committed 11648K, reserved 1048576K
}
Event: 72.673 GC heap after
{Heap after GC invocations=25 (full 0):
 garbage-first heap   total 108544K, used 65378K [0x0000000080000000, 0x0000000100000000)
  region size 1024K, 5 young (5120K), 5 survivors (5120K)
 Metaspace       used 74026K, committed 75968K, reserved 1114112K
  class space    used 10748K, committed 11648K, reserved 1048576K
}
Event: 74.296 GC heap before
{Heap before GC invocations=26 (full 0):
 garbage-first heap   total 111616K, used 102242K [0x0000000080000000, 0x0000000100000000)
  region size 1024K, 34 young (34816K), 5 survivors (5120K)
 Metaspace       used 74027K, committed 75968K, reserved 1114112K
  class space    used 10748K, committed 11648K, reserved 1048576K
}
Event: 74.317 GC heap after
{Heap after GC invocations=27 (full 0):
 garbage-first heap   total 116736K, used 79752K [0x0000000080000000, 0x0000000100000000)
  region size 1024K, 5 young (5120K), 5 survivors (5120K)
 Metaspace       used 74027K, committed 75968K, reserved 1114112K
  class space    used 10748K, committed 11648K, reserved 1048576K
}
Event: 75.472 GC heap before
{Heap before GC invocations=27 (full 0):
 garbage-first heap   total 116736K, used 104328K [0x0000000080000000, 0x0000000100000000)
  region size 1024K, 28 young (28672K), 5 survivors (5120K)
 Metaspace       used 74028K, committed 75968K, reserved 1114112K
  class space    used 10748K, committed 11648K, reserved 1048576K
}
Event: 75.495 GC heap after
{Heap after GC invocations=28 (full 0):
 garbage-first heap   total 117760K, used 80799K [0x0000000080000000, 0x0000000100000000)
  region size 1024K, 4 young (4096K), 4 survivors (4096K)
 Metaspace       used 74028K, committed 75968K, reserved 1114112K
  class space    used 10748K, committed 11648K, reserved 1048576K
}
Event: 75.507 GC heap before
{Heap before GC invocations=28 (full 0):
 garbage-first heap   total 117760K, used 80799K [0x0000000080000000, 0x0000000100000000)
  region size 1024K, 5 young (5120K), 4 survivors (4096K)
 Metaspace       used 74028K, committed 75968K, reserved 1114112K
  class space    used 10748K, committed 11648K, reserved 1048576K
}
Event: 75.534 GC heap after
{Heap after GC invocations=29 (full 0):
 garbage-first heap   total 141312K, used 82213K [0x0000000080000000, 0x0000000100000000)
  region size 1024K, 1 young (1024K), 1 survivors (1024K)
 Metaspace       used 74028K, committed 75968K, reserved 1114112K
  class space    used 10748K, committed 11648K, reserved 1048576K
}
Event: 82.805 GC heap before
{Heap before GC invocations=30 (full 0):
 garbage-first heap   total 141312K, used 118053K [0x0000000080000000, 0x0000000100000000)
  region size 1024K, 36 young (36864K), 1 survivors (1024K)
 Metaspace       used 77171K, committed 79040K, reserved 1179648K
  class space    used 11131K, committed 12032K, reserved 1048576K
}
Event: 82.812 GC heap after
{Heap after GC invocations=31 (full 0):
 garbage-first heap   total 141312K, used 85596K [0x0000000080000000, 0x0000000100000000)
  region size 1024K, 4 young (4096K), 4 survivors (4096K)
 Metaspace       used 77171K, committed 79040K, reserved 1179648K
  class space    used 11131K, committed 12032K, reserved 1048576K
}
Event: 86.800 GC heap before
{Heap before GC invocations=31 (full 0):
 garbage-first heap   total 141312K, used 136796K [0x0000000080000000, 0x0000000100000000)
  region size 1024K, 38 young (38912K), 4 survivors (4096K)
 Metaspace       used 79189K, committed 81024K, reserved 1179648K
  class space    used 11327K, committed 12224K, reserved 1048576K
}
Event: 86.824 GC heap after
{Heap after GC invocations=32 (full 0):
 garbage-first heap   total 148480K, used 105996K [0x0000000080000000, 0x0000000100000000)
  region size 1024K, 5 young (5120K), 5 survivors (5120K)
 Metaspace       used 79189K, committed 81024K, reserved 1179648K
  class space    used 11327K, committed 12224K, reserved 1048576K
}
Event: 90.729 GC heap before
{Heap before GC invocations=32 (full 0):
 garbage-first heap   total 148480K, used 132620K [0x0000000080000000, 0x0000000100000000)
  region size 1024K, 31 young (31744K), 5 survivors (5120K)
 Metaspace       used 82196K, committed 84096K, reserved 1179648K
  class space    used 11615K, committed 12544K, reserved 1048576K
}
Event: 90.742 GC heap after
{Heap after GC invocations=33 (full 0):
 garbage-first heap   total 148480K, used 108321K [0x0000000080000000, 0x0000000100000000)
  region size 1024K, 2 young (2048K), 2 survivors (2048K)
 Metaspace       used 82196K, committed 84096K, reserved 1179648K
  class space    used 11615K, committed 12544K, reserved 1048576K
}
Event: 94.891 GC heap before
{Heap before GC invocations=34 (full 0):
 garbage-first heap   total 181248K, used 134945K [0x0000000080000000, 0x0000000100000000)
  region size 1024K, 28 young (28672K), 2 survivors (2048K)
 Metaspace       used 85297K, committed 87424K, reserved 1179648K
  class space    used 11954K, committed 12992K, reserved 1048576K
}
Event: 94.896 GC heap after
{Heap after GC invocations=35 (full 0):
 garbage-first heap   total 181248K, used 109900K [0x0000000080000000, 0x0000000100000000)
  region size 1024K, 4 young (4096K), 4 survivors (4096K)
 Metaspace       used 85297K, committed 87424K, reserved 1179648K
  class space    used 11954K, committed 12992K, reserved 1048576K
}
Event: 98.865 GC heap before
{Heap before GC invocations=35 (full 0):
 garbage-first heap   total 181248K, used 160076K [0x0000000080000000, 0x0000000100000000)
  region size 1024K, 54 young (55296K), 4 survivors (4096K)
 Metaspace       used 91791K, committed 93952K, reserved 1179648K
  class space    used 12746K, committed 13824K, reserved 1048576K
}
Event: 98.874 GC heap after
{Heap after GC invocations=36 (full 0):
 garbage-first heap   total 181248K, used 110961K [0x0000000080000000, 0x0000000100000000)
  region size 1024K, 6 young (6144K), 6 survivors (6144K)
 Metaspace       used 91791K, committed 93952K, reserved 1179648K
  class space    used 12746K, committed 13824K, reserved 1048576K
}

Dll operation events (14 events):
Event: 0.060 Loaded shared library C:\Users\NAVNIT KUMAR\.antigravity\extensions\redhat.java-1.51.0-win32-x64\jre\21.0.9-win32-x86_64\bin\java.dll
Event: 0.435 Loaded shared library C:\Users\NAVNIT KUMAR\.antigravity\extensions\redhat.java-1.51.0-win32-x64\jre\21.0.9-win32-x86_64\bin\zip.dll
Event: 0.596 Loaded shared library C:\Users\NAVNIT KUMAR\.antigravity\extensions\redhat.java-1.51.0-win32-x64\jre\21.0.9-win32-x86_64\bin\instrument.dll
Event: 0.645 Loaded shared library C:\Users\NAVNIT KUMAR\.antigravity\extensions\redhat.java-1.51.0-win32-x64\jre\21.0.9-win32-x86_64\bin\net.dll
Event: 0.660 Loaded shared library C:\Users\NAVNIT KUMAR\.antigravity\extensions\redhat.java-1.51.0-win32-x64\jre\21.0.9-win32-x86_64\bin\nio.dll
Event: 0.675 Loaded shared library C:\Users\NAVNIT KUMAR\.antigravity\extensions\redhat.java-1.51.0-win32-x64\jre\21.0.9-win32-x86_64\bin\zip.dll
Event: 1.521 Loaded shared library C:\Users\NAVNIT KUMAR\.antigravity\extensions\redhat.java-1.51.0-win32-x64\jre\21.0.9-win32-x86_64\bin\jimage.dll
Event: 2.068 Loaded shared library C:\Users\NAVNIT KUMAR\.antigravity\extensions\redhat.java-1.51.0-win32-x64\jre\21.0.9-win32-x86_64\bin\verify.dll
Event: 2.438 Loaded shared library C:\Users\NAVNIT KUMAR\.gradle\native\c067742578af261105cb4f569cf0c3c89f3d7b1fecec35dd04571415982c5e48\windows-amd64\native-platform.dll
Event: 2.451 Loaded shared library C:\Users\NAVNIT KUMAR\.gradle\native\100fb08df4bc3b14c8652ba06237920a3bd2aa13389f12d3474272988ae205f9\windows-amd64\native-platform-file-events.dll
Event: 6.110 Loaded shared library C:\Users\NAVNIT KUMAR\.antigravity\extensions\redhat.java-1.51.0-win32-x64\jre\21.0.9-win32-x86_64\bin\management.dll
Event: 6.137 Loaded shared library C:\Users\NAVNIT KUMAR\.antigravity\extensions\redhat.java-1.51.0-win32-x64\jre\21.0.9-win32-x86_64\bin\management_ext.dll
Event: 6.863 Loaded shared library C:\Users\NAVNIT KUMAR\.antigravity\extensions\redhat.java-1.51.0-win32-x64\jre\21.0.9-win32-x86_64\bin\extnet.dll
Event: 9.647 Loaded shared library C:\Users\NAVNIT KUMAR\.antigravity\extensions\redhat.java-1.51.0-win32-x64\jre\21.0.9-win32-x86_64\bin\sunmscapi.dll

Deoptimization events (20 events):
Event: 96.859 Thread 0x000002a94698f530 Uncommon trap: trap_request=0xffffffc6 fr.pc=0x000002a9729c1df8 relative=0x0000000000000db8
Event: 96.859 Thread 0x000002a94698f530 Uncommon trap: reason=bimorphic_or_optimized_type_check action=maybe_recompile pc=0x000002a9729c1df8 method=org.jetbrains.kotlin.protobuf.CodedInputStream.tryRefillBuffer(I)Z @ 177 c2
Event: 96.859 Thread 0x000002a94698f530 DEOPT PACKING pc=0x000002a9729c1df8 sp=0x000000c5861f44b0
Event: 96.859 Thread 0x000002a94698f530 DEOPT UNPACKING pc=0x000002a972004422 sp=0x000000c5861f43c8 mode 2
Event: 96.860 Thread 0x000002a94698f530 Uncommon trap: trap_request=0xffffffc6 fr.pc=0x000002a9729c1df8 relative=0x0000000000000db8
Event: 96.860 Thread 0x000002a94698f530 Uncommon trap: reason=bimorphic_or_optimized_type_check action=maybe_recompile pc=0x000002a9729c1df8 method=org.jetbrains.kotlin.protobuf.CodedInputStream.tryRefillBuffer(I)Z @ 177 c2
Event: 96.860 Thread 0x000002a94698f530 DEOPT PACKING pc=0x000002a9729c1df8 sp=0x000000c5861f4390
Event: 96.860 Thread 0x000002a94698f530 DEOPT UNPACKING pc=0x000002a972004422 sp=0x000000c5861f42a0 mode 2
Event: 96.866 Thread 0x000002a94698f530 Uncommon trap: trap_request=0xffffffc6 fr.pc=0x000002a9729c1df8 relative=0x0000000000000db8
Event: 96.866 Thread 0x000002a94698f530 Uncommon trap: reason=bimorphic_or_optimized_type_check action=maybe_recompile pc=0x000002a9729c1df8 method=org.jetbrains.kotlin.protobuf.CodedInputStream.tryRefillBuffer(I)Z @ 177 c2
Event: 96.866 Thread 0x000002a94698f530 DEOPT PACKING pc=0x000002a9729c1df8 sp=0x000000c5861f4390
Event: 96.866 Thread 0x000002a94698f530 DEOPT UNPACKING pc=0x000002a972004422 sp=0x000000c5861f42a0 mode 2
Event: 96.956 Thread 0x000002a94698f530 Uncommon trap: trap_request=0xffffff45 fr.pc=0x000002a9727dca74 relative=0x0000000000000594
Event: 96.956 Thread 0x000002a94698f530 Uncommon trap: reason=unstable_if action=reinterpret pc=0x000002a9727dca74 method=org.jetbrains.org.objectweb.asm.ClassReader.readUtf(II[C)Ljava/lang/String; @ 41 c2
Event: 96.956 Thread 0x000002a94698f530 DEOPT PACKING pc=0x000002a9727dca74 sp=0x000000c5861f3760
Event: 96.957 Thread 0x000002a94698f530 DEOPT UNPACKING pc=0x000002a972004422 sp=0x000000c5861f3728 mode 2
Event: 102.569 Thread 0x000002a94698f530 Uncommon trap: trap_request=0xffffffcc fr.pc=0x000002a972a31db8 relative=0x0000000000002498
Event: 102.569 Thread 0x000002a94698f530 Uncommon trap: reason=intrinsic_or_type_checked_inlining action=make_not_entrant pc=0x000002a972a31db8 method=java.util.ArrayList$SubList.toArray([Ljava/lang/Object;)[Ljava/lang/Object; @ 58 c2
Event: 102.569 Thread 0x000002a94698f530 DEOPT PACKING pc=0x000002a972a31db8 sp=0x000000c5861edbf0
Event: 102.569 Thread 0x000002a94698f530 DEOPT UNPACKING pc=0x000002a972004422 sp=0x000000c5861edb80 mode 2

Classes loaded (20 events):
Event: 69.700 Loading class sun/nio/ch/FileChannelImpl$DefaultUnmapper
Event: 69.701 Loading class sun/nio/ch/FileChannelImpl$Unmapper
Event: 69.701 Loading class jdk/internal/access/foreign/UnmapperProxy
Event: 69.703 Loading class jdk/internal/access/foreign/UnmapperProxy done
Event: 69.703 Loading class sun/nio/ch/FileChannelImpl$Unmapper done
Event: 69.704 Loading class sun/nio/ch/FileChannelImpl$DefaultUnmapper done
Event: 69.704 Loading class sun/nio/ch/Util$4
Event: 69.706 Loading class sun/nio/ch/Util$4 done
Event: 69.735 Loading class java/io/UTFDataFormatException
Event: 69.737 Loading class java/io/UTFDataFormatException done
Event: 70.554 Loading class java/util/zip/ZipFile$ZipEntryIterator
Event: 70.559 Loading class java/util/zip/ZipFile$ZipEntryIterator done
Event: 77.010 Loading class java/nio/channels/NonWritableChannelException
Event: 77.015 Loading class java/nio/channels/NonWritableChannelException done
Event: 97.056 Loading class java/text/StringCharacterIterator
Event: 97.056 Loading class java/text/CharacterIterator
Event: 97.056 Loading class java/text/CharacterIterator done
Event: 97.056 Loading class java/text/StringCharacterIterator done
Event: 97.290 Loading class java/io/NotSerializableException
Event: 97.290 Loading class java/io/NotSerializableException done

Classes unloaded (0 events):
No events

Classes redefined (0 events):
No events

Internal exceptions (20 events):
Event: 64.506 Thread 0x000002a94698f530 Exception <a 'java/lang/NoSuchMethodError'{0x0000000084914b40}: 'int java.lang.invoke.DelegatingMethodHandle$Holder.reinvoke_L(java.lang.Object, java.lang.Object, java.lang.Object, long, java.lang.Object, java.lang.Object)'> (0x0000000084914b40) 
thrown [s\src\hotspot\share\interpreter\linkResolver.cpp, line 773]
Event: 64.509 Thread 0x000002a94698f530 Exception <a 'java/lang/NoSuchMethodError'{0x0000000084924338}: 'int java.lang.invoke.DelegatingMethodHandle$Holder.reinvoke_L(java.lang.Object, java.lang.Object, java.lang.Object, long, int, int)'> (0x0000000084924338) 
thrown [s\src\hotspot\share\interpreter\linkResolver.cpp, line 773]
Event: 64.510 Thread 0x000002a94698f530 Exception <a 'java/lang/NoSuchMethodError'{0x00000000849338e0}: 'int java.lang.invoke.DelegatingMethodHandle$Holder.reinvoke_L(java.lang.Object, java.lang.Object, java.lang.Object, long, long, long)'> (0x00000000849338e0) 
thrown [s\src\hotspot\share\interpreter\linkResolver.cpp, line 773]
Event: 64.512 Thread 0x000002a94698f530 Exception <a 'java/lang/NoSuchMethodError'{0x0000000084942b28}: 'int java.lang.invoke.DelegatingMethodHandle$Holder.reinvoke_L(java.lang.Object, java.lang.Object, java.lang.Object, long, int)'> (0x0000000084942b28) 
thrown [s\src\hotspot\share\interpreter\linkResolver.cpp, line 773]
Event: 69.442 Thread 0x000002a94698f530 Exception <a 'java/lang/NoSuchMethodError'{0x00000000846d5d40}: 'java.lang.Object java.lang.invoke.Invokers$Holder.invokeExact_MT(java.lang.Object, java.lang.Object, long, java.lang.Object)'> (0x00000000846d5d40) 
thrown [s\src\hotspot\share\interpreter\linkResolver.cpp, line 773]
Event: 69.708 Thread 0x000002a94698f530 Exception <a 'java/lang/NoSuchMethodError'{0x000000008433f880}: 'long java.lang.invoke.DirectMethodHandle$Holder.invokeStatic(java.lang.Object, java.lang.Object, int)'> (0x000000008433f880) 
thrown [s\src\hotspot\share\interpreter\linkResolver.cpp, line 773]
Event: 69.710 Thread 0x000002a94698f530 Exception <a 'java/lang/NoSuchMethodError'{0x000000008434bd48}: 'java.lang.Object java.lang.invoke.DelegatingMethodHandle$Holder.reinvoke_L(java.lang.Object, int, long, java.lang.Object, java.lang.Object, int, java.lang.Object)'> (0x000000008434bd48) 
thrown [s\src\hotspot\share\interpreter\linkResolver.cpp, line 773]
Event: 70.574 Thread 0x000002a94698f530 Implicit null exception at 0x000002a972613766 to 0x000002a97261430c
Event: 72.316 Thread 0x000002a94698f530 Implicit null exception at 0x000002a9727b2225 to 0x000002a9727b3ec4
Event: 72.316 Thread 0x000002a94698f530 Implicit null exception at 0x000002a9727b00a7 to 0x000002a9727b0724
Event: 92.603 Thread 0x000002a94698f530 Exception <a 'java/lang/NoSuchMethodError'{0x00000000893ff3f0}: 'java.lang.Object java.lang.invoke.DirectMethodHandle$Holder.newInvokeSpecial(java.lang.Object, java.lang.Object, java.lang.Object, java.lang.Object, java.lang.Object, java.lang.Object, java.lang.Object, java.lang.Object, java.lang.Object, java.lang.Object, java.lang.Object, java.lang.Object, java.lang.Object, java.lang.Object, java.lang.Object, java.lang.Object, java.lang.Object, java.lang.Object, java.lang.Object, java.lang.Object, java.lang
Event: 94.891 Thread 0x000002a94698f530 Exception <a 'java/lang/NoSuchMethodError'{0x00000000889fbb00}: 'java.lang.Object java.lang.invoke.DirectMethodHandle$Holder.newInvokeSpecial(java.lang.Object, java.lang.Object, java.lang.Object, java.lang.Object, java.lang.Object, java.lang.Object, java.lang.Object, java.lang.Object, java.lang.Object, java.lang.Object, java.lang.Object, java.lang.Object, java.lang.Object, java.lang.Object, java.lang.Object, java.lang.Object)'> (0x00000000889fbb00) 
thrown [s\src\hotspot\share\interpreter\linkResolver.cpp,
Event: 94.898 Thread 0x000002a94698f530 Implicit null exception at 0x000002a972700706 to 0x000002a9727008f0
Event: 94.918 Thread 0x000002a94698f530 Exception <a 'java/lang/NoSuchMethodError'{0x00000000ff9032c0}: 'java.lang.Object java.lang.invoke.DirectMethodHandle$Holder.invokeSpecial(java.lang.Object, java.lang.Object, java.lang.Object, java.lang.Object, java.lang.Object, java.lang.Object, java.lang.Object, java.lang.Object, java.lang.Object, java.lang.Object, java.lang.Object, java.lang.Object, java.lang.Object, java.lang.Object, java.lang.Object, java.lang.Object, java.lang.Object)'> (0x00000000ff9032c0) 
thrown [s\src\hotspot\share\interpreter\li
Event: 94.924 Thread 0x000002a94698f530 Exception <a 'java/lang/NoSuchMethodError'{0x00000000ff909160}: 'java.lang.Object java.lang.invoke.DelegatingMethodHandle$Holder.reinvoke_L(java.lang.Object, java.lang.Object, java.lang.Object, java.lang.Object, java.lang.Object, java.lang.Object, java.lang.Object, java.lang.Object, java.lang.Object, java.lang.Object, java.lang.Object, java.lang.Object, java.lang.Object, java.lang.Object, java.lang.Object, java.lang.Object)'> (0x00000000ff909160) 
thrown [s\src\hotspot\share\interpreter\linkResolver.cpp, l
Event: 94.969 Thread 0x000002a94698f530 Exception <a 'java/lang/NoSuchMethodError'{0x00000000ff9bfe68}: 'java.lang.Object java.lang.invoke.DirectMethodHandle$Holder.newInvokeSpecial(java.lang.Object, java.lang.Object, java.lang.Object, java.lang.Object, java.lang.Object, java.lang.Object, java.lang.Object, java.lang.Object, java.lang.Object, java.lang.Object, java.lang.Object, java.lang.Object, java.lang.Object, java.lang.Object, java.lang.Object, java.lang.Object, java.lang.Object, java.lang.Object)'> (0x00000000ff9bfe68) 
thrown [s\src\hotspot
Event: 94.970 Thread 0x000002a94698f530 Exception <a 'java/lang/NoSuchMethodError'{0x00000000ff9c7210}: 'java.lang.Object java.lang.invoke.DirectMethodHandle$Holder.invokeSpecial(java.lang.Object, java.lang.Object, java.lang.Object, java.lang.Object, java.lang.Object, java.lang.Object, java.lang.Object, java.lang.Object, java.lang.Object, java.lang.Object, java.lang.Object, java.lang.Object, java.lang.Object, java.lang.Object, java.lang.Object, java.lang.Object, java.lang.Object, java.lang.Object, java.lang.Object)'> (0x00000000ff9c7210) 
thrown
Event: 94.970 Thread 0x000002a94698f530 Exception <a 'java/lang/NoSuchMethodError'{0x00000000ff9cd398}: 'java.lang.Object java.lang.invoke.DelegatingMethodHandle$Holder.reinvoke_L(java.lang.Object, java.lang.Object, java.lang.Object, java.lang.Object, java.lang.Object, java.lang.Object, java.lang.Object, java.lang.Object, java.lang.Object, java.lang.Object, java.lang.Object, java.lang.Object, java.lang.Object, java.lang.Object, java.lang.Object, java.lang.Object, java.lang.Object, java.lang.Object)'> (0x00000000ff9cd398) 
thrown [s\src\hotspot\s
Event: 94.988 Thread 0x000002a94698f530 Exception <a 'java/lang/NoSuchMethodError'{0x00000000ff6688b0}: 'java.lang.Object java.lang.invoke.DirectMethodHandle$Holder.newInvokeSpecial(java.lang.Object, java.lang.Object, java.lang.Object, java.lang.Object, java.lang.Object, java.lang.Object, java.lang.Object, java.lang.Object, java.lang.Object, java.lang.Object, java.lang.Object, java.lang.Object, java.lang.Object, java.lang.Object, java.lang.Object, java.lang.Object, java.lang.Object, java.lang.Object, java.lang.Object, java.lang.Object, java.lang
Event: 98.290 Thread 0x000002a94698f530 Exception <a 'java/lang/NoSuchMethodError'{0x00000000877202d0}: 'int java.lang.invoke.DirectMethodHandle$Holder.invokeSpecial(java.lang.Object, java.lang.Object, int, int)'> (0x00000000877202d0) 
thrown [s\src\hotspot\share\interpreter\linkResolver.cpp, line 773]

ZGC Phase Switch (0 events):
No events

VM Operations (20 events):
Event: 96.704 Executing VM operation: HandshakeAllThreads (Deoptimize)
Event: 96.704 Executing VM operation: HandshakeAllThreads (Deoptimize) done
Event: 96.834 Executing VM operation: HandshakeAllThreads (Deoptimize)
Event: 96.834 Executing VM operation: HandshakeAllThreads (Deoptimize) done
Event: 97.836 Executing VM operation: Cleanup
Event: 97.837 Executing VM operation: Cleanup done
Event: 98.843 Executing VM operation: Cleanup
Event: 98.844 Executing VM operation: Cleanup done
Event: 98.865 Executing VM operation: G1CollectForAllocation (G1 Evacuation Pause)
Event: 98.874 Executing VM operation: G1CollectForAllocation (G1 Evacuation Pause) done
Event: 99.887 Executing VM operation: Cleanup
Event: 99.887 Executing VM operation: Cleanup done
Event: 100.894 Executing VM operation: Cleanup
Event: 100.894 Executing VM operation: Cleanup done
Event: 102.585 Executing VM operation: HandshakeAllThreads (Deoptimize)
Event: 102.585 Executing VM operation: HandshakeAllThreads (Deoptimize) done
Event: 102.585 Executing VM operation: Cleanup
Event: 102.585 Executing VM operation: Cleanup done
Event: 103.591 Executing VM operation: Cleanup
Event: 103.591 Executing VM operation: Cleanup done

Memory protections (0 events):
No events

Nmethod flushes (20 events):
Event: 90.945 Thread 0x000002a97f401eb0 flushing  nmethod 0x000002a972683090
Event: 90.945 Thread 0x000002a97f401eb0 flushing  nmethod 0x000002a97267a210
Event: 90.945 Thread 0x000002a97f401eb0 flushing  nmethod 0x000002a96ba52410
Event: 90.945 Thread 0x000002a97f401eb0 flushing  nmethod 0x000002a9725ddf90
Event: 90.945 Thread 0x000002a97f401eb0 flushing  nmethod 0x000002a96abf4f90
Event: 90.945 Thread 0x000002a97f401eb0 flushing osr nmethod 0x000002a96b1ff710
Event: 90.945 Thread 0x000002a97f401eb0 flushing  nmethod 0x000002a97273ba10
Event: 90.945 Thread 0x000002a97f401eb0 flushing  nmethod 0x000002a96b04ea90
Event: 90.945 Thread 0x000002a97f401eb0 flushing  nmethod 0x000002a96ab51310
Event: 90.945 Thread 0x000002a97f401eb0 flushing  nmethod 0x000002a96ab51710
Event: 90.946 Thread 0x000002a97f401eb0 flushing  nmethod 0x000002a96ab55410
Event: 90.946 Thread 0x000002a97f401eb0 flushing  nmethod 0x000002a972738e90
Event: 90.946 Thread 0x000002a97f401eb0 flushing  nmethod 0x000002a9727b5010
Event: 90.946 Thread 0x000002a97f401eb0 flushing  nmethod 0x000002a96ad4f810
Event: 90.946 Thread 0x000002a97f401eb0 flushing  nmethod 0x000002a96aaac310
Event: 90.946 Thread 0x000002a97f401eb0 flushing  nmethod 0x000002a96aab0510
Event: 90.946 Thread 0x000002a97f401eb0 flushing  nmethod 0x000002a96aacf690
Event: 90.946 Thread 0x000002a97f401eb0 flushing  nmethod 0x000002a96ab28d90
Event: 90.946 Thread 0x000002a97f401eb0 flushing  nmethod 0x000002a96accd390
Event: 90.946 Thread 0x000002a97f401eb0 flushing  nmethod 0x000002a96ae9c190

Events (20 events):
Event: 46.641 Thread 0x000002a94698f530 Thread added: 0x000002a94883eec0
Event: 46.652 Thread 0x000002a94698f530 Thread added: 0x000002a948842340
Event: 46.675 Thread 0x000002a94698f530 Thread added: 0x000002a948841620
Event: 46.686 Thread 0x000002a94698f530 Thread added: 0x000002a9488429d0
Event: 46.692 Thread 0x000002a94698f530 Thread added: 0x000002a948841cb0
Event: 46.697 Thread 0x000002a94698f530 Thread added: 0x000002a948843060
Event: 46.710 Thread 0x000002a94698f530 Thread added: 0x000002a94883fbe0
Event: 46.723 Thread 0x000002a94698f530 Thread added: 0x000002a9488436f0
Event: 46.727 Thread 0x000002a94698f530 Thread added: 0x000002a948840270
Event: 49.468 Thread 0x000002a94698f530 Thread added: 0x000002a948843d80
Event: 49.470 Thread 0x000002a94698f530 Thread added: 0x000002a948845130
Event: 49.471 Thread 0x000002a94698f530 Thread added: 0x000002a948844410
Event: 49.472 Thread 0x000002a94698f530 Thread added: 0x000002a948844aa0
Event: 49.473 Thread 0x000002a94698f530 Thread added: 0x000002a9488457c0
Event: 49.474 Thread 0x000002a94698f530 Thread added: 0x000002a948845e50
Event: 49.475 Thread 0x000002a94698f530 Thread added: 0x000002a9488464e0
Event: 49.476 Thread 0x000002a94698f530 Thread added: 0x000002a948acfa00
Event: 49.479 Thread 0x000002a94698f530 Thread added: 0x000002a948acd930
Event: 49.480 Thread 0x000002a94698f530 Thread added: 0x000002a948ad0090
Event: 49.482 Thread 0x000002a94698f530 Thread added: 0x000002a948acdfc0


Dynamic libraries:
0x00007ff698100000 - 0x00007ff69810e000 	C:\Users\NAVNIT KUMAR\.antigravity\extensions\redhat.java-1.51.0-win32-x64\jre\21.0.9-win32-x86_64\bin\java.exe
0x00007ffdf9e00000 - 0x00007ffdfa067000 	C:\WINDOWS\SYSTEM32\ntdll.dll
0x00007ffdf7df0000 - 0x00007ffdf7eb9000 	C:\WINDOWS\System32\KERNEL32.DLL
0x00007ffdf7590000 - 0x00007ffdf797f000 	C:\WINDOWS\System32\KERNELBASE.dll
0x00007ffdf7440000 - 0x00007ffdf758b000 	C:\WINDOWS\System32\ucrtbase.dll
0x00007ffdbd930000 - 0x00007ffdbd94e000 	C:\Users\NAVNIT KUMAR\.antigravity\extensions\redhat.java-1.51.0-win32-x64\jre\21.0.9-win32-x86_64\bin\VCRUNTIME140.dll
0x00007ffdb7a10000 - 0x00007ffdb7a28000 	C:\Users\NAVNIT KUMAR\.antigravity\extensions\redhat.java-1.51.0-win32-x64\jre\21.0.9-win32-x86_64\bin\jli.dll
0x00007ffdf7c20000 - 0x00007ffdf7de5000 	C:\WINDOWS\System32\USER32.dll
0x00007ffdde0d0000 - 0x00007ffdde363000 	C:\WINDOWS\WinSxS\amd64_microsoft.windows.common-controls_6595b64144ccf1df_6.0.26100.7309_none_3e05feeae336a044\COMCTL32.dll
0x00007ffdf6f50000 - 0x00007ffdf6f77000 	C:\WINDOWS\System32\win32u.dll
0x00007ffdf9370000 - 0x00007ffdf9419000 	C:\WINDOWS\System32\msvcrt.dll
0x00007ffdf86b0000 - 0x00007ffdf86db000 	C:\WINDOWS\System32\GDI32.dll
0x00007ffdf70f0000 - 0x00007ffdf721c000 	C:\WINDOWS\System32\gdi32full.dll
0x00007ffdf6f80000 - 0x00007ffdf7023000 	C:\WINDOWS\System32\msvcp_win.dll
0x00007ffdf81e0000 - 0x00007ffdf8211000 	C:\WINDOWS\System32\IMM32.DLL
0x00007ffded470000 - 0x00007ffded47c000 	C:\Users\NAVNIT KUMAR\.antigravity\extensions\redhat.java-1.51.0-win32-x64\jre\21.0.9-win32-x86_64\bin\vcruntime140_1.dll
0x00007ffdae330000 - 0x00007ffdae3bd000 	C:\Users\NAVNIT KUMAR\.antigravity\extensions\redhat.java-1.51.0-win32-x64\jre\21.0.9-win32-x86_64\bin\msvcp140.dll
0x00007ffce3150000 - 0x00007ffce3ef0000 	C:\Users\NAVNIT KUMAR\.antigravity\extensions\redhat.java-1.51.0-win32-x64\jre\21.0.9-win32-x86_64\bin\server\jvm.dll
0x00007ffdf7f40000 - 0x00007ffdf7ff4000 	C:\WINDOWS\System32\ADVAPI32.dll
0x00007ffdf9050000 - 0x00007ffdf90f6000 	C:\WINDOWS\System32\sechost.dll
0x00007ffdf80c0000 - 0x00007ffdf81d8000 	C:\WINDOWS\System32\RPCRT4.dll
0x00007ffdf7ec0000 - 0x00007ffdf7f34000 	C:\WINDOWS\System32\WS2_32.dll
0x00007ffdf6dd0000 - 0x00007ffdf6e2e000 	C:\WINDOWS\SYSTEM32\POWRPROF.dll
0x00007ffde6a20000 - 0x00007ffde6a55000 	C:\WINDOWS\SYSTEM32\WINMM.dll
0x00007ffdee410000 - 0x00007ffdee41b000 	C:\WINDOWS\SYSTEM32\VERSION.dll
0x00007ffdf6db0000 - 0x00007ffdf6dc4000 	C:\WINDOWS\SYSTEM32\UMPDC.dll
0x00007ffdf5d00000 - 0x00007ffdf5d1b000 	C:\WINDOWS\SYSTEM32\kernel.appcore.dll
0x00007ffdcd9a0000 - 0x00007ffdcd9aa000 	C:\Users\NAVNIT KUMAR\.antigravity\extensions\redhat.java-1.51.0-win32-x64\jre\21.0.9-win32-x86_64\bin\jimage.dll
0x00007ffdeb2d0000 - 0x00007ffdeb512000 	C:\WINDOWS\SYSTEM32\DBGHELP.DLL
0x00007ffdf97e0000 - 0x00007ffdf9b66000 	C:\WINDOWS\System32\combase.dll
0x00007ffdf8e70000 - 0x00007ffdf8f46000 	C:\WINDOWS\System32\OLEAUT32.dll
0x00007ffdbf650000 - 0x00007ffdbf68c000 	C:\WINDOWS\SYSTEM32\dbgcore.DLL
0x00007ffdf7390000 - 0x00007ffdf7435000 	C:\WINDOWS\System32\bcryptPrimitives.dll
0x00007ffdc1060000 - 0x00007ffdc106f000 	C:\Users\NAVNIT KUMAR\.antigravity\extensions\redhat.java-1.51.0-win32-x64\jre\21.0.9-win32-x86_64\bin\instrument.dll
0x00007ffdb3370000 - 0x00007ffdb3390000 	C:\Users\NAVNIT KUMAR\.antigravity\extensions\redhat.java-1.51.0-win32-x64\jre\21.0.9-win32-x86_64\bin\java.dll
0x00007ffdf8710000 - 0x00007ffdf8e63000 	C:\WINDOWS\System32\SHELL32.dll
0x00007ffdf7220000 - 0x00007ffdf738a000 	C:\WINDOWS\System32\wintypes.dll
0x00007ffdf4b20000 - 0x00007ffdf537e000 	C:\WINDOWS\SYSTEM32\windows.storage.dll
0x00007ffdf9570000 - 0x00007ffdf9665000 	C:\WINDOWS\System32\SHCORE.dll
0x00007ffdf7ba0000 - 0x00007ffdf7c06000 	C:\WINDOWS\System32\shlwapi.dll
0x00007ffdf6e40000 - 0x00007ffdf6e69000 	C:\WINDOWS\SYSTEM32\profapi.dll
0x00007ffdb05f0000 - 0x00007ffdb0608000 	C:\Users\NAVNIT KUMAR\.antigravity\extensions\redhat.java-1.51.0-win32-x64\jre\21.0.9-win32-x86_64\bin\zip.dll
0x00007ffdcb170000 - 0x00007ffdcb180000 	C:\Users\NAVNIT KUMAR\.antigravity\extensions\redhat.java-1.51.0-win32-x64\jre\21.0.9-win32-x86_64\bin\net.dll
0x00007ffdf08f0000 - 0x00007ffdf0a18000 	C:\WINDOWS\SYSTEM32\WINHTTP.dll
0x00007ffdf6270000 - 0x00007ffdf62db000 	C:\WINDOWS\system32\mswsock.dll
0x00007ffdae310000 - 0x00007ffdae326000 	C:\Users\NAVNIT KUMAR\.antigravity\extensions\redhat.java-1.51.0-win32-x64\jre\21.0.9-win32-x86_64\bin\nio.dll
0x00007ffdc0a40000 - 0x00007ffdc0a50000 	C:\Users\NAVNIT KUMAR\.antigravity\extensions\redhat.java-1.51.0-win32-x64\jre\21.0.9-win32-x86_64\bin\verify.dll
0x00007ffdbe0b0000 - 0x00007ffdbe0d7000 	C:\Users\NAVNIT KUMAR\.gradle\native\c067742578af261105cb4f569cf0c3c89f3d7b1fecec35dd04571415982c5e48\windows-amd64\native-platform.dll
0x00007ffd49800000 - 0x00007ffd49944000 	C:\Users\NAVNIT KUMAR\.gradle\native\100fb08df4bc3b14c8652ba06237920a3bd2aa13389f12d3474272988ae205f9\windows-amd64\native-platform-file-events.dll
0x00007ffdc09a0000 - 0x00007ffdc09aa000 	C:\Users\NAVNIT KUMAR\.antigravity\extensions\redhat.java-1.51.0-win32-x64\jre\21.0.9-win32-x86_64\bin\management.dll
0x00007ffdbbb80000 - 0x00007ffdbbb8c000 	C:\Users\NAVNIT KUMAR\.antigravity\extensions\redhat.java-1.51.0-win32-x64\jre\21.0.9-win32-x86_64\bin\management_ext.dll
0x00007ffdf7c10000 - 0x00007ffdf7c18000 	C:\WINDOWS\System32\PSAPI.DLL
0x00007ffdf6530000 - 0x00007ffdf654b000 	C:\WINDOWS\SYSTEM32\CRYPTSP.dll
0x00007ffdf5c60000 - 0x00007ffdf5c9a000 	C:\WINDOWS\system32\rsaenh.dll
0x00007ffdf6320000 - 0x00007ffdf634b000 	C:\WINDOWS\SYSTEM32\USERENV.dll
0x00007ffdf6e70000 - 0x00007ffdf6e9a000 	C:\WINDOWS\SYSTEM32\bcrypt.dll
0x00007ffdf6550000 - 0x00007ffdf655c000 	C:\WINDOWS\SYSTEM32\CRYPTBASE.dll
0x00007ffdf5780000 - 0x00007ffdf57b4000 	C:\WINDOWS\SYSTEM32\IPHLPAPI.DLL
0x00007ffdf9360000 - 0x00007ffdf936a000 	C:\WINDOWS\System32\NSI.dll
0x00007ffdb8110000 - 0x00007ffdb8119000 	C:\Users\NAVNIT KUMAR\.antigravity\extensions\redhat.java-1.51.0-win32-x64\jre\21.0.9-win32-x86_64\bin\extnet.dll
0x00007ffdb9b00000 - 0x00007ffdb9b0e000 	C:\Users\NAVNIT KUMAR\.antigravity\extensions\redhat.java-1.51.0-win32-x64\jre\21.0.9-win32-x86_64\bin\sunmscapi.dll
0x00007ffdf7a20000 - 0x00007ffdf7b97000 	C:\WINDOWS\System32\CRYPT32.dll
0x00007ffdf6750000 - 0x00007ffdf6780000 	C:\WINDOWS\SYSTEM32\ncrypt.dll
0x00007ffdf6700000 - 0x00007ffdf673f000 	C:\WINDOWS\SYSTEM32\NTASN1.dll
0x00007ffde3b40000 - 0x00007ffde3b48000 	C:\WINDOWS\system32\wshunix.dll

JVMTI agents:
C:\Users\NAVNIT KUMAR\.gradle\wrapper\dists\gradle-8.9-bin\90cnw93cvbtalezasaz0blq0a\gradle-8.9\lib\agents\gradle-instrumentation-agent-8.9.jar path:C:\Users\NAVNIT KUMAR\.antigravity\extensions\redhat.java-1.51.0-win32-x64\jre\21.0.9-win32-x86_64\bin\instrument.dll, loaded, initialized, instrumentlib options:none

dbghelp: loaded successfully - version: 4.0.5 - missing functions: none
symbol engine: initialized successfully - sym options: 0x614 - pdb path: .;C:\Users\NAVNIT KUMAR\.antigravity\extensions\redhat.java-1.51.0-win32-x64\jre\21.0.9-win32-x86_64\bin;C:\WINDOWS\SYSTEM32;C:\WINDOWS\WinSxS\amd64_microsoft.windows.common-controls_6595b64144ccf1df_6.0.26100.7309_none_3e05feeae336a044;C:\Users\NAVNIT KUMAR\.antigravity\extensions\redhat.java-1.51.0-win32-x64\jre\21.0.9-win32-x86_64\bin\server;C:\Users\NAVNIT KUMAR\.gradle\native\c067742578af261105cb4f569cf0c3c89f3d7b1fecec35dd04571415982c5e48\windows-amd64;C:\Users\NAVNIT KUMAR\.gradle\native\100fb08df4bc3b14c8652ba06237920a3bd2aa13389f12d3474272988ae205f9\windows-amd64

VM Arguments:
jvm_args: --add-opens=java.base/java.util=ALL-UNNAMED --add-opens=java.base/java.lang=ALL-UNNAMED --add-opens=java.base/java.lang.invoke=ALL-UNNAMED --add-opens=java.prefs/java.util.prefs=ALL-UNNAMED --add-exports=jdk.compiler/com.sun.tools.javac.api=ALL-UNNAMED --add-exports=jdk.compiler/com.sun.tools.javac.util=ALL-UNNAMED --add-opens=java.base/java.nio.charset=ALL-UNNAMED --add-opens=java.base/java.net=ALL-UNNAMED --add-opens=java.base/java.util.concurrent.atomic=ALL-UNNAMED -Xmx2048m -Dfile.encoding=UTF-8 -Duser.country=IN -Duser.language=en -Duser.variant -javaagent:C:\Users\NAVNIT KUMAR\.gradle\wrapper\dists\gradle-8.9-bin\90cnw93cvbtalezasaz0blq0a\gradle-8.9\lib\agents\gradle-instrumentation-agent-8.9.jar 
java_command: org.gradle.launcher.daemon.bootstrap.GradleDaemon 8.9
java_class_path (initial): C:\Users\NAVNIT KUMAR\.gradle\wrapper\dists\gradle-8.9-bin\90cnw93cvbtalezasaz0blq0a\gradle-8.9\lib\gradle-daemon-main-8.9.jar
Launcher Type: SUN_STANDARD

[Global flags]
     intx CICompilerCount                          = 4                                         {product} {ergonomic}
     uint ConcGCThreads                            = 3                                         {product} {ergonomic}
     uint G1ConcRefinementThreads                  = 10                                        {product} {ergonomic}
   size_t G1HeapRegionSize                         = 1048576                                   {product} {ergonomic}
    uintx GCDrainStackTargetSize                   = 64                                        {product} {ergonomic}
   size_t InitialHeapSize                          = 123731968                                 {product} {ergonomic}
   size_t MarkStackSize                            = 4194304                                   {product} {ergonomic}
   size_t MaxHeapSize                              = 2147483648                                {product} {command line}
   size_t MaxNewSize                               = 1287651328                                {product} {ergonomic}
   size_t MinHeapDeltaBytes                        = 1048576                                   {product} {ergonomic}
   size_t MinHeapSize                              = 8388608                                   {product} {ergonomic}
    uintx NonNMethodCodeHeapSize                   = 5839372                                {pd product} {ergonomic}
    uintx NonProfiledCodeHeapSize                  = 122909434                              {pd product} {ergonomic}
    uintx ProfiledCodeHeapSize                     = 122909434                              {pd product} {ergonomic}
    uintx ReservedCodeCacheSize                    = 251658240                              {pd product} {ergonomic}
     bool SegmentedCodeCache                       = true                                      {product} {ergonomic}
   size_t SoftMaxHeapSize                          = 2147483648                             {manageable} {ergonomic}
     bool UseCompressedOops                        = true                           {product lp64_product} {ergonomic}
     bool UseG1GC                                  = true                                      {product} {ergonomic}
     bool UseLargePagesIndividualAllocation        = false                                  {pd product} {ergonomic}

Logging:
Log output configuration:
 #0: stdout all=warning uptime,level,tags foldmultilines=false
 #1: stderr all=off uptime,level,tags foldmultilines=false

Release file:
JAVA_VERSION="21.0.9" 
MODULES="java.base java.compiler java.datatransfer java.xml java.prefs java.desktop java.instrument java.logging java.management java.security.sasl java.naming java.rmi java.management.rmi java.net.http java.scripting java.security.jgss java.transaction.xa java.sql java.sql.rowset java.xml.crypto java.se java.smartcardio jdk.accessibility jdk.internal.jvmstat jdk.attach jdk.charsets jdk.internal.opt jdk.zipfs jdk.compiler jdk.crypto.ec jdk.crypto.cryptoki jdk.crypto.mscapi jdk.dynalink jdk.internal.ed jdk.editpad jdk.hotspot.agent jdk.httpserver jdk.internal.le jdk.internal.vm.ci jdk.internal.vm.compiler jdk.internal.vm.compiler.management jdk.jartool jdk.javadoc jdk.jcmd jdk.management jdk.management.agent jdk.jconsole jdk.jdeps jdk.jdwp.agent jdk.jdi jdk.jfr jdk.jshell jdk.jsobject jdk.jstatd jdk.localedata jdk.management.jfr jdk.naming.dns jdk.naming.rmi jdk.net jdk.nio.mapmode jdk.random jdk.sctp jdk.security.auth jdk.security.jgss jdk.unsupported jdk.unsupported.desktop jdk.xml.dom" 

Environment Variables:
PATH=C:\Program Files\Common Files\Oracle\Java\javapath;C:\Program Files (x86)\Common Files\Oracle\Java\java8path;C:\Program Files (x86)\Common Files\Oracle\Java\javapath;C:\Windows\system32;C:\Windows;C:\Windows\System32\Wbem;C:\Windows\System32\WindowsPowerShell\v1.0\;C:\Windows\System32\OpenSSH\;C:\Program Files (x86)\NVIDIA Corporation\PhysX\Common;C:\WINDOWS\system32;C:\WINDOWS;C:\WINDOWS\System32\Wbem;C:\WINDOWS\System32\WindowsPowerShell\v1.0\;C:\WINDOWS\System32\OpenSSH\;C:\Program Files\NVIDIA Corporation\NVIDIA App\NvDLISR;C:\Program Files\Git\cmd;C:\Program Files\nodejs\;C:\Users\NAVNIT KUMAR\AppData\Local\Microsoft\WindowsApps;C:\Users\NAVNIT KUMAR\AppData\Local\Programs\Microsoft VS Code\bin;C:\MinGW\bin;C:\Users\NAVNIT KUMAR\AppData\Roaming\npm;C:\Users\NAVNIT KUMAR\AppData\Local\Programs\cursor\resources\app\bin;C:\Users\NAVNIT KUMAR\AppData\Local\Programs\Antigravity\bin
USERNAME=NAVNIT KUMAR
OS=Windows_NT
PROCESSOR_IDENTIFIER=AMD64 Family 25 Model 68 Stepping 1, AuthenticAMD
TMP=C:\Users\NAVNIT~1\AppData\Local\Temp
TEMP=C:\Users\NAVNIT~1\AppData\Local\Temp




Periodic native trim disabled

---------------  S Y S T E M  ---------------

OS:
 Windows 11 , 64 bit Build 26100 (10.0.26100.7623)
OS uptime: 1 days 15:24 hours
Hyper-V role detected

CPU: total 12 (initial active 12) (12 cores per cpu, 2 threads per core) family 25 model 68 stepping 1 microcode 0xa40410a, cx8, cmov, fxsr, ht, mmx, 3dnowpref, sse, sse2, sse3, ssse3, sse4a, sse4.1, sse4.2, popcnt, lzcnt, tsc, tscinvbit, avx, avx2, aes, erms, clmul, bmi1, bmi2, adx, sha, fma, vzeroupper, clflush, clflushopt, hv, rdtscp, rdpid, fsrm, f16c, cet_ss
Processor Information for the first 12 processors :
  Max Mhz: 3301, Current Mhz: 2496, Mhz Limit: 3301

Memory: 4k page, system-wide physical 7484M (193M free)
TotalPageFile size 30012M (AvailPageFile size 37M)
current process WorkingSet (physical memory assigned to process): 255M, peak: 328M
current process commit charge ("private bytes"): 479M, peak: 479M

vm_info: OpenJDK 64-Bit Server VM (21.0.9+10-LTS) for windows-amd64 JRE (21.0.9+10-LTS), built on 2025-10-21T00:00:00Z by "admin" with unknown MS VC++:1942

END.
