#
# There is insufficient memory for the Java Runtime Environment to continue.
# Native memory allocation (mmap) failed to map 132120576 bytes. Error detail: G1 virtual space
# Possible reasons:
#   The system is out of physical RAM or swap space
#   This process is running with CompressedOops enabled, and the Java Heap may be blocking the growth of the native heap
# Possible solutions:
#   Reduce memory load on the system
#   Increase physical memory or swap space
#   Check if swap backing store is full
#   Decrease Java heap size (-Xmx/-Xms)
#   Decrease number of Java threads
#   Decrease Java thread stack sizes (-Xss)
#   Set larger code cache with -XX:ReservedCodeCacheSize=
#   JVM is running with Unscaled Compressed Oops mode in which the Java heap is
#     placed in the first 4GB address space. The Java Heap base address is the
#     maximum limit for the native heap growth. Please use -XX:HeapBaseMinAddress
#     to set the Java Heap base and to place the Java Heap above 4GB virtual address.
# This output file may be truncated or incomplete.
#
#  Out of Memory Error (os_windows.cpp:3898), pid=57804, tid=54668
#
# JRE version: OpenJDK Runtime Environment (21.0.7) (build 21.0.7+-13880790-b1038.58)
# Java VM: OpenJDK 64-Bit Server VM (21.0.7+-13880790-b1038.58, mixed mode, tiered, compressed oops, compressed class ptrs, g1 gc, windows-amd64)
# No core dump will be written. Minidumps are not enabled by default on client versions of Windows
#

---------------  S U M M A R Y ------------

Command Line: org.jetbrains.kotlin.cli.jvm.K2JVMCompiler @D:\team rocket\android App\PassengerApp\app\build\20260121_16024788402295444697.compiler.options

Host: AMD Ryzen 5 7535HS with Radeon Graphics        , 12 cores, 7G,  Windows 11 , 64 bit Build 26100 (10.0.26100.7623)
Time: Wed Jan 21 23:38:27 2026 India Standard Time elapsed time: 15.212664 seconds (0d 0h 0m 15s)

---------------  T H R E A D  ---------------

Current thread (0x000001ce32f172f0):  VMThread "VM Thread"          [id=54668, stack(0x0000004734f00000,0x0000004735000000) (1024K)]

Stack: [0x0000004734f00000,0x0000004735000000]
Native frames: (J=compiled Java code, j=interpreted, Vv=VM code, C=native code)
V  [jvm.dll+0x6d25c9]
V  [jvm.dll+0x860923]
V  [jvm.dll+0x862e7e]
V  [jvm.dll+0x863563]
V  [jvm.dll+0x27f156]
V  [jvm.dll+0x6ceee5]
V  [jvm.dll+0x6c29aa]
V  [jvm.dll+0x355ebb]
V  [jvm.dll+0x35db16]
V  [jvm.dll+0x3afb16]
V  [jvm.dll+0x3afde8]
V  [jvm.dll+0x32855c]
V  [jvm.dll+0x3285e7]
V  [jvm.dll+0x36e47c]
V  [jvm.dll+0x36cc2e]
V  [jvm.dll+0x327cb1]
V  [jvm.dll+0x36c330]
V  [jvm.dll+0x8692e8]
V  [jvm.dll+0x86a664]
V  [jvm.dll+0x86aba0]
V  [jvm.dll+0x86ae33]
V  [jvm.dll+0x808d08]
V  [jvm.dll+0x6d0e1d]
C  [ucrtbase.dll+0x37b0]
C  [KERNEL32.DLL+0x2e8d7]
C  [ntdll.dll+0x8c53c]

VM_Operation (0x00000047348f2a60): G1CollectForAllocation, mode: safepoint, requested by thread 0x000001ce1b749750


---------------  P R O C E S S  ---------------

Threads class SMR info:
_java_thread_list=0x000001ce39f92fb0, length=13, elements={
0x000001ce1b749750, 0x000001ce330d0270, 0x000001ce330d5980, 0x000001ce330dfe80,
0x000001ce330e1e70, 0x000001ce330ed2f0, 0x000001ce330efbd0, 0x000001ce330f0630,
0x000001ce3310d850, 0x000001ce3310ee60, 0x000001ce332aaff0, 0x000001ce39c0bdc0,
0x000001ce3da4e590
}

Java Threads: ( => current thread )
  0x000001ce1b749750 JavaThread "main"                              [_thread_blocked, id=59068, stack(0x0000004734800000,0x0000004734900000) (1024K)]
  0x000001ce330d0270 JavaThread "Common-Cleaner"             daemon [_thread_blocked, id=1832, stack(0x0000004735000000,0x0000004735100000) (1024K)]
  0x000001ce330d5980 JavaThread "Reference Handler"          daemon [_thread_blocked, id=53752, stack(0x0000004735100000,0x0000004735200000) (1024K)]
  0x000001ce330dfe80 JavaThread "Finalizer"                  daemon [_thread_blocked, id=55992, stack(0x0000004735200000,0x0000004735300000) (1024K)]
  0x000001ce330e1e70 JavaThread "Signal Dispatcher"          daemon [_thread_blocked, id=59968, stack(0x0000004735300000,0x0000004735400000) (1024K)]
  0x000001ce330ed2f0 JavaThread "Attach Listener"            daemon [_thread_blocked, id=49908, stack(0x0000004735400000,0x0000004735500000) (1024K)]
  0x000001ce330efbd0 JavaThread "Service Thread"             daemon [_thread_blocked, id=50628, stack(0x0000004735500000,0x0000004735600000) (1024K)]
  0x000001ce330f0630 JavaThread "Monitor Deflation Thread"   daemon [_thread_blocked, id=36648, stack(0x0000004735600000,0x0000004735700000) (1024K)]
  0x000001ce3310d850 JavaThread "C2 CompilerThread0"         daemon [_thread_blocked, id=35808, stack(0x0000004735700000,0x0000004735800000) (1024K)]
  0x000001ce3310ee60 JavaThread "C1 CompilerThread0"         daemon [_thread_blocked, id=56792, stack(0x0000004735800000,0x0000004735900000) (1024K)]
  0x000001ce332aaff0 JavaThread "Notification Thread"        daemon [_thread_blocked, id=17152, stack(0x0000004735900000,0x0000004735a00000) (1024K)]
  0x000001ce39c0bdc0 JavaThread "C2 CompilerThread1"         daemon [_thread_blocked, id=61400, stack(0x0000004736500000,0x0000004736600000) (1024K)]
  0x000001ce3da4e590 JavaThread "C2 CompilerThread2"         daemon [_thread_blocked, id=59208, stack(0x0000004736600000,0x0000004736700000) (1024K)]
Total: 13

Other Threads:
=>0x000001ce32f172f0 VMThread "VM Thread"                           [id=54668, stack(0x0000004734f00000,0x0000004735000000) (1024K)]
  0x000001ce32ed0520 WatcherThread "VM Periodic Task Thread"        [id=12056, stack(0x0000004734e00000,0x0000004734f00000) (1024K)]
  0x000001ce1b799a20 WorkerThread "GC Thread#0"                     [id=58620, stack(0x0000004734900000,0x0000004734a00000) (1024K)]
  0x000001ce33a66fd0 WorkerThread "GC Thread#1"                     [id=55172, stack(0x0000004735a00000,0x0000004735b00000) (1024K)]
  0x000001ce33a684d0 WorkerThread "GC Thread#2"                     [id=11940, stack(0x0000004735b00000,0x0000004735c00000) (1024K)]
  0x000001ce33a65010 WorkerThread "GC Thread#3"                     [id=11276, stack(0x0000004735c00000,0x0000004735d00000) (1024K)]
  0x000001ce33a653b0 WorkerThread "GC Thread#4"                     [id=58492, stack(0x0000004735d00000,0x0000004735e00000) (1024K)]
  0x000001ce33a65750 WorkerThread "GC Thread#5"                     [id=61356, stack(0x0000004735e00000,0x0000004735f00000) (1024K)]
  0x000001ce33b6a390 WorkerThread "GC Thread#6"                     [id=56840, stack(0x0000004735f00000,0x0000004736000000) (1024K)]
  0x000001ce33b6ae70 WorkerThread "GC Thread#7"                     [id=56204, stack(0x0000004736000000,0x0000004736100000) (1024K)]
  0x000001ce3872e1e0 WorkerThread "GC Thread#8"                     [id=60688, stack(0x0000004736300000,0x0000004736400000) (1024K)]
  0x000001ce3872c880 WorkerThread "GC Thread#9"                     [id=58040, stack(0x0000004736400000,0x0000004736500000) (1024K)]
  0x000001ce1b7aa9e0 ConcurrentGCThread "G1 Main Marker"            [id=3352, stack(0x0000004734a00000,0x0000004734b00000) (1024K)]
  0x000001ce1b7ab4e0 WorkerThread "G1 Conc#0"                       [id=53088, stack(0x0000004734b00000,0x0000004734c00000) (1024K)]
  0x000001ce33b6a730 WorkerThread "G1 Conc#1"                       [id=46356, stack(0x0000004736100000,0x0000004736200000) (1024K)]
  0x000001ce33b6b210 WorkerThread "G1 Conc#2"                       [id=54872, stack(0x0000004736200000,0x0000004736300000) (1024K)]
  0x000001ce32d9e1d0 ConcurrentGCThread "G1 Refine#0"               [id=52980, stack(0x0000004734c00000,0x0000004734d00000) (1024K)]
  0x000001ce32da1f00 ConcurrentGCThread "G1 Service"                [id=54112, stack(0x0000004734d00000,0x0000004734e00000) (1024K)]
Total: 18

Threads with active compile tasks:
C2 CompilerThread1  15261 7865   !   4       org.jetbrains.kotlin.metadata.jvm.JvmProtoBuf$StringTableTypes::<init> (495 bytes)
Total: 1

VM state: at safepoint (normal execution)

VM Mutex/Monitor currently owned by a thread:  ([mutex/lock_event])
[0x00007ffd121a1468] Threads_lock - owner thread: 0x000001ce32f172f0
[0x00007ffd121a1568] Heap_lock - owner thread: 0x000001ce1b749750

Heap address: 0x000000008b000000, size: 1872 MB, Compressed Oops mode: 32-bit

CDS archive(s) not mapped
Compressed class space mapped at: 0x0000000100000000-0x0000000140000000, reserved size: 1073741824
Narrow klass base: 0x0000000000000000, Narrow klass shift: 3, Narrow klass range: 0x140000000

GC Precious Log:
 CardTable entry size: 512
 Card Set container configuration: InlinePtr #cards 5 size 8 Array Of Cards #cards 12 size 40 Howl #buckets 4 coarsen threshold 1843 Howl Bitmap #cards 512 size 80 coarsen threshold 460 Card regions per heap region 1 cards per card region 2048
 CPUs: 12 total, 12 available
 Memory: 7484M
 Large Page Support: Disabled
 NUMA Support: Disabled
 Compressed Oops: Enabled (32-bit)
 Heap Region Size: 1M
 Heap Min Capacity: 8M
 Heap Initial Capacity: 118M
 Heap Max Capacity: 1872M
 Pre-touch: Disabled
 Parallel Workers: 10
 Concurrent Workers: 3
 Concurrent Refinement Workers: 10
 Periodic GC: Disabled

Heap:
 garbage-first heap   total 188416K, used 138129K [0x000000008b000000, 0x0000000100000000)
  region size 1024K, 6 young (6144K), 6 survivors (6144K)
 Metaspace       used 61187K, committed 61504K, reserved 1114112K
  class space    used 6975K, committed 7104K, reserved 1048576K

Heap Regions: E=young(eden), S=young(survivor), O=old, HS=humongous(starts), HC=humongous(continues), CS=collection set, F=free, TAMS=top-at-mark-start, PB=parsable bottom
|   0|0x000000008b000000, 0x000000008b100000, 0x000000008b100000|100%|HS|  |TAMS 0x000000008b100000| PB 0x000000008b000000| Complete 
|   1|0x000000008b100000, 0x000000008b200000, 0x000000008b200000|100%|HC|  |TAMS 0x000000008b200000| PB 0x000000008b100000| Complete 
|   2|0x000000008b200000, 0x000000008b300000, 0x000000008b300000|100%|HC|  |TAMS 0x000000008b300000| PB 0x000000008b200000| Complete 
|   3|0x000000008b300000, 0x000000008b400000, 0x000000008b400000|100%| O|  |TAMS 0x000000008b400000| PB 0x000000008b300000| Untracked 
|   4|0x000000008b400000, 0x000000008b500000, 0x000000008b500000|100%| O|  |TAMS 0x000000008b500000| PB 0x000000008b400000| Untracked 
|   5|0x000000008b500000, 0x000000008b5f1e00, 0x000000008b600000| 94%| O|  |TAMS 0x000000008b5f1e00| PB 0x000000008b500000| Untracked 
|   6|0x000000008b600000, 0x000000008b700000, 0x000000008b700000|100%| O|  |TAMS 0x000000008b700000| PB 0x000000008b600000| Untracked 
|   7|0x000000008b700000, 0x000000008b800000, 0x000000008b800000|100%| O|  |TAMS 0x000000008b800000| PB 0x000000008b700000| Untracked 
|   8|0x000000008b800000, 0x000000008b900000, 0x000000008b900000|100%| O|  |TAMS 0x000000008b900000| PB 0x000000008b800000| Untracked 
|   9|0x000000008b900000, 0x000000008ba00000, 0x000000008ba00000|100%| O|  |TAMS 0x000000008ba00000| PB 0x000000008b900000| Untracked 
|  10|0x000000008ba00000, 0x000000008bb00000, 0x000000008bb00000|100%| O|  |TAMS 0x000000008bb00000| PB 0x000000008ba00000| Untracked 
|  11|0x000000008bb00000, 0x000000008bc00000, 0x000000008bc00000|100%| O|  |TAMS 0x000000008bc00000| PB 0x000000008bb00000| Untracked 
|  12|0x000000008bc00000, 0x000000008bd00000, 0x000000008bd00000|100%| O|  |TAMS 0x000000008bd00000| PB 0x000000008bc00000| Untracked 
|  13|0x000000008bd00000, 0x000000008be00000, 0x000000008be00000|100%| O|  |TAMS 0x000000008be00000| PB 0x000000008bd00000| Untracked 
|  14|0x000000008be00000, 0x000000008bf00000, 0x000000008bf00000|100%| O|  |TAMS 0x000000008bf00000| PB 0x000000008be00000| Untracked 
|  15|0x000000008bf00000, 0x000000008c000000, 0x000000008c000000|100%| O|  |TAMS 0x000000008c000000| PB 0x000000008bf00000| Untracked 
|  16|0x000000008c000000, 0x000000008c100000, 0x000000008c100000|100%| O|  |TAMS 0x000000008c100000| PB 0x000000008c000000| Untracked 
|  17|0x000000008c100000, 0x000000008c200000, 0x000000008c200000|100%| O|  |TAMS 0x000000008c200000| PB 0x000000008c100000| Untracked 
|  18|0x000000008c200000, 0x000000008c300000, 0x000000008c300000|100%| O|  |TAMS 0x000000008c300000| PB 0x000000008c200000| Untracked 
|  19|0x000000008c300000, 0x000000008c400000, 0x000000008c400000|100%| O|  |TAMS 0x000000008c400000| PB 0x000000008c300000| Untracked 
|  20|0x000000008c400000, 0x000000008c500000, 0x000000008c500000|100%| O|  |TAMS 0x000000008c500000| PB 0x000000008c400000| Untracked 
|  21|0x000000008c500000, 0x000000008c600000, 0x000000008c600000|100%| O|  |TAMS 0x000000008c600000| PB 0x000000008c500000| Untracked 
|  22|0x000000008c600000, 0x000000008c700000, 0x000000008c700000|100%| O|  |TAMS 0x000000008c700000| PB 0x000000008c600000| Untracked 
|  23|0x000000008c700000, 0x000000008c800000, 0x000000008c800000|100%| O|  |TAMS 0x000000008c800000| PB 0x000000008c700000| Untracked 
|  24|0x000000008c800000, 0x000000008c900000, 0x000000008c900000|100%| O|  |TAMS 0x000000008c900000| PB 0x000000008c800000| Untracked 
|  25|0x000000008c900000, 0x000000008ca00000, 0x000000008ca00000|100%| O|  |TAMS 0x000000008ca00000| PB 0x000000008c900000| Untracked 
|  26|0x000000008ca00000, 0x000000008cb00000, 0x000000008cb00000|100%| O|  |TAMS 0x000000008cb00000| PB 0x000000008ca00000| Untracked 
|  27|0x000000008cb00000, 0x000000008cc00000, 0x000000008cc00000|100%| O|  |TAMS 0x000000008cc00000| PB 0x000000008cb00000| Untracked 
|  28|0x000000008cc00000, 0x000000008cd00000, 0x000000008cd00000|100%| O|  |TAMS 0x000000008cd00000| PB 0x000000008cc00000| Untracked 
|  29|0x000000008cd00000, 0x000000008ce00000, 0x000000008ce00000|100%| O|  |TAMS 0x000000008ce00000| PB 0x000000008cd00000| Untracked 
|  30|0x000000008ce00000, 0x000000008cf00000, 0x000000008cf00000|100%| O|  |TAMS 0x000000008cf00000| PB 0x000000008ce00000| Untracked 
|  31|0x000000008cf00000, 0x000000008d000000, 0x000000008d000000|100%| O|  |TAMS 0x000000008d000000| PB 0x000000008cf00000| Untracked 
|  32|0x000000008d000000, 0x000000008d100000, 0x000000008d100000|100%| O|  |TAMS 0x000000008d100000| PB 0x000000008d000000| Untracked 
|  33|0x000000008d100000, 0x000000008d200000, 0x000000008d200000|100%| O|  |TAMS 0x000000008d200000| PB 0x000000008d100000| Untracked 
|  34|0x000000008d200000, 0x000000008d300000, 0x000000008d300000|100%| O|  |TAMS 0x000000008d300000| PB 0x000000008d200000| Untracked 
|  35|0x000000008d300000, 0x000000008d400000, 0x000000008d400000|100%|HS|  |TAMS 0x000000008d400000| PB 0x000000008d300000| Complete 
|  36|0x000000008d400000, 0x000000008d500000, 0x000000008d500000|100%| O|  |TAMS 0x000000008d500000| PB 0x000000008d400000| Untracked 
|  37|0x000000008d500000, 0x000000008d600000, 0x000000008d600000|100%| O|  |TAMS 0x000000008d600000| PB 0x000000008d500000| Untracked 
|  38|0x000000008d600000, 0x000000008d700000, 0x000000008d700000|100%| O|  |TAMS 0x000000008d700000| PB 0x000000008d600000| Untracked 
|  39|0x000000008d700000, 0x000000008d800000, 0x000000008d800000|100%| O|  |TAMS 0x000000008d800000| PB 0x000000008d700000| Untracked 
|  40|0x000000008d800000, 0x000000008d900000, 0x000000008d900000|100%| O|  |TAMS 0x000000008d900000| PB 0x000000008d800000| Untracked 
|  41|0x000000008d900000, 0x000000008da00000, 0x000000008da00000|100%| O|  |TAMS 0x000000008da00000| PB 0x000000008d900000| Untracked 
|  42|0x000000008da00000, 0x000000008db00000, 0x000000008db00000|100%| O|  |TAMS 0x000000008db00000| PB 0x000000008da00000| Untracked 
|  43|0x000000008db00000, 0x000000008dc00000, 0x000000008dc00000|100%| O|  |TAMS 0x000000008dc00000| PB 0x000000008db00000| Untracked 
|  44|0x000000008dc00000, 0x000000008dd00000, 0x000000008dd00000|100%| O|  |TAMS 0x000000008dd00000| PB 0x000000008dc00000| Untracked 
|  45|0x000000008dd00000, 0x000000008de00000, 0x000000008de00000|100%| O|  |TAMS 0x000000008de00000| PB 0x000000008dd00000| Untracked 
|  46|0x000000008de00000, 0x000000008df00000, 0x000000008df00000|100%| O|  |TAMS 0x000000008df00000| PB 0x000000008de00000| Untracked 
|  47|0x000000008df00000, 0x000000008e000000, 0x000000008e000000|100%| O|  |TAMS 0x000000008e000000| PB 0x000000008df00000| Untracked 
|  48|0x000000008e000000, 0x000000008e100000, 0x000000008e100000|100%| O|  |TAMS 0x000000008e100000| PB 0x000000008e000000| Untracked 
|  49|0x000000008e100000, 0x000000008e200000, 0x000000008e200000|100%| O|  |TAMS 0x000000008e200000| PB 0x000000008e100000| Untracked 
|  50|0x000000008e200000, 0x000000008e300000, 0x000000008e300000|100%| O|  |TAMS 0x000000008e300000| PB 0x000000008e200000| Untracked 
|  51|0x000000008e300000, 0x000000008e400000, 0x000000008e400000|100%| O|  |TAMS 0x000000008e400000| PB 0x000000008e300000| Untracked 
|  52|0x000000008e400000, 0x000000008e500000, 0x000000008e500000|100%| O|  |TAMS 0x000000008e500000| PB 0x000000008e400000| Untracked 
|  53|0x000000008e500000, 0x000000008e600000, 0x000000008e600000|100%| O|  |TAMS 0x000000008e600000| PB 0x000000008e500000| Untracked 
|  54|0x000000008e600000, 0x000000008e700000, 0x000000008e700000|100%| O|  |TAMS 0x000000008e600000| PB 0x000000008e600000| Untracked 
|  55|0x000000008e700000, 0x000000008e800000, 0x000000008e800000|100%| O|  |TAMS 0x000000008e800000| PB 0x000000008e700000| Untracked 
|  56|0x000000008e800000, 0x000000008e900000, 0x000000008e900000|100%| O|  |TAMS 0x000000008e900000| PB 0x000000008e800000| Untracked 
|  57|0x000000008e900000, 0x000000008ea00000, 0x000000008ea00000|100%| O|  |TAMS 0x000000008ea00000| PB 0x000000008e900000| Untracked 
|  58|0x000000008ea00000, 0x000000008eb00000, 0x000000008eb00000|100%| O|  |TAMS 0x000000008eb00000| PB 0x000000008ea00000| Untracked 
|  59|0x000000008eb00000, 0x000000008ec00000, 0x000000008ec00000|100%| O|  |TAMS 0x000000008ec00000| PB 0x000000008eb00000| Untracked 
|  60|0x000000008ec00000, 0x000000008ed00000, 0x000000008ed00000|100%| O|  |TAMS 0x000000008ed00000| PB 0x000000008ec00000| Untracked 
|  61|0x000000008ed00000, 0x000000008ee00000, 0x000000008ee00000|100%| O|  |TAMS 0x000000008ee00000| PB 0x000000008ed00000| Untracked 
|  62|0x000000008ee00000, 0x000000008ef00000, 0x000000008ef00000|100%| O|  |TAMS 0x000000008ef00000| PB 0x000000008ee00000| Untracked 
|  63|0x000000008ef00000, 0x000000008f000000, 0x000000008f000000|100%| O|  |TAMS 0x000000008f000000| PB 0x000000008ef00000| Untracked 
|  64|0x000000008f000000, 0x000000008f100000, 0x000000008f100000|100%| O|  |TAMS 0x000000008f100000| PB 0x000000008f000000| Untracked 
|  65|0x000000008f100000, 0x000000008f200000, 0x000000008f200000|100%| O|  |TAMS 0x000000008f200000| PB 0x000000008f100000| Untracked 
|  66|0x000000008f200000, 0x000000008f300000, 0x000000008f300000|100%| O|  |TAMS 0x000000008f200000| PB 0x000000008f200000| Untracked 
|  67|0x000000008f300000, 0x000000008f400000, 0x000000008f400000|100%| O|  |TAMS 0x000000008f400000| PB 0x000000008f300000| Untracked 
|  68|0x000000008f400000, 0x000000008f500000, 0x000000008f500000|100%| O|  |TAMS 0x000000008f500000| PB 0x000000008f400000| Untracked 
|  69|0x000000008f500000, 0x000000008f600000, 0x000000008f600000|100%| O|  |TAMS 0x000000008f600000| PB 0x000000008f500000| Untracked 
|  70|0x000000008f600000, 0x000000008f700000, 0x000000008f700000|100%| O|  |TAMS 0x000000008f700000| PB 0x000000008f600000| Untracked 
|  71|0x000000008f700000, 0x000000008f800000, 0x000000008f800000|100%| O|  |TAMS 0x000000008f800000| PB 0x000000008f700000| Untracked 
|  72|0x000000008f800000, 0x000000008f900000, 0x000000008f900000|100%| O|  |TAMS 0x000000008f900000| PB 0x000000008f800000| Untracked 
|  73|0x000000008f900000, 0x000000008fa00000, 0x000000008fa00000|100%| O|  |TAMS 0x000000008fa00000| PB 0x000000008f900000| Untracked 
|  74|0x000000008fa00000, 0x000000008fb00000, 0x000000008fb00000|100%| O|  |TAMS 0x000000008fb00000| PB 0x000000008fa00000| Untracked 
|  75|0x000000008fb00000, 0x000000008fc00000, 0x000000008fc00000|100%| O|  |TAMS 0x000000008fc00000| PB 0x000000008fb00000| Untracked 
|  76|0x000000008fc00000, 0x000000008fd00000, 0x000000008fd00000|100%| O|  |TAMS 0x000000008fd00000| PB 0x000000008fc00000| Untracked 
|  77|0x000000008fd00000, 0x000000008fe00000, 0x000000008fe00000|100%| O|  |TAMS 0x000000008fe00000| PB 0x000000008fd00000| Untracked 
|  78|0x000000008fe00000, 0x000000008ff00000, 0x000000008ff00000|100%| O|  |TAMS 0x000000008ff00000| PB 0x000000008fe00000| Untracked 
|  79|0x000000008ff00000, 0x0000000090000000, 0x0000000090000000|100%| O|  |TAMS 0x0000000090000000| PB 0x000000008ff00000| Untracked 
|  80|0x0000000090000000, 0x0000000090100000, 0x0000000090100000|100%| O|  |TAMS 0x0000000090100000| PB 0x0000000090000000| Untracked 
|  81|0x0000000090100000, 0x0000000090200000, 0x0000000090200000|100%| O|  |TAMS 0x0000000090200000| PB 0x0000000090100000| Untracked 
|  82|0x0000000090200000, 0x0000000090300000, 0x0000000090300000|100%| O|  |TAMS 0x0000000090300000| PB 0x0000000090200000| Untracked 
|  83|0x0000000090300000, 0x0000000090400000, 0x0000000090400000|100%| O|  |TAMS 0x0000000090400000| PB 0x0000000090300000| Untracked 
|  84|0x0000000090400000, 0x0000000090500000, 0x0000000090500000|100%| O|  |TAMS 0x0000000090500000| PB 0x0000000090400000| Untracked 
|  85|0x0000000090500000, 0x0000000090600000, 0x0000000090600000|100%| O|  |TAMS 0x0000000090600000| PB 0x0000000090500000| Untracked 
|  86|0x0000000090600000, 0x0000000090700000, 0x0000000090700000|100%| O|  |TAMS 0x0000000090700000| PB 0x0000000090600000| Untracked 
|  87|0x0000000090700000, 0x0000000090800000, 0x0000000090800000|100%| O|  |TAMS 0x0000000090800000| PB 0x0000000090700000| Untracked 
|  88|0x0000000090800000, 0x0000000090900000, 0x0000000090900000|100%| O|  |TAMS 0x0000000090900000| PB 0x0000000090800000| Untracked 
|  89|0x0000000090900000, 0x0000000090a00000, 0x0000000090a00000|100%| O|  |TAMS 0x0000000090900000| PB 0x0000000090900000| Untracked 
|  90|0x0000000090a00000, 0x0000000090b00000, 0x0000000090b00000|100%| O|  |TAMS 0x0000000090b00000| PB 0x0000000090a00000| Untracked 
|  91|0x0000000090b00000, 0x0000000090c00000, 0x0000000090c00000|100%| O|  |TAMS 0x0000000090c00000| PB 0x0000000090b00000| Untracked 
|  92|0x0000000090c00000, 0x0000000090d00000, 0x0000000090d00000|100%| O|  |TAMS 0x0000000090d00000| PB 0x0000000090c00000| Untracked 
|  93|0x0000000090d00000, 0x0000000090e00000, 0x0000000090e00000|100%| O|  |TAMS 0x0000000090e00000| PB 0x0000000090d00000| Untracked 
|  94|0x0000000090e00000, 0x0000000090f00000, 0x0000000090f00000|100%| O|  |TAMS 0x0000000090f00000| PB 0x0000000090e00000| Untracked 
|  95|0x0000000090f00000, 0x0000000091000000, 0x0000000091000000|100%| O|  |TAMS 0x0000000091000000| PB 0x0000000090f00000| Untracked 
|  96|0x0000000091000000, 0x0000000091100000, 0x0000000091100000|100%| O|  |TAMS 0x0000000091100000| PB 0x0000000091000000| Untracked 
|  97|0x0000000091100000, 0x0000000091200000, 0x0000000091200000|100%| O|  |TAMS 0x0000000091200000| PB 0x0000000091100000| Untracked 
|  98|0x0000000091200000, 0x0000000091300000, 0x0000000091300000|100%| O|  |TAMS 0x0000000091300000| PB 0x0000000091200000| Untracked 
|  99|0x0000000091300000, 0x0000000091400000, 0x0000000091400000|100%| O|  |TAMS 0x0000000091400000| PB 0x0000000091300000| Untracked 
| 100|0x0000000091400000, 0x0000000091500000, 0x0000000091500000|100%| O|  |TAMS 0x0000000091500000| PB 0x0000000091400000| Untracked 
| 101|0x0000000091500000, 0x0000000091600000, 0x0000000091600000|100%| O|  |TAMS 0x0000000091600000| PB 0x0000000091500000| Untracked 
| 102|0x0000000091600000, 0x0000000091700000, 0x0000000091700000|100%| O|  |TAMS 0x0000000091700000| PB 0x0000000091600000| Untracked 
| 103|0x0000000091700000, 0x0000000091800000, 0x0000000091800000|100%| O|  |TAMS 0x0000000091800000| PB 0x0000000091700000| Untracked 
| 104|0x0000000091800000, 0x0000000091900000, 0x0000000091900000|100%| O|  |TAMS 0x0000000091900000| PB 0x0000000091800000| Untracked 
| 105|0x0000000091900000, 0x0000000091a00000, 0x0000000091a00000|100%| O|  |TAMS 0x0000000091a00000| PB 0x0000000091900000| Untracked 
| 106|0x0000000091a00000, 0x0000000091b00000, 0x0000000091b00000|100%| O|  |TAMS 0x0000000091b00000| PB 0x0000000091a00000| Untracked 
| 107|0x0000000091b00000, 0x0000000091c00000, 0x0000000091c00000|100%| O|  |TAMS 0x0000000091c00000| PB 0x0000000091b00000| Untracked 
| 108|0x0000000091c00000, 0x0000000091d00000, 0x0000000091d00000|100%| O|  |TAMS 0x0000000091d00000| PB 0x0000000091c00000| Untracked 
| 109|0x0000000091d00000, 0x0000000091e00000, 0x0000000091e00000|100%| O|  |TAMS 0x0000000091e00000| PB 0x0000000091d00000| Untracked 
| 110|0x0000000091e00000, 0x0000000091f00000, 0x0000000091f00000|100%| O|  |TAMS 0x0000000091f00000| PB 0x0000000091e00000| Untracked 
| 111|0x0000000091f00000, 0x0000000092000000, 0x0000000092000000|100%| O|  |TAMS 0x0000000092000000| PB 0x0000000091f00000| Untracked 
| 112|0x0000000092000000, 0x0000000092100000, 0x0000000092100000|100%| O|  |TAMS 0x0000000092100000| PB 0x0000000092000000| Untracked 
| 113|0x0000000092100000, 0x0000000092200000, 0x0000000092200000|100%| O|  |TAMS 0x0000000092200000| PB 0x0000000092100000| Untracked 
| 114|0x0000000092200000, 0x0000000092300000, 0x0000000092300000|100%| O|  |TAMS 0x0000000092300000| PB 0x0000000092200000| Untracked 
| 115|0x0000000092300000, 0x0000000092400000, 0x0000000092400000|100%| O|  |TAMS 0x0000000092400000| PB 0x0000000092300000| Untracked 
| 116|0x0000000092400000, 0x0000000092500000, 0x0000000092500000|100%| O|  |TAMS 0x0000000092500000| PB 0x0000000092400000| Untracked 
| 117|0x0000000092500000, 0x0000000092600000, 0x0000000092600000|100%| O|  |TAMS 0x0000000092600000| PB 0x0000000092500000| Untracked 
| 118|0x0000000092600000, 0x0000000092700000, 0x0000000092700000|100%| O|  |TAMS 0x0000000092700000| PB 0x0000000092600000| Untracked 
| 119|0x0000000092700000, 0x0000000092800000, 0x0000000092800000|100%| O|  |TAMS 0x00000000927e17e0| PB 0x0000000092700000| Untracked 
| 120|0x0000000092800000, 0x0000000092900000, 0x0000000092900000|100%| O|  |TAMS 0x0000000092800000| PB 0x0000000092800000| Untracked 
| 121|0x0000000092900000, 0x0000000092a00000, 0x0000000092a00000|100%| O|  |TAMS 0x0000000092900000| PB 0x0000000092900000| Untracked 
| 122|0x0000000092a00000, 0x0000000092b00000, 0x0000000092b00000|100%| O|  |TAMS 0x0000000092a00000| PB 0x0000000092a00000| Untracked 
| 123|0x0000000092b00000, 0x0000000092c00000, 0x0000000092c00000|100%| O|  |TAMS 0x0000000092b00000| PB 0x0000000092b00000| Untracked 
| 124|0x0000000092c00000, 0x0000000092d00000, 0x0000000092d00000|100%| O|  |TAMS 0x0000000092c00000| PB 0x0000000092c00000| Untracked 
| 125|0x0000000092d00000, 0x0000000092d00000, 0x0000000092e00000|  0%| F|  |TAMS 0x0000000092d00000| PB 0x0000000092d00000| Untracked 
| 126|0x0000000092e00000, 0x0000000092e00000, 0x0000000092f00000|  0%| F|  |TAMS 0x0000000092e00000| PB 0x0000000092e00000| Untracked 
| 127|0x0000000092f00000, 0x0000000092f00000, 0x0000000093000000|  0%| F|  |TAMS 0x0000000092f00000| PB 0x0000000092f00000| Untracked 
| 128|0x0000000093000000, 0x0000000093000000, 0x0000000093100000|  0%| F|  |TAMS 0x0000000093000000| PB 0x0000000093000000| Untracked 
| 129|0x0000000093100000, 0x0000000093100000, 0x0000000093200000|  0%| F|  |TAMS 0x0000000093100000| PB 0x0000000093100000| Untracked 
| 130|0x0000000093200000, 0x00000000932f2810, 0x0000000093300000| 94%| O|  |TAMS 0x0000000093200000| PB 0x0000000093200000| Untracked 
| 131|0x0000000093300000, 0x0000000093300000, 0x0000000093400000|  0%| F|  |TAMS 0x0000000093300000| PB 0x0000000093300000| Untracked 
| 132|0x0000000093400000, 0x0000000093400000, 0x0000000093500000|  0%| F|  |TAMS 0x0000000093400000| PB 0x0000000093400000| Untracked 
| 133|0x0000000093500000, 0x0000000093500000, 0x0000000093600000|  0%| F|  |TAMS 0x0000000093500000| PB 0x0000000093500000| Untracked 
| 134|0x0000000093600000, 0x0000000093600000, 0x0000000093700000|  0%| F|  |TAMS 0x0000000093600000| PB 0x0000000093600000| Untracked 
| 135|0x0000000093700000, 0x0000000093800000, 0x0000000093800000|100%| S|CS|TAMS 0x0000000093700000| PB 0x0000000093700000| Complete 
| 136|0x0000000093800000, 0x0000000093900000, 0x0000000093900000|100%| S|CS|TAMS 0x0000000093800000| PB 0x0000000093800000| Complete 
| 137|0x0000000093900000, 0x0000000093900000, 0x0000000093a00000|  0%| F|  |TAMS 0x0000000093900000| PB 0x0000000093900000| Untracked 
| 138|0x0000000093a00000, 0x0000000093a00000, 0x0000000093b00000|  0%| F|  |TAMS 0x0000000093a00000| PB 0x0000000093a00000| Untracked 
| 139|0x0000000093b00000, 0x0000000093c00000, 0x0000000093c00000|100%| S|CS|TAMS 0x0000000093b00000| PB 0x0000000093b00000| Complete 
| 140|0x0000000093c00000, 0x0000000093d00000, 0x0000000093d00000|100%| S|CS|TAMS 0x0000000093c00000| PB 0x0000000093c00000| Complete 
| 141|0x0000000093d00000, 0x0000000093e00000, 0x0000000093e00000|100%| S|CS|TAMS 0x0000000093d00000| PB 0x0000000093d00000| Complete 
| 142|0x0000000093e00000, 0x0000000093f00000, 0x0000000093f00000|100%| S|CS|TAMS 0x0000000093e00000| PB 0x0000000093e00000| Complete 
| 143|0x0000000093f00000, 0x0000000093f00000, 0x0000000094000000|  0%| F|  |TAMS 0x0000000093f00000| PB 0x0000000093f00000| Untracked 
| 144|0x0000000094000000, 0x0000000094000000, 0x0000000094100000|  0%| F|  |TAMS 0x0000000094000000| PB 0x0000000094000000| Untracked 
| 145|0x0000000094100000, 0x0000000094100000, 0x0000000094200000|  0%| F|  |TAMS 0x0000000094100000| PB 0x0000000094100000| Untracked 
| 146|0x0000000094200000, 0x0000000094200000, 0x0000000094300000|  0%| F|  |TAMS 0x0000000094200000| PB 0x0000000094200000| Untracked 
| 147|0x0000000094300000, 0x0000000094300000, 0x0000000094400000|  0%| F|  |TAMS 0x0000000094300000| PB 0x0000000094300000| Untracked 
| 148|0x0000000094400000, 0x0000000094400000, 0x0000000094500000|  0%| F|  |TAMS 0x0000000094400000| PB 0x0000000094400000| Untracked 
| 149|0x0000000094500000, 0x0000000094500000, 0x0000000094600000|  0%| F|  |TAMS 0x0000000094500000| PB 0x0000000094500000| Untracked 
| 150|0x0000000094600000, 0x0000000094600000, 0x0000000094700000|  0%| F|  |TAMS 0x0000000094600000| PB 0x0000000094600000| Untracked 
| 151|0x0000000094700000, 0x0000000094700000, 0x0000000094800000|  0%| F|  |TAMS 0x0000000094700000| PB 0x0000000094700000| Untracked 
| 152|0x0000000094800000, 0x0000000094800000, 0x0000000094900000|  0%| F|  |TAMS 0x0000000094800000| PB 0x0000000094800000| Untracked 
| 153|0x0000000094900000, 0x0000000094900000, 0x0000000094a00000|  0%| F|  |TAMS 0x0000000094900000| PB 0x0000000094900000| Untracked 
| 154|0x0000000094a00000, 0x0000000094a00000, 0x0000000094b00000|  0%| F|  |TAMS 0x0000000094a00000| PB 0x0000000094a00000| Untracked 
| 155|0x0000000094b00000, 0x0000000094b00000, 0x0000000094c00000|  0%| F|  |TAMS 0x0000000094b00000| PB 0x0000000094b00000| Untracked 
| 156|0x0000000094c00000, 0x0000000094c00000, 0x0000000094d00000|  0%| F|  |TAMS 0x0000000094c00000| PB 0x0000000094c00000| Untracked 
| 157|0x0000000094d00000, 0x0000000094d00000, 0x0000000094e00000|  0%| F|  |TAMS 0x0000000094d00000| PB 0x0000000094d00000| Untracked 
| 158|0x0000000094e00000, 0x0000000094e00000, 0x0000000094f00000|  0%| F|  |TAMS 0x0000000094e00000| PB 0x0000000094e00000| Untracked 
| 159|0x0000000094f00000, 0x0000000094f00000, 0x0000000095000000|  0%| F|  |TAMS 0x0000000094f00000| PB 0x0000000094f00000| Untracked 
| 160|0x0000000095000000, 0x0000000095000000, 0x0000000095100000|  0%| F|  |TAMS 0x0000000095000000| PB 0x0000000095000000| Untracked 
| 161|0x0000000095100000, 0x0000000095100000, 0x0000000095200000|  0%| F|  |TAMS 0x0000000095100000| PB 0x0000000095100000| Untracked 
| 162|0x0000000095200000, 0x0000000095200000, 0x0000000095300000|  0%| F|  |TAMS 0x0000000095200000| PB 0x0000000095200000| Untracked 
| 163|0x0000000095300000, 0x0000000095300000, 0x0000000095400000|  0%| F|  |TAMS 0x0000000095300000| PB 0x0000000095300000| Untracked 
| 164|0x0000000095400000, 0x0000000095400000, 0x0000000095500000|  0%| F|  |TAMS 0x0000000095400000| PB 0x0000000095400000| Untracked 
| 165|0x0000000095500000, 0x0000000095500000, 0x0000000095600000|  0%| F|  |TAMS 0x0000000095500000| PB 0x0000000095500000| Untracked 
| 166|0x0000000095600000, 0x0000000095600000, 0x0000000095700000|  0%| F|  |TAMS 0x0000000095600000| PB 0x0000000095600000| Untracked 
| 167|0x0000000095700000, 0x0000000095700000, 0x0000000095800000|  0%| F|  |TAMS 0x0000000095700000| PB 0x0000000095700000| Untracked 
| 168|0x0000000095800000, 0x0000000095800000, 0x0000000095900000|  0%| F|  |TAMS 0x0000000095800000| PB 0x0000000095800000| Untracked 
| 169|0x0000000095900000, 0x0000000095900000, 0x0000000095a00000|  0%| F|  |TAMS 0x0000000095900000| PB 0x0000000095900000| Untracked 
| 170|0x0000000095a00000, 0x0000000095a00000, 0x0000000095b00000|  0%| F|  |TAMS 0x0000000095a00000| PB 0x0000000095a00000| Untracked 
| 171|0x0000000095b00000, 0x0000000095b00000, 0x0000000095c00000|  0%| F|  |TAMS 0x0000000095b00000| PB 0x0000000095b00000| Untracked 
| 172|0x0000000095c00000, 0x0000000095c00000, 0x0000000095d00000|  0%| F|  |TAMS 0x0000000095c00000| PB 0x0000000095c00000| Untracked 
| 173|0x0000000095d00000, 0x0000000095d00000, 0x0000000095e00000|  0%| F|  |TAMS 0x0000000095d00000| PB 0x0000000095d00000| Untracked 
| 174|0x0000000095e00000, 0x0000000095e00000, 0x0000000095f00000|  0%| F|  |TAMS 0x0000000095e00000| PB 0x0000000095e00000| Untracked 
| 175|0x0000000095f00000, 0x0000000095f00000, 0x0000000096000000|  0%| F|  |TAMS 0x0000000095f00000| PB 0x0000000095f00000| Untracked 
| 176|0x0000000096000000, 0x0000000096000000, 0x0000000096100000|  0%| F|  |TAMS 0x0000000096000000| PB 0x0000000096000000| Untracked 
| 177|0x0000000096100000, 0x0000000096100000, 0x0000000096200000|  0%| F|  |TAMS 0x0000000096100000| PB 0x0000000096100000| Untracked 
| 178|0x0000000096200000, 0x0000000096200000, 0x0000000096300000|  0%| F|  |TAMS 0x0000000096200000| PB 0x0000000096200000| Untracked 
| 179|0x0000000096300000, 0x0000000096300000, 0x0000000096400000|  0%| F|  |TAMS 0x0000000096300000| PB 0x0000000096300000| Untracked 
| 180|0x0000000096400000, 0x0000000096400000, 0x0000000096500000|  0%| F|  |TAMS 0x0000000096400000| PB 0x0000000096400000| Untracked 
|1869|0x00000000ffd00000, 0x00000000ffe00000, 0x00000000ffe00000|100%| O|  |TAMS 0x00000000ffe00000| PB 0x00000000ffd00000| Untracked 
|1870|0x00000000ffe00000, 0x00000000fff00000, 0x00000000fff00000|100%| O|  |TAMS 0x00000000fff00000| PB 0x00000000ffe00000| Untracked 
|1871|0x00000000fff00000, 0x0000000100000000, 0x0000000100000000|100%| O|  |TAMS 0x0000000100000000| PB 0x00000000fff00000| Untracked 

Card table byte_map: [0x000001ce2e1a0000,0x000001ce2e550000] _byte_map_base: 0x000001ce2dd48000

Marking Bits: (CMBitMap*) 0x000001ce1b79a120
 Bits: [0x000001ce2e550000, 0x000001ce30290000)

Polling page: 0x000001ce19560000

Metaspace:

Usage:
  Non-class:     52.94 MB used.
      Class:      6.81 MB used.
       Both:     59.75 MB used.

Virtual space:
  Non-class space:       64.00 MB reserved,      53.12 MB ( 83%) committed,  1 nodes.
      Class space:        1.00 GB reserved,       6.94 MB ( <1%) committed,  1 nodes.
             Both:        1.06 GB reserved,      60.06 MB (  6%) committed. 

Chunk freelists:
   Non-Class:  10.92 MB
       Class:  9.06 MB
        Both:  19.98 MB

MaxMetaspaceSize: unlimited
CompressedClassSpaceSize: 1.00 GB
Initial GC threshold: 21.00 MB
Current GC threshold: 99.62 MB
CDS: off
 - commit_granule_bytes: 65536.
 - commit_granule_words: 8192.
 - virtual_space_node_default_size: 8388608.
 - enlarge_chunks_in_place: 1.
 - use_allocation_guard: 0.


Internal statistics:

num_allocs_failed_limit: 3.
num_arena_births: 294.
num_arena_deaths: 0.
num_vsnodes_births: 2.
num_vsnodes_deaths: 0.
num_space_committed: 959.
num_space_uncommitted: 0.
num_chunks_returned_to_freelist: 3.
num_chunks_taken_from_freelist: 2121.
num_chunk_merges: 3.
num_chunk_splits: 1765.
num_chunks_enlarged: 1606.
num_inconsistent_stats: 0.

CodeHeap 'non-profiled nmethods': size=120000Kb used=4566Kb max_used=4566Kb free=115433Kb
 bounds [0x000001ce26370000, 0x000001ce267f0000, 0x000001ce2d8a0000]
CodeHeap 'profiled nmethods': size=120000Kb used=20291Kb max_used=20291Kb free=99708Kb
 bounds [0x000001ce1e8a0000, 0x000001ce1fc80000, 0x000001ce25dd0000]
CodeHeap 'non-nmethods': size=5760Kb used=1631Kb max_used=1710Kb free=4128Kb
 bounds [0x000001ce25dd0000, 0x000001ce26040000, 0x000001ce26370000]
 total_blobs=7805 nmethods=7124 adapters=584
 compilation: enabled
              stopped_count=0, restarted_count=0
 full_count=0

Compilation events (20 events):
Event: 14.078 Thread 0x000001ce3310ee60 nmethod 7856 0x000001ce1fc6ba10 code [0x000001ce1fc6bbc0, 0x000001ce1fc6be28]
Event: 14.078 Thread 0x000001ce3310ee60 7857       3       org.jetbrains.kotlin.fir.declarations.impl.FirAnonymousFunctionImpl::getSymbol (8 bytes)
Event: 14.079 Thread 0x000001ce3310ee60 nmethod 7857 0x000001ce1fc6bf10 code [0x000001ce1fc6c0a0, 0x000001ce1fc6c1c0]
Event: 14.079 Thread 0x000001ce3310ee60 7858       3       org.jetbrains.kotlin.fir.resolve.dfa.cfg.ControlFlowGraphBuilder::getLastNode (11 bytes)
Event: 14.079 Thread 0x000001ce3310ee60 nmethod 7858 0x000001ce1fc6c290 code [0x000001ce1fc6c460, 0x000001ce1fc6c838]
Event: 14.079 Thread 0x000001ce3310ee60 7859       3       kotlin.collections.CollectionsKt__CollectionsKt::optimizeReadOnlyList (57 bytes)
Event: 14.080 Thread 0x000001ce3310ee60 nmethod 7859 0x000001ce1fc6c990 code [0x000001ce1fc6cc20, 0x000001ce1fc6d728]
Event: 14.082 Thread 0x000001ce3310ee60 7860       3       org.jetbrains.kotlin.types.model.TypeSystemInferenceExtensionContext::extractTypeVariables (32 bytes)
Event: 14.083 Thread 0x000001ce3310ee60 nmethod 7860 0x000001ce1fc6db10 code [0x000001ce1fc6de20, 0x000001ce1fc6edf8]
Event: 14.086 Thread 0x000001ce3310ee60 7861       1       org.jetbrains.kotlin.fir.declarations.impl.FirRegularClassImpl::getName (5 bytes)
Event: 14.086 Thread 0x000001ce3310ee60 nmethod 7861 0x000001ce267e3890 code [0x000001ce267e3a20, 0x000001ce267e3ae8]
Event: 14.086 Thread 0x000001ce3310ee60 7862       3       org.jetbrains.kotlin.fir.resolve.providers.impl.FirProviderImpl::getFirClassifierByFqName (80 bytes)
Event: 14.087 Thread 0x000001ce3310d850 7863       4       org.jetbrains.kotlin.metadata.jvm.deserialization.PackageParts::getMultifileFacadeName (18 bytes)
Event: 14.087 Thread 0x000001ce3310ee60 nmethod 7862 0x000001ce1fc6f490 code [0x000001ce1fc6f7c0, 0x000001ce1fc706c8]
Event: 14.090 Thread 0x000001ce3310d850 nmethod 7863 0x000001ce267e3b90 code [0x000001ce267e3da0, 0x000001ce267e4388]
Event: 14.097 Thread 0x000001ce3310d850 7864       4       org.jetbrains.kotlin.load.kotlin.FileBasedKotlinClass$3::visit (64 bytes)
Event: 14.097 Thread 0x000001ce39c0bdc0 7865   !   4       org.jetbrains.kotlin.metadata.jvm.JvmProtoBuf$StringTableTypes::<init> (495 bytes)
Event: 14.097 Thread 0x000001ce3da4e590 7866       4       org.jetbrains.kotlin.load.kotlin.header.ReadKotlinClassHeaderAnnotationVisitor::visitAnnotation (115 bytes)
Event: 14.099 Thread 0x000001ce3310d850 nmethod 7864 0x000001ce267e4790 code [0x000001ce267e4960, 0x000001ce267e4bf0]
Event: 14.101 Thread 0x000001ce3da4e590 nmethod 7866 0x000001ce267e4e90 code [0x000001ce267e5080, 0x000001ce267e5670]

GC Heap History (20 events):
Event: 7.675 GC heap after
{Heap after GC invocations=20 (full 0):
 garbage-first heap   total 86016K, used 54215K [0x000000008b000000, 0x0000000100000000)
  region size 1024K, 3 young (3072K), 3 survivors (3072K)
 Metaspace       used 50642K, committed 50880K, reserved 1114112K
  class space    used 5787K, committed 5888K, reserved 1048576K
}
Event: 7.789 GC heap before
{Heap before GC invocations=20 (full 0):
 garbage-first heap   total 86016K, used 71623K [0x000000008b000000, 0x0000000100000000)
  region size 1024K, 20 young (20480K), 3 survivors (3072K)
 Metaspace       used 50682K, committed 50880K, reserved 1114112K
  class space    used 5787K, committed 5888K, reserved 1048576K
}
Event: 7.797 GC heap after
{Heap after GC invocations=21 (full 0):
 garbage-first heap   total 86016K, used 58823K [0x000000008b000000, 0x0000000100000000)
  region size 1024K, 3 young (3072K), 3 survivors (3072K)
 Metaspace       used 50682K, committed 50880K, reserved 1114112K
  class space    used 5787K, committed 5888K, reserved 1048576K
}
Event: 7.906 GC heap before
{Heap before GC invocations=22 (full 0):
 garbage-first heap   total 99328K, used 74183K [0x000000008b000000, 0x0000000100000000)
  region size 1024K, 18 young (18432K), 3 survivors (3072K)
 Metaspace       used 50704K, committed 50944K, reserved 1114112K
  class space    used 5787K, committed 5888K, reserved 1048576K
}
Event: 7.912 GC heap after
{Heap after GC invocations=23 (full 0):
 garbage-first heap   total 99328K, used 62407K [0x000000008b000000, 0x0000000100000000)
  region size 1024K, 3 young (3072K), 3 survivors (3072K)
 Metaspace       used 50704K, committed 50944K, reserved 1114112K
  class space    used 5787K, committed 5888K, reserved 1048576K
}
Event: 7.996 GC heap before
{Heap before GC invocations=23 (full 0):
 garbage-first heap   total 99328K, used 83911K [0x000000008b000000, 0x0000000100000000)
  region size 1024K, 24 young (24576K), 3 survivors (3072K)
 Metaspace       used 50705K, committed 50944K, reserved 1114112K
  class space    used 5788K, committed 5888K, reserved 1048576K
}
Event: 8.004 GC heap after
{Heap after GC invocations=24 (full 0):
 garbage-first heap   total 181248K, used 66503K [0x000000008b000000, 0x0000000100000000)
  region size 1024K, 3 young (3072K), 3 survivors (3072K)
 Metaspace       used 50705K, committed 50944K, reserved 1114112K
  class space    used 5788K, committed 5888K, reserved 1048576K
}
Event: 8.362 GC heap before
{Heap before GC invocations=24 (full 0):
 garbage-first heap   total 181248K, used 134087K [0x000000008b000000, 0x0000000100000000)
  region size 1024K, 69 young (70656K), 3 survivors (3072K)
 Metaspace       used 50706K, committed 50944K, reserved 1114112K
  class space    used 5789K, committed 5888K, reserved 1048576K
}
Event: 8.371 GC heap after
{Heap after GC invocations=25 (full 0):
 garbage-first heap   total 181248K, used 80575K [0x000000008b000000, 0x0000000100000000)
  region size 1024K, 9 young (9216K), 9 survivors (9216K)
 Metaspace       used 50706K, committed 50944K, reserved 1114112K
  class space    used 5789K, committed 5888K, reserved 1048576K
}
Event: 11.214 GC heap before
{Heap before GC invocations=25 (full 0):
 garbage-first heap   total 181248K, used 136895K [0x000000008b000000, 0x0000000100000000)
  region size 1024K, 64 young (65536K), 9 survivors (9216K)
 Metaspace       used 53921K, committed 54144K, reserved 1114112K
  class space    used 6174K, committed 6272K, reserved 1048576K
}
Event: 11.228 GC heap after
{Heap after GC invocations=26 (full 0):
 garbage-first heap   total 181248K, used 92773K [0x000000008b000000, 0x0000000100000000)
  region size 1024K, 8 young (8192K), 8 survivors (8192K)
 Metaspace       used 53921K, committed 54144K, reserved 1114112K
  class space    used 6174K, committed 6272K, reserved 1048576K
}
Event: 12.431 GC heap before
{Heap before GC invocations=26 (full 0):
 garbage-first heap   total 181248K, used 143973K [0x000000008b000000, 0x0000000100000000)
  region size 1024K, 58 young (59392K), 8 survivors (8192K)
 Metaspace       used 56882K, committed 57152K, reserved 1114112K
  class space    used 6473K, committed 6592K, reserved 1048576K
}
Event: 12.443 GC heap after
{Heap after GC invocations=27 (full 0):
 garbage-first heap   total 181248K, used 103367K [0x000000008b000000, 0x0000000100000000)
  region size 1024K, 8 young (8192K), 8 survivors (8192K)
 Metaspace       used 56882K, committed 57152K, reserved 1114112K
  class space    used 6473K, committed 6592K, reserved 1048576K
}
Event: 13.286 GC heap before
{Heap before GC invocations=27 (full 0):
 garbage-first heap   total 181248K, used 151495K [0x000000008b000000, 0x0000000100000000)
  region size 1024K, 55 young (56320K), 8 survivors (8192K)
 Metaspace       used 60879K, committed 61184K, reserved 1114112K
  class space    used 6974K, committed 7104K, reserved 1048576K
}
Event: 13.300 GC heap after
{Heap after GC invocations=28 (full 0):
 garbage-first heap   total 181248K, used 112559K [0x000000008b000000, 0x0000000100000000)
  region size 1024K, 7 young (7168K), 7 survivors (7168K)
 Metaspace       used 60879K, committed 61184K, reserved 1114112K
  class space    used 6974K, committed 7104K, reserved 1048576K
}
Event: 13.427 GC heap before
{Heap before GC invocations=29 (full 0):
 garbage-first heap   total 188416K, used 157615K [0x000000008b000000, 0x0000000100000000)
  region size 1024K, 51 young (52224K), 7 survivors (7168K)
 Metaspace       used 60879K, committed 61184K, reserved 1114112K
  class space    used 6974K, committed 7104K, reserved 1048576K
}
Event: 13.434 GC heap after
{Heap after GC invocations=30 (full 0):
 garbage-first heap   total 188416K, used 122311K [0x000000008b000000, 0x0000000100000000)
  region size 1024K, 7 young (7168K), 7 survivors (7168K)
 Metaspace       used 60879K, committed 61184K, reserved 1114112K
  class space    used 6974K, committed 7104K, reserved 1048576K
}
Event: 13.541 GC heap before
{Heap before GC invocations=30 (full 0):
 garbage-first heap   total 188416K, used 165319K [0x000000008b000000, 0x0000000100000000)
  region size 1024K, 49 young (50176K), 7 survivors (7168K)
 Metaspace       used 60879K, committed 61184K, reserved 1114112K
  class space    used 6974K, committed 7104K, reserved 1048576K
}
Event: 13.548 GC heap after
{Heap after GC invocations=31 (full 0):
 garbage-first heap   total 188416K, used 129869K [0x000000008b000000, 0x0000000100000000)
  region size 1024K, 7 young (7168K), 7 survivors (7168K)
 Metaspace       used 60879K, committed 61184K, reserved 1114112K
  class space    used 6974K, committed 7104K, reserved 1048576K
}
Event: 14.104 GC heap before
{Heap before GC invocations=31 (full 0):
 garbage-first heap   total 188416K, used 168781K [0x000000008b000000, 0x0000000100000000)
  region size 1024K, 45 young (46080K), 7 survivors (7168K)
 Metaspace       used 61187K, committed 61504K, reserved 1114112K
  class space    used 6975K, committed 7104K, reserved 1048576K
}

Dll operation events (3 events):
Event: 0.058 Loaded shared library C:\Program Files\Android\Android Studio\jbr\bin\java.dll
Event: 0.079 Loaded shared library C:\Program Files\Android\Android Studio\jbr\bin\zip.dll
Event: 1.723 Loaded shared library C:\Program Files\Android\Android Studio\jbr\bin\verify.dll

Deoptimization events (20 events):
Event: 12.843 Thread 0x000001ce1b749750 Uncommon trap: trap_request=0xffffffde fr.pc=0x000001ce265d65ec relative=0x00000000000016ec
Event: 12.843 Thread 0x000001ce1b749750 Uncommon trap: reason=class_check action=maybe_recompile pc=0x000001ce265d65ec method=org.jetbrains.org.objectweb.asm.ClassReader.readElementValue(Lorg/jetbrains/org/objectweb/asm/AnnotationVisitor;ILjava/lang/String;[C)I @ 593 c2
Event: 12.843 Thread 0x000001ce1b749750 DEOPT PACKING pc=0x000001ce265d65ec sp=0x00000047348f7650
Event: 12.843 Thread 0x000001ce1b749750 DEOPT UNPACKING pc=0x000001ce25e246a2 sp=0x00000047348f75c0 mode 2
Event: 12.948 Thread 0x000001ce1b749750 Uncommon trap: trap_request=0xffffff45 fr.pc=0x000001ce2652a310 relative=0x0000000000000070
Event: 12.948 Thread 0x000001ce1b749750 Uncommon trap: reason=unstable_if action=reinterpret pc=0x000001ce2652a310 method=java.lang.Character.valueOf(C)Ljava/lang/Character; @ 3 c2
Event: 12.948 Thread 0x000001ce1b749750 DEOPT PACKING pc=0x000001ce2652a310 sp=0x00000047348f6f50
Event: 12.948 Thread 0x000001ce1b749750 DEOPT UNPACKING pc=0x000001ce25e246a2 sp=0x00000047348f6ee8 mode 2
Event: 13.066 Thread 0x000001ce1b749750 Uncommon trap: trap_request=0xffffffc6 fr.pc=0x000001ce26599d98 relative=0x0000000000000a18
Event: 13.066 Thread 0x000001ce1b749750 Uncommon trap: reason=bimorphic_or_optimized_type_check action=maybe_recompile pc=0x000001ce26599d98 method=kotlin.jvm.internal.CollectionToArray.toArray(Ljava/util/Collection;)[Ljava/lang/Object; @ 28 c2
Event: 13.066 Thread 0x000001ce1b749750 DEOPT PACKING pc=0x000001ce26599d98 sp=0x00000047348fabe0
Event: 13.066 Thread 0x000001ce1b749750 DEOPT UNPACKING pc=0x000001ce25e246a2 sp=0x00000047348fab78 mode 2
Event: 13.066 Thread 0x000001ce1b749750 Uncommon trap: trap_request=0xffffff45 fr.pc=0x000001ce26607418 relative=0x00000000000000f8
Event: 13.066 Thread 0x000001ce1b749750 Uncommon trap: reason=unstable_if action=reinterpret pc=0x000001ce26607418 method=java.util.ArrayList.fastRemove([Ljava/lang/Object;I)V @ 19 c2
Event: 13.066 Thread 0x000001ce1b749750 DEOPT PACKING pc=0x000001ce26607418 sp=0x00000047348faae0
Event: 13.066 Thread 0x000001ce1b749750 DEOPT UNPACKING pc=0x000001ce25e246a2 sp=0x00000047348faa88 mode 2
Event: 14.076 Thread 0x000001ce1b749750 Uncommon trap: trap_request=0xffffff45 fr.pc=0x000001ce265f4c70 relative=0x0000000000005c90
Event: 14.076 Thread 0x000001ce1b749750 Uncommon trap: reason=unstable_if action=reinterpret pc=0x000001ce265f4c70 method=org.jetbrains.kotlin.metadata.ProtoBuf$Function.<init>(Lorg/jetbrains/kotlin/protobuf/CodedInputStream;Lorg/jetbrains/kotlin/protobuf/ExtensionRegistryLite;)V @ 851 c2
Event: 14.076 Thread 0x000001ce1b749750 DEOPT PACKING pc=0x000001ce265f4c70 sp=0x00000047348f67a0
Event: 14.076 Thread 0x000001ce1b749750 DEOPT UNPACKING pc=0x000001ce25e246a2 sp=0x00000047348f6758 mode 2

Classes loaded (20 events):
Event: 12.751 Loading class java/util/stream/ReferencePipeline$2$1
Event: 12.751 Loading class java/util/stream/Sink$ChainedReference
Event: 12.751 Loading class java/util/stream/Sink$ChainedReference done
Event: 12.751 Loading class java/util/stream/ReferencePipeline$2$1 done
Event: 12.751 Loading class java/util/stream/ReferencePipeline$3$1
Event: 12.751 Loading class java/util/stream/ReferencePipeline$3$1 done
Event: 12.798 Loading class java/util/regex/Pattern$StartS
Event: 12.798 Loading class java/util/regex/Pattern$StartS done
Event: 12.802 Loading class java/util/Collections$SynchronizedSet
Event: 12.802 Loading class java/util/Collections$SynchronizedCollection
Event: 12.803 Loading class java/util/Collections$SynchronizedCollection done
Event: 12.803 Loading class java/util/Collections$SynchronizedSet done
Event: 12.827 Loading class java/util/EnumMap$EntrySet
Event: 12.828 Loading class java/util/EnumMap$EntrySet done
Event: 12.828 Loading class java/util/EnumMap$EntryIterator
Event: 12.828 Loading class java/util/EnumMap$EnumMapIterator
Event: 12.828 Loading class java/util/EnumMap$EnumMapIterator done
Event: 12.828 Loading class java/util/EnumMap$EntryIterator done
Event: 12.828 Loading class java/util/EnumMap$EntryIterator$Entry
Event: 12.829 Loading class java/util/EnumMap$EntryIterator$Entry done

Classes unloaded (0 events):
No events

Classes redefined (0 events):
No events

Internal exceptions (20 events):
Event: 10.948 Thread 0x000001ce1b749750 Exception <a 'java/lang/NoSuchMethodError'{0x0000000093199f90}: 'java.lang.Object java.lang.invoke.DirectMethodHandle$Holder.invokeSpecial(java.lang.Object, java.lang.Object, java.lang.Object, java.lang.Object, java.lang.Object, int)'> (0x0000000093199f90) 
thrown [s\src\hotspot\share\interpreter\linkResolver.cpp, line 784]
Event: 10.949 Thread 0x000001ce1b749750 Exception <a 'java/lang/NoSuchMethodError'{0x000000009319dcd0}: 'java.lang.Object java.lang.invoke.Invokers$Holder.linkToTargetMethod(java.lang.Object, java.lang.Object, java.lang.Object, int, java.lang.Object)'> (0x000000009319dcd0) 
thrown [s\src\hotspot\share\interpreter\linkResolver.cpp, line 784]
Event: 10.958 Thread 0x000001ce1b749750 Exception <a 'java/lang/NoSuchMethodError'{0x00000000931ddab0}: 'java.lang.Object java.lang.invoke.DirectMethodHandle$Holder.newInvokeSpecial(java.lang.Object, java.lang.Object, java.lang.Object, java.lang.Object, int, java.lang.Object, java.lang.Object)'> (0x00000000931ddab0) 
thrown [s\src\hotspot\share\interpreter\linkResolver.cpp, line 784]
Event: 10.959 Thread 0x000001ce1b749750 Exception <a 'java/lang/NoSuchMethodError'{0x00000000931e59e0}: 'java.lang.Object java.lang.invoke.Invokers$Holder.linkToTargetMethod(java.lang.Object, java.lang.Object, java.lang.Object, int, java.lang.Object, java.lang.Object, java.lang.Object)'> (0x00000000931e59e0) 
thrown [s\src\hotspot\share\interpreter\linkResolver.cpp, line 784]
Event: 11.156 Thread 0x000001ce1b749750 Exception <a 'java/lang/NoSuchMethodError'{0x00000000929f4ea0}: 'java.lang.Object java.lang.invoke.DirectMethodHandle$Holder.newInvokeSpecial(java.lang.Object, java.lang.Object, java.lang.Object, int)'> (0x00000000929f4ea0) 
thrown [s\src\hotspot\share\interpreter\linkResolver.cpp, line 784]
Event: 11.156 Thread 0x000001ce1b749750 Exception <a 'java/lang/NoSuchMethodError'{0x00000000929f8d20}: 'java.lang.Object java.lang.invoke.DirectMethodHandle$Holder.invokeSpecial(java.lang.Object, java.lang.Object, java.lang.Object, java.lang.Object, int)'> (0x00000000929f8d20) 
thrown [s\src\hotspot\share\interpreter\linkResolver.cpp, line 784]
Event: 11.157 Thread 0x000001ce1b749750 Exception <a 'java/lang/NoSuchMethodError'{0x00000000929fc478}: 'java.lang.Object java.lang.invoke.Invokers$Holder.linkToTargetMethod(java.lang.Object, java.lang.Object, int, java.lang.Object)'> (0x00000000929fc478) 
thrown [s\src\hotspot\share\interpreter\linkResolver.cpp, line 784]
Event: 11.162 Thread 0x000001ce1b749750 Exception <a 'java/lang/NoSuchMethodError'{0x000000009281db58}: 'java.lang.Object java.lang.invoke.DirectMethodHandle$Holder.newInvokeSpecial(java.lang.Object, int, java.lang.Object)'> (0x000000009281db58) 
thrown [s\src\hotspot\share\interpreter\linkResolver.cpp, line 784]
Event: 11.198 Thread 0x000001ce1b749750 Exception <a 'java/lang/NoSuchMethodError'{0x0000000092707940}: 'java.lang.Object java.lang.invoke.DirectMethodHandle$Holder.invokeSpecial(java.lang.Object, java.lang.Object, int, java.lang.Object, java.lang.Object)'> (0x0000000092707940) 
thrown [s\src\hotspot\share\interpreter\linkResolver.cpp, line 784]
Event: 11.782 Thread 0x000001ce1b749750 Exception <a 'java/lang/NoSuchMethodError'{0x00000000948e7f30}: 'java.lang.Object java.lang.invoke.DirectMethodHandle$Holder.newInvokeSpecial(java.lang.Object, java.lang.Object, java.lang.Object, java.lang.Object, java.lang.Object, java.lang.Object, java.lang.Object, java.lang.Object, java.lang.Object)'> (0x00000000948e7f30) 
thrown [s\src\hotspot\share\interpreter\linkResolver.cpp, line 784]
Event: 11.800 Thread 0x000001ce1b749750 Exception <a 'java/lang/NoSuchMethodError'{0x000000009474bb28}: 'java.lang.Object java.lang.invoke.DirectMethodHandle$Holder.invokeStatic(java.lang.Object, int, java.lang.Object, java.lang.Object)'> (0x000000009474bb28) 
thrown [s\src\hotspot\share\interpreter\linkResolver.cpp, line 784]
Event: 11.854 Thread 0x000001ce1b749750 Exception <a 'java/lang/NoSuchMethodError'{0x00000000945e7600}: 'java.lang.Object java.lang.invoke.DirectMethodHandle$Holder.invokeStatic(java.lang.Object, java.lang.Object, java.lang.Object, int, java.lang.Object, java.lang.Object)'> (0x00000000945e7600) 
thrown [s\src\hotspot\share\interpreter\linkResolver.cpp, line 784]
Event: 12.071 Thread 0x000001ce1b749750 Exception <a 'java/lang/NoSuchMethodError'{0x0000000093a146b8}: 'java.lang.Object java.lang.invoke.DirectMethodHandle$Holder.newInvokeSpecial(java.lang.Object, java.lang.Object, java.lang.Object, java.lang.Object, java.lang.Object, int)'> (0x0000000093a146b8) 
thrown [s\src\hotspot\share\interpreter\linkResolver.cpp, line 784]
Event: 12.071 Thread 0x000001ce1b749750 Exception <a 'java/lang/NoSuchMethodError'{0x0000000093a190e0}: 'java.lang.Object java.lang.invoke.DirectMethodHandle$Holder.invokeSpecial(java.lang.Object, java.lang.Object, java.lang.Object, java.lang.Object, java.lang.Object, java.lang.Object, int)'> (0x0000000093a190e0) 
thrown [s\src\hotspot\share\interpreter\linkResolver.cpp, line 784]
Event: 12.072 Thread 0x000001ce1b749750 Exception <a 'java/lang/NoSuchMethodError'{0x0000000093a1d478}: 'java.lang.Object java.lang.invoke.Invokers$Holder.linkToTargetMethod(java.lang.Object, java.lang.Object, java.lang.Object, java.lang.Object, int, java.lang.Object)'> (0x0000000093a1d478) 
thrown [s\src\hotspot\share\interpreter\linkResolver.cpp, line 784]
Event: 12.769 Thread 0x000001ce1b749750 Exception <a 'java/lang/NoSuchMethodError'{0x00000000954218c8}: 'java.lang.Object java.lang.invoke.Invokers$Holder.invokeExact_MT(java.lang.Object, java.lang.Object, long, java.lang.Object)'> (0x00000000954218c8) 
thrown [s\src\hotspot\share\interpreter\linkResolver.cpp, line 784]
Event: 12.825 Thread 0x000001ce1b749750 Implicit null exception at 0x000001ce266b5b65 to 0x000001ce266b63c4
Event: 13.037 Thread 0x000001ce1b749750 Exception <a 'java/lang/NoSuchMethodError'{0x0000000094cd4db0}: 'java.lang.Object java.lang.invoke.DirectMethodHandle$Holder.invokeStatic(java.lang.Object, int, java.lang.Object, java.lang.Object, java.lang.Object, java.lang.Object, java.lang.Object)'> (0x0000000094cd4db0) 
thrown [s\src\hotspot\share\interpreter\linkResolver.cpp, line 784]
Event: 13.038 Thread 0x000001ce1b749750 Exception <a 'java/lang/NoSuchMethodError'{0x0000000094cdea20}: 'java.lang.Object java.lang.invoke.DirectMethodHandle$Holder.newInvokeSpecial(java.lang.Object, int, java.lang.Object, java.lang.Object, java.lang.Object)'> (0x0000000094cdea20) 
thrown [s\src\hotspot\share\interpreter\linkResolver.cpp, line 784]
Event: 13.039 Thread 0x000001ce1b749750 Exception <a 'java/lang/NoSuchMethodError'{0x0000000094ce6b90}: 'java.lang.Object java.lang.invoke.Invokers$Holder.linkToTargetMethod(int, java.lang.Object, java.lang.Object, java.lang.Object, java.lang.Object)'> (0x0000000094ce6b90) 
thrown [s\src\hotspot\share\interpreter\linkResolver.cpp, line 784]

ZGC Phase Switch (0 events):
No events

VM Operations (20 events):
Event: 12.827 Executing VM operation: ICBufferFull done
Event: 12.836 Executing VM operation: HandshakeAllThreads (Deoptimize)
Event: 12.836 Executing VM operation: HandshakeAllThreads (Deoptimize) done
Event: 12.976 Executing VM operation: ICBufferFull
Event: 12.976 Executing VM operation: ICBufferFull done
Event: 13.070 Executing VM operation: HandshakeAllThreads (Deoptimize)
Event: 13.070 Executing VM operation: HandshakeAllThreads (Deoptimize) done
Event: 13.286 Executing VM operation: G1CollectForAllocation (G1 Evacuation Pause)
Event: 13.300 Executing VM operation: G1CollectForAllocation (G1 Evacuation Pause) done
Event: 13.350 Executing VM operation: G1PauseRemark
Event: 13.357 Executing VM operation: G1PauseRemark done
Event: 13.373 Executing VM operation: G1PauseCleanup
Event: 13.373 Executing VM operation: G1PauseCleanup done
Event: 13.427 Executing VM operation: G1CollectForAllocation (G1 Evacuation Pause)
Event: 13.434 Executing VM operation: G1CollectForAllocation (G1 Evacuation Pause) done
Event: 13.541 Executing VM operation: G1CollectForAllocation (G1 Evacuation Pause)
Event: 13.548 Executing VM operation: G1CollectForAllocation (G1 Evacuation Pause) done
Event: 13.894 Executing VM operation: ICBufferFull
Event: 13.894 Executing VM operation: ICBufferFull done
Event: 14.103 Executing VM operation: G1CollectForAllocation (G1 Evacuation Pause)

Memory protections (0 events):
No events

Nmethod flushes (20 events):
Event: 13.356 Thread 0x000001ce32f172f0 flushing  nmethod 0x000001ce1efb3990
Event: 13.356 Thread 0x000001ce32f172f0 flushing  nmethod 0x000001ce1efb3d10
Event: 13.356 Thread 0x000001ce32f172f0 flushing  nmethod 0x000001ce1efb6210
Event: 13.356 Thread 0x000001ce32f172f0 flushing  nmethod 0x000001ce1efb7790
Event: 13.356 Thread 0x000001ce32f172f0 flushing  nmethod 0x000001ce264c6a90
Event: 13.356 Thread 0x000001ce32f172f0 flushing  nmethod 0x000001ce1e937010
Event: 13.356 Thread 0x000001ce32f172f0 flushing  nmethod 0x000001ce1eb60290
Event: 13.356 Thread 0x000001ce32f172f0 flushing  nmethod 0x000001ce1ebce010
Event: 13.356 Thread 0x000001ce32f172f0 flushing  nmethod 0x000001ce1ebf7710
Event: 13.356 Thread 0x000001ce32f172f0 flushing  nmethod 0x000001ce1ec2f810
Event: 13.356 Thread 0x000001ce32f172f0 flushing  nmethod 0x000001ce1eceed10
Event: 13.356 Thread 0x000001ce32f172f0 flushing  nmethod 0x000001ce1ee8d810
Event: 13.356 Thread 0x000001ce32f172f0 flushing  nmethod 0x000001ce1ef26810
Event: 13.356 Thread 0x000001ce32f172f0 flushing  nmethod 0x000001ce1ef64a90
Event: 13.356 Thread 0x000001ce32f172f0 flushing  nmethod 0x000001ce1efacd10
Event: 13.356 Thread 0x000001ce32f172f0 flushing  nmethod 0x000001ce1efae490
Event: 13.356 Thread 0x000001ce32f172f0 flushing  nmethod 0x000001ce1efafb10
Event: 13.356 Thread 0x000001ce32f172f0 flushing  nmethod 0x000001ce1efb0390
Event: 13.356 Thread 0x000001ce32f172f0 flushing  nmethod 0x000001ce1efb1a90
Event: 13.356 Thread 0x000001ce32f172f0 flushing osr nmethod 0x000001ce1f054910

Events (20 events):
Event: 0.202 Thread 0x000001ce1b749750 Thread added: 0x000001ce330d0270
Event: 0.209 Thread 0x000001ce1b749750 Thread added: 0x000001ce330d5980
Event: 0.209 Thread 0x000001ce1b749750 Thread added: 0x000001ce330dfe80
Event: 0.211 Thread 0x000001ce1b749750 Thread added: 0x000001ce330e1e70
Event: 0.211 Thread 0x000001ce1b749750 Thread added: 0x000001ce330ed2f0
Event: 0.211 Thread 0x000001ce1b749750 Thread added: 0x000001ce330efbd0
Event: 0.211 Thread 0x000001ce1b749750 Thread added: 0x000001ce330f0630
Event: 0.212 Thread 0x000001ce1b749750 Thread added: 0x000001ce3310d850
Event: 0.212 Thread 0x000001ce1b749750 Thread added: 0x000001ce3310ee60
Event: 0.276 Thread 0x000001ce1b749750 Thread added: 0x000001ce332aaff0
Event: 0.295 Loaded shared library C:\Program Files\Android\Android Studio\jbr\bin\net.dll
Event: 0.301 Loaded shared library C:\Program Files\Android\Android Studio\jbr\bin\nio.dll
Event: 0.329 Loaded shared library C:\Program Files\Android\Android Studio\jbr\bin\zip.dll
Event: 0.369 Loaded shared library C:\Program Files\Android\Android Studio\jbr\bin\jimage.dll
Event: 7.697 Thread 0x000001ce3310ee60 Thread added: 0x000001ce3a59bf30
Event: 8.005 Thread 0x000001ce3310d850 Thread added: 0x000001ce39be80e0
Event: 10.305 Thread 0x000001ce3a59bf30 Thread exited: 0x000001ce3a59bf30
Event: 10.305 Thread 0x000001ce39be80e0 Thread exited: 0x000001ce39be80e0
Event: 10.474 Thread 0x000001ce3310ee60 Thread added: 0x000001ce39c0bdc0
Event: 10.523 Thread 0x000001ce3310ee60 Thread added: 0x000001ce3da4e590


Dynamic libraries:
0x00007ff6a9fe0000 - 0x00007ff6a9fea000 	C:\Program Files\Android\Android Studio\jbr\bin\java.exe
0x00007ffe32540000 - 0x00007ffe327a7000 	C:\WINDOWS\SYSTEM32\ntdll.dll
0x00007ffe314e0000 - 0x00007ffe315a9000 	C:\WINDOWS\System32\KERNEL32.DLL
0x00007ffe2f6c0000 - 0x00007ffe2faaf000 	C:\WINDOWS\System32\KERNELBASE.dll
0x00007ffe27220000 - 0x00007ffe27238000 	C:\Program Files\Android\Android Studio\jbr\bin\jli.dll
0x00007ffe2fc00000 - 0x00007ffe2fd4b000 	C:\WINDOWS\System32\ucrtbase.dll
0x00007ffe2a660000 - 0x00007ffe2a67b000 	C:\Program Files\Android\Android Studio\jbr\bin\VCRUNTIME140.dll
0x00007ffe30df0000 - 0x00007ffe30fb5000 	C:\WINDOWS\System32\USER32.dll
0x00007ffe2f690000 - 0x00007ffe2f6b7000 	C:\WINDOWS\System32\win32u.dll
0x00007ffe32030000 - 0x00007ffe3205b000 	C:\WINDOWS\System32\GDI32.dll
0x00007ffe19080000 - 0x00007ffe19313000 	C:\WINDOWS\WinSxS\amd64_microsoft.windows.common-controls_6595b64144ccf1df_6.0.26100.7309_none_3e05feeae336a044\COMCTL32.dll
0x00007ffe301b0000 - 0x00007ffe302dc000 	C:\WINDOWS\System32\gdi32full.dll
0x00007ffe30100000 - 0x00007ffe301a3000 	C:\WINDOWS\System32\msvcp_win.dll
0x00007ffe30bb0000 - 0x00007ffe30c59000 	C:\WINDOWS\System32\msvcrt.dll
0x00007ffe31fd0000 - 0x00007ffe32001000 	C:\WINDOWS\System32\IMM32.DLL
0x00007ffe2c650000 - 0x00007ffe2c65c000 	C:\Program Files\Android\Android Studio\jbr\bin\vcruntime140_1.dll
0x00007ffdf94e0000 - 0x00007ffdf956d000 	C:\Program Files\Android\Android Studio\jbr\bin\msvcp140.dll
0x00007ffd115f0000 - 0x00007ffd1227e000 	C:\Program Files\Android\Android Studio\jbr\bin\server\jvm.dll
0x00007ffe302e0000 - 0x00007ffe30394000 	C:\WINDOWS\System32\ADVAPI32.dll
0x00007ffe303a0000 - 0x00007ffe30446000 	C:\WINDOWS\System32\sechost.dll
0x00007ffe308b0000 - 0x00007ffe309c8000 	C:\WINDOWS\System32\RPCRT4.dll
0x00007ffe32400000 - 0x00007ffe32474000 	C:\WINDOWS\System32\WS2_32.dll
0x00007ffe1f880000 - 0x00007ffe1f8b5000 	C:\WINDOWS\SYSTEM32\WINMM.dll
0x00007ffe2f510000 - 0x00007ffe2f56e000 	C:\WINDOWS\SYSTEM32\POWRPROF.dll
0x00007ffe25a30000 - 0x00007ffe25a3b000 	C:\WINDOWS\SYSTEM32\VERSION.dll
0x00007ffe2f4f0000 - 0x00007ffe2f504000 	C:\WINDOWS\SYSTEM32\UMPDC.dll
0x00007ffe2e440000 - 0x00007ffe2e45b000 	C:\WINDOWS\SYSTEM32\kernel.appcore.dll
0x00007ffe2a650000 - 0x00007ffe2a65a000 	C:\Program Files\Android\Android Studio\jbr\bin\jimage.dll
0x00007ffe23c10000 - 0x00007ffe23e52000 	C:\WINDOWS\SYSTEM32\DBGHELP.DLL
0x00007ffe30450000 - 0x00007ffe307d6000 	C:\WINDOWS\System32\combase.dll
0x00007ffe31e80000 - 0x00007ffe31f56000 	C:\WINDOWS\System32\OLEAUT32.dll
0x00007ffdf93f0000 - 0x00007ffdf942c000 	C:\WINDOWS\SYSTEM32\dbgcore.DLL
0x00007ffe2fb50000 - 0x00007ffe2fbf5000 	C:\WINDOWS\System32\bcryptPrimitives.dll
0x00007ffe2a600000 - 0x00007ffe2a620000 	C:\Program Files\Android\Android Studio\jbr\bin\java.dll
0x00007ffe28520000 - 0x00007ffe28538000 	C:\Program Files\Android\Android Studio\jbr\bin\zip.dll
0x00007ffe315b0000 - 0x00007ffe31d03000 	C:\WINDOWS\System32\SHELL32.dll
0x00007ffe2fed0000 - 0x00007ffe3003a000 	C:\WINDOWS\System32\wintypes.dll
0x00007ffe2d260000 - 0x00007ffe2dabe000 	C:\WINDOWS\SYSTEM32\windows.storage.dll
0x00007ffe32300000 - 0x00007ffe323f5000 	C:\WINDOWS\System32\SHCORE.dll
0x00007ffe31f60000 - 0x00007ffe31fc6000 	C:\WINDOWS\System32\shlwapi.dll
0x00007ffe2f5b0000 - 0x00007ffe2f5d9000 	C:\WINDOWS\SYSTEM32\profapi.dll
0x00007ffe2a630000 - 0x00007ffe2a640000 	C:\Program Files\Android\Android Studio\jbr\bin\net.dll
0x00007ffe290e0000 - 0x00007ffe29208000 	C:\WINDOWS\SYSTEM32\WINHTTP.dll
0x00007ffe2e9b0000 - 0x00007ffe2ea1b000 	C:\WINDOWS\system32\mswsock.dll
0x00007ffe25900000 - 0x00007ffe25916000 	C:\Program Files\Android\Android Studio\jbr\bin\nio.dll
0x00007ffe258f0000 - 0x00007ffe25900000 	C:\Program Files\Android\Android Studio\jbr\bin\verify.dll

dbghelp: loaded successfully - version: 4.0.5 - missing functions: none
symbol engine: initialized successfully - sym options: 0x614 - pdb path: .;C:\Program Files\Android\Android Studio\jbr\bin;C:\WINDOWS\SYSTEM32;C:\WINDOWS\WinSxS\amd64_microsoft.windows.common-controls_6595b64144ccf1df_6.0.26100.7309_none_3e05feeae336a044;C:\Program Files\Android\Android Studio\jbr\bin\server

VM Arguments:
java_command: org.jetbrains.kotlin.cli.jvm.K2JVMCompiler @D:\team rocket\android App\PassengerApp\app\build\20260121_16024788402295444697.compiler.options
java_class_path (initial): C:\Users\NAVNIT KUMAR\.gradle\caches\modules-2\files-2.1\org.jetbrains.kotlin\kotlin-compiler-embeddable\2.0.21\79346ed53db48b18312a472602eb5c057070c54d\kotlin-compiler-embeddable-2.0.21.jar;C:\Users\NAVNIT KUMAR\.gradle\caches\modules-2\files-2.1\org.jetbrains.kotlin\kotlin-stdlib\2.0.21\618b539767b4899b4660a83006e052b63f1db551\kotlin-stdlib-2.0.21.jar;C:\Users\NAVNIT KUMAR\.gradle\caches\modules-2\files-2.1\org.jetbrains.kotlin\kotlin-script-runtime\2.0.21\c9b044380ad41f89aa89aa896c2d32a8c0b2129d\kotlin-script-runtime-2.0.21.jar;C:\Users\NAVNIT KUMAR\.gradle\caches\modules-2\files-2.1\org.jetbrains.kotlin\kotlin-reflect\1.6.10\1cbe9c92c12a94eea200d23c2bbaedaf3daf5132\kotlin-reflect-1.6.10.jar;C:\Users\NAVNIT KUMAR\.gradle\caches\modules-2\files-2.1\org.jetbrains.kotlin\kotlin-daemon-embeddable\2.0.21\c9e933b23287de9b5a17e2116b4657bb91aea72c\kotlin-daemon-embeddable-2.0.21.jar;C:\Users\NAVNIT KUMAR\.gradle\caches\modules-2\files-2.1\org.jetbrains.intellij.deps\trove4j\1.0.20200330\3afb14d5f9ceb459d724e907a21145e8ff394f02\trove4j-1.0.20200330.jar;C:\Users\NAVNIT KUMAR\.gradle\caches\modules-2\files-2.1\org.jetbrains.kotlinx\kotlinx-coroutines-core-jvm\1.6.4\2c997cd1c0ef33f3e751d3831929aeff1390cb30\kotlinx-coroutines-core-jvm-1.6.4.jar;C:\Users\NAVNIT KUMAR\.gradle\caches\modules-2\files-2.1\org.jetbrains\annotations\13.0\919f0dfe192fb4e063e7dacadee7f8bb9a2672a9\annotations-13.0.jar
Launcher Type: SUN_STANDARD

[Global flags]
     intx CICompilerCount                          = 4                                         {product} {ergonomic}
     uint ConcGCThreads                            = 3                                         {product} {ergonomic}
     uint G1ConcRefinementThreads                  = 10                                        {product} {ergonomic}
   size_t G1HeapRegionSize                         = 1048576                                   {product} {ergonomic}
    uintx GCDrainStackTargetSize                   = 64                                        {product} {ergonomic}
   size_t InitialHeapSize                          = 123731968                                 {product} {ergonomic}
   size_t MarkStackSize                            = 4194304                                   {product} {ergonomic}
   size_t MaxHeapSize                              = 1962934272                                {product} {ergonomic}
   size_t MaxNewSize                               = 1177550848                                {product} {ergonomic}
   size_t MinHeapDeltaBytes                        = 1048576                                   {product} {ergonomic}
   size_t MinHeapSize                              = 8388608                                   {product} {ergonomic}
    uintx NonNMethodCodeHeapSize                   = 5839372                                {pd product} {ergonomic}
    uintx NonProfiledCodeHeapSize                  = 122909434                              {pd product} {ergonomic}
    uintx ProfiledCodeHeapSize                     = 122909434                              {pd product} {ergonomic}
    uintx ReservedCodeCacheSize                    = 251658240                              {pd product} {ergonomic}
     bool SegmentedCodeCache                       = true                                      {product} {ergonomic}
   size_t SoftMaxHeapSize                          = 1962934272                             {manageable} {ergonomic}
     bool UseCompressedOops                        = true                           {product lp64_product} {ergonomic}
     bool UseG1GC                                  = true                                      {product} {ergonomic}
     bool UseLargePagesIndividualAllocation        = false                                  {pd product} {ergonomic}

Logging:
Log output configuration:
 #0: stdout all=warning uptime,level,tags foldmultilines=false
 #1: stderr all=off uptime,level,tags foldmultilines=false

Environment Variables:
PATH=C:\Program Files\Common Files\Oracle\Java\javapath;C:\Program Files (x86)\Common Files\Oracle\Java\java8path;C:\Program Files (x86)\Common Files\Oracle\Java\javapath;C:\Windows\system32;C:\Windows;C:\Windows\System32\Wbem;C:\Windows\System32\WindowsPowerShell\v1.0\;C:\Windows\System32\OpenSSH\;C:\Program Files (x86)\NVIDIA Corporation\PhysX\Common;C:\WINDOWS\system32;C:\WINDOWS;C:\WINDOWS\System32\Wbem;C:\WINDOWS\System32\WindowsPowerShell\v1.0\;C:\WINDOWS\System32\OpenSSH\;C:\Program Files\NVIDIA Corporation\NVIDIA App\NvDLISR;C:\Program Files\Git\cmd;C:\Program Files\nodejs\;C:\Users\NAVNIT KUMAR\AppData\Local\Microsoft\WindowsApps;C:\Users\NAVNIT KUMAR\AppData\Local\Programs\Microsoft VS Code\bin;C:\MinGW\bin;C:\Users\NAVNIT KUMAR\AppData\Roaming\npm;C:\Users\NAVNIT KUMAR\AppData\Local\Programs\cursor\resources\app\bin;C:\Users\NAVNIT KUMAR\AppData\Local\Programs\Antigravity\bin
USERNAME=NAVNIT KUMAR
OS=Windows_NT
PROCESSOR_IDENTIFIER=AMD64 Family 25 Model 68 Stepping 1, AuthenticAMD
TMP=C:\Users\NAVNIT~1\AppData\Local\Temp
TEMP=C:\Users\NAVNIT~1\AppData\Local\Temp




Periodic native trim disabled

JNI global refs:
JNI global refs: 10, weak refs: 0

JNI global refs memory usage: 835, weak refs: 833

Process memory usage:
Resident Set Size: 395116K (5% of 7664432K total physical memory with 928220K free physical memory)

OOME stack traces (most recent first):
Classloader memory used:
Loader jdk.internal.loader.ClassLoaders$AppClassLoader                                 : 49894K
Loader bootstrap                                                                       : 11033K
Loader java.net.URLClassLoader                                                         : 259K

---------------  S Y S T E M  ---------------

OS:
 Windows 11 , 64 bit Build 26100 (10.0.26100.7623)
OS uptime: 0 days 6:21 hours
Hyper-V role detected

CPU: total 12 (initial active 12) (12 cores per cpu, 2 threads per core) family 25 model 68 stepping 1 microcode 0xa40410a, cx8, cmov, fxsr, ht, mmx, 3dnowpref, sse, sse2, sse3, ssse3, sse4a, sse4.1, sse4.2, popcnt, lzcnt, tsc, tscinvbit, avx, avx2, aes, erms, clmul, bmi1, bmi2, adx, sha, fma, vzeroupper, clflush, clflushopt, hv, rdtscp, rdpid, fsrm, f16c, cet_ss
Processor Information for the first 12 processors :
  Max Mhz: 3301, Current Mhz: 3301, Mhz Limit: 3301

Memory: 4k page, system-wide physical 7484M (900M free)
TotalPageFile size 30012M (AvailPageFile size 42M)
current process WorkingSet (physical memory assigned to process): 386M, peak: 400M
current process commit charge ("private bytes"): 430M, peak: 557M

vm_info: OpenJDK 64-Bit Server VM (21.0.7+-13880790-b1038.58) for windows-amd64 JRE (21.0.7+-13880790-b1038.58), built on 2025-08-04T20:56:21Z by "builder" with MS VC++ 16.10 / 16.11 (VS2019)

END.
